[ 2018-07-08T00:40:28+08:00 ] 202.108.211.56 /
INFO: [ app_begin ] --START--
INFO: Run Behavior\ReadHtmlCache [ RunTime:0.000641s ]
INFO: [ app_begin ] --END-- [ RunTime:0.001111s ]
NOTIC: [8192] mysql_connect(): The mysql extension is deprecated and will be removed in the future: use mysqli or PDO instead /www/qiye/jiujiu/ThinkPHP/Library/Think/Db/Driver/Mysql.class.php 第 52 行.
SQL: SHOW COLUMNS FROM `gd_user` [ RunTime:0.000696s ]
NOTIC: [8] Undefined index: uid /www/qiye/jiujiu/App/Home/Controller/CommController.class.php 第 18 行.
SQL: SELECT * FROM `gd_user` WHERE ( id= ) LIMIT 1   [ RunTime:0.000087s ]
ERR: 1064:You have an error in your SQL syntax; check the manual that corresponds to your MySQL server version for the right syntax to use near ') LIMIT 1' at line 1
 [ SQL语句 ] : SELECT * FROM `gd_user` WHERE ( id= ) LIMIT 1  
SQL: SHOW COLUMNS FROM `gd_config` [ RunTime:0.000770s ]
SQL: SELECT * FROM `gd_config` WHERE ( id=1 ) LIMIT 1   [ RunTime:0.000096s ]
SQL: SHOW COLUMNS FROM `gd_czewm` [ RunTime:0.000545s ]
SQL: SELECT * FROM `gd_czewm`  [ RunTime:0.000062s ]
SQL: SELECT * FROM `gd_config` LIMIT 1   [ RunTime:0.000070s ]
SQL: SHOW COLUMNS FROM `gd_task` [ RunTime:0.000509s ]
SQL: SELECT * FROM `gd_task`  [ RunTime:0.000070s ]
INFO: [ view_parse ] --START--
INFO: [ template_filter ] --START--
INFO: Run Behavior\ContentReplace [ RunTime:0.000073s ]
INFO: [ template_filter ] --END-- [ RunTime:0.000139s ]
NOTIC: [8] Undefined index: money /www/qiye/jiujiu/App/Runtime/Cache/Home/00e52909bed743ea261af4b6823297ff.php 第 86 行.
NOTIC: [8] Undefined index: username /www/qiye/jiujiu/App/Runtime/Cache/Home/00e52909bed743ea261af4b6823297ff.php 第 87 行.
NOTIC: [8] Undefined variable: ty /www/qiye/jiujiu/App/Runtime/Cache/Home/00e52909bed743ea261af4b6823297ff.php 第 159 行.
INFO: Run Behavior\ParseTemplate [ RunTime:0.013086s ]
INFO: [ view_parse ] --END-- [ RunTime:0.013146s ]
INFO: [ view_filter ] --START--
INFO: Run Behavior\WriteHtmlCache [ RunTime:0.000234s ]
INFO: [ view_filter ] --END-- [ RunTime:0.000286s ]
INFO: [ app_end ] --START--
INFO: Run Behavior\ShowPageTrace [ RunTime:0.000558s ]
INFO: [ app_end ] --END-- [ RunTime:0.000618s ]

[ 2018-07-08T03:14:32+08:00 ] 206.180.165.147 /
INFO: [ app_begin ] --START--
INFO: Run Behavior\ReadHtmlCache [ RunTime:0.000641s ]
INFO: [ app_begin ] --END-- [ RunTime:0.001104s ]
NOTIC: [8192] mysql_connect(): The mysql extension is deprecated and will be removed in the future: use mysqli or PDO instead /www/qiye/jiujiu/ThinkPHP/Library/Think/Db/Driver/Mysql.class.php 第 52 行.
SQL: SHOW COLUMNS FROM `gd_user` [ RunTime:0.000924s ]
NOTIC: [8] Undefined index: uid /www/qiye/jiujiu/App/Home/Controller/CommController.class.php 第 18 行.
SQL: SELECT * FROM `gd_user` WHERE ( id= ) LIMIT 1   [ RunTime:0.000109s ]
ERR: 1064:You have an error in your SQL syntax; check the manual that corresponds to your MySQL server version for the right syntax to use near ') LIMIT 1' at line 1
 [ SQL语句 ] : SELECT * FROM `gd_user` WHERE ( id= ) LIMIT 1  
SQL: SHOW COLUMNS FROM `gd_config` [ RunTime:0.000835s ]
SQL: SELECT * FROM `gd_config` WHERE ( id=1 ) LIMIT 1   [ RunTime:0.000118s ]
SQL: SHOW COLUMNS FROM `gd_czewm` [ RunTime:0.000607s ]
SQL: SELECT * FROM `gd_czewm`  [ RunTime:0.000080s ]
SQL: SELECT * FROM `gd_config` LIMIT 1   [ RunTime:0.000103s ]
SQL: SHOW COLUMNS FROM `gd_task` [ RunTime:0.000645s ]
SQL: SELECT * FROM `gd_task`  [ RunTime:0.000094s ]
INFO: [ view_parse ] --START--
INFO: [ template_filter ] --START--
INFO: Run Behavior\ContentReplace [ RunTime:0.000094s ]
INFO: [ template_filter ] --END-- [ RunTime:0.000178s ]
NOTIC: [8] Undefined index: money /www/qiye/jiujiu/App/Runtime/Cache/Home/00e52909bed743ea261af4b6823297ff.php 第 86 行.
NOTIC: [8] Undefined index: username /www/qiye/jiujiu/App/Runtime/Cache/Home/00e52909bed743ea261af4b6823297ff.php 第 87 行.
NOTIC: [8] Undefined variable: ty /www/qiye/jiujiu/App/Runtime/Cache/Home/00e52909bed743ea261af4b6823297ff.php 第 159 行.
INFO: Run Behavior\ParseTemplate [ RunTime:0.016088s ]
INFO: [ view_parse ] --END-- [ RunTime:0.016175s ]
INFO: [ view_filter ] --START--
INFO: Run Behavior\WriteHtmlCache [ RunTime:0.000267s ]
INFO: [ view_filter ] --END-- [ RunTime:0.000329s ]
INFO: [ app_end ] --START--
INFO: Run Behavior\ShowPageTrace [ RunTime:0.000667s ]
INFO: [ app_end ] --END-- [ RunTime:0.000740s ]

[ 2018-07-08T04:24:51+08:00 ] 66.249.66.38 /
INFO: [ app_begin ] --START--
INFO: Run Behavior\ReadHtmlCache [ RunTime:0.000632s ]
INFO: [ app_begin ] --END-- [ RunTime:0.001108s ]
NOTIC: [8192] mysql_connect(): The mysql extension is deprecated and will be removed in the future: use mysqli or PDO instead /www/qiye/jiujiu/ThinkPHP/Library/Think/Db/Driver/Mysql.class.php 第 52 行.
SQL: SHOW COLUMNS FROM `gd_user` [ RunTime:0.000879s ]
NOTIC: [8] Undefined index: uid /www/qiye/jiujiu/App/Home/Controller/CommController.class.php 第 18 行.
SQL: SELECT * FROM `gd_user` WHERE ( id= ) LIMIT 1   [ RunTime:0.000096s ]
ERR: 1064:You have an error in your SQL syntax; check the manual that corresponds to your MySQL server version for the right syntax to use near ') LIMIT 1' at line 1
 [ SQL语句 ] : SELECT * FROM `gd_user` WHERE ( id= ) LIMIT 1  
SQL: SHOW COLUMNS FROM `gd_config` [ RunTime:0.000788s ]
SQL: SELECT * FROM `gd_config` WHERE ( id=1 ) LIMIT 1   [ RunTime:0.000102s ]
SQL: SHOW COLUMNS FROM `gd_czewm` [ RunTime:0.000582s ]
SQL: SELECT * FROM `gd_czewm`  [ RunTime:0.000069s ]
SQL: SELECT * FROM `gd_config` LIMIT 1   [ RunTime:0.000079s ]
SQL: SHOW COLUMNS FROM `gd_task` [ RunTime:0.000596s ]
SQL: SELECT * FROM `gd_task`  [ RunTime:0.000082s ]
INFO: [ view_parse ] --START--
INFO: [ template_filter ] --START--
INFO: Run Behavior\ContentReplace [ RunTime:0.000100s ]
INFO: [ template_filter ] --END-- [ RunTime:0.000177s ]
NOTIC: [8] Undefined index: money /www/qiye/jiujiu/App/Runtime/Cache/Home/00e52909bed743ea261af4b6823297ff.php 第 86 行.
NOTIC: [8] Undefined index: username /www/qiye/jiujiu/App/Runtime/Cache/Home/00e52909bed743ea261af4b6823297ff.php 第 87 行.
NOTIC: [8] Undefined variable: ty /www/qiye/jiujiu/App/Runtime/Cache/Home/00e52909bed743ea261af4b6823297ff.php 第 159 行.
INFO: Run Behavior\ParseTemplate [ RunTime:0.014936s ]
INFO: [ view_parse ] --END-- [ RunTime:0.015009s ]
INFO: [ view_filter ] --START--
INFO: Run Behavior\WriteHtmlCache [ RunTime:0.000255s ]
INFO: [ view_filter ] --END-- [ RunTime:0.000313s ]
INFO: [ app_end ] --START--
INFO: Run Behavior\ShowPageTrace [ RunTime:0.000658s ]
INFO: [ app_end ] --END-- [ RunTime:0.000727s ]

[ 2018-07-08T04:41:42+08:00 ] 202.108.211.56 /
INFO: [ app_begin ] --START--
INFO: Run Behavior\ReadHtmlCache [ RunTime:0.000601s ]
INFO: [ app_begin ] --END-- [ RunTime:0.001071s ]
NOTIC: [8192] mysql_connect(): The mysql extension is deprecated and will be removed in the future: use mysqli or PDO instead /www/qiye/jiujiu/ThinkPHP/Library/Think/Db/Driver/Mysql.class.php 第 52 行.
SQL: SHOW COLUMNS FROM `gd_user` [ RunTime:0.000847s ]
NOTIC: [8] Undefined index: uid /www/qiye/jiujiu/App/Home/Controller/CommController.class.php 第 18 行.
SQL: SELECT * FROM `gd_user` WHERE ( id= ) LIMIT 1   [ RunTime:0.000089s ]
ERR: 1064:You have an error in your SQL syntax; check the manual that corresponds to your MySQL server version for the right syntax to use near ') LIMIT 1' at line 1
 [ SQL语句 ] : SELECT * FROM `gd_user` WHERE ( id= ) LIMIT 1  
SQL: SHOW COLUMNS FROM `gd_config` [ RunTime:0.000709s ]
SQL: SELECT * FROM `gd_config` WHERE ( id=1 ) LIMIT 1   [ RunTime:0.000092s ]
SQL: SHOW COLUMNS FROM `gd_czewm` [ RunTime:0.000492s ]
SQL: SELECT * FROM `gd_czewm`  [ RunTime:0.000065s ]
SQL: SELECT * FROM `gd_config` LIMIT 1   [ RunTime:0.000066s ]
SQL: SHOW COLUMNS FROM `gd_task` [ RunTime:0.000479s ]
SQL: SELECT * FROM `gd_task`  [ RunTime:0.000068s ]
INFO: [ view_parse ] --START--
INFO: [ template_filter ] --START--
INFO: Run Behavior\ContentReplace [ RunTime:0.000068s ]
INFO: [ template_filter ] --END-- [ RunTime:0.000132s ]
NOTIC: [8] Undefined index: money /www/qiye/jiujiu/App/Runtime/Cache/Home/00e52909bed743ea261af4b6823297ff.php 第 86 行.
NOTIC: [8] Undefined index: username /www/qiye/jiujiu/App/Runtime/Cache/Home/00e52909bed743ea261af4b6823297ff.php 第 87 行.
NOTIC: [8] Undefined variable: ty /www/qiye/jiujiu/App/Runtime/Cache/Home/00e52909bed743ea261af4b6823297ff.php 第 159 行.
INFO: Run Behavior\ParseTemplate [ RunTime:0.012799s ]
INFO: [ view_parse ] --END-- [ RunTime:0.012856s ]
INFO: [ view_filter ] --START--
INFO: Run Behavior\WriteHtmlCache [ RunTime:0.000237s ]
INFO: [ view_filter ] --END-- [ RunTime:0.000286s ]
INFO: [ app_end ] --START--
INFO: Run Behavior\ShowPageTrace [ RunTime:0.000529s ]
INFO: [ app_end ] --END-- [ RunTime:0.000586s ]

[ 2018-07-08T15:30:25+08:00 ] 106.11.153.179 /index.php/login/login.html
INFO: [ app_begin ] --START--
INFO: Run Behavior\ReadHtmlCache [ RunTime:0.000574s ]
INFO: [ app_begin ] --END-- [ RunTime:0.001027s ]
NOTIC: [8192] mysql_connect(): The mysql extension is deprecated and will be removed in the future: use mysqli or PDO instead /www/qiye/jiujiu/ThinkPHP/Library/Think/Db/Driver/Mysql.class.php 第 52 行.
SQL: SHOW COLUMNS FROM `gd_config` [ RunTime:0.000998s ]
SQL: SELECT * FROM `gd_config` WHERE ( id=1 ) LIMIT 1   [ RunTime:0.000130s ]
INFO: [ view_parse ] --START--
INFO: [ template_filter ] --START--
INFO: Run Behavior\ContentReplace [ RunTime:0.000049s ]
INFO: [ template_filter ] --END-- [ RunTime:0.000130s ]
INFO: Run Behavior\ParseTemplate [ RunTime:0.008421s ]
INFO: [ view_parse ] --END-- [ RunTime:0.008503s ]
INFO: [ view_filter ] --START--
INFO: Run Behavior\WriteHtmlCache [ RunTime:0.000269s ]
INFO: [ view_filter ] --END-- [ RunTime:0.000353s ]
INFO: [ app_end ] --START--
INFO: Run Behavior\ShowPageTrace [ RunTime:0.000672s ]
INFO: [ app_end ] --END-- [ RunTime:0.000747s ]

[ 2018-07-08T15:41:57+08:00 ] 42.156.137.34 /index.php/login/login.html
INFO: [ app_begin ] --START--
INFO: Run Behavior\ReadHtmlCache [ RunTime:0.000624s ]
INFO: [ app_begin ] --END-- [ RunTime:0.001124s ]
NOTIC: [8192] mysql_connect(): The mysql extension is deprecated and will be removed in the future: use mysqli or PDO instead /www/qiye/jiujiu/ThinkPHP/Library/Think/Db/Driver/Mysql.class.php 第 52 行.
SQL: SHOW COLUMNS FROM `gd_config` [ RunTime:0.000921s ]
SQL: SELECT * FROM `gd_config` WHERE ( id=1 ) LIMIT 1   [ RunTime:0.000115s ]
INFO: [ view_parse ] --START--
INFO: [ template_filter ] --START--
INFO: Run Behavior\ContentReplace [ RunTime:0.000040s ]
INFO: [ template_filter ] --END-- [ RunTime:0.000106s ]
INFO: Run Behavior\ParseTemplate [ RunTime:0.007302s ]
INFO: [ view_parse ] --END-- [ RunTime:0.007372s ]
INFO: [ view_filter ] --START--
INFO: Run Behavior\WriteHtmlCache [ RunTime:0.000287s ]
INFO: [ view_filter ] --END-- [ RunTime:0.000346s ]
INFO: [ app_end ] --START--
INFO: Run Behavior\ShowPageTrace [ RunTime:0.000587s ]
INFO: [ app_end ] --END-- [ RunTime:0.000650s ]

[ 2018-07-08T17:54:56+08:00 ] 111.206.36.138 /
INFO: [ app_begin ] --START--
INFO: Run Behavior\ReadHtmlCache [ RunTime:0.000647s ]
INFO: [ app_begin ] --END-- [ RunTime:0.001145s ]
NOTIC: [8192] mysql_connect(): The mysql extension is deprecated and will be removed in the future: use mysqli or PDO instead /www/qiye/jiujiu/ThinkPHP/Library/Think/Db/Driver/Mysql.class.php 第 52 行.
SQL: SHOW COLUMNS FROM `gd_user` [ RunTime:0.000797s ]
NOTIC: [8] Undefined index: uid /www/qiye/jiujiu/App/Home/Controller/CommController.class.php 第 18 行.
SQL: SELECT * FROM `gd_user` WHERE ( id= ) LIMIT 1   [ RunTime:0.000099s ]
ERR: 1064:You have an error in your SQL syntax; check the manual that corresponds to your MySQL server version for the right syntax to use near ') LIMIT 1' at line 1
 [ SQL语句 ] : SELECT * FROM `gd_user` WHERE ( id= ) LIMIT 1  
SQL: SHOW COLUMNS FROM `gd_config` [ RunTime:0.000775s ]
SQL: SELECT * FROM `gd_config` WHERE ( id=1 ) LIMIT 1   [ RunTime:0.000094s ]
SQL: SHOW COLUMNS FROM `gd_czewm` [ RunTime:0.000557s ]
SQL: SELECT * FROM `gd_czewm`  [ RunTime:0.000064s ]
SQL: SELECT * FROM `gd_config` LIMIT 1   [ RunTime:0.000073s ]
SQL: SHOW COLUMNS FROM `gd_task` [ RunTime:0.000591s ]
SQL: SELECT * FROM `gd_task`  [ RunTime:0.000076s ]
INFO: [ view_parse ] --START--
INFO: [ template_filter ] --START--
INFO: Run Behavior\ContentReplace [ RunTime:0.000076s ]
INFO: [ template_filter ] --END-- [ RunTime:0.000143s ]
NOTIC: [8] Undefined index: money /www/qiye/jiujiu/App/Runtime/Cache/Home/00e52909bed743ea261af4b6823297ff.php 第 86 行.
NOTIC: [8] Undefined index: username /www/qiye/jiujiu/App/Runtime/Cache/Home/00e52909bed743ea261af4b6823297ff.php 第 87 行.
NOTIC: [8] Undefined variable: ty /www/qiye/jiujiu/App/Runtime/Cache/Home/00e52909bed743ea261af4b6823297ff.php 第 159 行.
INFO: Run Behavior\ParseTemplate [ RunTime:0.013385s ]
INFO: [ view_parse ] --END-- [ RunTime:0.013446s ]
INFO: [ view_filter ] --START--
INFO: Run Behavior\WriteHtmlCache [ RunTime:0.000240s ]
INFO: [ view_filter ] --END-- [ RunTime:0.000294s ]
INFO: [ app_end ] --START--
INFO: Run Behavior\ShowPageTrace [ RunTime:0.000583s ]
INFO: [ app_end ] --END-- [ RunTime:0.000647s ]

[ 2018-07-08T17:59:31+08:00 ] 66.249.66.34 /
INFO: [ app_begin ] --START--
INFO: Run Behavior\ReadHtmlCache [ RunTime:0.000625s ]
INFO: [ app_begin ] --END-- [ RunTime:0.001077s ]
NOTIC: [8192] mysql_connect(): The mysql extension is deprecated and will be removed in the future: use mysqli or PDO instead /www/qiye/jiujiu/ThinkPHP/Library/Think/Db/Driver/Mysql.class.php 第 52 行.
SQL: SHOW COLUMNS FROM `gd_user` [ RunTime:0.000923s ]
NOTIC: [8] Undefined index: uid /www/qiye/jiujiu/App/Home/Controller/CommController.class.php 第 18 行.
SQL: SELECT * FROM `gd_user` WHERE ( id= ) LIMIT 1   [ RunTime:0.000111s ]
ERR: 1064:You have an error in your SQL syntax; check the manual that corresponds to your MySQL server version for the right syntax to use near ') LIMIT 1' at line 1
 [ SQL语句 ] : SELECT * FROM `gd_user` WHERE ( id= ) LIMIT 1  
SQL: SHOW COLUMNS FROM `gd_config` [ RunTime:0.000865s ]
SQL: SELECT * FROM `gd_config` WHERE ( id=1 ) LIMIT 1   [ RunTime:0.000139s ]
SQL: SHOW COLUMNS FROM `gd_czewm` [ RunTime:0.000663s ]
SQL: SELECT * FROM `gd_czewm`  [ RunTime:0.000080s ]
SQL: SELECT * FROM `gd_config` LIMIT 1   [ RunTime:0.000104s ]
SQL: SHOW COLUMNS FROM `gd_task` [ RunTime:0.000658s ]
SQL: SELECT * FROM `gd_task`  [ RunTime:0.000101s ]
INFO: [ view_parse ] --START--
INFO: [ template_filter ] --START--
INFO: Run Behavior\ContentReplace [ RunTime:0.000093s ]
INFO: [ template_filter ] --END-- [ RunTime:0.000179s ]
NOTIC: [8] Undefined index: money /www/qiye/jiujiu/App/Runtime/Cache/Home/00e52909bed743ea261af4b6823297ff.php 第 86 行.
NOTIC: [8] Undefined index: username /www/qiye/jiujiu/App/Runtime/Cache/Home/00e52909bed743ea261af4b6823297ff.php 第 87 行.
NOTIC: [8] Undefined variable: ty /www/qiye/jiujiu/App/Runtime/Cache/Home/00e52909bed743ea261af4b6823297ff.php 第 159 行.
INFO: Run Behavior\ParseTemplate [ RunTime:0.016005s ]
INFO: [ view_parse ] --END-- [ RunTime:0.016083s ]
INFO: [ view_filter ] --START--
INFO: Run Behavior\WriteHtmlCache [ RunTime:0.000285s ]
INFO: [ view_filter ] --END-- [ RunTime:0.000350s ]
INFO: [ app_end ] --START--
INFO: Run Behavior\ShowPageTrace [ RunTime:0.000687s ]
INFO: [ app_end ] --END-- [ RunTime:0.000768s ]

[ 2018-07-08T19:34:30+08:00 ] 216.145.17.190 /
INFO: [ app_begin ] --START--
INFO: Run Behavior\ReadHtmlCache [ RunTime:0.000634s ]
INFO: [ app_begin ] --END-- [ RunTime:0.001098s ]
NOTIC: [8192] mysql_connect(): The mysql extension is deprecated and will be removed in the future: use mysqli or PDO instead /www/qiye/jiujiu/ThinkPHP/Library/Think/Db/Driver/Mysql.class.php 第 52 行.
SQL: SHOW COLUMNS FROM `gd_user` [ RunTime:0.000696s ]
NOTIC: [8] Undefined index: uid /www/qiye/jiujiu/App/Home/Controller/CommController.class.php 第 18 行.
SQL: SELECT * FROM `gd_user` WHERE ( id= ) LIMIT 1   [ RunTime:0.000090s ]
ERR: 1064:You have an error in your SQL syntax; check the manual that corresponds to your MySQL server version for the right syntax to use near ') LIMIT 1' at line 1
 [ SQL语句 ] : SELECT * FROM `gd_user` WHERE ( id= ) LIMIT 1  
SQL: SHOW COLUMNS FROM `gd_config` [ RunTime:0.000791s ]
SQL: SELECT * FROM `gd_config` WHERE ( id=1 ) LIMIT 1   [ RunTime:0.000110s ]
SQL: SHOW COLUMNS FROM `gd_czewm` [ RunTime:0.000555s ]
SQL: SELECT * FROM `gd_czewm`  [ RunTime:0.000079s ]
SQL: SELECT * FROM `gd_config` LIMIT 1   [ RunTime:0.000082s ]
SQL: SHOW COLUMNS FROM `gd_task` [ RunTime:0.000584s ]
SQL: SELECT * FROM `gd_task`  [ RunTime:0.000110s ]
INFO: [ view_parse ] --START--
INFO: [ template_filter ] --START--
INFO: Run Behavior\ContentReplace [ RunTime:0.000082s ]
INFO: [ template_filter ] --END-- [ RunTime:0.000156s ]
NOTIC: [8] Undefined index: money /www/qiye/jiujiu/App/Runtime/Cache/Home/00e52909bed743ea261af4b6823297ff.php 第 86 行.
NOTIC: [8] Undefined index: username /www/qiye/jiujiu/App/Runtime/Cache/Home/00e52909bed743ea261af4b6823297ff.php 第 87 行.
NOTIC: [8] Undefined variable: ty /www/qiye/jiujiu/App/Runtime/Cache/Home/00e52909bed743ea261af4b6823297ff.php 第 159 行.
INFO: Run Behavior\ParseTemplate [ RunTime:0.014767s ]
INFO: [ view_parse ] --END-- [ RunTime:0.014835s ]
INFO: [ view_filter ] --START--
INFO: Run Behavior\WriteHtmlCache [ RunTime:0.000261s ]
INFO: [ view_filter ] --END-- [ RunTime:0.000322s ]
INFO: [ app_end ] --START--
INFO: Run Behavior\ShowPageTrace [ RunTime:0.000644s ]
INFO: [ app_end ] --END-- [ RunTime:0.000715s ]

