[ 2018-06-30T03:47:22+08:00 ] 124.160.26.189 /query?name=1%20OR%201=1
INFO: [ app_begin ] --START--
INFO: Run Behavior\ReadHtmlCache [ RunTime:0.000640s ]
INFO: [ app_begin ] --END-- [ RunTime:0.001122s ]
NOTIC: [8192] mysql_connect(): The mysql extension is deprecated and will be removed in the future: use mysqli or PDO instead /www/qiye/jiujiu/ThinkPHP/Library/Think/Db/Driver/Mysql.class.php 第 52 行.
SQL: SHOW COLUMNS FROM `gd_user` [ RunTime:0.001213s ]
NOTIC: [8] Undefined index: uid /www/qiye/jiujiu/App/Home/Controller/CommController.class.php 第 18 行.
SQL: SELECT * FROM `gd_user` WHERE ( id= ) LIMIT 1   [ RunTime:0.000091s ]
ERR: 1064:You have an error in your SQL syntax; check the manual that corresponds to your MySQL server version for the right syntax to use near ') LIMIT 1' at line 1
 [ SQL语句 ] : SELECT * FROM `gd_user` WHERE ( id= ) LIMIT 1  
SQL: SHOW COLUMNS FROM `gd_config` [ RunTime:0.000883s ]
SQL: SELECT * FROM `gd_config` WHERE ( id=1 ) LIMIT 1   [ RunTime:0.000103s ]

[ 2018-06-30T03:47:22+08:00 ] 124.160.26.189 /index.php/index/index.html
INFO: [ app_begin ] --START--
INFO: Run Behavior\ReadHtmlCache [ RunTime:0.000625s ]
INFO: [ app_begin ] --END-- [ RunTime:0.001081s ]
NOTIC: [8192] mysql_connect(): The mysql extension is deprecated and will be removed in the future: use mysqli or PDO instead /www/qiye/jiujiu/ThinkPHP/Library/Think/Db/Driver/Mysql.class.php 第 52 行.
SQL: SHOW COLUMNS FROM `gd_user` [ RunTime:0.000964s ]
NOTIC: [8] Undefined index: uid /www/qiye/jiujiu/App/Home/Controller/CommController.class.php 第 18 行.
SQL: SELECT * FROM `gd_user` WHERE ( id= ) LIMIT 1   [ RunTime:0.000109s ]
ERR: 1064:You have an error in your SQL syntax; check the manual that corresponds to your MySQL server version for the right syntax to use near ') LIMIT 1' at line 1
 [ SQL语句 ] : SELECT * FROM `gd_user` WHERE ( id= ) LIMIT 1  
SQL: SHOW COLUMNS FROM `gd_config` [ RunTime:0.000901s ]
SQL: SELECT * FROM `gd_config` WHERE ( id=1 ) LIMIT 1   [ RunTime:0.000107s ]
SQL: SHOW COLUMNS FROM `gd_czewm` [ RunTime:0.000641s ]
SQL: SELECT * FROM `gd_czewm`  [ RunTime:0.000084s ]
SQL: SELECT * FROM `gd_config` LIMIT 1   [ RunTime:0.000092s ]
SQL: SHOW COLUMNS FROM `gd_task` [ RunTime:0.000669s ]
SQL: SELECT * FROM `gd_task`  [ RunTime:0.000112s ]
INFO: [ view_parse ] --START--
INFO: [ template_filter ] --START--
INFO: Run Behavior\ContentReplace [ RunTime:0.000092s ]
INFO: [ template_filter ] --END-- [ RunTime:0.000173s ]
NOTIC: [8] Undefined index: money /www/qiye/jiujiu/App/Runtime/Cache/Home/00e52909bed743ea261af4b6823297ff.php 第 86 行.
NOTIC: [8] Undefined index: username /www/qiye/jiujiu/App/Runtime/Cache/Home/00e52909bed743ea261af4b6823297ff.php 第 87 行.
NOTIC: [8] Undefined variable: ty /www/qiye/jiujiu/App/Runtime/Cache/Home/00e52909bed743ea261af4b6823297ff.php 第 159 行.
INFO: Run Behavior\ParseTemplate [ RunTime:0.016074s ]
INFO: [ view_parse ] --END-- [ RunTime:0.016149s ]
INFO: [ view_filter ] --START--
INFO: Run Behavior\WriteHtmlCache [ RunTime:0.000302s ]
INFO: [ view_filter ] --END-- [ RunTime:0.000370s ]
INFO: [ app_end ] --START--
INFO: Run Behavior\ShowPageTrace [ RunTime:0.000702s ]
INFO: [ app_end ] --END-- [ RunTime:0.000779s ]

[ 2018-06-30T03:47:23+08:00 ] 115.238.89.34 /query?name=1%20OR%201=1
INFO: [ app_begin ] --START--
INFO: Run Behavior\ReadHtmlCache [ RunTime:0.000614s ]
INFO: [ app_begin ] --END-- [ RunTime:0.001077s ]
NOTIC: [8192] mysql_connect(): The mysql extension is deprecated and will be removed in the future: use mysqli or PDO instead /www/qiye/jiujiu/ThinkPHP/Library/Think/Db/Driver/Mysql.class.php 第 52 行.
SQL: SHOW COLUMNS FROM `gd_user` [ RunTime:0.000780s ]
NOTIC: [8] Undefined index: uid /www/qiye/jiujiu/App/Home/Controller/CommController.class.php 第 18 行.
SQL: SELECT * FROM `gd_user` WHERE ( id= ) LIMIT 1   [ RunTime:0.000086s ]
ERR: 1064:You have an error in your SQL syntax; check the manual that corresponds to your MySQL server version for the right syntax to use near ') LIMIT 1' at line 1
 [ SQL语句 ] : SELECT * FROM `gd_user` WHERE ( id= ) LIMIT 1  
SQL: SHOW COLUMNS FROM `gd_config` [ RunTime:0.000784s ]
SQL: SELECT * FROM `gd_config` WHERE ( id=1 ) LIMIT 1   [ RunTime:0.000124s ]

[ 2018-06-30T03:47:23+08:00 ] 115.238.89.34 /index.php/index/index.html
INFO: [ app_begin ] --START--
INFO: Run Behavior\ReadHtmlCache [ RunTime:0.000648s ]
INFO: [ app_begin ] --END-- [ RunTime:0.001141s ]
NOTIC: [8192] mysql_connect(): The mysql extension is deprecated and will be removed in the future: use mysqli or PDO instead /www/qiye/jiujiu/ThinkPHP/Library/Think/Db/Driver/Mysql.class.php 第 52 行.
SQL: SHOW COLUMNS FROM `gd_user` [ RunTime:0.000765s ]
NOTIC: [8] Undefined index: uid /www/qiye/jiujiu/App/Home/Controller/CommController.class.php 第 18 行.
SQL: SELECT * FROM `gd_user` WHERE ( id= ) LIMIT 1   [ RunTime:0.000088s ]
ERR: 1064:You have an error in your SQL syntax; check the manual that corresponds to your MySQL server version for the right syntax to use near ') LIMIT 1' at line 1
 [ SQL语句 ] : SELECT * FROM `gd_user` WHERE ( id= ) LIMIT 1  
SQL: SHOW COLUMNS FROM `gd_config` [ RunTime:0.000845s ]
SQL: SELECT * FROM `gd_config` WHERE ( id=1 ) LIMIT 1   [ RunTime:0.000096s ]
SQL: SHOW COLUMNS FROM `gd_czewm` [ RunTime:0.000586s ]
SQL: SELECT * FROM `gd_czewm`  [ RunTime:0.000073s ]
SQL: SELECT * FROM `gd_config` LIMIT 1   [ RunTime:0.000091s ]
SQL: SHOW COLUMNS FROM `gd_task` [ RunTime:0.000631s ]
SQL: SELECT * FROM `gd_task`  [ RunTime:0.000086s ]
INFO: [ view_parse ] --START--
INFO: [ template_filter ] --START--
INFO: Run Behavior\ContentReplace [ RunTime:0.000083s ]
INFO: [ template_filter ] --END-- [ RunTime:0.000158s ]
NOTIC: [8] Undefined index: money /www/qiye/jiujiu/App/Runtime/Cache/Home/00e52909bed743ea261af4b6823297ff.php 第 86 行.
NOTIC: [8] Undefined index: username /www/qiye/jiujiu/App/Runtime/Cache/Home/00e52909bed743ea261af4b6823297ff.php 第 87 行.
NOTIC: [8] Undefined variable: ty /www/qiye/jiujiu/App/Runtime/Cache/Home/00e52909bed743ea261af4b6823297ff.php 第 159 行.
INFO: Run Behavior\ParseTemplate [ RunTime:0.014806s ]
INFO: [ view_parse ] --END-- [ RunTime:0.014873s ]
INFO: [ view_filter ] --START--
INFO: Run Behavior\WriteHtmlCache [ RunTime:0.000257s ]
INFO: [ view_filter ] --END-- [ RunTime:0.000316s ]
INFO: [ app_end ] --START--
INFO: Run Behavior\ShowPageTrace [ RunTime:0.000644s ]
INFO: [ app_end ] --END-- [ RunTime:0.000713s ]

[ 2018-06-30T05:50:00+08:00 ] 221.204.175.52 /
INFO: [ app_begin ] --START--
INFO: Run Behavior\ReadHtmlCache [ RunTime:0.000607s ]
INFO: [ app_begin ] --END-- [ RunTime:0.001075s ]
NOTIC: [8192] mysql_connect(): The mysql extension is deprecated and will be removed in the future: use mysqli or PDO instead /www/qiye/jiujiu/ThinkPHP/Library/Think/Db/Driver/Mysql.class.php 第 52 行.
SQL: SHOW COLUMNS FROM `gd_user` [ RunTime:0.000978s ]
NOTIC: [8] Undefined index: uid /www/qiye/jiujiu/App/Home/Controller/CommController.class.php 第 18 行.
SQL: SELECT * FROM `gd_user` WHERE ( id= ) LIMIT 1   [ RunTime:0.000109s ]
ERR: 1064:You have an error in your SQL syntax; check the manual that corresponds to your MySQL server version for the right syntax to use near ') LIMIT 1' at line 1
 [ SQL语句 ] : SELECT * FROM `gd_user` WHERE ( id= ) LIMIT 1  
SQL: SHOW COLUMNS FROM `gd_config` [ RunTime:0.000857s ]
SQL: SELECT * FROM `gd_config` WHERE ( id=1 ) LIMIT 1   [ RunTime:0.000104s ]
SQL: SHOW COLUMNS FROM `gd_czewm` [ RunTime:0.000604s ]
SQL: SELECT * FROM `gd_czewm`  [ RunTime:0.000099s ]
SQL: SELECT * FROM `gd_config` LIMIT 1   [ RunTime:0.000087s ]
SQL: SHOW COLUMNS FROM `gd_task` [ RunTime:0.000660s ]
SQL: SELECT * FROM `gd_task`  [ RunTime:0.000113s ]
INFO: [ view_parse ] --START--
INFO: [ template_filter ] --START--
INFO: Run Behavior\ContentReplace [ RunTime:0.000085s ]
INFO: [ template_filter ] --END-- [ RunTime:0.000162s ]
NOTIC: [8] Undefined index: money /www/qiye/jiujiu/App/Runtime/Cache/Home/00e52909bed743ea261af4b6823297ff.php 第 86 行.
NOTIC: [8] Undefined index: username /www/qiye/jiujiu/App/Runtime/Cache/Home/00e52909bed743ea261af4b6823297ff.php 第 87 行.
NOTIC: [8] Undefined variable: ty /www/qiye/jiujiu/App/Runtime/Cache/Home/00e52909bed743ea261af4b6823297ff.php 第 159 行.
INFO: Run Behavior\ParseTemplate [ RunTime:0.015108s ]
INFO: [ view_parse ] --END-- [ RunTime:0.015180s ]
INFO: [ view_filter ] --START--
INFO: Run Behavior\WriteHtmlCache [ RunTime:0.000281s ]
INFO: [ view_filter ] --END-- [ RunTime:0.000343s ]
INFO: [ app_end ] --START--
INFO: Run Behavior\ShowPageTrace [ RunTime:0.000645s ]
INFO: [ app_end ] --END-- [ RunTime:0.000730s ]

[ 2018-06-30T17:21:58+08:00 ] 61.129.8.179 /
INFO: [ app_begin ] --START--
INFO: Run Behavior\ReadHtmlCache [ RunTime:0.000626s ]
INFO: [ app_begin ] --END-- [ RunTime:0.001109s ]
NOTIC: [8192] mysql_connect(): The mysql extension is deprecated and will be removed in the future: use mysqli or PDO instead /www/qiye/jiujiu/ThinkPHP/Library/Think/Db/Driver/Mysql.class.php 第 52 行.
SQL: SHOW COLUMNS FROM `gd_user` [ RunTime:0.000753s ]
NOTIC: [8] Undefined index: uid /www/qiye/jiujiu/App/Home/Controller/CommController.class.php 第 18 行.
SQL: SELECT * FROM `gd_user` WHERE ( id= ) LIMIT 1   [ RunTime:0.000097s ]
ERR: 1064:You have an error in your SQL syntax; check the manual that corresponds to your MySQL server version for the right syntax to use near ') LIMIT 1' at line 1
 [ SQL语句 ] : SELECT * FROM `gd_user` WHERE ( id= ) LIMIT 1  
SQL: SHOW COLUMNS FROM `gd_config` [ RunTime:0.000824s ]
SQL: SELECT * FROM `gd_config` WHERE ( id=1 ) LIMIT 1   [ RunTime:0.000104s ]
SQL: SHOW COLUMNS FROM `gd_czewm` [ RunTime:0.000551s ]
SQL: SELECT * FROM `gd_czewm`  [ RunTime:0.000080s ]
SQL: SELECT * FROM `gd_config` LIMIT 1   [ RunTime:0.000076s ]
SQL: SHOW COLUMNS FROM `gd_task` [ RunTime:0.000532s ]
SQL: SELECT * FROM `gd_task`  [ RunTime:0.000073s ]
INFO: [ view_parse ] --START--
INFO: [ template_filter ] --START--
INFO: Run Behavior\ContentReplace [ RunTime:0.000071s ]
INFO: [ template_filter ] --END-- [ RunTime:0.000135s ]
NOTIC: [8] Undefined index: money /www/qiye/jiujiu/App/Runtime/Cache/Home/00e52909bed743ea261af4b6823297ff.php 第 86 行.
NOTIC: [8] Undefined index: username /www/qiye/jiujiu/App/Runtime/Cache/Home/00e52909bed743ea261af4b6823297ff.php 第 87 行.
NOTIC: [8] Undefined variable: ty /www/qiye/jiujiu/App/Runtime/Cache/Home/00e52909bed743ea261af4b6823297ff.php 第 159 行.
INFO: Run Behavior\ParseTemplate [ RunTime:0.013153s ]
INFO: [ view_parse ] --END-- [ RunTime:0.013211s ]
INFO: [ view_filter ] --START--
INFO: Run Behavior\WriteHtmlCache [ RunTime:0.000234s ]
INFO: [ view_filter ] --END-- [ RunTime:0.000288s ]
INFO: [ app_end ] --START--
INFO: Run Behavior\ShowPageTrace [ RunTime:0.000553s ]
INFO: [ app_end ] --END-- [ RunTime:0.000613s ]

[ 2018-06-30T17:21:58+08:00 ] 61.129.8.179 /index.php/login/login.html
INFO: [ app_begin ] --START--
INFO: Run Behavior\ReadHtmlCache [ RunTime:0.000621s ]
INFO: [ app_begin ] --END-- [ RunTime:0.001090s ]
NOTIC: [8192] mysql_connect(): The mysql extension is deprecated and will be removed in the future: use mysqli or PDO instead /www/qiye/jiujiu/ThinkPHP/Library/Think/Db/Driver/Mysql.class.php 第 52 行.
SQL: SHOW COLUMNS FROM `gd_config` [ RunTime:0.000979s ]
SQL: SELECT * FROM `gd_config` WHERE ( id=1 ) LIMIT 1   [ RunTime:0.000117s ]
INFO: [ view_parse ] --START--
INFO: [ template_filter ] --START--
INFO: Run Behavior\ContentReplace [ RunTime:0.000041s ]
INFO: [ template_filter ] --END-- [ RunTime:0.000107s ]
INFO: Run Behavior\ParseTemplate [ RunTime:0.007553s ]
INFO: [ view_parse ] --END-- [ RunTime:0.007622s ]
INFO: [ view_filter ] --START--
INFO: Run Behavior\WriteHtmlCache [ RunTime:0.000247s ]
INFO: [ view_filter ] --END-- [ RunTime:0.000304s ]
INFO: [ app_end ] --START--
INFO: Run Behavior\ShowPageTrace [ RunTime:0.000599s ]
INFO: [ app_end ] --END-- [ RunTime:0.000662s ]

[ 2018-06-30T17:22:02+08:00 ] 101.227.139.161 /index.php/login/login.html
INFO: [ app_begin ] --START--
INFO: Run Behavior\ReadHtmlCache [ RunTime:0.000608s ]
INFO: [ app_begin ] --END-- [ RunTime:0.001075s ]
NOTIC: [8192] mysql_connect(): The mysql extension is deprecated and will be removed in the future: use mysqli or PDO instead /www/qiye/jiujiu/ThinkPHP/Library/Think/Db/Driver/Mysql.class.php 第 52 行.
SQL: SHOW COLUMNS FROM `gd_config` [ RunTime:0.001002s ]
SQL: SELECT * FROM `gd_config` WHERE ( id=1 ) LIMIT 1   [ RunTime:0.000131s ]
INFO: [ view_parse ] --START--
INFO: [ template_filter ] --START--
INFO: Run Behavior\ContentReplace [ RunTime:0.000054s ]
INFO: [ template_filter ] --END-- [ RunTime:0.000133s ]
INFO: Run Behavior\ParseTemplate [ RunTime:0.008556s ]
INFO: [ view_parse ] --END-- [ RunTime:0.008640s ]
INFO: [ view_filter ] --START--
INFO: Run Behavior\WriteHtmlCache [ RunTime:0.000274s ]
INFO: [ view_filter ] --END-- [ RunTime:0.000340s ]
INFO: [ app_end ] --START--
INFO: Run Behavior\ShowPageTrace [ RunTime:0.000717s ]
INFO: [ app_end ] --END-- [ RunTime:0.000794s ]

[ 2018-06-30T17:22:58+08:00 ] 61.151.178.174 /index.php/login/login.html
INFO: [ app_begin ] --START--
INFO: Run Behavior\ReadHtmlCache [ RunTime:0.000594s ]
INFO: [ app_begin ] --END-- [ RunTime:0.001056s ]
NOTIC: [8192] mysql_connect(): The mysql extension is deprecated and will be removed in the future: use mysqli or PDO instead /www/qiye/jiujiu/ThinkPHP/Library/Think/Db/Driver/Mysql.class.php 第 52 行.
SQL: SHOW COLUMNS FROM `gd_config` [ RunTime:0.000916s ]
SQL: SELECT * FROM `gd_config` WHERE ( id=1 ) LIMIT 1   [ RunTime:0.000107s ]
INFO: [ view_parse ] --START--
INFO: [ template_filter ] --START--
INFO: Run Behavior\ContentReplace [ RunTime:0.000038s ]
INFO: [ template_filter ] --END-- [ RunTime:0.000099s ]
INFO: Run Behavior\ParseTemplate [ RunTime:0.007003s ]
INFO: [ view_parse ] --END-- [ RunTime:0.007071s ]
INFO: [ view_filter ] --START--
INFO: Run Behavior\WriteHtmlCache [ RunTime:0.000263s ]
INFO: [ view_filter ] --END-- [ RunTime:0.000317s ]
INFO: [ app_end ] --START--
INFO: Run Behavior\ShowPageTrace [ RunTime:0.000561s ]
INFO: [ app_end ] --END-- [ RunTime:0.000621s ]

[ 2018-06-30T17:23:25+08:00 ] 123.151.77.48 /index.php/login/login.html
INFO: [ app_begin ] --START--
INFO: Run Behavior\ReadHtmlCache [ RunTime:0.000651s ]
INFO: [ app_begin ] --END-- [ RunTime:0.001120s ]
NOTIC: [8192] mysql_connect(): The mysql extension is deprecated and will be removed in the future: use mysqli or PDO instead /www/qiye/jiujiu/ThinkPHP/Library/Think/Db/Driver/Mysql.class.php 第 52 行.
SQL: SHOW COLUMNS FROM `gd_config` [ RunTime:0.000969s ]
SQL: SELECT * FROM `gd_config` WHERE ( id=1 ) LIMIT 1   [ RunTime:0.000144s ]
INFO: [ view_parse ] --START--
INFO: [ template_filter ] --START--
INFO: Run Behavior\ContentReplace [ RunTime:0.000064s ]
INFO: [ template_filter ] --END-- [ RunTime:0.000157s ]
INFO: Run Behavior\ParseTemplate [ RunTime:0.009058s ]
INFO: [ view_parse ] --END-- [ RunTime:0.009145s ]
INFO: [ view_filter ] --START--
INFO: Run Behavior\WriteHtmlCache [ RunTime:0.000265s ]
INFO: [ view_filter ] --END-- [ RunTime:0.000332s ]
INFO: [ app_end ] --START--
INFO: Run Behavior\ShowPageTrace [ RunTime:0.000697s ]
INFO: [ app_end ] --END-- [ RunTime:0.000773s ]

[ 2018-06-30T17:23:30+08:00 ] 123.151.77.48 /index.php/login/register.html
INFO: [ app_begin ] --START--
INFO: Run Behavior\ReadHtmlCache [ RunTime:0.000655s ]
INFO: [ app_begin ] --END-- [ RunTime:0.001133s ]
NOTIC: [8192] mysql_connect(): The mysql extension is deprecated and will be removed in the future: use mysqli or PDO instead /www/qiye/jiujiu/ThinkPHP/Library/Think/Db/Driver/Mysql.class.php 第 52 行.
SQL: SHOW COLUMNS FROM `gd_config` [ RunTime:0.000960s ]
SQL: SELECT * FROM `gd_config` WHERE ( id=1 ) LIMIT 1   [ RunTime:0.000124s ]
INFO: [ view_parse ] --START--
INFO: [ template_filter ] --START--
INFO: Run Behavior\ContentReplace [ RunTime:0.000055s ]
INFO: [ template_filter ] --END-- [ RunTime:0.000136s ]
INFO: Run Behavior\ParseTemplate [ RunTime:0.008375s ]
INFO: [ view_parse ] --END-- [ RunTime:0.008454s ]
INFO: [ view_filter ] --START--
INFO: Run Behavior\WriteHtmlCache [ RunTime:0.000275s ]
INFO: [ view_filter ] --END-- [ RunTime:0.000340s ]
INFO: [ app_end ] --START--
INFO: Run Behavior\ShowPageTrace [ RunTime:0.000677s ]
INFO: [ app_end ] --END-- [ RunTime:0.000751s ]

[ 2018-06-30T17:24:30+08:00 ] 101.226.113.53 /index.php/login/register.html
INFO: [ app_begin ] --START--
INFO: Run Behavior\ReadHtmlCache [ RunTime:0.000619s ]
INFO: [ app_begin ] --END-- [ RunTime:0.001078s ]
NOTIC: [8192] mysql_connect(): The mysql extension is deprecated and will be removed in the future: use mysqli or PDO instead /www/qiye/jiujiu/ThinkPHP/Library/Think/Db/Driver/Mysql.class.php 第 52 行.
SQL: SHOW COLUMNS FROM `gd_config` [ RunTime:0.000981s ]
SQL: SELECT * FROM `gd_config` WHERE ( id=1 ) LIMIT 1   [ RunTime:0.000120s ]
INFO: [ view_parse ] --START--
INFO: [ template_filter ] --START--
INFO: Run Behavior\ContentReplace [ RunTime:0.000049s ]
INFO: [ template_filter ] --END-- [ RunTime:0.000125s ]
INFO: Run Behavior\ParseTemplate [ RunTime:0.007840s ]
INFO: [ view_parse ] --END-- [ RunTime:0.007933s ]
INFO: [ view_filter ] --START--
INFO: Run Behavior\WriteHtmlCache [ RunTime:0.000317s ]
INFO: [ view_filter ] --END-- [ RunTime:0.000381s ]
INFO: [ app_end ] --START--
INFO: Run Behavior\ShowPageTrace [ RunTime:0.000709s ]
INFO: [ app_end ] --END-- [ RunTime:0.000781s ]

[ 2018-06-30T17:52:53+08:00 ] 111.206.36.144 /
INFO: [ app_begin ] --START--
INFO: Run Behavior\ReadHtmlCache [ RunTime:0.000592s ]
INFO: [ app_begin ] --END-- [ RunTime:0.001025s ]
NOTIC: [8192] mysql_connect(): The mysql extension is deprecated and will be removed in the future: use mysqli or PDO instead /www/qiye/jiujiu/ThinkPHP/Library/Think/Db/Driver/Mysql.class.php 第 52 行.
SQL: SHOW COLUMNS FROM `gd_user` [ RunTime:0.000722s ]
NOTIC: [8] Undefined index: uid /www/qiye/jiujiu/App/Home/Controller/CommController.class.php 第 18 行.
SQL: SELECT * FROM `gd_user` WHERE ( id= ) LIMIT 1   [ RunTime:0.000077s ]
ERR: 1064:You have an error in your SQL syntax; check the manual that corresponds to your MySQL server version for the right syntax to use near ') LIMIT 1' at line 1
 [ SQL语句 ] : SELECT * FROM `gd_user` WHERE ( id= ) LIMIT 1  
SQL: SHOW COLUMNS FROM `gd_config` [ RunTime:0.000760s ]
SQL: SELECT * FROM `gd_config` WHERE ( id=1 ) LIMIT 1   [ RunTime:0.000086s ]
SQL: SHOW COLUMNS FROM `gd_czewm` [ RunTime:0.000556s ]
SQL: SELECT * FROM `gd_czewm`  [ RunTime:0.000065s ]
SQL: SELECT * FROM `gd_config` LIMIT 1   [ RunTime:0.000068s ]
SQL: SHOW COLUMNS FROM `gd_task` [ RunTime:0.000545s ]
SQL: SELECT * FROM `gd_task`  [ RunTime:0.000066s ]
INFO: [ view_parse ] --START--
INFO: [ template_filter ] --START--
INFO: Run Behavior\ContentReplace [ RunTime:0.000076s ]
INFO: [ template_filter ] --END-- [ RunTime:0.000135s ]
NOTIC: [8] Undefined index: money /www/qiye/jiujiu/App/Runtime/Cache/Home/00e52909bed743ea261af4b6823297ff.php 第 86 行.
NOTIC: [8] Undefined index: username /www/qiye/jiujiu/App/Runtime/Cache/Home/00e52909bed743ea261af4b6823297ff.php 第 87 行.
NOTIC: [8] Undefined variable: ty /www/qiye/jiujiu/App/Runtime/Cache/Home/00e52909bed743ea261af4b6823297ff.php 第 159 行.
INFO: Run Behavior\ParseTemplate [ RunTime:0.012907s ]
INFO: [ view_parse ] --END-- [ RunTime:0.012965s ]
INFO: [ view_filter ] --START--
INFO: Run Behavior\WriteHtmlCache [ RunTime:0.000227s ]
INFO: [ view_filter ] --END-- [ RunTime:0.000279s ]
INFO: [ app_end ] --START--
INFO: Run Behavior\ShowPageTrace [ RunTime:0.000566s ]
INFO: [ app_end ] --END-- [ RunTime:0.000624s ]

[ 2018-06-30T17:57:13+08:00 ] 113.111.143.30 /index.php/login/login.html
INFO: [ app_begin ] --START--
INFO: Run Behavior\ReadHtmlCache [ RunTime:0.000641s ]
INFO: [ app_begin ] --END-- [ RunTime:0.001106s ]
NOTIC: [8192] mysql_connect(): The mysql extension is deprecated and will be removed in the future: use mysqli or PDO instead /www/qiye/jiujiu/ThinkPHP/Library/Think/Db/Driver/Mysql.class.php 第 52 行.
SQL: SHOW COLUMNS FROM `gd_config` [ RunTime:0.001028s ]
SQL: SELECT * FROM `gd_config` WHERE ( id=1 ) LIMIT 1   [ RunTime:0.000131s ]
INFO: [ view_parse ] --START--
INFO: [ template_filter ] --START--
INFO: Run Behavior\ContentReplace [ RunTime:0.000053s ]
INFO: [ template_filter ] --END-- [ RunTime:0.000137s ]
INFO: Run Behavior\ParseTemplate [ RunTime:0.009146s ]
INFO: [ view_parse ] --END-- [ RunTime:0.009234s ]
INFO: [ view_filter ] --START--
INFO: Run Behavior\WriteHtmlCache [ RunTime:0.000277s ]
INFO: [ view_filter ] --END-- [ RunTime:0.000348s ]
INFO: [ app_end ] --START--
INFO: Run Behavior\ShowPageTrace [ RunTime:0.000736s ]
INFO: [ app_end ] --END-- [ RunTime:0.000816s ]

[ 2018-06-30T17:57:16+08:00 ] 113.111.143.30 /index.php/login/register.html
INFO: [ app_begin ] --START--
INFO: Run Behavior\ReadHtmlCache [ RunTime:0.000613s ]
INFO: [ app_begin ] --END-- [ RunTime:0.001099s ]
NOTIC: [8192] mysql_connect(): The mysql extension is deprecated and will be removed in the future: use mysqli or PDO instead /www/qiye/jiujiu/ThinkPHP/Library/Think/Db/Driver/Mysql.class.php 第 52 行.
SQL: SHOW COLUMNS FROM `gd_config` [ RunTime:0.001047s ]
SQL: SELECT * FROM `gd_config` WHERE ( id=1 ) LIMIT 1   [ RunTime:0.000115s ]
INFO: [ view_parse ] --START--
INFO: [ template_filter ] --START--
INFO: Run Behavior\ContentReplace [ RunTime:0.000052s ]
INFO: [ template_filter ] --END-- [ RunTime:0.000129s ]
INFO: Run Behavior\ParseTemplate [ RunTime:0.008316s ]
INFO: [ view_parse ] --END-- [ RunTime:0.008396s ]
INFO: [ view_filter ] --START--
INFO: Run Behavior\WriteHtmlCache [ RunTime:0.000282s ]
INFO: [ view_filter ] --END-- [ RunTime:0.000351s ]
INFO: [ app_end ] --START--
INFO: Run Behavior\ShowPageTrace [ RunTime:0.000742s ]
INFO: [ app_end ] --END-- [ RunTime:0.000818s ]

[ 2018-06-30T17:57:32+08:00 ] 113.111.143.30 /index.php/login/doregister.html
INFO: [ app_begin ] --START--
INFO: Run Behavior\ReadHtmlCache [ RunTime:0.000611s ]
INFO: [ app_begin ] --END-- [ RunTime:0.001051s ]
NOTIC: [8192] mysql_connect(): The mysql extension is deprecated and will be removed in the future: use mysqli or PDO instead /www/qiye/jiujiu/ThinkPHP/Library/Think/Db/Driver/Mysql.class.php 第 52 行.
SQL: SHOW COLUMNS FROM `gd_user` [ RunTime:0.000777s ]
SQL: SELECT * FROM `gd_user` WHERE ( username = 'ahuisg' ) LIMIT 1   [ RunTime:0.000089s ]
SQL: INSERT INTO `gd_user` (`password`,`username`,`email`,`addtime`) VALUES ('c86acceb70e4e4e44e3e202ae9a1b144','ahuisg','947207714@qq.com',1530352652) [ RunTime:0.002071s ]

[ 2018-06-30T17:57:33+08:00 ] 113.111.143.30 /
INFO: [ app_begin ] --START--
INFO: Run Behavior\ReadHtmlCache [ RunTime:0.000621s ]
INFO: [ app_begin ] --END-- [ RunTime:0.001098s ]
NOTIC: [8192] mysql_connect(): The mysql extension is deprecated and will be removed in the future: use mysqli or PDO instead /www/qiye/jiujiu/ThinkPHP/Library/Think/Db/Driver/Mysql.class.php 第 52 行.
SQL: SHOW COLUMNS FROM `gd_user` [ RunTime:0.000775s ]
SQL: SELECT * FROM `gd_user` WHERE ( id=145 ) LIMIT 1   [ RunTime:0.000285s ]
SQL: SHOW COLUMNS FROM `gd_config` [ RunTime:0.000887s ]
SQL: SELECT * FROM `gd_config` WHERE ( id=1 ) LIMIT 1   [ RunTime:0.000114s ]
SQL: SHOW COLUMNS FROM `gd_czewm` [ RunTime:0.000661s ]
SQL: SELECT * FROM `gd_czewm`  [ RunTime:0.000081s ]
SQL: SELECT * FROM `gd_config` LIMIT 1   [ RunTime:0.000091s ]
SQL: SHOW COLUMNS FROM `gd_task` [ RunTime:0.000578s ]
SQL: SELECT * FROM `gd_task`  [ RunTime:0.000078s ]
INFO: [ view_parse ] --START--
INFO: [ template_filter ] --START--
INFO: Run Behavior\ContentReplace [ RunTime:0.000077s ]
INFO: [ template_filter ] --END-- [ RunTime:0.000155s ]
NOTIC: [8] Undefined index: money /www/qiye/jiujiu/App/Runtime/Cache/Home/00e52909bed743ea261af4b6823297ff.php 第 86 行.
NOTIC: [8] Undefined index: username /www/qiye/jiujiu/App/Runtime/Cache/Home/00e52909bed743ea261af4b6823297ff.php 第 87 行.
NOTIC: [8] Undefined variable: ty /www/qiye/jiujiu/App/Runtime/Cache/Home/00e52909bed743ea261af4b6823297ff.php 第 159 行.
INFO: Run Behavior\ParseTemplate [ RunTime:0.014874s ]
INFO: [ view_parse ] --END-- [ RunTime:0.014939s ]
INFO: [ view_filter ] --START--
INFO: Run Behavior\WriteHtmlCache [ RunTime:0.000253s ]
INFO: [ view_filter ] --END-- [ RunTime:0.000311s ]
INFO: [ app_end ] --START--
INFO: Run Behavior\ShowPageTrace [ RunTime:0.000618s ]
INFO: [ app_end ] --END-- [ RunTime:0.000682s ]

[ 2018-06-30T17:57:34+08:00 ] 113.111.143.30 /index.php/news/index.html
INFO: [ app_begin ] --START--
INFO: Run Behavior\ReadHtmlCache [ RunTime:0.000627s ]
INFO: [ app_begin ] --END-- [ RunTime:0.001110s ]
NOTIC: [8192] mysql_connect(): The mysql extension is deprecated and will be removed in the future: use mysqli or PDO instead /www/qiye/jiujiu/ThinkPHP/Library/Think/Db/Driver/Mysql.class.php 第 52 行.
SQL: SHOW COLUMNS FROM `gd_user` [ RunTime:0.000815s ]
SQL: SELECT * FROM `gd_user` WHERE ( id=145 ) LIMIT 1   [ RunTime:0.000101s ]
SQL: SHOW COLUMNS FROM `gd_config` [ RunTime:0.000848s ]
SQL: SELECT * FROM `gd_config` WHERE ( id=1 ) LIMIT 1   [ RunTime:0.000114s ]
SQL: SHOW COLUMNS FROM `gd_news` [ RunTime:0.000681s ]
SQL: SELECT COUNT(*) AS tp_count FROM `gd_news` LIMIT 1   [ RunTime:0.000078s ]
SQL: SELECT * FROM `gd_news` ORDER BY sort desc,addtime desc LIMIT 0,20   [ RunTime:0.000098s ]
INFO: [ view_parse ] --START--
INFO: [ template_filter ] --START--
INFO: Run Behavior\ContentReplace [ RunTime:0.000048s ]
INFO: [ template_filter ] --END-- [ RunTime:0.000116s ]
INFO: Run Behavior\ParseTemplate [ RunTime:0.008668s ]
INFO: [ view_parse ] --END-- [ RunTime:0.008743s ]
INFO: [ view_filter ] --START--
INFO: Run Behavior\WriteHtmlCache [ RunTime:0.000308s ]
INFO: [ view_filter ] --END-- [ RunTime:0.000369s ]
INFO: [ app_end ] --START--
INFO: Run Behavior\ShowPageTrace [ RunTime:0.000602s ]
INFO: [ app_end ] --END-- [ RunTime:0.000664s ]

[ 2018-06-30T17:57:38+08:00 ] 113.111.143.30 /index.php/renwu/chaxun.html?id=2&fun=wx_gongzhonghao
INFO: [ app_begin ] --START--
INFO: Run Behavior\ReadHtmlCache [ RunTime:0.000626s ]
INFO: [ app_begin ] --END-- [ RunTime:0.001111s ]
NOTIC: [8192] mysql_connect(): The mysql extension is deprecated and will be removed in the future: use mysqli or PDO instead /www/qiye/jiujiu/ThinkPHP/Library/Think/Db/Driver/Mysql.class.php 第 52 行.
SQL: SHOW COLUMNS FROM `gd_user` [ RunTime:0.000832s ]
SQL: SELECT * FROM `gd_user` WHERE ( id=145 ) LIMIT 1   [ RunTime:0.000085s ]
SQL: SHOW COLUMNS FROM `gd_config` [ RunTime:0.000866s ]
SQL: SELECT * FROM `gd_config` WHERE ( id=1 ) LIMIT 1   [ RunTime:0.000117s ]
SQL: SHOW COLUMNS FROM `gd_task` [ RunTime:0.000593s ]
SQL: SELECT * FROM `gd_task` WHERE ( id=2 ) LIMIT 1   [ RunTime:0.000070s ]

[ 2018-06-30T17:57:38+08:00 ] 113.111.143.30 /index.php/Renwu/wx_gongzhonghao.html
INFO: [ app_begin ] --START--
INFO: Run Behavior\ReadHtmlCache [ RunTime:0.000607s ]
INFO: [ app_begin ] --END-- [ RunTime:0.001087s ]
NOTIC: [8192] mysql_connect(): The mysql extension is deprecated and will be removed in the future: use mysqli or PDO instead /www/qiye/jiujiu/ThinkPHP/Library/Think/Db/Driver/Mysql.class.php 第 52 行.
SQL: SHOW COLUMNS FROM `gd_user` [ RunTime:0.000695s ]
SQL: SELECT * FROM `gd_user` WHERE ( id=145 ) LIMIT 1   [ RunTime:0.000084s ]
SQL: SHOW COLUMNS FROM `gd_config` [ RunTime:0.000879s ]
SQL: SELECT * FROM `gd_config` WHERE ( id=1 ) LIMIT 1   [ RunTime:0.000110s ]
SQL: SHOW COLUMNS FROM `gd_wx_renwu` [ RunTime:0.000779s ]
SQL: SELECT COUNT(*) AS tp_count FROM `gd_wx_renwu` WHERE ( `uid` = 145 ) AND ( `is_del` = 0 ) AND ( `type` = 2 ) LIMIT 1   [ RunTime:0.000349s ]
SQL: SELECT * FROM `gd_wx_renwu` WHERE ( `uid` = 145 ) AND ( `is_del` = 0 ) AND ( `type` = 2 ) ORDER BY addtime desc LIMIT 0,20   [ RunTime:0.000403s ]
INFO: [ view_parse ] --START--
INFO: [ template_filter ] --START--
INFO: Run Behavior\ContentReplace [ RunTime:0.000052s ]
INFO: [ template_filter ] --END-- [ RunTime:0.000113s ]
NOTIC: [8] Undefined index: keyword /www/qiye/jiujiu/App/Runtime/Cache/Home/75c2a6f3efc53bfb43dd0d23e30b61bb.php 第 33 行.
INFO: Run Behavior\ParseTemplate [ RunTime:0.010594s ]
INFO: [ view_parse ] --END-- [ RunTime:0.010671s ]
INFO: [ view_filter ] --START--
INFO: Run Behavior\WriteHtmlCache [ RunTime:0.000229s ]
INFO: [ view_filter ] --END-- [ RunTime:0.000299s ]
INFO: [ app_end ] --START--
INFO: Run Behavior\ShowPageTrace [ RunTime:0.000563s ]
INFO: [ app_end ] --END-- [ RunTime:0.000622s ]

[ 2018-06-30T17:57:40+08:00 ] 113.111.143.30 /index.php/renwu/chaxun.html?id=2&fun=wx_gongzhonghao
INFO: [ app_begin ] --START--
INFO: Run Behavior\ReadHtmlCache [ RunTime:0.000612s ]
INFO: [ app_begin ] --END-- [ RunTime:0.001077s ]
NOTIC: [8192] mysql_connect(): The mysql extension is deprecated and will be removed in the future: use mysqli or PDO instead /www/qiye/jiujiu/ThinkPHP/Library/Think/Db/Driver/Mysql.class.php 第 52 行.
SQL: SHOW COLUMNS FROM `gd_user` [ RunTime:0.000933s ]
SQL: SELECT * FROM `gd_user` WHERE ( id=145 ) LIMIT 1   [ RunTime:0.000103s ]
SQL: SHOW COLUMNS FROM `gd_config` [ RunTime:0.000879s ]
SQL: SELECT * FROM `gd_config` WHERE ( id=1 ) LIMIT 1   [ RunTime:0.000126s ]
SQL: SHOW COLUMNS FROM `gd_task` [ RunTime:0.000665s ]
SQL: SELECT * FROM `gd_task` WHERE ( id=2 ) LIMIT 1   [ RunTime:0.000074s ]

[ 2018-06-30T17:57:40+08:00 ] 113.111.143.30 /index.php/Renwu/wx_gongzhonghao.html
INFO: [ app_begin ] --START--
INFO: Run Behavior\ReadHtmlCache [ RunTime:0.000608s ]
INFO: [ app_begin ] --END-- [ RunTime:0.001078s ]
NOTIC: [8192] mysql_connect(): The mysql extension is deprecated and will be removed in the future: use mysqli or PDO instead /www/qiye/jiujiu/ThinkPHP/Library/Think/Db/Driver/Mysql.class.php 第 52 行.
SQL: SHOW COLUMNS FROM `gd_user` [ RunTime:0.000745s ]
SQL: SELECT * FROM `gd_user` WHERE ( id=145 ) LIMIT 1   [ RunTime:0.000093s ]
SQL: SHOW COLUMNS FROM `gd_config` [ RunTime:0.000857s ]
SQL: SELECT * FROM `gd_config` WHERE ( id=1 ) LIMIT 1   [ RunTime:0.000120s ]
SQL: SHOW COLUMNS FROM `gd_wx_renwu` [ RunTime:0.000723s ]
SQL: SELECT COUNT(*) AS tp_count FROM `gd_wx_renwu` WHERE ( `uid` = 145 ) AND ( `is_del` = 0 ) AND ( `type` = 2 ) LIMIT 1   [ RunTime:0.000078s ]
SQL: SELECT * FROM `gd_wx_renwu` WHERE ( `uid` = 145 ) AND ( `is_del` = 0 ) AND ( `type` = 2 ) ORDER BY addtime desc LIMIT 0,20   [ RunTime:0.000110s ]
INFO: [ view_parse ] --START--
INFO: [ template_filter ] --START--
INFO: Run Behavior\ContentReplace [ RunTime:0.000065s ]
INFO: [ template_filter ] --END-- [ RunTime:0.000141s ]
NOTIC: [8] Undefined index: keyword /www/qiye/jiujiu/App/Runtime/Cache/Home/75c2a6f3efc53bfb43dd0d23e30b61bb.php 第 33 行.
INFO: Run Behavior\ParseTemplate [ RunTime:0.012475s ]
INFO: [ view_parse ] --END-- [ RunTime:0.012549s ]
INFO: [ view_filter ] --START--
INFO: Run Behavior\WriteHtmlCache [ RunTime:0.000263s ]
INFO: [ view_filter ] --END-- [ RunTime:0.000323s ]
INFO: [ app_end ] --START--
INFO: Run Behavior\ShowPageTrace [ RunTime:0.000676s ]
INFO: [ app_end ] --END-- [ RunTime:0.000746s ]

[ 2018-06-30T17:57:43+08:00 ] 113.111.143.30 /index.php/renwu/wx_gongzhonghao_add.html
INFO: [ app_begin ] --START--
INFO: Run Behavior\ReadHtmlCache [ RunTime:0.000602s ]
INFO: [ app_begin ] --END-- [ RunTime:0.001042s ]
NOTIC: [8192] mysql_connect(): The mysql extension is deprecated and will be removed in the future: use mysqli or PDO instead /www/qiye/jiujiu/ThinkPHP/Library/Think/Db/Driver/Mysql.class.php 第 52 行.
SQL: SHOW COLUMNS FROM `gd_user` [ RunTime:0.000805s ]
SQL: SELECT * FROM `gd_user` WHERE ( id=145 ) LIMIT 1   [ RunTime:0.000080s ]
SQL: SHOW COLUMNS FROM `gd_config` [ RunTime:0.000840s ]
SQL: SELECT * FROM `gd_config` WHERE ( id=1 ) LIMIT 1   [ RunTime:0.000109s ]
SQL: SHOW COLUMNS FROM `gd_price` [ RunTime:0.000634s ]
SQL: SELECT * FROM `gd_price` WHERE ( id=2 ) LIMIT 1   [ RunTime:0.000065s ]
INFO: [ view_parse ] --START--
INFO: [ template_filter ] --START--
INFO: Run Behavior\ContentReplace [ RunTime:0.000042s ]
INFO: [ template_filter ] --END-- [ RunTime:0.000102s ]
INFO: Run Behavior\ParseTemplate [ RunTime:0.007138s ]
INFO: [ view_parse ] --END-- [ RunTime:0.007199s ]
INFO: [ view_filter ] --START--
INFO: Run Behavior\WriteHtmlCache [ RunTime:0.000251s ]
INFO: [ view_filter ] --END-- [ RunTime:0.000316s ]
INFO: [ app_end ] --START--
INFO: Run Behavior\ShowPageTrace [ RunTime:0.000544s ]
INFO: [ app_end ] --END-- [ RunTime:0.000603s ]

[ 2018-06-30T17:57:48+08:00 ] 113.111.143.30 /index.php/renwu/chaxun.html?id=9&fun=wx_saoma
INFO: [ app_begin ] --START--
INFO: Run Behavior\ReadHtmlCache [ RunTime:0.000630s ]
INFO: [ app_begin ] --END-- [ RunTime:0.001118s ]
NOTIC: [8192] mysql_connect(): The mysql extension is deprecated and will be removed in the future: use mysqli or PDO instead /www/qiye/jiujiu/ThinkPHP/Library/Think/Db/Driver/Mysql.class.php 第 52 行.
SQL: SHOW COLUMNS FROM `gd_user` [ RunTime:0.000910s ]
SQL: SELECT * FROM `gd_user` WHERE ( id=145 ) LIMIT 1   [ RunTime:0.000099s ]
SQL: SHOW COLUMNS FROM `gd_config` [ RunTime:0.000846s ]
SQL: SELECT * FROM `gd_config` WHERE ( id=1 ) LIMIT 1   [ RunTime:0.000146s ]
SQL: SHOW COLUMNS FROM `gd_task` [ RunTime:0.000641s ]
SQL: SELECT * FROM `gd_task` WHERE ( id=9 ) LIMIT 1   [ RunTime:0.000071s ]

[ 2018-06-30T17:57:48+08:00 ] 113.111.143.30 /index.php/Renwu/wx_saoma.html
INFO: [ app_begin ] --START--
INFO: Run Behavior\ReadHtmlCache [ RunTime:0.000602s ]
INFO: [ app_begin ] --END-- [ RunTime:0.001092s ]
NOTIC: [8192] mysql_connect(): The mysql extension is deprecated and will be removed in the future: use mysqli or PDO instead /www/qiye/jiujiu/ThinkPHP/Library/Think/Db/Driver/Mysql.class.php 第 52 行.
SQL: SHOW COLUMNS FROM `gd_user` [ RunTime:0.000778s ]
SQL: SELECT * FROM `gd_user` WHERE ( id=145 ) LIMIT 1   [ RunTime:0.000083s ]
SQL: SHOW COLUMNS FROM `gd_config` [ RunTime:0.000830s ]
SQL: SELECT * FROM `gd_config` WHERE ( id=1 ) LIMIT 1   [ RunTime:0.000111s ]
SQL: SHOW COLUMNS FROM `gd_wx_renwu` [ RunTime:0.000738s ]
SQL: SELECT COUNT(*) AS tp_count FROM `gd_wx_renwu` WHERE ( `uid` = 145 ) AND ( `is_del` = 0 ) AND ( `type` = 9 ) LIMIT 1   [ RunTime:0.000359s ]
SQL: SELECT * FROM `gd_wx_renwu` WHERE ( `uid` = 145 ) AND ( `is_del` = 0 ) AND ( `type` = 9 ) ORDER BY addtime desc LIMIT 0,20   [ RunTime:0.000374s ]
INFO: [ view_parse ] --START--
INFO: [ template_filter ] --START--
INFO: Run Behavior\ContentReplace [ RunTime:0.000050s ]
INFO: [ template_filter ] --END-- [ RunTime:0.000110s ]
NOTIC: [8] Undefined index: keyword /www/qiye/jiujiu/App/Runtime/Cache/Home/87d5e091000426936b56abb1ba2873e0.php 第 35 行.
INFO: Run Behavior\ParseTemplate [ RunTime:0.010033s ]
INFO: [ view_parse ] --END-- [ RunTime:0.010093s ]
INFO: [ view_filter ] --START--
INFO: Run Behavior\WriteHtmlCache [ RunTime:0.000235s ]
INFO: [ view_filter ] --END-- [ RunTime:0.000291s ]
INFO: [ app_end ] --START--
INFO: Run Behavior\ShowPageTrace [ RunTime:0.000558s ]
INFO: [ app_end ] --END-- [ RunTime:0.000617s ]

[ 2018-06-30T17:57:52+08:00 ] 113.111.143.30 /index.php/renwu/wx_saoma_add.html
INFO: [ app_begin ] --START--
INFO: Run Behavior\ReadHtmlCache [ RunTime:0.000586s ]
INFO: [ app_begin ] --END-- [ RunTime:0.001015s ]
NOTIC: [8192] mysql_connect(): The mysql extension is deprecated and will be removed in the future: use mysqli or PDO instead /www/qiye/jiujiu/ThinkPHP/Library/Think/Db/Driver/Mysql.class.php 第 52 行.
SQL: SHOW COLUMNS FROM `gd_user` [ RunTime:0.000778s ]
SQL: SELECT * FROM `gd_user` WHERE ( id=145 ) LIMIT 1   [ RunTime:0.000094s ]
SQL: SHOW COLUMNS FROM `gd_config` [ RunTime:0.000860s ]
SQL: SELECT * FROM `gd_config` WHERE ( id=1 ) LIMIT 1   [ RunTime:0.000123s ]
SQL: SHOW COLUMNS FROM `gd_price` [ RunTime:0.000685s ]
SQL: SELECT * FROM `gd_price` WHERE ( id=9 ) LIMIT 1   [ RunTime:0.000076s ]
INFO: [ view_parse ] --START--
INFO: [ template_filter ] --START--
INFO: Run Behavior\ContentReplace [ RunTime:0.000058s ]
INFO: [ template_filter ] --END-- [ RunTime:0.000131s ]
INFO: Run Behavior\ParseTemplate [ RunTime:0.009340s ]
INFO: [ view_parse ] --END-- [ RunTime:0.009419s ]
INFO: [ view_filter ] --START--
INFO: Run Behavior\WriteHtmlCache [ RunTime:0.000264s ]
INFO: [ view_filter ] --END-- [ RunTime:0.000326s ]
INFO: [ app_end ] --START--
INFO: Run Behavior\ShowPageTrace [ RunTime:0.000676s ]
INFO: [ app_end ] --END-- [ RunTime:0.000747s ]

[ 2018-06-30T17:57:55+08:00 ] 113.111.143.30 /index.php/renwu/chaxun.html?id=12&fun=wx_gzhjf
INFO: [ app_begin ] --START--
INFO: Run Behavior\ReadHtmlCache [ RunTime:0.000591s ]
INFO: [ app_begin ] --END-- [ RunTime:0.001022s ]
NOTIC: [8192] mysql_connect(): The mysql extension is deprecated and will be removed in the future: use mysqli or PDO instead /www/qiye/jiujiu/ThinkPHP/Library/Think/Db/Driver/Mysql.class.php 第 52 行.
SQL: SHOW COLUMNS FROM `gd_user` [ RunTime:0.000764s ]
SQL: SELECT * FROM `gd_user` WHERE ( id=145 ) LIMIT 1   [ RunTime:0.000079s ]
SQL: SHOW COLUMNS FROM `gd_config` [ RunTime:0.000882s ]
SQL: SELECT * FROM `gd_config` WHERE ( id=1 ) LIMIT 1   [ RunTime:0.000111s ]
SQL: SHOW COLUMNS FROM `gd_task` [ RunTime:0.000607s ]
SQL: SELECT * FROM `gd_task` WHERE ( id=12 ) LIMIT 1   [ RunTime:0.000070s ]

[ 2018-06-30T17:57:56+08:00 ] 113.111.143.30 /index.php/Renwu/wx_gzhjf.html
INFO: [ app_begin ] --START--
INFO: Run Behavior\ReadHtmlCache [ RunTime:0.000634s ]
INFO: [ app_begin ] --END-- [ RunTime:0.001119s ]
NOTIC: [8192] mysql_connect(): The mysql extension is deprecated and will be removed in the future: use mysqli or PDO instead /www/qiye/jiujiu/ThinkPHP/Library/Think/Db/Driver/Mysql.class.php 第 52 行.
SQL: SHOW COLUMNS FROM `gd_user` [ RunTime:0.000694s ]
SQL: SELECT * FROM `gd_user` WHERE ( id=145 ) LIMIT 1   [ RunTime:0.000255s ]
SQL: SHOW COLUMNS FROM `gd_config` [ RunTime:0.000784s ]
SQL: SELECT * FROM `gd_config` WHERE ( id=1 ) LIMIT 1   [ RunTime:0.000118s ]
SQL: SHOW COLUMNS FROM `gd_wx_renwu` [ RunTime:0.000661s ]
SQL: SELECT COUNT(*) AS tp_count FROM `gd_wx_renwu` WHERE ( `uid` = 145 ) AND ( `is_del` = 0 ) AND ( `type` = 12 ) LIMIT 1   [ RunTime:0.000364s ]
SQL: SELECT * FROM `gd_wx_renwu` WHERE ( `uid` = 145 ) AND ( `is_del` = 0 ) AND ( `type` = 12 ) ORDER BY addtime desc LIMIT 0,20   [ RunTime:0.000400s ]
INFO: [ view_parse ] --START--
INFO: [ template_filter ] --START--
INFO: Run Behavior\ContentReplace [ RunTime:0.000059s ]
INFO: [ template_filter ] --END-- [ RunTime:0.000131s ]
NOTIC: [8] Undefined index: keyword /www/qiye/jiujiu/App/Runtime/Cache/Home/0a865e3782cb222929c2f88065b5ea69.php 第 33 行.
INFO: Run Behavior\ParseTemplate [ RunTime:0.012095s ]
INFO: [ view_parse ] --END-- [ RunTime:0.012171s ]
INFO: [ view_filter ] --START--
INFO: Run Behavior\WriteHtmlCache [ RunTime:0.000279s ]
INFO: [ view_filter ] --END-- [ RunTime:0.000344s ]
INFO: [ app_end ] --START--
INFO: Run Behavior\ShowPageTrace [ RunTime:0.000670s ]
INFO: [ app_end ] --END-- [ RunTime:0.000740s ]

[ 2018-06-30T17:57:58+08:00 ] 113.111.143.30 /index.php/renwu/wx_gzhjf_add.html
INFO: [ app_begin ] --START--
INFO: Run Behavior\ReadHtmlCache [ RunTime:0.000610s ]
INFO: [ app_begin ] --END-- [ RunTime:0.001060s ]
NOTIC: [8192] mysql_connect(): The mysql extension is deprecated and will be removed in the future: use mysqli or PDO instead /www/qiye/jiujiu/ThinkPHP/Library/Think/Db/Driver/Mysql.class.php 第 52 行.
SQL: SHOW COLUMNS FROM `gd_user` [ RunTime:0.000873s ]
SQL: SELECT * FROM `gd_user` WHERE ( id=145 ) LIMIT 1   [ RunTime:0.000109s ]
SQL: SHOW COLUMNS FROM `gd_config` [ RunTime:0.000907s ]
SQL: SELECT * FROM `gd_config` WHERE ( id=1 ) LIMIT 1   [ RunTime:0.000131s ]
SQL: SHOW COLUMNS FROM `gd_price` [ RunTime:0.000763s ]
SQL: SELECT * FROM `gd_price` WHERE ( id=12 ) LIMIT 1   [ RunTime:0.000085s ]
INFO: [ view_parse ] --START--
INFO: [ template_filter ] --START--
INFO: Run Behavior\ContentReplace [ RunTime:0.000058s ]
INFO: [ template_filter ] --END-- [ RunTime:0.000131s ]
INFO: Run Behavior\ParseTemplate [ RunTime:0.008756s ]
INFO: [ view_parse ] --END-- [ RunTime:0.008835s ]
INFO: [ view_filter ] --START--
INFO: Run Behavior\WriteHtmlCache [ RunTime:0.000269s ]
INFO: [ view_filter ] --END-- [ RunTime:0.000346s ]
INFO: [ app_end ] --START--
INFO: Run Behavior\ShowPageTrace [ RunTime:0.000665s ]
INFO: [ app_end ] --END-- [ RunTime:0.000735s ]

[ 2018-06-30T17:58:05+08:00 ] 113.111.143.30 /index.php/renwu/wx_gzhjf_add.html
INFO: [ app_begin ] --START--
INFO: Run Behavior\ReadHtmlCache [ RunTime:0.000615s ]
INFO: [ app_begin ] --END-- [ RunTime:0.001090s ]
NOTIC: [8192] mysql_connect(): The mysql extension is deprecated and will be removed in the future: use mysqli or PDO instead /www/qiye/jiujiu/ThinkPHP/Library/Think/Db/Driver/Mysql.class.php 第 52 行.
SQL: SHOW COLUMNS FROM `gd_user` [ RunTime:0.000909s ]
SQL: SELECT * FROM `gd_user` WHERE ( id=145 ) LIMIT 1   [ RunTime:0.000092s ]
SQL: SHOW COLUMNS FROM `gd_config` [ RunTime:0.000862s ]
SQL: SELECT * FROM `gd_config` WHERE ( id=1 ) LIMIT 1   [ RunTime:0.000110s ]
SQL: SHOW COLUMNS FROM `gd_price` [ RunTime:0.000658s ]
SQL: SELECT * FROM `gd_price` WHERE ( id=12 ) LIMIT 1   [ RunTime:0.000116s ]
INFO: [ view_parse ] --START--
INFO: [ template_filter ] --START--
INFO: Run Behavior\ContentReplace [ RunTime:0.000047s ]
INFO: [ template_filter ] --END-- [ RunTime:0.000113s ]
INFO: Run Behavior\ParseTemplate [ RunTime:0.007849s ]
INFO: [ view_parse ] --END-- [ RunTime:0.007915s ]
INFO: [ view_filter ] --START--
INFO: Run Behavior\WriteHtmlCache [ RunTime:0.000237s ]
INFO: [ view_filter ] --END-- [ RunTime:0.000293s ]
INFO: [ app_end ] --START--
INFO: Run Behavior\ShowPageTrace [ RunTime:0.000613s ]
INFO: [ app_end ] --END-- [ RunTime:0.000674s ]

[ 2018-06-30T17:58:17+08:00 ] 113.111.143.30 /index.php/renwu/chaxun.html?id=12&fun=wx_gzhjf
INFO: [ app_begin ] --START--
INFO: Run Behavior\ReadHtmlCache [ RunTime:0.000613s ]
INFO: [ app_begin ] --END-- [ RunTime:0.001065s ]
NOTIC: [8192] mysql_connect(): The mysql extension is deprecated and will be removed in the future: use mysqli or PDO instead /www/qiye/jiujiu/ThinkPHP/Library/Think/Db/Driver/Mysql.class.php 第 52 行.
SQL: SHOW COLUMNS FROM `gd_user` [ RunTime:0.000696s ]
SQL: SELECT * FROM `gd_user` WHERE ( id=145 ) LIMIT 1   [ RunTime:0.000087s ]
SQL: SHOW COLUMNS FROM `gd_config` [ RunTime:0.000774s ]
SQL: SELECT * FROM `gd_config` WHERE ( id=1 ) LIMIT 1   [ RunTime:0.000108s ]
SQL: SHOW COLUMNS FROM `gd_task` [ RunTime:0.000584s ]
SQL: SELECT * FROM `gd_task` WHERE ( id=12 ) LIMIT 1   [ RunTime:0.000065s ]

[ 2018-06-30T17:58:17+08:00 ] 113.111.143.30 /index.php/Renwu/wx_gzhjf.html
INFO: [ app_begin ] --START--
INFO: Run Behavior\ReadHtmlCache [ RunTime:0.000654s ]
INFO: [ app_begin ] --END-- [ RunTime:0.001136s ]
NOTIC: [8192] mysql_connect(): The mysql extension is deprecated and will be removed in the future: use mysqli or PDO instead /www/qiye/jiujiu/ThinkPHP/Library/Think/Db/Driver/Mysql.class.php 第 52 行.
SQL: SHOW COLUMNS FROM `gd_user` [ RunTime:0.000817s ]
SQL: SELECT * FROM `gd_user` WHERE ( id=145 ) LIMIT 1   [ RunTime:0.000092s ]
SQL: SHOW COLUMNS FROM `gd_config` [ RunTime:0.000877s ]
SQL: SELECT * FROM `gd_config` WHERE ( id=1 ) LIMIT 1   [ RunTime:0.000121s ]
SQL: SHOW COLUMNS FROM `gd_wx_renwu` [ RunTime:0.000755s ]
SQL: SELECT COUNT(*) AS tp_count FROM `gd_wx_renwu` WHERE ( `uid` = 145 ) AND ( `is_del` = 0 ) AND ( `type` = 12 ) LIMIT 1   [ RunTime:0.000091s ]
SQL: SELECT * FROM `gd_wx_renwu` WHERE ( `uid` = 145 ) AND ( `is_del` = 0 ) AND ( `type` = 12 ) ORDER BY addtime desc LIMIT 0,20   [ RunTime:0.000101s ]
INFO: [ view_parse ] --START--
INFO: [ template_filter ] --START--
INFO: Run Behavior\ContentReplace [ RunTime:0.000063s ]
INFO: [ template_filter ] --END-- [ RunTime:0.000138s ]
NOTIC: [8] Undefined index: keyword /www/qiye/jiujiu/App/Runtime/Cache/Home/0a865e3782cb222929c2f88065b5ea69.php 第 33 行.
INFO: Run Behavior\ParseTemplate [ RunTime:0.012212s ]
INFO: [ view_parse ] --END-- [ RunTime:0.012287s ]
INFO: [ view_filter ] --START--
INFO: Run Behavior\WriteHtmlCache [ RunTime:0.000280s ]
INFO: [ view_filter ] --END-- [ RunTime:0.000343s ]
INFO: [ app_end ] --START--
INFO: Run Behavior\ShowPageTrace [ RunTime:0.000658s ]
INFO: [ app_end ] --END-- [ RunTime:0.000727s ]

[ 2018-06-30T17:58:18+08:00 ] 113.111.143.30 /index.php/renwu/chaxun.html?id=9&fun=wx_saoma
INFO: [ app_begin ] --START--
INFO: Run Behavior\ReadHtmlCache [ RunTime:0.000640s ]
INFO: [ app_begin ] --END-- [ RunTime:0.001137s ]
NOTIC: [8192] mysql_connect(): The mysql extension is deprecated and will be removed in the future: use mysqli or PDO instead /www/qiye/jiujiu/ThinkPHP/Library/Think/Db/Driver/Mysql.class.php 第 52 行.
SQL: SHOW COLUMNS FROM `gd_user` [ RunTime:0.000772s ]
SQL: SELECT * FROM `gd_user` WHERE ( id=145 ) LIMIT 1   [ RunTime:0.000086s ]
SQL: SHOW COLUMNS FROM `gd_config` [ RunTime:0.000832s ]
SQL: SELECT * FROM `gd_config` WHERE ( id=1 ) LIMIT 1   [ RunTime:0.000106s ]
SQL: SHOW COLUMNS FROM `gd_task` [ RunTime:0.000644s ]
SQL: SELECT * FROM `gd_task` WHERE ( id=9 ) LIMIT 1   [ RunTime:0.000070s ]

[ 2018-06-30T17:58:18+08:00 ] 113.111.143.30 /index.php/Renwu/wx_saoma.html
INFO: [ app_begin ] --START--
INFO: Run Behavior\ReadHtmlCache [ RunTime:0.000660s ]
INFO: [ app_begin ] --END-- [ RunTime:0.001148s ]
NOTIC: [8192] mysql_connect(): The mysql extension is deprecated and will be removed in the future: use mysqli or PDO instead /www/qiye/jiujiu/ThinkPHP/Library/Think/Db/Driver/Mysql.class.php 第 52 行.
SQL: SHOW COLUMNS FROM `gd_user` [ RunTime:0.000791s ]
SQL: SELECT * FROM `gd_user` WHERE ( id=145 ) LIMIT 1   [ RunTime:0.000098s ]
SQL: SHOW COLUMNS FROM `gd_config` [ RunTime:0.000879s ]
SQL: SELECT * FROM `gd_config` WHERE ( id=1 ) LIMIT 1   [ RunTime:0.000126s ]
SQL: SHOW COLUMNS FROM `gd_wx_renwu` [ RunTime:0.000797s ]
SQL: SELECT COUNT(*) AS tp_count FROM `gd_wx_renwu` WHERE ( `uid` = 145 ) AND ( `is_del` = 0 ) AND ( `type` = 9 ) LIMIT 1   [ RunTime:0.000078s ]
SQL: SELECT * FROM `gd_wx_renwu` WHERE ( `uid` = 145 ) AND ( `is_del` = 0 ) AND ( `type` = 9 ) ORDER BY addtime desc LIMIT 0,20   [ RunTime:0.000128s ]
INFO: [ view_parse ] --START--
INFO: [ template_filter ] --START--
INFO: Run Behavior\ContentReplace [ RunTime:0.000066s ]
INFO: [ template_filter ] --END-- [ RunTime:0.000143s ]
NOTIC: [8] Undefined index: keyword /www/qiye/jiujiu/App/Runtime/Cache/Home/87d5e091000426936b56abb1ba2873e0.php 第 35 行.
INFO: Run Behavior\ParseTemplate [ RunTime:0.012352s ]
INFO: [ view_parse ] --END-- [ RunTime:0.012428s ]
INFO: [ view_filter ] --START--
INFO: Run Behavior\WriteHtmlCache [ RunTime:0.000276s ]
INFO: [ view_filter ] --END-- [ RunTime:0.000337s ]
INFO: [ app_end ] --START--
INFO: Run Behavior\ShowPageTrace [ RunTime:0.000628s ]
INFO: [ app_end ] --END-- [ RunTime:0.000696s ]

[ 2018-06-30T17:58:19+08:00 ] 113.111.143.30 /index.php/renwu/chaxun.html?id=2&fun=wx_gongzhonghao
INFO: [ app_begin ] --START--
INFO: Run Behavior\ReadHtmlCache [ RunTime:0.000637s ]
INFO: [ app_begin ] --END-- [ RunTime:0.001133s ]
NOTIC: [8192] mysql_connect(): The mysql extension is deprecated and will be removed in the future: use mysqli or PDO instead /www/qiye/jiujiu/ThinkPHP/Library/Think/Db/Driver/Mysql.class.php 第 52 行.
SQL: SHOW COLUMNS FROM `gd_user` [ RunTime:0.000745s ]
SQL: SELECT * FROM `gd_user` WHERE ( id=145 ) LIMIT 1   [ RunTime:0.000094s ]
SQL: SHOW COLUMNS FROM `gd_config` [ RunTime:0.000870s ]
SQL: SELECT * FROM `gd_config` WHERE ( id=1 ) LIMIT 1   [ RunTime:0.000119s ]
SQL: SHOW COLUMNS FROM `gd_task` [ RunTime:0.000590s ]
SQL: SELECT * FROM `gd_task` WHERE ( id=2 ) LIMIT 1   [ RunTime:0.000104s ]

[ 2018-06-30T17:58:19+08:00 ] 113.111.143.30 /index.php/Renwu/wx_gongzhonghao.html
INFO: [ app_begin ] --START--
INFO: Run Behavior\ReadHtmlCache [ RunTime:0.000647s ]
INFO: [ app_begin ] --END-- [ RunTime:0.001116s ]
NOTIC: [8192] mysql_connect(): The mysql extension is deprecated and will be removed in the future: use mysqli or PDO instead /www/qiye/jiujiu/ThinkPHP/Library/Think/Db/Driver/Mysql.class.php 第 52 行.
SQL: SHOW COLUMNS FROM `gd_user` [ RunTime:0.000789s ]
SQL: SELECT * FROM `gd_user` WHERE ( id=145 ) LIMIT 1   [ RunTime:0.000122s ]
SQL: SHOW COLUMNS FROM `gd_config` [ RunTime:0.000858s ]
SQL: SELECT * FROM `gd_config` WHERE ( id=1 ) LIMIT 1   [ RunTime:0.000121s ]
SQL: SHOW COLUMNS FROM `gd_wx_renwu` [ RunTime:0.000739s ]
SQL: SELECT COUNT(*) AS tp_count FROM `gd_wx_renwu` WHERE ( `uid` = 145 ) AND ( `is_del` = 0 ) AND ( `type` = 2 ) LIMIT 1   [ RunTime:0.000078s ]
SQL: SELECT * FROM `gd_wx_renwu` WHERE ( `uid` = 145 ) AND ( `is_del` = 0 ) AND ( `type` = 2 ) ORDER BY addtime desc LIMIT 0,20   [ RunTime:0.000099s ]
INFO: [ view_parse ] --START--
INFO: [ template_filter ] --START--
INFO: Run Behavior\ContentReplace [ RunTime:0.000074s ]
INFO: [ template_filter ] --END-- [ RunTime:0.000152s ]
NOTIC: [8] Undefined index: keyword /www/qiye/jiujiu/App/Runtime/Cache/Home/75c2a6f3efc53bfb43dd0d23e30b61bb.php 第 33 行.
INFO: Run Behavior\ParseTemplate [ RunTime:0.012447s ]
INFO: [ view_parse ] --END-- [ RunTime:0.012539s ]
INFO: [ view_filter ] --START--
INFO: Run Behavior\WriteHtmlCache [ RunTime:0.000269s ]
INFO: [ view_filter ] --END-- [ RunTime:0.000332s ]
INFO: [ app_end ] --START--
INFO: Run Behavior\ShowPageTrace [ RunTime:0.000685s ]
INFO: [ app_end ] --END-- [ RunTime:0.000757s ]

