[ 2018-08-11T02:49:09+08:00 ] 119.133.159.138 /index.php/index/index.html?ty=block
INFO: [ app_begin ] --START--
INFO: Run Behavior\ReadHtmlCache [ RunTime:0.000621s ]
INFO: [ app_begin ] --END-- [ RunTime:0.001119s ]
NOTIC: [8192] mysql_connect(): The mysql extension is deprecated and will be removed in the future: use mysqli or PDO instead /www/qiye/jiujiu/ThinkPHP/Library/Think/Db/Driver/Mysql.class.php 第 52 行.
SQL: SHOW COLUMNS FROM `gd_user` [ RunTime:0.000824s ]
NOTIC: [8] Undefined index: uid /www/qiye/jiujiu/App/Home/Controller/CommController.class.php 第 18 行.
SQL: SELECT * FROM `gd_user` WHERE ( id= ) LIMIT 1   [ RunTime:0.000102s ]
ERR: 1064:You have an error in your SQL syntax; check the manual that corresponds to your MySQL server version for the right syntax to use near ') LIMIT 1' at line 1
 [ SQL语句 ] : SELECT * FROM `gd_user` WHERE ( id= ) LIMIT 1  
SQL: SHOW COLUMNS FROM `gd_config` [ RunTime:0.000779s ]
SQL: SELECT * FROM `gd_config` WHERE ( id=1 ) LIMIT 1   [ RunTime:0.000115s ]
SQL: SHOW COLUMNS FROM `gd_czewm` [ RunTime:0.000657s ]
SQL: SELECT * FROM `gd_czewm`  [ RunTime:0.000078s ]
SQL: SELECT * FROM `gd_config` LIMIT 1   [ RunTime:0.000100s ]
SQL: SHOW COLUMNS FROM `gd_task` [ RunTime:0.000627s ]
SQL: SELECT * FROM `gd_task`  [ RunTime:0.000088s ]
INFO: [ view_parse ] --START--
INFO: [ template_filter ] --START--
INFO: Run Behavior\ContentReplace [ RunTime:0.000084s ]
INFO: [ template_filter ] --END-- [ RunTime:0.000162s ]
NOTIC: [8] Undefined index: money /www/qiye/jiujiu/App/Runtime/Cache/Home/00e52909bed743ea261af4b6823297ff.php 第 86 行.
NOTIC: [8] Undefined index: username /www/qiye/jiujiu/App/Runtime/Cache/Home/00e52909bed743ea261af4b6823297ff.php 第 87 行.
NOTIC: [8] Undefined variable: ty /www/qiye/jiujiu/App/Runtime/Cache/Home/00e52909bed743ea261af4b6823297ff.php 第 159 行.
INFO: Run Behavior\ParseTemplate [ RunTime:0.015263s ]
INFO: [ view_parse ] --END-- [ RunTime:0.015336s ]
INFO: [ view_filter ] --START--
INFO: Run Behavior\WriteHtmlCache [ RunTime:0.000266s ]
INFO: [ view_filter ] --END-- [ RunTime:0.000327s ]
INFO: [ app_end ] --START--
INFO: Run Behavior\ShowPageTrace [ RunTime:0.000671s ]
INFO: [ app_end ] --END-- [ RunTime:0.000744s ]

[ 2018-08-11T02:49:10+08:00 ] 119.133.159.138 /index.php/login/login.html
INFO: [ app_begin ] --START--
INFO: Run Behavior\ReadHtmlCache [ RunTime:0.000629s ]
INFO: [ app_begin ] --END-- [ RunTime:0.001091s ]
NOTIC: [8192] mysql_connect(): The mysql extension is deprecated and will be removed in the future: use mysqli or PDO instead /www/qiye/jiujiu/ThinkPHP/Library/Think/Db/Driver/Mysql.class.php 第 52 行.
SQL: SHOW COLUMNS FROM `gd_config` [ RunTime:0.000897s ]
SQL: SELECT * FROM `gd_config` WHERE ( id=1 ) LIMIT 1   [ RunTime:0.000108s ]
INFO: [ view_parse ] --START--
INFO: [ template_filter ] --START--
INFO: Run Behavior\ContentReplace [ RunTime:0.000039s ]
INFO: [ template_filter ] --END-- [ RunTime:0.000102s ]
INFO: Run Behavior\ParseTemplate [ RunTime:0.007222s ]
INFO: [ view_parse ] --END-- [ RunTime:0.007289s ]
INFO: [ view_filter ] --START--
INFO: Run Behavior\WriteHtmlCache [ RunTime:0.000224s ]
INFO: [ view_filter ] --END-- [ RunTime:0.000278s ]
INFO: [ app_end ] --START--
INFO: Run Behavior\ShowPageTrace [ RunTime:0.000564s ]
INFO: [ app_end ] --END-- [ RunTime:0.000638s ]

[ 2018-08-11T02:49:11+08:00 ] 119.133.159.138 /index.php/login/dologin.html
INFO: [ app_begin ] --START--
INFO: Run Behavior\ReadHtmlCache [ RunTime:0.000588s ]
INFO: [ app_begin ] --END-- [ RunTime:0.001048s ]
NOTIC: [8192] mysql_connect(): The mysql extension is deprecated and will be removed in the future: use mysqli or PDO instead /www/qiye/jiujiu/ThinkPHP/Library/Think/Db/Driver/Mysql.class.php 第 52 行.
SQL: SHOW COLUMNS FROM `gd_user` [ RunTime:0.000941s ]
SQL: SELECT * FROM `gd_user` WHERE ( username = 'lele66' ) LIMIT 1   [ RunTime:0.000523s ]
SQL: SELECT * FROM `gd_user` WHERE ( username='lele66' and password='61ad02448a8be99fdc2f51a4881f4284' ) LIMIT 1   [ RunTime:0.000432s ]

[ 2018-08-11T02:49:12+08:00 ] 119.133.159.138 /index.php/index/index.html?ty=block
INFO: [ app_begin ] --START--
INFO: Run Behavior\ReadHtmlCache [ RunTime:0.000629s ]
INFO: [ app_begin ] --END-- [ RunTime:0.001110s ]
NOTIC: [8192] mysql_connect(): The mysql extension is deprecated and will be removed in the future: use mysqli or PDO instead /www/qiye/jiujiu/ThinkPHP/Library/Think/Db/Driver/Mysql.class.php 第 52 行.
SQL: SHOW COLUMNS FROM `gd_user` [ RunTime:0.000735s ]
SQL: SELECT * FROM `gd_user` WHERE ( id=144 ) LIMIT 1   [ RunTime:0.000272s ]
SQL: SHOW COLUMNS FROM `gd_config` [ RunTime:0.000833s ]
SQL: SELECT * FROM `gd_config` WHERE ( id=1 ) LIMIT 1   [ RunTime:0.000100s ]
SQL: SHOW COLUMNS FROM `gd_czewm` [ RunTime:0.000565s ]
SQL: SELECT * FROM `gd_czewm`  [ RunTime:0.000067s ]
SQL: SELECT * FROM `gd_config` LIMIT 1   [ RunTime:0.000073s ]
SQL: SHOW COLUMNS FROM `gd_task` [ RunTime:0.000600s ]
SQL: SELECT * FROM `gd_task`  [ RunTime:0.000073s ]
INFO: [ view_parse ] --START--
INFO: [ template_filter ] --START--
INFO: Run Behavior\ContentReplace [ RunTime:0.000072s ]
INFO: [ template_filter ] --END-- [ RunTime:0.000137s ]
NOTIC: [8] Undefined index: money /www/qiye/jiujiu/App/Runtime/Cache/Home/00e52909bed743ea261af4b6823297ff.php 第 86 行.
NOTIC: [8] Undefined index: username /www/qiye/jiujiu/App/Runtime/Cache/Home/00e52909bed743ea261af4b6823297ff.php 第 87 行.
INFO: Run Behavior\ParseTemplate [ RunTime:0.013733s ]
INFO: [ view_parse ] --END-- [ RunTime:0.013796s ]
INFO: [ view_filter ] --START--
INFO: Run Behavior\WriteHtmlCache [ RunTime:0.000235s ]
INFO: [ view_filter ] --END-- [ RunTime:0.000303s ]
INFO: [ app_end ] --START--
INFO: Run Behavior\ShowPageTrace [ RunTime:0.000569s ]
INFO: [ app_end ] --END-- [ RunTime:0.000631s ]

[ 2018-08-11T02:49:12+08:00 ] 119.133.159.138 /index.php/news/index.html
INFO: [ app_begin ] --START--
INFO: Run Behavior\ReadHtmlCache [ RunTime:0.000651s ]
INFO: [ app_begin ] --END-- [ RunTime:0.001120s ]
NOTIC: [8192] mysql_connect(): The mysql extension is deprecated and will be removed in the future: use mysqli or PDO instead /www/qiye/jiujiu/ThinkPHP/Library/Think/Db/Driver/Mysql.class.php 第 52 行.
SQL: SHOW COLUMNS FROM `gd_user` [ RunTime:0.000694s ]
SQL: SELECT * FROM `gd_user` WHERE ( id=144 ) LIMIT 1   [ RunTime:0.000082s ]
SQL: SHOW COLUMNS FROM `gd_config` [ RunTime:0.000805s ]
SQL: SELECT * FROM `gd_config` WHERE ( id=1 ) LIMIT 1   [ RunTime:0.000109s ]
SQL: SHOW COLUMNS FROM `gd_news` [ RunTime:0.000631s ]
SQL: SELECT COUNT(*) AS tp_count FROM `gd_news` LIMIT 1   [ RunTime:0.000067s ]
SQL: SELECT * FROM `gd_news` ORDER BY sort desc,addtime desc LIMIT 0,20   [ RunTime:0.000093s ]
INFO: [ view_parse ] --START--
INFO: [ template_filter ] --START--
INFO: Run Behavior\ContentReplace [ RunTime:0.000047s ]
INFO: [ template_filter ] --END-- [ RunTime:0.000113s ]
INFO: Run Behavior\ParseTemplate [ RunTime:0.008538s ]
INFO: [ view_parse ] --END-- [ RunTime:0.008623s ]
INFO: [ view_filter ] --START--
INFO: Run Behavior\WriteHtmlCache [ RunTime:0.000251s ]
INFO: [ view_filter ] --END-- [ RunTime:0.000309s ]
INFO: [ app_end ] --START--
INFO: Run Behavior\ShowPageTrace [ RunTime:0.000609s ]
INFO: [ app_end ] --END-- [ RunTime:0.000686s ]

[ 2018-08-11T02:49:12+08:00 ] 119.133.159.138 /Public/uploads
INFO: [ app_begin ] --START--
INFO: Run Behavior\ReadHtmlCache [ RunTime:0.000634s ]
INFO: [ app_begin ] --END-- [ RunTime:0.001087s ]
NOTIC: [8192] mysql_connect(): The mysql extension is deprecated and will be removed in the future: use mysqli or PDO instead /www/qiye/jiujiu/ThinkPHP/Library/Think/Db/Driver/Mysql.class.php 第 52 行.
SQL: SHOW COLUMNS FROM `gd_user` [ RunTime:0.000686s ]
SQL: SELECT * FROM `gd_user` WHERE ( id=144 ) LIMIT 1   [ RunTime:0.000095s ]
SQL: SHOW COLUMNS FROM `gd_config` [ RunTime:0.000848s ]
SQL: SELECT * FROM `gd_config` WHERE ( id=1 ) LIMIT 1   [ RunTime:0.000125s ]

[ 2018-08-11T02:49:12+08:00 ] 119.133.159.138 /index.php/index/index.html
INFO: [ app_begin ] --START--
INFO: Run Behavior\ReadHtmlCache [ RunTime:0.000620s ]
INFO: [ app_begin ] --END-- [ RunTime:0.001076s ]
NOTIC: [8192] mysql_connect(): The mysql extension is deprecated and will be removed in the future: use mysqli or PDO instead /www/qiye/jiujiu/ThinkPHP/Library/Think/Db/Driver/Mysql.class.php 第 52 行.
SQL: SHOW COLUMNS FROM `gd_user` [ RunTime:0.000725s ]
SQL: SELECT * FROM `gd_user` WHERE ( id=144 ) LIMIT 1   [ RunTime:0.000082s ]
SQL: SHOW COLUMNS FROM `gd_config` [ RunTime:0.000795s ]
SQL: SELECT * FROM `gd_config` WHERE ( id=1 ) LIMIT 1   [ RunTime:0.000112s ]
SQL: SHOW COLUMNS FROM `gd_czewm` [ RunTime:0.000543s ]
SQL: SELECT * FROM `gd_czewm`  [ RunTime:0.000067s ]
SQL: SELECT * FROM `gd_config` LIMIT 1   [ RunTime:0.000067s ]
SQL: SHOW COLUMNS FROM `gd_task` [ RunTime:0.000546s ]
SQL: SELECT * FROM `gd_task`  [ RunTime:0.000066s ]
INFO: [ view_parse ] --START--
INFO: [ template_filter ] --START--
INFO: Run Behavior\ContentReplace [ RunTime:0.000074s ]
INFO: [ template_filter ] --END-- [ RunTime:0.000138s ]
NOTIC: [8] Undefined index: money /www/qiye/jiujiu/App/Runtime/Cache/Home/00e52909bed743ea261af4b6823297ff.php 第 86 行.
NOTIC: [8] Undefined index: username /www/qiye/jiujiu/App/Runtime/Cache/Home/00e52909bed743ea261af4b6823297ff.php 第 87 行.
NOTIC: [8] Undefined variable: ty /www/qiye/jiujiu/App/Runtime/Cache/Home/00e52909bed743ea261af4b6823297ff.php 第 159 行.
INFO: Run Behavior\ParseTemplate [ RunTime:0.012936s ]
INFO: [ view_parse ] --END-- [ RunTime:0.012992s ]
INFO: [ view_filter ] --START--
INFO: Run Behavior\WriteHtmlCache [ RunTime:0.000220s ]
INFO: [ view_filter ] --END-- [ RunTime:0.000289s ]
INFO: [ app_end ] --START--
INFO: Run Behavior\ShowPageTrace [ RunTime:0.000534s ]
INFO: [ app_end ] --END-- [ RunTime:0.000592s ]

[ 2018-08-11T02:49:13+08:00 ] 101.199.110.110 /index.php/index/index.html?ty=block
INFO: [ app_begin ] --START--
INFO: Run Behavior\ReadHtmlCache [ RunTime:0.000618s ]
INFO: [ app_begin ] --END-- [ RunTime:0.001067s ]
NOTIC: [8192] mysql_connect(): The mysql extension is deprecated and will be removed in the future: use mysqli or PDO instead /www/qiye/jiujiu/ThinkPHP/Library/Think/Db/Driver/Mysql.class.php 第 52 行.
SQL: SHOW COLUMNS FROM `gd_user` [ RunTime:0.000691s ]
NOTIC: [8] Undefined index: uid /www/qiye/jiujiu/App/Home/Controller/CommController.class.php 第 18 行.
SQL: SELECT * FROM `gd_user` WHERE ( id= ) LIMIT 1   [ RunTime:0.000089s ]
ERR: 1064:You have an error in your SQL syntax; check the manual that corresponds to your MySQL server version for the right syntax to use near ') LIMIT 1' at line 1
 [ SQL语句 ] : SELECT * FROM `gd_user` WHERE ( id= ) LIMIT 1  
SQL: SHOW COLUMNS FROM `gd_config` [ RunTime:0.000799s ]
SQL: SELECT * FROM `gd_config` WHERE ( id=1 ) LIMIT 1   [ RunTime:0.000089s ]
SQL: SHOW COLUMNS FROM `gd_czewm` [ RunTime:0.000559s ]
SQL: SELECT * FROM `gd_czewm`  [ RunTime:0.000060s ]
SQL: SELECT * FROM `gd_config` LIMIT 1   [ RunTime:0.000065s ]
SQL: SHOW COLUMNS FROM `gd_task` [ RunTime:0.000533s ]
SQL: SELECT * FROM `gd_task`  [ RunTime:0.000066s ]
INFO: [ view_parse ] --START--
INFO: [ template_filter ] --START--
INFO: Run Behavior\ContentReplace [ RunTime:0.000092s ]
INFO: [ template_filter ] --END-- [ RunTime:0.000162s ]
NOTIC: [8] Undefined index: money /www/qiye/jiujiu/App/Runtime/Cache/Home/00e52909bed743ea261af4b6823297ff.php 第 86 行.
NOTIC: [8] Undefined index: username /www/qiye/jiujiu/App/Runtime/Cache/Home/00e52909bed743ea261af4b6823297ff.php 第 87 行.
NOTIC: [8] Undefined variable: ty /www/qiye/jiujiu/App/Runtime/Cache/Home/00e52909bed743ea261af4b6823297ff.php 第 159 行.
INFO: Run Behavior\ParseTemplate [ RunTime:0.013692s ]
INFO: [ view_parse ] --END-- [ RunTime:0.013752s ]
INFO: [ view_filter ] --START--
INFO: Run Behavior\WriteHtmlCache [ RunTime:0.000237s ]
INFO: [ view_filter ] --END-- [ RunTime:0.000290s ]
INFO: [ app_end ] --START--
INFO: Run Behavior\ShowPageTrace [ RunTime:0.000555s ]
INFO: [ app_end ] --END-- [ RunTime:0.000628s ]

[ 2018-08-11T02:49:13+08:00 ] 101.199.110.110 /index.php/login/login.html
INFO: [ app_begin ] --START--
INFO: Run Behavior\ReadHtmlCache [ RunTime:0.000589s ]
INFO: [ app_begin ] --END-- [ RunTime:0.001011s ]
NOTIC: [8192] mysql_connect(): The mysql extension is deprecated and will be removed in the future: use mysqli or PDO instead /www/qiye/jiujiu/ThinkPHP/Library/Think/Db/Driver/Mysql.class.php 第 52 行.
SQL: SHOW COLUMNS FROM `gd_config` [ RunTime:0.000864s ]
SQL: SELECT * FROM `gd_config` WHERE ( id=1 ) LIMIT 1   [ RunTime:0.000101s ]
INFO: [ view_parse ] --START--
INFO: [ template_filter ] --START--
INFO: Run Behavior\ContentReplace [ RunTime:0.000037s ]
INFO: [ template_filter ] --END-- [ RunTime:0.000094s ]
INFO: Run Behavior\ParseTemplate [ RunTime:0.006824s ]
INFO: [ view_parse ] --END-- [ RunTime:0.006895s ]
INFO: [ view_filter ] --START--
INFO: Run Behavior\WriteHtmlCache [ RunTime:0.000228s ]
INFO: [ view_filter ] --END-- [ RunTime:0.000281s ]
INFO: [ app_end ] --START--
INFO: Run Behavior\ShowPageTrace [ RunTime:0.000539s ]
INFO: [ app_end ] --END-- [ RunTime:0.000598s ]

[ 2018-08-11T02:49:20+08:00 ] 220.181.132.198 /index.php/news/index.html
INFO: [ app_begin ] --START--
INFO: Run Behavior\ReadHtmlCache [ RunTime:0.000610s ]
INFO: [ app_begin ] --END-- [ RunTime:0.001067s ]
NOTIC: [8192] mysql_connect(): The mysql extension is deprecated and will be removed in the future: use mysqli or PDO instead /www/qiye/jiujiu/ThinkPHP/Library/Think/Db/Driver/Mysql.class.php 第 52 行.
SQL: SHOW COLUMNS FROM `gd_user` [ RunTime:0.000701s ]
NOTIC: [8] Undefined index: uid /www/qiye/jiujiu/App/Home/Controller/CommController.class.php 第 18 行.
SQL: SELECT * FROM `gd_user` WHERE ( id= ) LIMIT 1   [ RunTime:0.000092s ]
ERR: 1064:You have an error in your SQL syntax; check the manual that corresponds to your MySQL server version for the right syntax to use near ') LIMIT 1' at line 1
 [ SQL语句 ] : SELECT * FROM `gd_user` WHERE ( id= ) LIMIT 1  
SQL: SHOW COLUMNS FROM `gd_config` [ RunTime:0.000771s ]
SQL: SELECT * FROM `gd_config` WHERE ( id=1 ) LIMIT 1   [ RunTime:0.000095s ]
SQL: SHOW COLUMNS FROM `gd_news` [ RunTime:0.000563s ]
SQL: SELECT COUNT(*) AS tp_count FROM `gd_news` LIMIT 1   [ RunTime:0.000066s ]
SQL: SELECT * FROM `gd_news` ORDER BY sort desc,addtime desc LIMIT 0,20   [ RunTime:0.000096s ]
INFO: [ view_parse ] --START--
INFO: [ template_filter ] --START--
INFO: Run Behavior\ContentReplace [ RunTime:0.000053s ]
INFO: [ template_filter ] --END-- [ RunTime:0.000121s ]
INFO: Run Behavior\ParseTemplate [ RunTime:0.009075s ]
INFO: [ view_parse ] --END-- [ RunTime:0.009162s ]
INFO: [ view_filter ] --START--
INFO: Run Behavior\WriteHtmlCache [ RunTime:0.000253s ]
INFO: [ view_filter ] --END-- [ RunTime:0.000311s ]
INFO: [ app_end ] --START--
INFO: Run Behavior\ShowPageTrace [ RunTime:0.000645s ]
INFO: [ app_end ] --END-- [ RunTime:0.000713s ]

[ 2018-08-11T02:49:20+08:00 ] 220.181.132.198 /index.php/login/login.html
INFO: [ app_begin ] --START--
INFO: Run Behavior\ReadHtmlCache [ RunTime:0.000629s ]
INFO: [ app_begin ] --END-- [ RunTime:0.001108s ]
NOTIC: [8192] mysql_connect(): The mysql extension is deprecated and will be removed in the future: use mysqli or PDO instead /www/qiye/jiujiu/ThinkPHP/Library/Think/Db/Driver/Mysql.class.php 第 52 行.
SQL: SHOW COLUMNS FROM `gd_config` [ RunTime:0.000875s ]
SQL: SELECT * FROM `gd_config` WHERE ( id=1 ) LIMIT 1   [ RunTime:0.000123s ]
INFO: [ view_parse ] --START--
INFO: [ template_filter ] --START--
INFO: Run Behavior\ContentReplace [ RunTime:0.000047s ]
INFO: [ template_filter ] --END-- [ RunTime:0.000125s ]
INFO: Run Behavior\ParseTemplate [ RunTime:0.008860s ]
INFO: [ view_parse ] --END-- [ RunTime:0.009005s ]
INFO: [ view_filter ] --START--
INFO: Run Behavior\WriteHtmlCache [ RunTime:0.000298s ]
INFO: [ view_filter ] --END-- [ RunTime:0.000372s ]
INFO: [ app_end ] --START--
INFO: Run Behavior\ShowPageTrace [ RunTime:0.000773s ]
INFO: [ app_end ] --END-- [ RunTime:0.000847s ]

[ 2018-08-11T02:49:20+08:00 ] 119.133.159.138 /
INFO: [ app_begin ] --START--
INFO: Run Behavior\ReadHtmlCache [ RunTime:0.000621s ]
INFO: [ app_begin ] --END-- [ RunTime:0.001107s ]
NOTIC: [8192] mysql_connect(): The mysql extension is deprecated and will be removed in the future: use mysqli or PDO instead /www/qiye/jiujiu/ThinkPHP/Library/Think/Db/Driver/Mysql.class.php 第 52 行.
SQL: SHOW COLUMNS FROM `gd_user` [ RunTime:0.000694s ]
SQL: SELECT * FROM `gd_user` WHERE ( id=144 ) LIMIT 1   [ RunTime:0.000080s ]
SQL: SHOW COLUMNS FROM `gd_config` [ RunTime:0.000758s ]
SQL: SELECT * FROM `gd_config` WHERE ( id=1 ) LIMIT 1   [ RunTime:0.000109s ]
SQL: SHOW COLUMNS FROM `gd_czewm` [ RunTime:0.000505s ]
SQL: SELECT * FROM `gd_czewm`  [ RunTime:0.000073s ]
SQL: SELECT * FROM `gd_config` LIMIT 1   [ RunTime:0.000069s ]
SQL: SHOW COLUMNS FROM `gd_task` [ RunTime:0.000513s ]
SQL: SELECT * FROM `gd_task`  [ RunTime:0.000066s ]
INFO: [ view_parse ] --START--
INFO: [ template_filter ] --START--
INFO: Run Behavior\ContentReplace [ RunTime:0.000072s ]
INFO: [ template_filter ] --END-- [ RunTime:0.000136s ]
NOTIC: [8] Undefined index: money /www/qiye/jiujiu/App/Runtime/Cache/Home/00e52909bed743ea261af4b6823297ff.php 第 86 行.
NOTIC: [8] Undefined index: username /www/qiye/jiujiu/App/Runtime/Cache/Home/00e52909bed743ea261af4b6823297ff.php 第 87 行.
NOTIC: [8] Undefined variable: ty /www/qiye/jiujiu/App/Runtime/Cache/Home/00e52909bed743ea261af4b6823297ff.php 第 159 行.
INFO: Run Behavior\ParseTemplate [ RunTime:0.012848s ]
INFO: [ view_parse ] --END-- [ RunTime:0.012904s ]
INFO: [ view_filter ] --START--
INFO: Run Behavior\WriteHtmlCache [ RunTime:0.000215s ]
INFO: [ view_filter ] --END-- [ RunTime:0.000283s ]
INFO: [ app_end ] --START--
INFO: Run Behavior\ShowPageTrace [ RunTime:0.000529s ]
INFO: [ app_end ] --END-- [ RunTime:0.000587s ]

[ 2018-08-11T02:49:20+08:00 ] 119.133.159.138 /Public/uploads
INFO: [ app_begin ] --START--
INFO: Run Behavior\ReadHtmlCache [ RunTime:0.000558s ]
INFO: [ app_begin ] --END-- [ RunTime:0.000958s ]
NOTIC: [8192] mysql_connect(): The mysql extension is deprecated and will be removed in the future: use mysqli or PDO instead /www/qiye/jiujiu/ThinkPHP/Library/Think/Db/Driver/Mysql.class.php 第 52 行.
SQL: SHOW COLUMNS FROM `gd_user` [ RunTime:0.000742s ]
SQL: SELECT * FROM `gd_user` WHERE ( id=144 ) LIMIT 1   [ RunTime:0.000097s ]
SQL: SHOW COLUMNS FROM `gd_config` [ RunTime:0.000839s ]
SQL: SELECT * FROM `gd_config` WHERE ( id=1 ) LIMIT 1   [ RunTime:0.000119s ]

[ 2018-08-11T02:49:20+08:00 ] 119.133.159.138 /index.php/news/index.html
INFO: [ app_begin ] --START--
INFO: Run Behavior\ReadHtmlCache [ RunTime:0.000624s ]
INFO: [ app_begin ] --END-- [ RunTime:0.001079s ]
NOTIC: [8192] mysql_connect(): The mysql extension is deprecated and will be removed in the future: use mysqli or PDO instead /www/qiye/jiujiu/ThinkPHP/Library/Think/Db/Driver/Mysql.class.php 第 52 行.
SQL: SHOW COLUMNS FROM `gd_user` [ RunTime:0.000710s ]
SQL: SELECT * FROM `gd_user` WHERE ( id=144 ) LIMIT 1   [ RunTime:0.000084s ]
SQL: SHOW COLUMNS FROM `gd_config` [ RunTime:0.000826s ]
SQL: SELECT * FROM `gd_config` WHERE ( id=1 ) LIMIT 1   [ RunTime:0.000109s ]
SQL: SHOW COLUMNS FROM `gd_news` [ RunTime:0.000577s ]
SQL: SELECT COUNT(*) AS tp_count FROM `gd_news` LIMIT 1   [ RunTime:0.000057s ]
SQL: SELECT * FROM `gd_news` ORDER BY sort desc,addtime desc LIMIT 0,20   [ RunTime:0.000091s ]
INFO: [ view_parse ] --START--
INFO: [ template_filter ] --START--
INFO: Run Behavior\ContentReplace [ RunTime:0.000044s ]
INFO: [ template_filter ] --END-- [ RunTime:0.000106s ]
INFO: Run Behavior\ParseTemplate [ RunTime:0.007953s ]
INFO: [ view_parse ] --END-- [ RunTime:0.008017s ]
INFO: [ view_filter ] --START--
INFO: Run Behavior\WriteHtmlCache [ RunTime:0.000256s ]
INFO: [ view_filter ] --END-- [ RunTime:0.000309s ]
INFO: [ app_end ] --START--
INFO: Run Behavior\ShowPageTrace [ RunTime:0.000549s ]
INFO: [ app_end ] --END-- [ RunTime:0.000607s ]

[ 2018-08-11T02:49:20+08:00 ] 119.133.159.138 /index.php/index/index.html
INFO: [ app_begin ] --START--
INFO: Run Behavior\ReadHtmlCache [ RunTime:0.000614s ]
INFO: [ app_begin ] --END-- [ RunTime:0.001088s ]
NOTIC: [8192] mysql_connect(): The mysql extension is deprecated and will be removed in the future: use mysqli or PDO instead /www/qiye/jiujiu/ThinkPHP/Library/Think/Db/Driver/Mysql.class.php 第 52 行.
SQL: SHOW COLUMNS FROM `gd_user` [ RunTime:0.000686s ]
SQL: SELECT * FROM `gd_user` WHERE ( id=144 ) LIMIT 1   [ RunTime:0.000083s ]
SQL: SHOW COLUMNS FROM `gd_config` [ RunTime:0.000843s ]
SQL: SELECT * FROM `gd_config` WHERE ( id=1 ) LIMIT 1   [ RunTime:0.000110s ]
SQL: SHOW COLUMNS FROM `gd_czewm` [ RunTime:0.000588s ]
SQL: SELECT * FROM `gd_czewm`  [ RunTime:0.000059s ]
SQL: SELECT * FROM `gd_config` LIMIT 1   [ RunTime:0.000077s ]
SQL: SHOW COLUMNS FROM `gd_task` [ RunTime:0.000552s ]
SQL: SELECT * FROM `gd_task`  [ RunTime:0.000067s ]
INFO: [ view_parse ] --START--
INFO: [ template_filter ] --START--
INFO: Run Behavior\ContentReplace [ RunTime:0.000065s ]
INFO: [ template_filter ] --END-- [ RunTime:0.000126s ]
NOTIC: [8] Undefined index: money /www/qiye/jiujiu/App/Runtime/Cache/Home/00e52909bed743ea261af4b6823297ff.php 第 86 行.
NOTIC: [8] Undefined index: username /www/qiye/jiujiu/App/Runtime/Cache/Home/00e52909bed743ea261af4b6823297ff.php 第 87 行.
NOTIC: [8] Undefined variable: ty /www/qiye/jiujiu/App/Runtime/Cache/Home/00e52909bed743ea261af4b6823297ff.php 第 159 行.
INFO: Run Behavior\ParseTemplate [ RunTime:0.012845s ]
INFO: [ view_parse ] --END-- [ RunTime:0.012922s ]
INFO: [ view_filter ] --START--
INFO: Run Behavior\WriteHtmlCache [ RunTime:0.000242s ]
INFO: [ view_filter ] --END-- [ RunTime:0.000292s ]
INFO: [ app_end ] --START--
INFO: Run Behavior\ShowPageTrace [ RunTime:0.000526s ]
INFO: [ app_end ] --END-- [ RunTime:0.000594s ]

[ 2018-08-11T03:36:09+08:00 ] 101.199.110.109 /index.php/login/login.html
INFO: [ app_begin ] --START--
INFO: Run Behavior\ReadHtmlCache [ RunTime:0.000643s ]
INFO: [ app_begin ] --END-- [ RunTime:0.001122s ]
NOTIC: [8192] mysql_connect(): The mysql extension is deprecated and will be removed in the future: use mysqli or PDO instead /www/qiye/jiujiu/ThinkPHP/Library/Think/Db/Driver/Mysql.class.php 第 52 行.
SQL: SHOW COLUMNS FROM `gd_config` [ RunTime:0.001077s ]
SQL: SELECT * FROM `gd_config` WHERE ( id=1 ) LIMIT 1   [ RunTime:0.000110s ]
INFO: [ view_parse ] --START--
INFO: [ template_filter ] --START--
INFO: Run Behavior\ContentReplace [ RunTime:0.000042s ]
INFO: [ template_filter ] --END-- [ RunTime:0.000111s ]
INFO: Run Behavior\ParseTemplate [ RunTime:0.007534s ]
INFO: [ view_parse ] --END-- [ RunTime:0.007621s ]
INFO: [ view_filter ] --START--
INFO: Run Behavior\WriteHtmlCache [ RunTime:0.000286s ]
INFO: [ view_filter ] --END-- [ RunTime:0.000348s ]
INFO: [ app_end ] --START--
INFO: Run Behavior\ShowPageTrace [ RunTime:0.000620s ]
INFO: [ app_end ] --END-- [ RunTime:0.000687s ]

[ 2018-08-11T04:10:30+08:00 ] 106.114.63.120 /
INFO: [ app_begin ] --START--
INFO: Run Behavior\ReadHtmlCache [ RunTime:0.000677s ]
INFO: [ app_begin ] --END-- [ RunTime:0.001160s ]
NOTIC: [8192] mysql_connect(): The mysql extension is deprecated and will be removed in the future: use mysqli or PDO instead /www/qiye/jiujiu/ThinkPHP/Library/Think/Db/Driver/Mysql.class.php 第 52 行.
SQL: SHOW COLUMNS FROM `gd_user` [ RunTime:0.000739s ]
NOTIC: [8] Undefined index: uid /www/qiye/jiujiu/App/Home/Controller/CommController.class.php 第 18 行.
SQL: SELECT * FROM `gd_user` WHERE ( id= ) LIMIT 1   [ RunTime:0.000088s ]
ERR: 1064:You have an error in your SQL syntax; check the manual that corresponds to your MySQL server version for the right syntax to use near ') LIMIT 1' at line 1
 [ SQL语句 ] : SELECT * FROM `gd_user` WHERE ( id= ) LIMIT 1  
SQL: SHOW COLUMNS FROM `gd_config` [ RunTime:0.000734s ]
SQL: SELECT * FROM `gd_config` WHERE ( id=1 ) LIMIT 1   [ RunTime:0.000089s ]
SQL: SHOW COLUMNS FROM `gd_czewm` [ RunTime:0.000500s ]
SQL: SELECT * FROM `gd_czewm`  [ RunTime:0.000062s ]
SQL: SELECT * FROM `gd_config` LIMIT 1   [ RunTime:0.000067s ]
SQL: SHOW COLUMNS FROM `gd_task` [ RunTime:0.000488s ]
SQL: SELECT * FROM `gd_task`  [ RunTime:0.000064s ]
INFO: [ view_parse ] --START--
INFO: [ template_filter ] --START--
INFO: Run Behavior\ContentReplace [ RunTime:0.000073s ]
INFO: [ template_filter ] --END-- [ RunTime:0.000137s ]
NOTIC: [8] Undefined index: money /www/qiye/jiujiu/App/Runtime/Cache/Home/00e52909bed743ea261af4b6823297ff.php 第 86 行.
NOTIC: [8] Undefined index: username /www/qiye/jiujiu/App/Runtime/Cache/Home/00e52909bed743ea261af4b6823297ff.php 第 87 行.
NOTIC: [8] Undefined variable: ty /www/qiye/jiujiu/App/Runtime/Cache/Home/00e52909bed743ea261af4b6823297ff.php 第 159 行.
INFO: Run Behavior\ParseTemplate [ RunTime:0.013114s ]
INFO: [ view_parse ] --END-- [ RunTime:0.013173s ]
INFO: [ view_filter ] --START--
INFO: Run Behavior\WriteHtmlCache [ RunTime:0.000238s ]
INFO: [ view_filter ] --END-- [ RunTime:0.000293s ]
INFO: [ app_end ] --START--
INFO: Run Behavior\ShowPageTrace [ RunTime:0.000598s ]
INFO: [ app_end ] --END-- [ RunTime:0.000660s ]

[ 2018-08-11T07:05:10+08:00 ] 171.34.218.212 /
INFO: [ app_begin ] --START--
INFO: Run Behavior\ReadHtmlCache [ RunTime:0.000607s ]
INFO: [ app_begin ] --END-- [ RunTime:0.001080s ]
NOTIC: [8192] mysql_connect(): The mysql extension is deprecated and will be removed in the future: use mysqli or PDO instead /www/qiye/jiujiu/ThinkPHP/Library/Think/Db/Driver/Mysql.class.php 第 52 行.
SQL: SHOW COLUMNS FROM `gd_user` [ RunTime:0.000834s ]
NOTIC: [8] Undefined index: uid /www/qiye/jiujiu/App/Home/Controller/CommController.class.php 第 18 行.
SQL: SELECT * FROM `gd_user` WHERE ( id= ) LIMIT 1   [ RunTime:0.000084s ]
ERR: 1064:You have an error in your SQL syntax; check the manual that corresponds to your MySQL server version for the right syntax to use near ') LIMIT 1' at line 1
 [ SQL语句 ] : SELECT * FROM `gd_user` WHERE ( id= ) LIMIT 1  
SQL: SHOW COLUMNS FROM `gd_config` [ RunTime:0.000733s ]
SQL: SELECT * FROM `gd_config` WHERE ( id=1 ) LIMIT 1   [ RunTime:0.000092s ]
SQL: SHOW COLUMNS FROM `gd_czewm` [ RunTime:0.000505s ]
SQL: SELECT * FROM `gd_czewm`  [ RunTime:0.000068s ]
SQL: SELECT * FROM `gd_config` LIMIT 1   [ RunTime:0.000072s ]
SQL: SHOW COLUMNS FROM `gd_task` [ RunTime:0.000493s ]
SQL: SELECT * FROM `gd_task`  [ RunTime:0.000069s ]
INFO: [ view_parse ] --START--
INFO: [ template_filter ] --START--
INFO: Run Behavior\ContentReplace [ RunTime:0.000070s ]
INFO: [ template_filter ] --END-- [ RunTime:0.000131s ]
NOTIC: [8] Undefined index: money /www/qiye/jiujiu/App/Runtime/Cache/Home/00e52909bed743ea261af4b6823297ff.php 第 86 行.
NOTIC: [8] Undefined index: username /www/qiye/jiujiu/App/Runtime/Cache/Home/00e52909bed743ea261af4b6823297ff.php 第 87 行.
NOTIC: [8] Undefined variable: ty /www/qiye/jiujiu/App/Runtime/Cache/Home/00e52909bed743ea261af4b6823297ff.php 第 159 行.
INFO: Run Behavior\ParseTemplate [ RunTime:0.012857s ]
INFO: [ view_parse ] --END-- [ RunTime:0.012913s ]
INFO: [ view_filter ] --START--
INFO: Run Behavior\WriteHtmlCache [ RunTime:0.000222s ]
INFO: [ view_filter ] --END-- [ RunTime:0.000273s ]
INFO: [ app_end ] --START--
INFO: Run Behavior\ShowPageTrace [ RunTime:0.000556s ]
INFO: [ app_end ] --END-- [ RunTime:0.000614s ]

[ 2018-08-11T08:58:14+08:00 ] 195.123.225.114 /
INFO: [ app_begin ] --START--
INFO: Run Behavior\ReadHtmlCache [ RunTime:0.000635s ]
INFO: [ app_begin ] --END-- [ RunTime:0.001119s ]
NOTIC: [8192] mysql_connect(): The mysql extension is deprecated and will be removed in the future: use mysqli or PDO instead /www/qiye/jiujiu/ThinkPHP/Library/Think/Db/Driver/Mysql.class.php 第 52 行.
SQL: SHOW COLUMNS FROM `gd_user` [ RunTime:0.000665s ]
NOTIC: [8] Undefined index: uid /www/qiye/jiujiu/App/Home/Controller/CommController.class.php 第 18 行.
SQL: SELECT * FROM `gd_user` WHERE ( id= ) LIMIT 1   [ RunTime:0.000084s ]
ERR: 1064:You have an error in your SQL syntax; check the manual that corresponds to your MySQL server version for the right syntax to use near ') LIMIT 1' at line 1
 [ SQL语句 ] : SELECT * FROM `gd_user` WHERE ( id= ) LIMIT 1  
SQL: SHOW COLUMNS FROM `gd_config` [ RunTime:0.000770s ]
SQL: SELECT * FROM `gd_config` WHERE ( id=1 ) LIMIT 1   [ RunTime:0.000098s ]
SQL: SHOW COLUMNS FROM `gd_czewm` [ RunTime:0.000545s ]
SQL: SELECT * FROM `gd_czewm`  [ RunTime:0.000069s ]
SQL: SELECT * FROM `gd_config` LIMIT 1   [ RunTime:0.000082s ]
SQL: SHOW COLUMNS FROM `gd_task` [ RunTime:0.000650s ]
SQL: SELECT * FROM `gd_task`  [ RunTime:0.000086s ]
INFO: [ view_parse ] --START--
INFO: [ template_filter ] --START--
INFO: Run Behavior\ContentReplace [ RunTime:0.000079s ]
INFO: [ template_filter ] --END-- [ RunTime:0.000151s ]
NOTIC: [8] Undefined index: money /www/qiye/jiujiu/App/Runtime/Cache/Home/00e52909bed743ea261af4b6823297ff.php 第 86 行.
NOTIC: [8] Undefined index: username /www/qiye/jiujiu/App/Runtime/Cache/Home/00e52909bed743ea261af4b6823297ff.php 第 87 行.
NOTIC: [8] Undefined variable: ty /www/qiye/jiujiu/App/Runtime/Cache/Home/00e52909bed743ea261af4b6823297ff.php 第 159 行.
INFO: Run Behavior\ParseTemplate [ RunTime:0.014183s ]
INFO: [ view_parse ] --END-- [ RunTime:0.014246s ]
INFO: [ view_filter ] --START--
INFO: Run Behavior\WriteHtmlCache [ RunTime:0.000261s ]
INFO: [ view_filter ] --END-- [ RunTime:0.000319s ]
INFO: [ app_end ] --START--
INFO: Run Behavior\ShowPageTrace [ RunTime:0.000622s ]
INFO: [ app_end ] --END-- [ RunTime:0.000689s ]

[ 2018-08-11T12:31:32+08:00 ] 49.89.132.154 /
INFO: [ app_begin ] --START--
INFO: Run Behavior\ReadHtmlCache [ RunTime:0.000607s ]
INFO: [ app_begin ] --END-- [ RunTime:0.001075s ]
NOTIC: [8192] mysql_connect(): The mysql extension is deprecated and will be removed in the future: use mysqli or PDO instead /www/qiye/jiujiu/ThinkPHP/Library/Think/Db/Driver/Mysql.class.php 第 52 行.
SQL: SHOW COLUMNS FROM `gd_user` [ RunTime:0.000834s ]
NOTIC: [8] Undefined index: uid /www/qiye/jiujiu/App/Home/Controller/CommController.class.php 第 18 行.
SQL: SELECT * FROM `gd_user` WHERE ( id= ) LIMIT 1   [ RunTime:0.000145s ]
ERR: 1064:You have an error in your SQL syntax; check the manual that corresponds to your MySQL server version for the right syntax to use near ') LIMIT 1' at line 1
 [ SQL语句 ] : SELECT * FROM `gd_user` WHERE ( id= ) LIMIT 1  
SQL: SHOW COLUMNS FROM `gd_config` [ RunTime:0.000825s ]
SQL: SELECT * FROM `gd_config` WHERE ( id=1 ) LIMIT 1   [ RunTime:0.000101s ]
SQL: SHOW COLUMNS FROM `gd_czewm` [ RunTime:0.000565s ]
SQL: SELECT * FROM `gd_czewm`  [ RunTime:0.000071s ]
SQL: SELECT * FROM `gd_config` LIMIT 1   [ RunTime:0.000097s ]
SQL: SHOW COLUMNS FROM `gd_task` [ RunTime:0.000616s ]
SQL: SELECT * FROM `gd_task`  [ RunTime:0.000089s ]
INFO: [ view_parse ] --START--
INFO: [ template_filter ] --START--
INFO: Run Behavior\ContentReplace [ RunTime:0.000100s ]
INFO: [ template_filter ] --END-- [ RunTime:0.000181s ]
NOTIC: [8] Undefined index: money /www/qiye/jiujiu/App/Runtime/Cache/Home/00e52909bed743ea261af4b6823297ff.php 第 86 行.
NOTIC: [8] Undefined index: username /www/qiye/jiujiu/App/Runtime/Cache/Home/00e52909bed743ea261af4b6823297ff.php 第 87 行.
NOTIC: [8] Undefined variable: ty /www/qiye/jiujiu/App/Runtime/Cache/Home/00e52909bed743ea261af4b6823297ff.php 第 159 行.
INFO: Run Behavior\ParseTemplate [ RunTime:0.015774s ]
INFO: [ view_parse ] --END-- [ RunTime:0.015846s ]
INFO: [ view_filter ] --START--
INFO: Run Behavior\WriteHtmlCache [ RunTime:0.000253s ]
INFO: [ view_filter ] --END-- [ RunTime:0.000310s ]
INFO: [ app_end ] --START--
INFO: Run Behavior\ShowPageTrace [ RunTime:0.000640s ]
INFO: [ app_end ] --END-- [ RunTime:0.000710s ]

[ 2018-08-11T12:31:32+08:00 ] 49.89.132.154 /index.php/login/login.html
INFO: [ app_begin ] --START--
INFO: Run Behavior\ReadHtmlCache [ RunTime:0.000609s ]
INFO: [ app_begin ] --END-- [ RunTime:0.001053s ]
NOTIC: [8192] mysql_connect(): The mysql extension is deprecated and will be removed in the future: use mysqli or PDO instead /www/qiye/jiujiu/ThinkPHP/Library/Think/Db/Driver/Mysql.class.php 第 52 行.
SQL: SHOW COLUMNS FROM `gd_config` [ RunTime:0.000989s ]
SQL: SELECT * FROM `gd_config` WHERE ( id=1 ) LIMIT 1   [ RunTime:0.000115s ]
INFO: [ view_parse ] --START--
INFO: [ template_filter ] --START--
INFO: Run Behavior\ContentReplace [ RunTime:0.000039s ]
INFO: [ template_filter ] --END-- [ RunTime:0.000105s ]
INFO: Run Behavior\ParseTemplate [ RunTime:0.007438s ]
INFO: [ view_parse ] --END-- [ RunTime:0.007510s ]
INFO: [ view_filter ] --START--
INFO: Run Behavior\WriteHtmlCache [ RunTime:0.000237s ]
INFO: [ view_filter ] --END-- [ RunTime:0.000310s ]
INFO: [ app_end ] --START--
INFO: Run Behavior\ShowPageTrace [ RunTime:0.000589s ]
INFO: [ app_end ] --END-- [ RunTime:0.000665s ]

[ 2018-08-11T12:40:20+08:00 ] 117.185.117.59 /
INFO: [ app_begin ] --START--
INFO: Run Behavior\ReadHtmlCache [ RunTime:0.000644s ]
INFO: [ app_begin ] --END-- [ RunTime:0.001100s ]
NOTIC: [8192] mysql_connect(): The mysql extension is deprecated and will be removed in the future: use mysqli or PDO instead /www/qiye/jiujiu/ThinkPHP/Library/Think/Db/Driver/Mysql.class.php 第 52 行.
SQL: SHOW COLUMNS FROM `gd_user` [ RunTime:0.000739s ]
NOTIC: [8] Undefined index: uid /www/qiye/jiujiu/App/Home/Controller/CommController.class.php 第 18 行.
SQL: SELECT * FROM `gd_user` WHERE ( id= ) LIMIT 1   [ RunTime:0.000094s ]
ERR: 1064:You have an error in your SQL syntax; check the manual that corresponds to your MySQL server version for the right syntax to use near ') LIMIT 1' at line 1
 [ SQL语句 ] : SELECT * FROM `gd_user` WHERE ( id= ) LIMIT 1  
SQL: SHOW COLUMNS FROM `gd_config` [ RunTime:0.000777s ]
SQL: SELECT * FROM `gd_config` WHERE ( id=1 ) LIMIT 1   [ RunTime:0.000102s ]
SQL: SHOW COLUMNS FROM `gd_czewm` [ RunTime:0.000552s ]
SQL: SELECT * FROM `gd_czewm`  [ RunTime:0.000071s ]
SQL: SELECT * FROM `gd_config` LIMIT 1   [ RunTime:0.000080s ]
SQL: SHOW COLUMNS FROM `gd_task` [ RunTime:0.000588s ]
SQL: SELECT * FROM `gd_task`  [ RunTime:0.000080s ]
INFO: [ view_parse ] --START--
INFO: [ template_filter ] --START--
INFO: Run Behavior\ContentReplace [ RunTime:0.000089s ]
INFO: [ template_filter ] --END-- [ RunTime:0.000168s ]
NOTIC: [8] Undefined index: money /www/qiye/jiujiu/App/Runtime/Cache/Home/00e52909bed743ea261af4b6823297ff.php 第 86 行.
NOTIC: [8] Undefined index: username /www/qiye/jiujiu/App/Runtime/Cache/Home/00e52909bed743ea261af4b6823297ff.php 第 87 行.
NOTIC: [8] Undefined variable: ty /www/qiye/jiujiu/App/Runtime/Cache/Home/00e52909bed743ea261af4b6823297ff.php 第 159 行.
INFO: Run Behavior\ParseTemplate [ RunTime:0.015346s ]
INFO: [ view_parse ] --END-- [ RunTime:0.015415s ]
INFO: [ view_filter ] --START--
INFO: Run Behavior\WriteHtmlCache [ RunTime:0.000254s ]
INFO: [ view_filter ] --END-- [ RunTime:0.000313s ]
INFO: [ app_end ] --START--
INFO: Run Behavior\ShowPageTrace [ RunTime:0.000644s ]
INFO: [ app_end ] --END-- [ RunTime:0.000713s ]

[ 2018-08-11T12:40:21+08:00 ] 117.185.117.59 /index.php/news/index.html
INFO: [ app_begin ] --START--
INFO: Run Behavior\ReadHtmlCache [ RunTime:0.000634s ]
INFO: [ app_begin ] --END-- [ RunTime:0.001124s ]
NOTIC: [8192] mysql_connect(): The mysql extension is deprecated and will be removed in the future: use mysqli or PDO instead /www/qiye/jiujiu/ThinkPHP/Library/Think/Db/Driver/Mysql.class.php 第 52 行.
SQL: SHOW COLUMNS FROM `gd_user` [ RunTime:0.000754s ]
NOTIC: [8] Undefined index: uid /www/qiye/jiujiu/App/Home/Controller/CommController.class.php 第 18 行.
SQL: SELECT * FROM `gd_user` WHERE ( id= ) LIMIT 1   [ RunTime:0.000091s ]
ERR: 1064:You have an error in your SQL syntax; check the manual that corresponds to your MySQL server version for the right syntax to use near ') LIMIT 1' at line 1
 [ SQL语句 ] : SELECT * FROM `gd_user` WHERE ( id= ) LIMIT 1  
SQL: SHOW COLUMNS FROM `gd_config` [ RunTime:0.000832s ]
SQL: SELECT * FROM `gd_config` WHERE ( id=1 ) LIMIT 1   [ RunTime:0.000101s ]
SQL: SHOW COLUMNS FROM `gd_news` [ RunTime:0.000588s ]
SQL: SELECT COUNT(*) AS tp_count FROM `gd_news` LIMIT 1   [ RunTime:0.000083s ]
SQL: SELECT * FROM `gd_news` ORDER BY sort desc,addtime desc LIMIT 0,20   [ RunTime:0.000089s ]
INFO: [ view_parse ] --START--
INFO: [ template_filter ] --START--
INFO: Run Behavior\ContentReplace [ RunTime:0.000056s ]
INFO: [ template_filter ] --END-- [ RunTime:0.000130s ]
INFO: Run Behavior\ParseTemplate [ RunTime:0.009536s ]
INFO: [ view_parse ] --END-- [ RunTime:0.009633s ]
INFO: [ view_filter ] --START--
INFO: Run Behavior\WriteHtmlCache [ RunTime:0.000266s ]
INFO: [ view_filter ] --END-- [ RunTime:0.000328s ]
INFO: [ app_end ] --START--
INFO: Run Behavior\ShowPageTrace [ RunTime:0.000686s ]
INFO: [ app_end ] --END-- [ RunTime:0.000758s ]

[ 2018-08-11T13:36:12+08:00 ] 5.9.156.30 /
INFO: [ app_begin ] --START--
INFO: Run Behavior\ReadHtmlCache [ RunTime:0.000563s ]
INFO: [ app_begin ] --END-- [ RunTime:0.001012s ]
NOTIC: [8192] mysql_connect(): The mysql extension is deprecated and will be removed in the future: use mysqli or PDO instead /www/qiye/jiujiu/ThinkPHP/Library/Think/Db/Driver/Mysql.class.php 第 52 行.
SQL: SHOW COLUMNS FROM `gd_user` [ RunTime:0.000910s ]
NOTIC: [8] Undefined index: uid /www/qiye/jiujiu/App/Home/Controller/CommController.class.php 第 18 行.
SQL: SELECT * FROM `gd_user` WHERE ( id= ) LIMIT 1   [ RunTime:0.000091s ]
ERR: 1064:You have an error in your SQL syntax; check the manual that corresponds to your MySQL server version for the right syntax to use near ') LIMIT 1' at line 1
 [ SQL语句 ] : SELECT * FROM `gd_user` WHERE ( id= ) LIMIT 1  
SQL: SHOW COLUMNS FROM `gd_config` [ RunTime:0.000984s ]
SQL: SELECT * FROM `gd_config` WHERE ( id=1 ) LIMIT 1   [ RunTime:0.000097s ]
SQL: SHOW COLUMNS FROM `gd_czewm` [ RunTime:0.000628s ]
SQL: SELECT * FROM `gd_czewm`  [ RunTime:0.000063s ]
SQL: SELECT * FROM `gd_config` LIMIT 1   [ RunTime:0.000070s ]
SQL: SHOW COLUMNS FROM `gd_task` [ RunTime:0.000636s ]
SQL: SELECT * FROM `gd_task`  [ RunTime:0.000066s ]
INFO: [ view_parse ] --START--
INFO: [ template_filter ] --START--
INFO: Run Behavior\ContentReplace [ RunTime:0.000080s ]
INFO: [ template_filter ] --END-- [ RunTime:0.000152s ]
NOTIC: [8] Undefined index: money /www/qiye/jiujiu/App/Runtime/Cache/Home/00e52909bed743ea261af4b6823297ff.php 第 86 行.
NOTIC: [8] Undefined index: username /www/qiye/jiujiu/App/Runtime/Cache/Home/00e52909bed743ea261af4b6823297ff.php 第 87 行.
NOTIC: [8] Undefined variable: ty /www/qiye/jiujiu/App/Runtime/Cache/Home/00e52909bed743ea261af4b6823297ff.php 第 159 行.
INFO: Run Behavior\ParseTemplate [ RunTime:0.012986s ]
INFO: [ view_parse ] --END-- [ RunTime:0.013058s ]
INFO: [ view_filter ] --START--
INFO: Run Behavior\WriteHtmlCache [ RunTime:0.000225s ]
INFO: [ view_filter ] --END-- [ RunTime:0.000275s ]
INFO: [ app_end ] --START--
INFO: Run Behavior\ShowPageTrace [ RunTime:0.000525s ]
INFO: [ app_end ] --END-- [ RunTime:0.000583s ]

[ 2018-08-11T13:56:05+08:00 ] 182.101.48.44 /
INFO: [ app_begin ] --START--
INFO: Run Behavior\ReadHtmlCache [ RunTime:0.000608s ]
INFO: [ app_begin ] --END-- [ RunTime:0.001067s ]
NOTIC: [8192] mysql_connect(): The mysql extension is deprecated and will be removed in the future: use mysqli or PDO instead /www/qiye/jiujiu/ThinkPHP/Library/Think/Db/Driver/Mysql.class.php 第 52 行.
SQL: SHOW COLUMNS FROM `gd_user` [ RunTime:0.000753s ]
NOTIC: [8] Undefined index: uid /www/qiye/jiujiu/App/Home/Controller/CommController.class.php 第 18 行.
SQL: SELECT * FROM `gd_user` WHERE ( id= ) LIMIT 1   [ RunTime:0.000096s ]
ERR: 1064:You have an error in your SQL syntax; check the manual that corresponds to your MySQL server version for the right syntax to use near ') LIMIT 1' at line 1
 [ SQL语句 ] : SELECT * FROM `gd_user` WHERE ( id= ) LIMIT 1  
SQL: SHOW COLUMNS FROM `gd_config` [ RunTime:0.000784s ]
SQL: SELECT * FROM `gd_config` WHERE ( id=1 ) LIMIT 1   [ RunTime:0.000108s ]
SQL: SHOW COLUMNS FROM `gd_czewm` [ RunTime:0.000602s ]
SQL: SELECT * FROM `gd_czewm`  [ RunTime:0.000081s ]
SQL: SELECT * FROM `gd_config` LIMIT 1   [ RunTime:0.000093s ]
SQL: SHOW COLUMNS FROM `gd_task` [ RunTime:0.000588s ]
SQL: SELECT * FROM `gd_task`  [ RunTime:0.000105s ]
INFO: [ view_parse ] --START--
INFO: [ template_filter ] --START--
INFO: Run Behavior\ContentReplace [ RunTime:0.000100s ]
INFO: [ template_filter ] --END-- [ RunTime:0.000186s ]
NOTIC: [8] Undefined index: money /www/qiye/jiujiu/App/Runtime/Cache/Home/00e52909bed743ea261af4b6823297ff.php 第 86 行.
NOTIC: [8] Undefined index: username /www/qiye/jiujiu/App/Runtime/Cache/Home/00e52909bed743ea261af4b6823297ff.php 第 87 行.
NOTIC: [8] Undefined variable: ty /www/qiye/jiujiu/App/Runtime/Cache/Home/00e52909bed743ea261af4b6823297ff.php 第 159 行.
INFO: Run Behavior\ParseTemplate [ RunTime:0.015766s ]
INFO: [ view_parse ] --END-- [ RunTime:0.015841s ]
INFO: [ view_filter ] --START--
INFO: Run Behavior\WriteHtmlCache [ RunTime:0.000279s ]
INFO: [ view_filter ] --END-- [ RunTime:0.000344s ]
INFO: [ app_end ] --START--
INFO: Run Behavior\ShowPageTrace [ RunTime:0.000697s ]
INFO: [ app_end ] --END-- [ RunTime:0.000773s ]

[ 2018-08-11T15:35:08+08:00 ] 163.172.4.153 /
INFO: [ app_begin ] --START--
INFO: Run Behavior\ReadHtmlCache [ RunTime:0.000620s ]
INFO: [ app_begin ] --END-- [ RunTime:0.001094s ]
NOTIC: [8192] mysql_connect(): The mysql extension is deprecated and will be removed in the future: use mysqli or PDO instead /www/qiye/jiujiu/ThinkPHP/Library/Think/Db/Driver/Mysql.class.php 第 52 行.
SQL: SHOW COLUMNS FROM `gd_user` [ RunTime:0.000750s ]
NOTIC: [8] Undefined index: uid /www/qiye/jiujiu/App/Home/Controller/CommController.class.php 第 18 行.
SQL: SELECT * FROM `gd_user` WHERE ( id= ) LIMIT 1   [ RunTime:0.000084s ]
ERR: 1064:You have an error in your SQL syntax; check the manual that corresponds to your MySQL server version for the right syntax to use near ') LIMIT 1' at line 1
 [ SQL语句 ] : SELECT * FROM `gd_user` WHERE ( id= ) LIMIT 1  
SQL: SHOW COLUMNS FROM `gd_config` [ RunTime:0.000840s ]
SQL: SELECT * FROM `gd_config` WHERE ( id=1 ) LIMIT 1   [ RunTime:0.000104s ]
SQL: SHOW COLUMNS FROM `gd_czewm` [ RunTime:0.000548s ]
SQL: SELECT * FROM `gd_czewm`  [ RunTime:0.000072s ]
SQL: SELECT * FROM `gd_config` LIMIT 1   [ RunTime:0.000082s ]
SQL: SHOW COLUMNS FROM `gd_task` [ RunTime:0.000608s ]
SQL: SELECT * FROM `gd_task`  [ RunTime:0.000077s ]
INFO: [ view_parse ] --START--
INFO: [ template_filter ] --START--
INFO: Run Behavior\ContentReplace [ RunTime:0.000091s ]
INFO: [ template_filter ] --END-- [ RunTime:0.000167s ]
NOTIC: [8] Undefined index: money /www/qiye/jiujiu/App/Runtime/Cache/Home/00e52909bed743ea261af4b6823297ff.php 第 86 行.
NOTIC: [8] Undefined index: username /www/qiye/jiujiu/App/Runtime/Cache/Home/00e52909bed743ea261af4b6823297ff.php 第 87 行.
NOTIC: [8] Undefined variable: ty /www/qiye/jiujiu/App/Runtime/Cache/Home/00e52909bed743ea261af4b6823297ff.php 第 159 行.
INFO: Run Behavior\ParseTemplate [ RunTime:0.014322s ]
INFO: [ view_parse ] --END-- [ RunTime:0.014388s ]
INFO: [ view_filter ] --START--
INFO: Run Behavior\WriteHtmlCache [ RunTime:0.000251s ]
INFO: [ view_filter ] --END-- [ RunTime:0.000310s ]
INFO: [ app_end ] --START--
INFO: Run Behavior\ShowPageTrace [ RunTime:0.000621s ]
INFO: [ app_end ] --END-- [ RunTime:0.000691s ]

[ 2018-08-11T16:53:53+08:00 ] 220.181.108.102 /
INFO: [ app_begin ] --START--
INFO: Run Behavior\ReadHtmlCache [ RunTime:0.000576s ]
INFO: [ app_begin ] --END-- [ RunTime:0.001000s ]
NOTIC: [8192] mysql_connect(): The mysql extension is deprecated and will be removed in the future: use mysqli or PDO instead /www/qiye/jiujiu/ThinkPHP/Library/Think/Db/Driver/Mysql.class.php 第 52 行.
SQL: SHOW COLUMNS FROM `gd_user` [ RunTime:0.000706s ]
NOTIC: [8] Undefined index: uid /www/qiye/jiujiu/App/Home/Controller/CommController.class.php 第 18 行.
SQL: SELECT * FROM `gd_user` WHERE ( id= ) LIMIT 1   [ RunTime:0.000088s ]
ERR: 1064:You have an error in your SQL syntax; check the manual that corresponds to your MySQL server version for the right syntax to use near ') LIMIT 1' at line 1
 [ SQL语句 ] : SELECT * FROM `gd_user` WHERE ( id= ) LIMIT 1  
SQL: SHOW COLUMNS FROM `gd_config` [ RunTime:0.000779s ]
SQL: SELECT * FROM `gd_config` WHERE ( id=1 ) LIMIT 1   [ RunTime:0.000095s ]
SQL: SHOW COLUMNS FROM `gd_czewm` [ RunTime:0.000541s ]
SQL: SELECT * FROM `gd_czewm`  [ RunTime:0.000067s ]
SQL: SELECT * FROM `gd_config` LIMIT 1   [ RunTime:0.000083s ]
SQL: SHOW COLUMNS FROM `gd_task` [ RunTime:0.000590s ]
SQL: SELECT * FROM `gd_task`  [ RunTime:0.000082s ]
INFO: [ view_parse ] --START--
INFO: [ template_filter ] --START--
INFO: Run Behavior\ContentReplace [ RunTime:0.000093s ]
INFO: [ template_filter ] --END-- [ RunTime:0.000169s ]
NOTIC: [8] Undefined index: money /www/qiye/jiujiu/App/Runtime/Cache/Home/00e52909bed743ea261af4b6823297ff.php 第 86 行.
NOTIC: [8] Undefined index: username /www/qiye/jiujiu/App/Runtime/Cache/Home/00e52909bed743ea261af4b6823297ff.php 第 87 行.
NOTIC: [8] Undefined variable: ty /www/qiye/jiujiu/App/Runtime/Cache/Home/00e52909bed743ea261af4b6823297ff.php 第 159 行.
INFO: Run Behavior\ParseTemplate [ RunTime:0.014795s ]
INFO: [ view_parse ] --END-- [ RunTime:0.014863s ]
INFO: [ view_filter ] --START--
INFO: Run Behavior\WriteHtmlCache [ RunTime:0.000254s ]
INFO: [ view_filter ] --END-- [ RunTime:0.000312s ]
INFO: [ app_end ] --START--
INFO: Run Behavior\ShowPageTrace [ RunTime:0.000641s ]
INFO: [ app_end ] --END-- [ RunTime:0.000711s ]

[ 2018-08-11T16:53:53+08:00 ] 220.181.108.115 /index.php/login/login.html
INFO: [ app_begin ] --START--
INFO: Run Behavior\ReadHtmlCache [ RunTime:0.000636s ]
INFO: [ app_begin ] --END-- [ RunTime:0.001103s ]
NOTIC: [8192] mysql_connect(): The mysql extension is deprecated and will be removed in the future: use mysqli or PDO instead /www/qiye/jiujiu/ThinkPHP/Library/Think/Db/Driver/Mysql.class.php 第 52 行.
SQL: SHOW COLUMNS FROM `gd_config` [ RunTime:0.000967s ]
SQL: SELECT * FROM `gd_config` WHERE ( id=1 ) LIMIT 1   [ RunTime:0.000120s ]
INFO: [ view_parse ] --START--
INFO: [ template_filter ] --START--
INFO: Run Behavior\ContentReplace [ RunTime:0.000051s ]
INFO: [ template_filter ] --END-- [ RunTime:0.000129s ]
INFO: Run Behavior\ParseTemplate [ RunTime:0.008335s ]
INFO: [ view_parse ] --END-- [ RunTime:0.008415s ]
INFO: [ view_filter ] --START--
INFO: Run Behavior\WriteHtmlCache [ RunTime:0.000253s ]
INFO: [ view_filter ] --END-- [ RunTime:0.000327s ]
INFO: [ app_end ] --START--
INFO: Run Behavior\ShowPageTrace [ RunTime:0.000646s ]
INFO: [ app_end ] --END-- [ RunTime:0.000719s ]

[ 2018-08-11T17:48:59+08:00 ] 111.206.36.141 /
INFO: [ app_begin ] --START--
INFO: Run Behavior\ReadHtmlCache [ RunTime:0.000612s ]
INFO: [ app_begin ] --END-- [ RunTime:0.001086s ]
NOTIC: [8192] mysql_connect(): The mysql extension is deprecated and will be removed in the future: use mysqli or PDO instead /www/qiye/jiujiu/ThinkPHP/Library/Think/Db/Driver/Mysql.class.php 第 52 行.
SQL: SHOW COLUMNS FROM `gd_user` [ RunTime:0.000660s ]
NOTIC: [8] Undefined index: uid /www/qiye/jiujiu/App/Home/Controller/CommController.class.php 第 18 行.
SQL: SELECT * FROM `gd_user` WHERE ( id= ) LIMIT 1   [ RunTime:0.000078s ]
ERR: 1064:You have an error in your SQL syntax; check the manual that corresponds to your MySQL server version for the right syntax to use near ') LIMIT 1' at line 1
 [ SQL语句 ] : SELECT * FROM `gd_user` WHERE ( id= ) LIMIT 1  
SQL: SHOW COLUMNS FROM `gd_config` [ RunTime:0.000716s ]
SQL: SELECT * FROM `gd_config` WHERE ( id=1 ) LIMIT 1   [ RunTime:0.000088s ]
SQL: SHOW COLUMNS FROM `gd_czewm` [ RunTime:0.000487s ]
SQL: SELECT * FROM `gd_czewm`  [ RunTime:0.000066s ]
SQL: SELECT * FROM `gd_config` LIMIT 1   [ RunTime:0.000076s ]
SQL: SHOW COLUMNS FROM `gd_task` [ RunTime:0.000534s ]
SQL: SELECT * FROM `gd_task`  [ RunTime:0.000073s ]
INFO: [ view_parse ] --START--
INFO: [ template_filter ] --START--
INFO: Run Behavior\ContentReplace [ RunTime:0.000080s ]
INFO: [ template_filter ] --END-- [ RunTime:0.000145s ]
NOTIC: [8] Undefined index: money /www/qiye/jiujiu/App/Runtime/Cache/Home/00e52909bed743ea261af4b6823297ff.php 第 86 行.
NOTIC: [8] Undefined index: username /www/qiye/jiujiu/App/Runtime/Cache/Home/00e52909bed743ea261af4b6823297ff.php 第 87 行.
NOTIC: [8] Undefined variable: ty /www/qiye/jiujiu/App/Runtime/Cache/Home/00e52909bed743ea261af4b6823297ff.php 第 159 行.
INFO: Run Behavior\ParseTemplate [ RunTime:0.013773s ]
INFO: [ view_parse ] --END-- [ RunTime:0.013835s ]
INFO: [ view_filter ] --START--
INFO: Run Behavior\WriteHtmlCache [ RunTime:0.000238s ]
INFO: [ view_filter ] --END-- [ RunTime:0.000293s ]
INFO: [ app_end ] --START--
INFO: Run Behavior\ShowPageTrace [ RunTime:0.000566s ]
INFO: [ app_end ] --END-- [ RunTime:0.000639s ]

[ 2018-08-11T18:12:06+08:00 ] 106.11.159.174 /
INFO: [ app_begin ] --START--
INFO: Run Behavior\ReadHtmlCache [ RunTime:0.000622s ]
INFO: [ app_begin ] --END-- [ RunTime:0.001079s ]
NOTIC: [8192] mysql_connect(): The mysql extension is deprecated and will be removed in the future: use mysqli or PDO instead /www/qiye/jiujiu/ThinkPHP/Library/Think/Db/Driver/Mysql.class.php 第 52 行.
SQL: SHOW COLUMNS FROM `gd_user` [ RunTime:0.000767s ]
NOTIC: [8] Undefined index: uid /www/qiye/jiujiu/App/Home/Controller/CommController.class.php 第 18 行.
SQL: SELECT * FROM `gd_user` WHERE ( id= ) LIMIT 1   [ RunTime:0.000098s ]
ERR: 1064:You have an error in your SQL syntax; check the manual that corresponds to your MySQL server version for the right syntax to use near ') LIMIT 1' at line 1
 [ SQL语句 ] : SELECT * FROM `gd_user` WHERE ( id= ) LIMIT 1  
SQL: SHOW COLUMNS FROM `gd_config` [ RunTime:0.000822s ]
SQL: SELECT * FROM `gd_config` WHERE ( id=1 ) LIMIT 1   [ RunTime:0.000115s ]
SQL: SHOW COLUMNS FROM `gd_czewm` [ RunTime:0.000724s ]
SQL: SELECT * FROM `gd_czewm`  [ RunTime:0.000079s ]
SQL: SELECT * FROM `gd_config` LIMIT 1   [ RunTime:0.000093s ]
SQL: SHOW COLUMNS FROM `gd_task` [ RunTime:0.000660s ]
SQL: SELECT * FROM `gd_task`  [ RunTime:0.000086s ]
INFO: [ view_parse ] --START--
INFO: [ template_filter ] --START--
INFO: Run Behavior\ContentReplace [ RunTime:0.000090s ]
INFO: [ template_filter ] --END-- [ RunTime:0.000171s ]
NOTIC: [8] Undefined index: money /www/qiye/jiujiu/App/Runtime/Cache/Home/00e52909bed743ea261af4b6823297ff.php 第 86 行.
NOTIC: [8] Undefined index: username /www/qiye/jiujiu/App/Runtime/Cache/Home/00e52909bed743ea261af4b6823297ff.php 第 87 行.
NOTIC: [8] Undefined variable: ty /www/qiye/jiujiu/App/Runtime/Cache/Home/00e52909bed743ea261af4b6823297ff.php 第 159 行.
INFO: Run Behavior\ParseTemplate [ RunTime:0.015603s ]
INFO: [ view_parse ] --END-- [ RunTime:0.015674s ]
INFO: [ view_filter ] --START--
INFO: Run Behavior\WriteHtmlCache [ RunTime:0.000268s ]
INFO: [ view_filter ] --END-- [ RunTime:0.000330s ]
INFO: [ app_end ] --START--
INFO: Run Behavior\ShowPageTrace [ RunTime:0.000650s ]
INFO: [ app_end ] --END-- [ RunTime:0.000726s ]

[ 2018-08-11T19:56:19+08:00 ] 220.181.132.200 /
INFO: [ app_begin ] --START--
INFO: Run Behavior\ReadHtmlCache [ RunTime:0.000622s ]
INFO: [ app_begin ] --END-- [ RunTime:0.001092s ]
NOTIC: [8192] mysql_connect(): The mysql extension is deprecated and will be removed in the future: use mysqli or PDO instead /www/qiye/jiujiu/ThinkPHP/Library/Think/Db/Driver/Mysql.class.php 第 52 行.
SQL: SHOW COLUMNS FROM `gd_user` [ RunTime:0.000785s ]
NOTIC: [8] Undefined index: uid /www/qiye/jiujiu/App/Home/Controller/CommController.class.php 第 18 行.
SQL: SELECT * FROM `gd_user` WHERE ( id= ) LIMIT 1   [ RunTime:0.000086s ]
ERR: 1064:You have an error in your SQL syntax; check the manual that corresponds to your MySQL server version for the right syntax to use near ') LIMIT 1' at line 1
 [ SQL语句 ] : SELECT * FROM `gd_user` WHERE ( id= ) LIMIT 1  
SQL: SHOW COLUMNS FROM `gd_config` [ RunTime:0.000781s ]
SQL: SELECT * FROM `gd_config` WHERE ( id=1 ) LIMIT 1   [ RunTime:0.000100s ]
SQL: SHOW COLUMNS FROM `gd_czewm` [ RunTime:0.000535s ]
SQL: SELECT * FROM `gd_czewm`  [ RunTime:0.000070s ]
SQL: SELECT * FROM `gd_config` LIMIT 1   [ RunTime:0.000082s ]
SQL: SHOW COLUMNS FROM `gd_task` [ RunTime:0.000601s ]
SQL: SELECT * FROM `gd_task`  [ RunTime:0.000079s ]
INFO: [ view_parse ] --START--
INFO: [ template_filter ] --START--
INFO: Run Behavior\ContentReplace [ RunTime:0.000077s ]
INFO: [ template_filter ] --END-- [ RunTime:0.000148s ]
NOTIC: [8] Undefined index: money /www/qiye/jiujiu/App/Runtime/Cache/Home/00e52909bed743ea261af4b6823297ff.php 第 86 行.
NOTIC: [8] Undefined index: username /www/qiye/jiujiu/App/Runtime/Cache/Home/00e52909bed743ea261af4b6823297ff.php 第 87 行.
NOTIC: [8] Undefined variable: ty /www/qiye/jiujiu/App/Runtime/Cache/Home/00e52909bed743ea261af4b6823297ff.php 第 159 行.
INFO: Run Behavior\ParseTemplate [ RunTime:0.014151s ]
INFO: [ view_parse ] --END-- [ RunTime:0.014215s ]
INFO: [ view_filter ] --START--
INFO: Run Behavior\WriteHtmlCache [ RunTime:0.000262s ]
INFO: [ view_filter ] --END-- [ RunTime:0.000320s ]
INFO: [ app_end ] --START--
INFO: Run Behavior\ShowPageTrace [ RunTime:0.000597s ]
INFO: [ app_end ] --END-- [ RunTime:0.000663s ]

[ 2018-08-11T19:56:19+08:00 ] 220.181.132.200 /index.php/login/login.html
INFO: [ app_begin ] --START--
INFO: Run Behavior\ReadHtmlCache [ RunTime:0.000537s ]
INFO: [ app_begin ] --END-- [ RunTime:0.000922s ]
NOTIC: [8192] mysql_connect(): The mysql extension is deprecated and will be removed in the future: use mysqli or PDO instead /www/qiye/jiujiu/ThinkPHP/Library/Think/Db/Driver/Mysql.class.php 第 52 行.
SQL: SHOW COLUMNS FROM `gd_config` [ RunTime:0.000959s ]
SQL: SELECT * FROM `gd_config` WHERE ( id=1 ) LIMIT 1   [ RunTime:0.000126s ]
INFO: [ view_parse ] --START--
INFO: [ template_filter ] --START--
INFO: Run Behavior\ContentReplace [ RunTime:0.000065s ]
INFO: [ template_filter ] --END-- [ RunTime:0.000147s ]
INFO: Run Behavior\ParseTemplate [ RunTime:0.008929s ]
INFO: [ view_parse ] --END-- [ RunTime:0.009015s ]
INFO: [ view_filter ] --START--
INFO: Run Behavior\WriteHtmlCache [ RunTime:0.000277s ]
INFO: [ view_filter ] --END-- [ RunTime:0.000344s ]
INFO: [ app_end ] --START--
INFO: Run Behavior\ShowPageTrace [ RunTime:0.000685s ]
INFO: [ app_end ] --END-- [ RunTime:0.000764s ]

[ 2018-08-11T19:56:24+08:00 ] 42.236.10.75 /
INFO: [ app_begin ] --START--
INFO: Run Behavior\ReadHtmlCache [ RunTime:0.000615s ]
INFO: [ app_begin ] --END-- [ RunTime:0.001068s ]
NOTIC: [8192] mysql_connect(): The mysql extension is deprecated and will be removed in the future: use mysqli or PDO instead /www/qiye/jiujiu/ThinkPHP/Library/Think/Db/Driver/Mysql.class.php 第 52 行.
SQL: SHOW COLUMNS FROM `gd_user` [ RunTime:0.000761s ]
NOTIC: [8] Undefined index: uid /www/qiye/jiujiu/App/Home/Controller/CommController.class.php 第 18 行.
SQL: SELECT * FROM `gd_user` WHERE ( id= ) LIMIT 1   [ RunTime:0.000095s ]
ERR: 1064:You have an error in your SQL syntax; check the manual that corresponds to your MySQL server version for the right syntax to use near ') LIMIT 1' at line 1
 [ SQL语句 ] : SELECT * FROM `gd_user` WHERE ( id= ) LIMIT 1  
SQL: SHOW COLUMNS FROM `gd_config` [ RunTime:0.000766s ]
SQL: SELECT * FROM `gd_config` WHERE ( id=1 ) LIMIT 1   [ RunTime:0.000109s ]
SQL: SHOW COLUMNS FROM `gd_czewm` [ RunTime:0.000572s ]
SQL: SELECT * FROM `gd_czewm`  [ RunTime:0.000072s ]
SQL: SELECT * FROM `gd_config` LIMIT 1   [ RunTime:0.000086s ]
SQL: SHOW COLUMNS FROM `gd_task` [ RunTime:0.000570s ]
SQL: SELECT * FROM `gd_task`  [ RunTime:0.000084s ]
INFO: [ view_parse ] --START--
INFO: [ template_filter ] --START--
INFO: Run Behavior\ContentReplace [ RunTime:0.000085s ]
INFO: [ template_filter ] --END-- [ RunTime:0.000162s ]
NOTIC: [8] Undefined index: money /www/qiye/jiujiu/App/Runtime/Cache/Home/00e52909bed743ea261af4b6823297ff.php 第 86 行.
NOTIC: [8] Undefined index: username /www/qiye/jiujiu/App/Runtime/Cache/Home/00e52909bed743ea261af4b6823297ff.php 第 87 行.
NOTIC: [8] Undefined variable: ty /www/qiye/jiujiu/App/Runtime/Cache/Home/00e52909bed743ea261af4b6823297ff.php 第 159 行.
INFO: Run Behavior\ParseTemplate [ RunTime:0.014935s ]
INFO: [ view_parse ] --END-- [ RunTime:0.015007s ]
INFO: [ view_filter ] --START--
INFO: Run Behavior\WriteHtmlCache [ RunTime:0.000280s ]
INFO: [ view_filter ] --END-- [ RunTime:0.000341s ]
INFO: [ app_end ] --START--
INFO: Run Behavior\ShowPageTrace [ RunTime:0.000616s ]
INFO: [ app_end ] --END-- [ RunTime:0.000688s ]

[ 2018-08-11T19:56:24+08:00 ] 42.236.10.75 /Public/uploads
INFO: [ app_begin ] --START--
INFO: Run Behavior\ReadHtmlCache [ RunTime:0.000651s ]
INFO: [ app_begin ] --END-- [ RunTime:0.001127s ]
NOTIC: [8192] mysql_connect(): The mysql extension is deprecated and will be removed in the future: use mysqli or PDO instead /www/qiye/jiujiu/ThinkPHP/Library/Think/Db/Driver/Mysql.class.php 第 52 行.
SQL: SHOW COLUMNS FROM `gd_user` [ RunTime:0.000744s ]
NOTIC: [8] Undefined index: uid /www/qiye/jiujiu/App/Home/Controller/CommController.class.php 第 18 行.
SQL: SELECT * FROM `gd_user` WHERE ( id= ) LIMIT 1   [ RunTime:0.000094s ]
ERR: 1064:You have an error in your SQL syntax; check the manual that corresponds to your MySQL server version for the right syntax to use near ') LIMIT 1' at line 1
 [ SQL语句 ] : SELECT * FROM `gd_user` WHERE ( id= ) LIMIT 1  
SQL: SHOW COLUMNS FROM `gd_config` [ RunTime:0.000840s ]
SQL: SELECT * FROM `gd_config` WHERE ( id=1 ) LIMIT 1   [ RunTime:0.000105s ]

[ 2018-08-11T19:56:25+08:00 ] 42.236.10.75 /index.php/index/index.html
INFO: [ app_begin ] --START--
INFO: Run Behavior\ReadHtmlCache [ RunTime:0.000567s ]
INFO: [ app_begin ] --END-- [ RunTime:0.001005s ]
NOTIC: [8192] mysql_connect(): The mysql extension is deprecated and will be removed in the future: use mysqli or PDO instead /www/qiye/jiujiu/ThinkPHP/Library/Think/Db/Driver/Mysql.class.php 第 52 行.
SQL: SHOW COLUMNS FROM `gd_user` [ RunTime:0.000748s ]
NOTIC: [8] Undefined index: uid /www/qiye/jiujiu/App/Home/Controller/CommController.class.php 第 18 行.
SQL: SELECT * FROM `gd_user` WHERE ( id= ) LIMIT 1   [ RunTime:0.000093s ]
ERR: 1064:You have an error in your SQL syntax; check the manual that corresponds to your MySQL server version for the right syntax to use near ') LIMIT 1' at line 1
 [ SQL语句 ] : SELECT * FROM `gd_user` WHERE ( id= ) LIMIT 1  
SQL: SHOW COLUMNS FROM `gd_config` [ RunTime:0.000819s ]
SQL: SELECT * FROM `gd_config` WHERE ( id=1 ) LIMIT 1   [ RunTime:0.000087s ]
SQL: SHOW COLUMNS FROM `gd_czewm` [ RunTime:0.000582s ]
SQL: SELECT * FROM `gd_czewm`  [ RunTime:0.000063s ]
SQL: SELECT * FROM `gd_config` LIMIT 1   [ RunTime:0.000075s ]
SQL: SHOW COLUMNS FROM `gd_task` [ RunTime:0.000594s ]
SQL: SELECT * FROM `gd_task`  [ RunTime:0.000073s ]
INFO: [ view_parse ] --START--
INFO: [ template_filter ] --START--
INFO: Run Behavior\ContentReplace [ RunTime:0.000075s ]
INFO: [ template_filter ] --END-- [ RunTime:0.000139s ]
NOTIC: [8] Undefined index: money /www/qiye/jiujiu/App/Runtime/Cache/Home/00e52909bed743ea261af4b6823297ff.php 第 86 行.
NOTIC: [8] Undefined index: username /www/qiye/jiujiu/App/Runtime/Cache/Home/00e52909bed743ea261af4b6823297ff.php 第 87 行.
NOTIC: [8] Undefined variable: ty /www/qiye/jiujiu/App/Runtime/Cache/Home/00e52909bed743ea261af4b6823297ff.php 第 159 行.
INFO: Run Behavior\ParseTemplate [ RunTime:0.012973s ]
INFO: [ view_parse ] --END-- [ RunTime:0.013028s ]
INFO: [ view_filter ] --START--
INFO: Run Behavior\WriteHtmlCache [ RunTime:0.000247s ]
INFO: [ view_filter ] --END-- [ RunTime:0.000296s ]
INFO: [ app_end ] --START--
INFO: Run Behavior\ShowPageTrace [ RunTime:0.000518s ]
INFO: [ app_end ] --END-- [ RunTime:0.000575s ]

[ 2018-08-11T19:56:28+08:00 ] 180.163.220.126 /
INFO: [ app_begin ] --START--
INFO: Run Behavior\ReadHtmlCache [ RunTime:0.000637s ]
INFO: [ app_begin ] --END-- [ RunTime:0.001128s ]
NOTIC: [8192] mysql_connect(): The mysql extension is deprecated and will be removed in the future: use mysqli or PDO instead /www/qiye/jiujiu/ThinkPHP/Library/Think/Db/Driver/Mysql.class.php 第 52 行.
SQL: SHOW COLUMNS FROM `gd_user` [ RunTime:0.000761s ]
NOTIC: [8] Undefined index: uid /www/qiye/jiujiu/App/Home/Controller/CommController.class.php 第 18 行.
SQL: SELECT * FROM `gd_user` WHERE ( id= ) LIMIT 1   [ RunTime:0.000096s ]
ERR: 1064:You have an error in your SQL syntax; check the manual that corresponds to your MySQL server version for the right syntax to use near ') LIMIT 1' at line 1
 [ SQL语句 ] : SELECT * FROM `gd_user` WHERE ( id= ) LIMIT 1  
SQL: SHOW COLUMNS FROM `gd_config` [ RunTime:0.000775s ]
SQL: SELECT * FROM `gd_config` WHERE ( id=1 ) LIMIT 1   [ RunTime:0.000097s ]
SQL: SHOW COLUMNS FROM `gd_czewm` [ RunTime:0.000544s ]
SQL: SELECT * FROM `gd_czewm`  [ RunTime:0.000065s ]
SQL: SELECT * FROM `gd_config` LIMIT 1   [ RunTime:0.000081s ]
SQL: SHOW COLUMNS FROM `gd_task` [ RunTime:0.000596s ]
SQL: SELECT * FROM `gd_task`  [ RunTime:0.000079s ]
INFO: [ view_parse ] --START--
INFO: [ template_filter ] --START--
INFO: Run Behavior\ContentReplace [ RunTime:0.000087s ]
INFO: [ template_filter ] --END-- [ RunTime:0.000161s ]
NOTIC: [8] Undefined index: money /www/qiye/jiujiu/App/Runtime/Cache/Home/00e52909bed743ea261af4b6823297ff.php 第 86 行.
NOTIC: [8] Undefined index: username /www/qiye/jiujiu/App/Runtime/Cache/Home/00e52909bed743ea261af4b6823297ff.php 第 87 行.
NOTIC: [8] Undefined variable: ty /www/qiye/jiujiu/App/Runtime/Cache/Home/00e52909bed743ea261af4b6823297ff.php 第 159 行.
INFO: Run Behavior\ParseTemplate [ RunTime:0.015012s ]
INFO: [ view_parse ] --END-- [ RunTime:0.015083s ]
INFO: [ view_filter ] --START--
INFO: Run Behavior\WriteHtmlCache [ RunTime:0.000259s ]
INFO: [ view_filter ] --END-- [ RunTime:0.000319s ]
INFO: [ app_end ] --START--
INFO: Run Behavior\ShowPageTrace [ RunTime:0.000646s ]
INFO: [ app_end ] --END-- [ RunTime:0.000717s ]

[ 2018-08-11T19:56:28+08:00 ] 180.163.220.126 /index.php/login/login.html
INFO: [ app_begin ] --START--
INFO: Run Behavior\ReadHtmlCache [ RunTime:0.000623s ]
INFO: [ app_begin ] --END-- [ RunTime:0.001078s ]
NOTIC: [8192] mysql_connect(): The mysql extension is deprecated and will be removed in the future: use mysqli or PDO instead /www/qiye/jiujiu/ThinkPHP/Library/Think/Db/Driver/Mysql.class.php 第 52 行.
SQL: SHOW COLUMNS FROM `gd_config` [ RunTime:0.000927s ]
SQL: SELECT * FROM `gd_config` WHERE ( id=1 ) LIMIT 1   [ RunTime:0.000125s ]
INFO: [ view_parse ] --START--
INFO: [ template_filter ] --START--
INFO: Run Behavior\ContentReplace [ RunTime:0.000051s ]
INFO: [ template_filter ] --END-- [ RunTime:0.000126s ]
INFO: Run Behavior\ParseTemplate [ RunTime:0.008669s ]
INFO: [ view_parse ] --END-- [ RunTime:0.008752s ]
INFO: [ view_filter ] --START--
INFO: Run Behavior\WriteHtmlCache [ RunTime:0.000276s ]
INFO: [ view_filter ] --END-- [ RunTime:0.000343s ]
INFO: [ app_end ] --START--
INFO: Run Behavior\ShowPageTrace [ RunTime:0.000680s ]
INFO: [ app_end ] --END-- [ RunTime:0.000755s ]

[ 2018-08-11T19:56:28+08:00 ] 180.163.220.124 /
INFO: [ app_begin ] --START--
INFO: Run Behavior\ReadHtmlCache [ RunTime:0.000633s ]
INFO: [ app_begin ] --END-- [ RunTime:0.001112s ]
NOTIC: [8192] mysql_connect(): The mysql extension is deprecated and will be removed in the future: use mysqli or PDO instead /www/qiye/jiujiu/ThinkPHP/Library/Think/Db/Driver/Mysql.class.php 第 52 行.
SQL: SHOW COLUMNS FROM `gd_user` [ RunTime:0.000726s ]
NOTIC: [8] Undefined index: uid /www/qiye/jiujiu/App/Home/Controller/CommController.class.php 第 18 行.
SQL: SELECT * FROM `gd_user` WHERE ( id= ) LIMIT 1   [ RunTime:0.000091s ]
ERR: 1064:You have an error in your SQL syntax; check the manual that corresponds to your MySQL server version for the right syntax to use near ') LIMIT 1' at line 1
 [ SQL语句 ] : SELECT * FROM `gd_user` WHERE ( id= ) LIMIT 1  
SQL: SHOW COLUMNS FROM `gd_config` [ RunTime:0.000836s ]
SQL: SELECT * FROM `gd_config` WHERE ( id=1 ) LIMIT 1   [ RunTime:0.000099s ]
SQL: SHOW COLUMNS FROM `gd_czewm` [ RunTime:0.000568s ]
SQL: SELECT * FROM `gd_czewm`  [ RunTime:0.000092s ]
SQL: SELECT * FROM `gd_config` LIMIT 1   [ RunTime:0.000090s ]
SQL: SHOW COLUMNS FROM `gd_task` [ RunTime:0.000623s ]
SQL: SELECT * FROM `gd_task`  [ RunTime:0.000089s ]
INFO: [ view_parse ] --START--
INFO: [ template_filter ] --START--
INFO: Run Behavior\ContentReplace [ RunTime:0.000087s ]
INFO: [ template_filter ] --END-- [ RunTime:0.000164s ]
NOTIC: [8] Undefined index: money /www/qiye/jiujiu/App/Runtime/Cache/Home/00e52909bed743ea261af4b6823297ff.php 第 86 行.
NOTIC: [8] Undefined index: username /www/qiye/jiujiu/App/Runtime/Cache/Home/00e52909bed743ea261af4b6823297ff.php 第 87 行.
NOTIC: [8] Undefined variable: ty /www/qiye/jiujiu/App/Runtime/Cache/Home/00e52909bed743ea261af4b6823297ff.php 第 159 行.
INFO: Run Behavior\ParseTemplate [ RunTime:0.014834s ]
INFO: [ view_parse ] --END-- [ RunTime:0.014903s ]
INFO: [ view_filter ] --START--
INFO: Run Behavior\WriteHtmlCache [ RunTime:0.000251s ]
INFO: [ view_filter ] --END-- [ RunTime:0.000309s ]
INFO: [ app_end ] --START--
INFO: Run Behavior\ShowPageTrace [ RunTime:0.000613s ]
INFO: [ app_end ] --END-- [ RunTime:0.000684s ]

[ 2018-08-11T19:56:28+08:00 ] 180.163.220.124 /index.php/login/login.html
INFO: [ app_begin ] --START--
INFO: Run Behavior\ReadHtmlCache [ RunTime:0.000632s ]
INFO: [ app_begin ] --END-- [ RunTime:0.001098s ]
NOTIC: [8192] mysql_connect(): The mysql extension is deprecated and will be removed in the future: use mysqli or PDO instead /www/qiye/jiujiu/ThinkPHP/Library/Think/Db/Driver/Mysql.class.php 第 52 行.
SQL: SHOW COLUMNS FROM `gd_config` [ RunTime:0.000960s ]
SQL: SELECT * FROM `gd_config` WHERE ( id=1 ) LIMIT 1   [ RunTime:0.000118s ]
INFO: [ view_parse ] --START--
INFO: [ template_filter ] --START--
INFO: Run Behavior\ContentReplace [ RunTime:0.000041s ]
INFO: [ template_filter ] --END-- [ RunTime:0.000107s ]
INFO: Run Behavior\ParseTemplate [ RunTime:0.007413s ]
INFO: [ view_parse ] --END-- [ RunTime:0.007482s ]
INFO: [ view_filter ] --START--
INFO: Run Behavior\WriteHtmlCache [ RunTime:0.000256s ]
INFO: [ view_filter ] --END-- [ RunTime:0.000316s ]
INFO: [ app_end ] --START--
INFO: Run Behavior\ShowPageTrace [ RunTime:0.000611s ]
INFO: [ app_end ] --END-- [ RunTime:0.000677s ]

[ 2018-08-11T21:41:33+08:00 ] 106.11.153.130 /
INFO: [ app_begin ] --START--
INFO: Run Behavior\ReadHtmlCache [ RunTime:0.000641s ]
INFO: [ app_begin ] --END-- [ RunTime:0.001111s ]
NOTIC: [8192] mysql_connect(): The mysql extension is deprecated and will be removed in the future: use mysqli or PDO instead /www/qiye/jiujiu/ThinkPHP/Library/Think/Db/Driver/Mysql.class.php 第 52 行.
SQL: SHOW COLUMNS FROM `gd_user` [ RunTime:0.000750s ]
NOTIC: [8] Undefined index: uid /www/qiye/jiujiu/App/Home/Controller/CommController.class.php 第 18 行.
SQL: SELECT * FROM `gd_user` WHERE ( id= ) LIMIT 1   [ RunTime:0.000087s ]
ERR: 1064:You have an error in your SQL syntax; check the manual that corresponds to your MySQL server version for the right syntax to use near ') LIMIT 1' at line 1
 [ SQL语句 ] : SELECT * FROM `gd_user` WHERE ( id= ) LIMIT 1  
SQL: SHOW COLUMNS FROM `gd_config` [ RunTime:0.000768s ]
SQL: SELECT * FROM `gd_config` WHERE ( id=1 ) LIMIT 1   [ RunTime:0.000093s ]
SQL: SHOW COLUMNS FROM `gd_czewm` [ RunTime:0.000534s ]
SQL: SELECT * FROM `gd_czewm`  [ RunTime:0.000061s ]
SQL: SELECT * FROM `gd_config` LIMIT 1   [ RunTime:0.000087s ]
SQL: SHOW COLUMNS FROM `gd_task` [ RunTime:0.000502s ]
SQL: SELECT * FROM `gd_task`  [ RunTime:0.000066s ]
INFO: [ view_parse ] --START--
INFO: [ template_filter ] --START--
INFO: Run Behavior\ContentReplace [ RunTime:0.000075s ]
INFO: [ template_filter ] --END-- [ RunTime:0.000151s ]
NOTIC: [8] Undefined index: money /www/qiye/jiujiu/App/Runtime/Cache/Home/00e52909bed743ea261af4b6823297ff.php 第 86 行.
NOTIC: [8] Undefined index: username /www/qiye/jiujiu/App/Runtime/Cache/Home/00e52909bed743ea261af4b6823297ff.php 第 87 行.
NOTIC: [8] Undefined variable: ty /www/qiye/jiujiu/App/Runtime/Cache/Home/00e52909bed743ea261af4b6823297ff.php 第 159 行.
INFO: Run Behavior\ParseTemplate [ RunTime:0.013744s ]
INFO: [ view_parse ] --END-- [ RunTime:0.013804s ]
INFO: [ view_filter ] --START--
INFO: Run Behavior\WriteHtmlCache [ RunTime:0.000245s ]
INFO: [ view_filter ] --END-- [ RunTime:0.000300s ]
INFO: [ app_end ] --START--
INFO: Run Behavior\ShowPageTrace [ RunTime:0.000557s ]
INFO: [ app_end ] --END-- [ RunTime:0.000619s ]

[ 2018-08-11T23:17:11+08:00 ] 157.55.39.168 /
INFO: [ app_begin ] --START--
INFO: Run Behavior\ReadHtmlCache [ RunTime:0.000639s ]
INFO: [ app_begin ] --END-- [ RunTime:0.001092s ]
NOTIC: [8192] mysql_connect(): The mysql extension is deprecated and will be removed in the future: use mysqli or PDO instead /www/qiye/jiujiu/ThinkPHP/Library/Think/Db/Driver/Mysql.class.php 第 52 行.
SQL: SHOW COLUMNS FROM `gd_user` [ RunTime:0.000864s ]
NOTIC: [8] Undefined index: uid /www/qiye/jiujiu/App/Home/Controller/CommController.class.php 第 18 行.
SQL: SELECT * FROM `gd_user` WHERE ( id= ) LIMIT 1   [ RunTime:0.000092s ]
ERR: 1064:You have an error in your SQL syntax; check the manual that corresponds to your MySQL server version for the right syntax to use near ') LIMIT 1' at line 1
 [ SQL语句 ] : SELECT * FROM `gd_user` WHERE ( id= ) LIMIT 1  
SQL: SHOW COLUMNS FROM `gd_config` [ RunTime:0.000785s ]
SQL: SELECT * FROM `gd_config` WHERE ( id=1 ) LIMIT 1   [ RunTime:0.000097s ]
SQL: SHOW COLUMNS FROM `gd_czewm` [ RunTime:0.000535s ]
SQL: SELECT * FROM `gd_czewm`  [ RunTime:0.000063s ]
SQL: SELECT * FROM `gd_config` LIMIT 1   [ RunTime:0.000076s ]
SQL: SHOW COLUMNS FROM `gd_task` [ RunTime:0.000752s ]
SQL: SELECT * FROM `gd_task`  [ RunTime:0.000070s ]
INFO: [ view_parse ] --START--
INFO: [ template_filter ] --START--
INFO: Run Behavior\ContentReplace [ RunTime:0.000077s ]
INFO: [ template_filter ] --END-- [ RunTime:0.000147s ]
NOTIC: [8] Undefined index: money /www/qiye/jiujiu/App/Runtime/Cache/Home/00e52909bed743ea261af4b6823297ff.php 第 86 行.
NOTIC: [8] Undefined index: username /www/qiye/jiujiu/App/Runtime/Cache/Home/00e52909bed743ea261af4b6823297ff.php 第 87 行.
NOTIC: [8] Undefined variable: ty /www/qiye/jiujiu/App/Runtime/Cache/Home/00e52909bed743ea261af4b6823297ff.php 第 159 行.
INFO: Run Behavior\ParseTemplate [ RunTime:0.013785s ]
INFO: [ view_parse ] --END-- [ RunTime:0.013846s ]
INFO: [ view_filter ] --START--
INFO: Run Behavior\WriteHtmlCache [ RunTime:0.000227s ]
INFO: [ view_filter ] --END-- [ RunTime:0.000278s ]
INFO: [ app_end ] --START--
INFO: Run Behavior\ShowPageTrace [ RunTime:0.000558s ]
INFO: [ app_end ] --END-- [ RunTime:0.000617s ]

