[ 2018-06-21T00:43:22+08:00 ] 106.11.157.163 /
INFO: [ app_begin ] --START--
INFO: Run Behavior\ReadHtmlCache [ RunTime:0.000716s ]
INFO: [ app_begin ] --END-- [ RunTime:0.001234s ]
NOTIC: [8192] mysql_connect(): The mysql extension is deprecated and will be removed in the future: use mysqli or PDO instead /www/qiye/jiujiu/ThinkPHP/Library/Think/Db/Driver/Mysql.class.php 第 52 行.
SQL: SHOW COLUMNS FROM `gd_user` [ RunTime:0.000922s ]
NOTIC: [8] Undefined index: uid /www/qiye/jiujiu/App/Home/Controller/CommController.class.php 第 18 行.
SQL: SELECT * FROM `gd_user` WHERE ( id= ) LIMIT 1   [ RunTime:0.000089s ]
ERR: 1064:You have an error in your SQL syntax; check the manual that corresponds to your MySQL server version for the right syntax to use near ') LIMIT 1' at line 1
 [ SQL语句 ] : SELECT * FROM `gd_user` WHERE ( id= ) LIMIT 1  
SQL: SHOW COLUMNS FROM `gd_config` [ RunTime:0.000914s ]
SQL: SELECT * FROM `gd_config` WHERE ( id=1 ) LIMIT 1   [ RunTime:0.000095s ]
SQL: SHOW COLUMNS FROM `gd_czewm` [ RunTime:0.000689s ]
SQL: SELECT * FROM `gd_czewm`  [ RunTime:0.000066s ]
SQL: SELECT * FROM `gd_config` LIMIT 1   [ RunTime:0.000075s ]
SQL: SHOW COLUMNS FROM `gd_task` [ RunTime:0.000729s ]
SQL: SELECT * FROM `gd_task`  [ RunTime:0.000095s ]
INFO: [ view_parse ] --START--
INFO: [ template_filter ] --START--
INFO: Run Behavior\ContentReplace [ RunTime:0.000077s ]
INFO: [ template_filter ] --END-- [ RunTime:0.000145s ]
NOTIC: [8] Undefined index: money /www/qiye/jiujiu/App/Runtime/Cache/Home/00e52909bed743ea261af4b6823297ff.php 第 86 行.
NOTIC: [8] Undefined index: username /www/qiye/jiujiu/App/Runtime/Cache/Home/00e52909bed743ea261af4b6823297ff.php 第 87 行.
NOTIC: [8] Undefined variable: ty /www/qiye/jiujiu/App/Runtime/Cache/Home/00e52909bed743ea261af4b6823297ff.php 第 159 行.
INFO: Run Behavior\ParseTemplate [ RunTime:0.014457s ]
INFO: [ view_parse ] --END-- [ RunTime:0.014523s ]
INFO: [ view_filter ] --START--
INFO: Run Behavior\WriteHtmlCache [ RunTime:0.000355s ]
INFO: [ view_filter ] --END-- [ RunTime:0.000410s ]
INFO: [ app_end ] --START--
INFO: Run Behavior\ShowPageTrace [ RunTime:0.000657s ]
INFO: [ app_end ] --END-- [ RunTime:0.000721s ]

[ 2018-06-21T04:11:46+08:00 ] 158.69.225.36 /
INFO: [ app_begin ] --START--
INFO: Run Behavior\ReadHtmlCache [ RunTime:0.000740s ]
INFO: [ app_begin ] --END-- [ RunTime:0.001280s ]
NOTIC: [8192] mysql_connect(): The mysql extension is deprecated and will be removed in the future: use mysqli or PDO instead /www/qiye/jiujiu/ThinkPHP/Library/Think/Db/Driver/Mysql.class.php 第 52 行.
SQL: SHOW COLUMNS FROM `gd_user` [ RunTime:0.001037s ]
NOTIC: [8] Undefined index: uid /www/qiye/jiujiu/App/Home/Controller/CommController.class.php 第 18 行.
SQL: SELECT * FROM `gd_user` WHERE ( id= ) LIMIT 1   [ RunTime:0.000088s ]
ERR: 1064:You have an error in your SQL syntax; check the manual that corresponds to your MySQL server version for the right syntax to use near ') LIMIT 1' at line 1
 [ SQL语句 ] : SELECT * FROM `gd_user` WHERE ( id= ) LIMIT 1  
SQL: SHOW COLUMNS FROM `gd_config` [ RunTime:0.000859s ]
SQL: SELECT * FROM `gd_config` WHERE ( id=1 ) LIMIT 1   [ RunTime:0.000093s ]
SQL: SHOW COLUMNS FROM `gd_czewm` [ RunTime:0.000694s ]
SQL: SELECT * FROM `gd_czewm`  [ RunTime:0.000070s ]
SQL: SELECT * FROM `gd_config` LIMIT 1   [ RunTime:0.000072s ]
SQL: SHOW COLUMNS FROM `gd_task` [ RunTime:0.000643s ]
SQL: SELECT * FROM `gd_task`  [ RunTime:0.000073s ]
INFO: [ view_parse ] --START--
INFO: [ template_filter ] --START--
INFO: Run Behavior\ContentReplace [ RunTime:0.000078s ]
INFO: [ template_filter ] --END-- [ RunTime:0.000145s ]
NOTIC: [8] Undefined index: money /www/qiye/jiujiu/App/Runtime/Cache/Home/00e52909bed743ea261af4b6823297ff.php 第 86 行.
NOTIC: [8] Undefined index: username /www/qiye/jiujiu/App/Runtime/Cache/Home/00e52909bed743ea261af4b6823297ff.php 第 87 行.
NOTIC: [8] Undefined variable: ty /www/qiye/jiujiu/App/Runtime/Cache/Home/00e52909bed743ea261af4b6823297ff.php 第 159 行.
INFO: Run Behavior\ParseTemplate [ RunTime:0.014560s ]
INFO: [ view_parse ] --END-- [ RunTime:0.014624s ]
INFO: [ view_filter ] --START--
INFO: Run Behavior\WriteHtmlCache [ RunTime:0.000351s ]
INFO: [ view_filter ] --END-- [ RunTime:0.000406s ]
INFO: [ app_end ] --START--
INFO: Run Behavior\ShowPageTrace [ RunTime:0.000626s ]
INFO: [ app_end ] --END-- [ RunTime:0.000698s ]

[ 2018-06-21T04:11:52+08:00 ] 158.69.225.36 /sitemap.xml
INFO: [ app_begin ] --START--
INFO: Run Behavior\ReadHtmlCache [ RunTime:0.000741s ]
INFO: [ app_begin ] --END-- [ RunTime:0.001268s ]
NOTIC: [8192] mysql_connect(): The mysql extension is deprecated and will be removed in the future: use mysqli or PDO instead /www/qiye/jiujiu/ThinkPHP/Library/Think/Db/Driver/Mysql.class.php 第 52 行.
SQL: SHOW COLUMNS FROM `gd_user` [ RunTime:0.001118s ]
NOTIC: [8] Undefined index: uid /www/qiye/jiujiu/App/Home/Controller/CommController.class.php 第 18 行.
SQL: SELECT * FROM `gd_user` WHERE ( id= ) LIMIT 1   [ RunTime:0.000100s ]
ERR: 1064:You have an error in your SQL syntax; check the manual that corresponds to your MySQL server version for the right syntax to use near ') LIMIT 1' at line 1
 [ SQL语句 ] : SELECT * FROM `gd_user` WHERE ( id= ) LIMIT 1  
SQL: SHOW COLUMNS FROM `gd_config` [ RunTime:0.000942s ]
SQL: SELECT * FROM `gd_config` WHERE ( id=1 ) LIMIT 1   [ RunTime:0.000147s ]

[ 2018-06-21T04:11:52+08:00 ] 158.69.225.36 /
INFO: [ app_begin ] --START--
INFO: Run Behavior\ReadHtmlCache [ RunTime:0.000702s ]
INFO: [ app_begin ] --END-- [ RunTime:0.001224s ]
NOTIC: [8192] mysql_connect(): The mysql extension is deprecated and will be removed in the future: use mysqli or PDO instead /www/qiye/jiujiu/ThinkPHP/Library/Think/Db/Driver/Mysql.class.php 第 52 行.
SQL: SHOW COLUMNS FROM `gd_user` [ RunTime:0.000818s ]
NOTIC: [8] Undefined index: uid /www/qiye/jiujiu/App/Home/Controller/CommController.class.php 第 18 行.
SQL: SELECT * FROM `gd_user` WHERE ( id= ) LIMIT 1   [ RunTime:0.000090s ]
ERR: 1064:You have an error in your SQL syntax; check the manual that corresponds to your MySQL server version for the right syntax to use near ') LIMIT 1' at line 1
 [ SQL语句 ] : SELECT * FROM `gd_user` WHERE ( id= ) LIMIT 1  
SQL: SHOW COLUMNS FROM `gd_config` [ RunTime:0.000906s ]
SQL: SELECT * FROM `gd_config` WHERE ( id=1 ) LIMIT 1   [ RunTime:0.000088s ]
SQL: SHOW COLUMNS FROM `gd_czewm` [ RunTime:0.000726s ]
SQL: SELECT * FROM `gd_czewm`  [ RunTime:0.000065s ]
SQL: SELECT * FROM `gd_config` LIMIT 1   [ RunTime:0.000067s ]
SQL: SHOW COLUMNS FROM `gd_task` [ RunTime:0.000651s ]
SQL: SELECT * FROM `gd_task`  [ RunTime:0.000062s ]
INFO: [ view_parse ] --START--
INFO: [ template_filter ] --START--
INFO: Run Behavior\ContentReplace [ RunTime:0.000067s ]
INFO: [ template_filter ] --END-- [ RunTime:0.000130s ]
NOTIC: [8] Undefined index: money /www/qiye/jiujiu/App/Runtime/Cache/Home/00e52909bed743ea261af4b6823297ff.php 第 86 行.
NOTIC: [8] Undefined index: username /www/qiye/jiujiu/App/Runtime/Cache/Home/00e52909bed743ea261af4b6823297ff.php 第 87 行.
NOTIC: [8] Undefined variable: ty /www/qiye/jiujiu/App/Runtime/Cache/Home/00e52909bed743ea261af4b6823297ff.php 第 159 行.
INFO: Run Behavior\ParseTemplate [ RunTime:0.013806s ]
INFO: [ view_parse ] --END-- [ RunTime:0.013865s ]
INFO: [ view_filter ] --START--
INFO: Run Behavior\WriteHtmlCache [ RunTime:0.000293s ]
INFO: [ view_filter ] --END-- [ RunTime:0.000343s ]
INFO: [ app_end ] --START--
INFO: Run Behavior\ShowPageTrace [ RunTime:0.000612s ]
INFO: [ app_end ] --END-- [ RunTime:0.000669s ]

[ 2018-06-21T04:11:54+08:00 ] 158.69.225.36 /index.php/Login/logout.html
INFO: [ app_begin ] --START--
INFO: Run Behavior\ReadHtmlCache [ RunTime:0.000695s ]
INFO: [ app_begin ] --END-- [ RunTime:0.001212s ]

[ 2018-06-21T04:11:55+08:00 ] 158.69.225.36 /index.php/renwu/chaxun.html?id=9&fun=wx_saoma
INFO: [ app_begin ] --START--
INFO: Run Behavior\ReadHtmlCache [ RunTime:0.000708s ]
INFO: [ app_begin ] --END-- [ RunTime:0.001226s ]
NOTIC: [8192] mysql_connect(): The mysql extension is deprecated and will be removed in the future: use mysqli or PDO instead /www/qiye/jiujiu/ThinkPHP/Library/Think/Db/Driver/Mysql.class.php 第 52 行.
SQL: SHOW COLUMNS FROM `gd_user` [ RunTime:0.000788s ]
NOTIC: [8] Undefined index: uid /www/qiye/jiujiu/App/Home/Controller/CommController.class.php 第 18 行.
SQL: SELECT * FROM `gd_user` WHERE ( id= ) LIMIT 1   [ RunTime:0.000079s ]
ERR: 1064:You have an error in your SQL syntax; check the manual that corresponds to your MySQL server version for the right syntax to use near ') LIMIT 1' at line 1
 [ SQL语句 ] : SELECT * FROM `gd_user` WHERE ( id= ) LIMIT 1  
SQL: SHOW COLUMNS FROM `gd_config` [ RunTime:0.000866s ]
SQL: SELECT * FROM `gd_config` WHERE ( id=1 ) LIMIT 1   [ RunTime:0.000084s ]
SQL: SHOW COLUMNS FROM `gd_task` [ RunTime:0.000682s ]
SQL: SELECT * FROM `gd_task` WHERE ( id=9 ) LIMIT 1   [ RunTime:0.000069s ]

[ 2018-06-21T04:13:12+08:00 ] 158.69.225.36 /index.php/renwu/chaxun.html?id=12&fun=wx_gzhjf
INFO: [ app_begin ] --START--
INFO: Run Behavior\ReadHtmlCache [ RunTime:0.000733s ]
INFO: [ app_begin ] --END-- [ RunTime:0.001269s ]
NOTIC: [8192] mysql_connect(): The mysql extension is deprecated and will be removed in the future: use mysqli or PDO instead /www/qiye/jiujiu/ThinkPHP/Library/Think/Db/Driver/Mysql.class.php 第 52 行.
SQL: SHOW COLUMNS FROM `gd_user` [ RunTime:0.001175s ]
NOTIC: [8] Undefined index: uid /www/qiye/jiujiu/App/Home/Controller/CommController.class.php 第 18 行.
SQL: SELECT * FROM `gd_user` WHERE ( id= ) LIMIT 1   [ RunTime:0.000101s ]
ERR: 1064:You have an error in your SQL syntax; check the manual that corresponds to your MySQL server version for the right syntax to use near ') LIMIT 1' at line 1
 [ SQL语句 ] : SELECT * FROM `gd_user` WHERE ( id= ) LIMIT 1  
SQL: SHOW COLUMNS FROM `gd_config` [ RunTime:0.000968s ]
SQL: SELECT * FROM `gd_config` WHERE ( id=1 ) LIMIT 1   [ RunTime:0.000105s ]
SQL: SHOW COLUMNS FROM `gd_task` [ RunTime:0.000733s ]
SQL: SELECT * FROM `gd_task` WHERE ( id=12 ) LIMIT 1   [ RunTime:0.000076s ]

[ 2018-06-21T04:13:14+08:00 ] 158.69.225.36 /index.php/renwu/chaxun.html?id=7&fun=wx_pldz
INFO: [ app_begin ] --START--
INFO: Run Behavior\ReadHtmlCache [ RunTime:0.000711s ]
INFO: [ app_begin ] --END-- [ RunTime:0.001213s ]
NOTIC: [8192] mysql_connect(): The mysql extension is deprecated and will be removed in the future: use mysqli or PDO instead /www/qiye/jiujiu/ThinkPHP/Library/Think/Db/Driver/Mysql.class.php 第 52 行.
SQL: SHOW COLUMNS FROM `gd_user` [ RunTime:0.000996s ]
NOTIC: [8] Undefined index: uid /www/qiye/jiujiu/App/Home/Controller/CommController.class.php 第 18 行.
SQL: SELECT * FROM `gd_user` WHERE ( id= ) LIMIT 1   [ RunTime:0.000092s ]
ERR: 1064:You have an error in your SQL syntax; check the manual that corresponds to your MySQL server version for the right syntax to use near ') LIMIT 1' at line 1
 [ SQL语句 ] : SELECT * FROM `gd_user` WHERE ( id= ) LIMIT 1  
SQL: SHOW COLUMNS FROM `gd_config` [ RunTime:0.000838s ]
SQL: SELECT * FROM `gd_config` WHERE ( id=1 ) LIMIT 1   [ RunTime:0.000094s ]
SQL: SHOW COLUMNS FROM `gd_task` [ RunTime:0.000609s ]
SQL: SELECT * FROM `gd_task` WHERE ( id=7 ) LIMIT 1   [ RunTime:0.000074s ]
INFO: [ view_parse ] --START--
INFO: [ template_filter ] --START--
INFO: Run Behavior\ContentReplace [ RunTime:0.000043s ]
INFO: [ template_filter ] --END-- [ RunTime:0.000119s ]
INFO: Run Behavior\ParseTemplate [ RunTime:0.008332s ]
INFO: [ view_parse ] --END-- [ RunTime:0.008414s ]
INFO: [ view_filter ] --START--
INFO: Run Behavior\WriteHtmlCache [ RunTime:0.000405s ]
INFO: [ view_filter ] --END-- [ RunTime:0.000467s ]

[ 2018-06-21T04:13:16+08:00 ] 158.69.225.36 /
INFO: [ app_begin ] --START--
INFO: Run Behavior\ReadHtmlCache [ RunTime:0.000737s ]
INFO: [ app_begin ] --END-- [ RunTime:0.001258s ]
NOTIC: [8192] mysql_connect(): The mysql extension is deprecated and will be removed in the future: use mysqli or PDO instead /www/qiye/jiujiu/ThinkPHP/Library/Think/Db/Driver/Mysql.class.php 第 52 行.
SQL: SHOW COLUMNS FROM `gd_user` [ RunTime:0.000916s ]
NOTIC: [8] Undefined index: uid /www/qiye/jiujiu/App/Home/Controller/CommController.class.php 第 18 行.
SQL: SELECT * FROM `gd_user` WHERE ( id= ) LIMIT 1   [ RunTime:0.000094s ]
ERR: 1064:You have an error in your SQL syntax; check the manual that corresponds to your MySQL server version for the right syntax to use near ') LIMIT 1' at line 1
 [ SQL语句 ] : SELECT * FROM `gd_user` WHERE ( id= ) LIMIT 1  
SQL: SHOW COLUMNS FROM `gd_config` [ RunTime:0.000946s ]
SQL: SELECT * FROM `gd_config` WHERE ( id=1 ) LIMIT 1   [ RunTime:0.000151s ]
SQL: SHOW COLUMNS FROM `gd_czewm` [ RunTime:0.000833s ]
SQL: SELECT * FROM `gd_czewm`  [ RunTime:0.000078s ]
SQL: SELECT * FROM `gd_config` LIMIT 1   [ RunTime:0.000100s ]
SQL: SHOW COLUMNS FROM `gd_task` [ RunTime:0.000788s ]
SQL: SELECT * FROM `gd_task`  [ RunTime:0.000122s ]
INFO: [ view_parse ] --START--
INFO: [ template_filter ] --START--
INFO: Run Behavior\ContentReplace [ RunTime:0.000095s ]
INFO: [ template_filter ] --END-- [ RunTime:0.000175s ]
NOTIC: [8] Undefined index: money /www/qiye/jiujiu/App/Runtime/Cache/Home/00e52909bed743ea261af4b6823297ff.php 第 86 行.
NOTIC: [8] Undefined index: username /www/qiye/jiujiu/App/Runtime/Cache/Home/00e52909bed743ea261af4b6823297ff.php 第 87 行.
NOTIC: [8] Undefined variable: ty /www/qiye/jiujiu/App/Runtime/Cache/Home/00e52909bed743ea261af4b6823297ff.php 第 159 行.
INFO: Run Behavior\ParseTemplate [ RunTime:0.015388s ]
INFO: [ view_parse ] --END-- [ RunTime:0.015460s ]
INFO: [ view_filter ] --START--
INFO: Run Behavior\WriteHtmlCache [ RunTime:0.000344s ]
INFO: [ view_filter ] --END-- [ RunTime:0.000404s ]
INFO: [ app_end ] --START--
INFO: Run Behavior\ShowPageTrace [ RunTime:0.000721s ]
INFO: [ app_end ] --END-- [ RunTime:0.000791s ]

[ 2018-06-21T06:16:13+08:00 ] 106.11.154.171 /index.php/renwu/wx_xcx_add.html
INFO: [ app_begin ] --START--
INFO: Run Behavior\ReadHtmlCache [ RunTime:0.000688s ]
INFO: [ app_begin ] --END-- [ RunTime:0.001237s ]
NOTIC: [8192] mysql_connect(): The mysql extension is deprecated and will be removed in the future: use mysqli or PDO instead /www/qiye/jiujiu/ThinkPHP/Library/Think/Db/Driver/Mysql.class.php 第 52 行.
SQL: SHOW COLUMNS FROM `gd_user` [ RunTime:0.001117s ]
NOTIC: [8] Undefined index: uid /www/qiye/jiujiu/App/Home/Controller/CommController.class.php 第 18 行.
SQL: SELECT * FROM `gd_user` WHERE ( id= ) LIMIT 1   [ RunTime:0.000085s ]
ERR: 1064:You have an error in your SQL syntax; check the manual that corresponds to your MySQL server version for the right syntax to use near ') LIMIT 1' at line 1
 [ SQL语句 ] : SELECT * FROM `gd_user` WHERE ( id= ) LIMIT 1  
SQL: SHOW COLUMNS FROM `gd_config` [ RunTime:0.001026s ]
SQL: SELECT * FROM `gd_config` WHERE ( id=1 ) LIMIT 1   [ RunTime:0.000094s ]
SQL: SHOW COLUMNS FROM `gd_price` [ RunTime:0.000768s ]
SQL: SELECT * FROM `gd_price` WHERE ( id=11 ) LIMIT 1   [ RunTime:0.000073s ]
INFO: [ view_parse ] --START--
INFO: [ template_filter ] --START--
INFO: Run Behavior\ContentReplace [ RunTime:0.000046s ]
INFO: [ template_filter ] --END-- [ RunTime:0.000107s ]
INFO: Run Behavior\ParseTemplate [ RunTime:0.008523s ]
INFO: [ view_parse ] --END-- [ RunTime:0.008591s ]
INFO: [ view_filter ] --START--
INFO: Run Behavior\WriteHtmlCache [ RunTime:0.000304s ]
INFO: [ view_filter ] --END-- [ RunTime:0.000369s ]
INFO: [ app_end ] --START--
INFO: Run Behavior\ShowPageTrace [ RunTime:0.000622s ]
INFO: [ app_end ] --END-- [ RunTime:0.000680s ]

[ 2018-06-21T06:24:42+08:00 ] 106.11.153.179 /index.php/Renwu/wx_saoma.html
INFO: [ app_begin ] --START--
INFO: Run Behavior\ReadHtmlCache [ RunTime:0.000661s ]
INFO: [ app_begin ] --END-- [ RunTime:0.001144s ]
NOTIC: [8192] mysql_connect(): The mysql extension is deprecated and will be removed in the future: use mysqli or PDO instead /www/qiye/jiujiu/ThinkPHP/Library/Think/Db/Driver/Mysql.class.php 第 52 行.
SQL: SHOW COLUMNS FROM `gd_user` [ RunTime:0.000957s ]
NOTIC: [8] Undefined index: uid /www/qiye/jiujiu/App/Home/Controller/CommController.class.php 第 18 行.
SQL: SELECT * FROM `gd_user` WHERE ( id= ) LIMIT 1   [ RunTime:0.000954s ]
ERR: 1064:You have an error in your SQL syntax; check the manual that corresponds to your MySQL server version for the right syntax to use near ') LIMIT 1' at line 1
 [ SQL语句 ] : SELECT * FROM `gd_user` WHERE ( id= ) LIMIT 1  
SQL: SHOW COLUMNS FROM `gd_config` [ RunTime:0.000938s ]
SQL: SELECT * FROM `gd_config` WHERE ( id=1 ) LIMIT 1   [ RunTime:0.000094s ]
SQL: SHOW COLUMNS FROM `gd_wx_renwu` [ RunTime:0.000762s ]
SQL: SELECT COUNT(*) AS tp_count FROM `gd_wx_renwu` WHERE ( `uid` = null ) AND ( `is_del` = 0 ) AND ( `type` = 9 ) LIMIT 1   [ RunTime:0.000069s ]
SQL: SELECT * FROM `gd_wx_renwu` WHERE ( `uid` = null ) AND ( `is_del` = 0 ) AND ( `type` = 9 ) ORDER BY addtime desc LIMIT 0,20   [ RunTime:0.000091s ]
INFO: [ view_parse ] --START--
INFO: [ template_filter ] --START--
INFO: Run Behavior\ContentReplace [ RunTime:0.000051s ]
INFO: [ template_filter ] --END-- [ RunTime:0.000108s ]
NOTIC: [8] Undefined index: keyword /www/qiye/jiujiu/App/Runtime/Cache/Home/87d5e091000426936b56abb1ba2873e0.php 第 35 行.
INFO: Run Behavior\ParseTemplate [ RunTime:0.010137s ]
INFO: [ view_parse ] --END-- [ RunTime:0.010192s ]
INFO: [ view_filter ] --START--
INFO: Run Behavior\WriteHtmlCache [ RunTime:0.000290s ]
INFO: [ view_filter ] --END-- [ RunTime:0.000337s ]
INFO: [ app_end ] --START--
INFO: Run Behavior\ShowPageTrace [ RunTime:0.000570s ]
INFO: [ app_end ] --END-- [ RunTime:0.000624s ]

[ 2018-06-21T06:31:58+08:00 ] 42.156.139.103 /index.php/Renwu/wx_saoma.html
INFO: [ app_begin ] --START--
INFO: Run Behavior\ReadHtmlCache [ RunTime:0.000711s ]
INFO: [ app_begin ] --END-- [ RunTime:0.001216s ]
NOTIC: [8192] mysql_connect(): The mysql extension is deprecated and will be removed in the future: use mysqli or PDO instead /www/qiye/jiujiu/ThinkPHP/Library/Think/Db/Driver/Mysql.class.php 第 52 行.
SQL: SHOW COLUMNS FROM `gd_user` [ RunTime:0.000884s ]
NOTIC: [8] Undefined index: uid /www/qiye/jiujiu/App/Home/Controller/CommController.class.php 第 18 行.
SQL: SELECT * FROM `gd_user` WHERE ( id= ) LIMIT 1   [ RunTime:0.000093s ]
ERR: 1064:You have an error in your SQL syntax; check the manual that corresponds to your MySQL server version for the right syntax to use near ') LIMIT 1' at line 1
 [ SQL语句 ] : SELECT * FROM `gd_user` WHERE ( id= ) LIMIT 1  
SQL: SHOW COLUMNS FROM `gd_config` [ RunTime:0.000962s ]
SQL: SELECT * FROM `gd_config` WHERE ( id=1 ) LIMIT 1   [ RunTime:0.000119s ]
SQL: SHOW COLUMNS FROM `gd_wx_renwu` [ RunTime:0.001278s ]
SQL: SELECT COUNT(*) AS tp_count FROM `gd_wx_renwu` WHERE ( `uid` = null ) AND ( `is_del` = 0 ) AND ( `type` = 9 ) LIMIT 1   [ RunTime:0.000135s ]
SQL: SELECT * FROM `gd_wx_renwu` WHERE ( `uid` = null ) AND ( `is_del` = 0 ) AND ( `type` = 9 ) ORDER BY addtime desc LIMIT 0,20   [ RunTime:0.000137s ]
INFO: [ view_parse ] --START--
INFO: [ template_filter ] --START--
INFO: Run Behavior\ContentReplace [ RunTime:0.000068s ]
INFO: [ template_filter ] --END-- [ RunTime:0.000143s ]
NOTIC: [8] Undefined index: keyword /www/qiye/jiujiu/App/Runtime/Cache/Home/87d5e091000426936b56abb1ba2873e0.php 第 35 行.
INFO: Run Behavior\ParseTemplate [ RunTime:0.013161s ]
INFO: [ view_parse ] --END-- [ RunTime:0.013231s ]
INFO: [ view_filter ] --START--
INFO: Run Behavior\WriteHtmlCache [ RunTime:0.000342s ]
INFO: [ view_filter ] --END-- [ RunTime:0.000399s ]
INFO: [ app_end ] --START--
INFO: Run Behavior\ShowPageTrace [ RunTime:0.000718s ]
INFO: [ app_end ] --END-- [ RunTime:0.000782s ]

[ 2018-06-21T06:31:59+08:00 ] 42.120.161.103 /index.php/login/login.html
INFO: [ app_begin ] --START--
INFO: Run Behavior\ReadHtmlCache [ RunTime:0.000711s ]
INFO: [ app_begin ] --END-- [ RunTime:0.001231s ]
NOTIC: [8192] mysql_connect(): The mysql extension is deprecated and will be removed in the future: use mysqli or PDO instead /www/qiye/jiujiu/ThinkPHP/Library/Think/Db/Driver/Mysql.class.php 第 52 行.
SQL: SHOW COLUMNS FROM `gd_config` [ RunTime:0.001119s ]
SQL: SELECT * FROM `gd_config` WHERE ( id=1 ) LIMIT 1   [ RunTime:0.000111s ]
INFO: [ view_parse ] --START--
INFO: [ template_filter ] --START--
INFO: Run Behavior\ContentReplace [ RunTime:0.000040s ]
INFO: [ template_filter ] --END-- [ RunTime:0.000106s ]
INFO: Run Behavior\ParseTemplate [ RunTime:0.008000s ]
INFO: [ view_parse ] --END-- [ RunTime:0.008069s ]
INFO: [ view_filter ] --START--
INFO: Run Behavior\WriteHtmlCache [ RunTime:0.000333s ]
INFO: [ view_filter ] --END-- [ RunTime:0.000398s ]
INFO: [ app_end ] --START--
INFO: Run Behavior\ShowPageTrace [ RunTime:0.000686s ]
INFO: [ app_end ] --END-- [ RunTime:0.000753s ]

[ 2018-06-21T09:05:20+08:00 ] 60.216.47.210 /
INFO: [ app_begin ] --START--
INFO: Run Behavior\ReadHtmlCache [ RunTime:0.000701s ]
INFO: [ app_begin ] --END-- [ RunTime:0.001226s ]
NOTIC: [8192] mysql_connect(): The mysql extension is deprecated and will be removed in the future: use mysqli or PDO instead /www/qiye/jiujiu/ThinkPHP/Library/Think/Db/Driver/Mysql.class.php 第 52 行.
SQL: SHOW COLUMNS FROM `gd_user` [ RunTime:0.000875s ]
NOTIC: [8] Undefined index: uid /www/qiye/jiujiu/App/Home/Controller/CommController.class.php 第 18 行.
SQL: SELECT * FROM `gd_user` WHERE ( id= ) LIMIT 1   [ RunTime:0.000092s ]
ERR: 1064:You have an error in your SQL syntax; check the manual that corresponds to your MySQL server version for the right syntax to use near ') LIMIT 1' at line 1
 [ SQL语句 ] : SELECT * FROM `gd_user` WHERE ( id= ) LIMIT 1  
SQL: SHOW COLUMNS FROM `gd_config` [ RunTime:0.000913s ]
SQL: SELECT * FROM `gd_config` WHERE ( id=1 ) LIMIT 1   [ RunTime:0.000109s ]
SQL: SHOW COLUMNS FROM `gd_czewm` [ RunTime:0.000666s ]
SQL: SELECT * FROM `gd_czewm`  [ RunTime:0.000072s ]
SQL: SELECT * FROM `gd_config` LIMIT 1   [ RunTime:0.000079s ]
SQL: SHOW COLUMNS FROM `gd_task` [ RunTime:0.000724s ]
SQL: SELECT * FROM `gd_task`  [ RunTime:0.000082s ]
INFO: [ view_parse ] --START--
INFO: [ template_filter ] --START--
INFO: Run Behavior\ContentReplace [ RunTime:0.000092s ]
INFO: [ template_filter ] --END-- [ RunTime:0.000167s ]
NOTIC: [8] Undefined index: money /www/qiye/jiujiu/App/Runtime/Cache/Home/00e52909bed743ea261af4b6823297ff.php 第 86 行.
NOTIC: [8] Undefined index: username /www/qiye/jiujiu/App/Runtime/Cache/Home/00e52909bed743ea261af4b6823297ff.php 第 87 行.
NOTIC: [8] Undefined variable: ty /www/qiye/jiujiu/App/Runtime/Cache/Home/00e52909bed743ea261af4b6823297ff.php 第 159 行.
INFO: Run Behavior\ParseTemplate [ RunTime:0.016230s ]
INFO: [ view_parse ] --END-- [ RunTime:0.016298s ]
INFO: [ view_filter ] --START--
INFO: Run Behavior\WriteHtmlCache [ RunTime:0.000342s ]
INFO: [ view_filter ] --END-- [ RunTime:0.000400s ]
INFO: [ app_end ] --START--
INFO: Run Behavior\ShowPageTrace [ RunTime:0.000715s ]
INFO: [ app_end ] --END-- [ RunTime:0.000784s ]

[ 2018-06-21T09:05:20+08:00 ] 60.216.47.210 /index.php/login/login.html
INFO: [ app_begin ] --START--
INFO: Run Behavior\ReadHtmlCache [ RunTime:0.000672s ]
INFO: [ app_begin ] --END-- [ RunTime:0.001150s ]
NOTIC: [8192] mysql_connect(): The mysql extension is deprecated and will be removed in the future: use mysqli or PDO instead /www/qiye/jiujiu/ThinkPHP/Library/Think/Db/Driver/Mysql.class.php 第 52 行.
SQL: SHOW COLUMNS FROM `gd_config` [ RunTime:0.001035s ]
SQL: SELECT * FROM `gd_config` WHERE ( id=1 ) LIMIT 1   [ RunTime:0.000137s ]
INFO: [ view_parse ] --START--
INFO: [ template_filter ] --START--
INFO: Run Behavior\ContentReplace [ RunTime:0.000053s ]
INFO: [ template_filter ] --END-- [ RunTime:0.000132s ]
INFO: Run Behavior\ParseTemplate [ RunTime:0.009703s ]
INFO: [ view_parse ] --END-- [ RunTime:0.009784s ]
INFO: [ view_filter ] --START--
INFO: Run Behavior\WriteHtmlCache [ RunTime:0.000357s ]
INFO: [ view_filter ] --END-- [ RunTime:0.000422s ]
INFO: [ app_end ] --START--
INFO: Run Behavior\ShowPageTrace [ RunTime:0.000789s ]
INFO: [ app_end ] --END-- [ RunTime:0.000864s ]

[ 2018-06-21T10:34:08+08:00 ] 77.120.176.171 /
INFO: [ app_begin ] --START--
INFO: Run Behavior\ReadHtmlCache [ RunTime:0.000732s ]
INFO: [ app_begin ] --END-- [ RunTime:0.001253s ]
NOTIC: [8192] mysql_connect(): The mysql extension is deprecated and will be removed in the future: use mysqli or PDO instead /www/qiye/jiujiu/ThinkPHP/Library/Think/Db/Driver/Mysql.class.php 第 52 行.
SQL: SHOW COLUMNS FROM `gd_user` [ RunTime:0.000795s ]
NOTIC: [8] Undefined index: uid /www/qiye/jiujiu/App/Home/Controller/CommController.class.php 第 18 行.
SQL: SELECT * FROM `gd_user` WHERE ( id= ) LIMIT 1   [ RunTime:0.000081s ]
ERR: 1064:You have an error in your SQL syntax; check the manual that corresponds to your MySQL server version for the right syntax to use near ') LIMIT 1' at line 1
 [ SQL语句 ] : SELECT * FROM `gd_user` WHERE ( id= ) LIMIT 1  
SQL: SHOW COLUMNS FROM `gd_config` [ RunTime:0.000928s ]
SQL: SELECT * FROM `gd_config` WHERE ( id=1 ) LIMIT 1   [ RunTime:0.000101s ]
SQL: SHOW COLUMNS FROM `gd_czewm` [ RunTime:0.000651s ]
SQL: SELECT * FROM `gd_czewm`  [ RunTime:0.000059s ]
SQL: SELECT * FROM `gd_config` LIMIT 1   [ RunTime:0.000067s ]
SQL: SHOW COLUMNS FROM `gd_task` [ RunTime:0.000645s ]
SQL: SELECT * FROM `gd_task`  [ RunTime:0.000070s ]
INFO: [ view_parse ] --START--
INFO: [ template_filter ] --START--
INFO: Run Behavior\ContentReplace [ RunTime:0.000072s ]
INFO: [ template_filter ] --END-- [ RunTime:0.000138s ]
NOTIC: [8] Undefined index: money /www/qiye/jiujiu/App/Runtime/Cache/Home/00e52909bed743ea261af4b6823297ff.php 第 86 行.
NOTIC: [8] Undefined index: username /www/qiye/jiujiu/App/Runtime/Cache/Home/00e52909bed743ea261af4b6823297ff.php 第 87 行.
NOTIC: [8] Undefined variable: ty /www/qiye/jiujiu/App/Runtime/Cache/Home/00e52909bed743ea261af4b6823297ff.php 第 159 行.
INFO: Run Behavior\ParseTemplate [ RunTime:0.014527s ]
INFO: [ view_parse ] --END-- [ RunTime:0.014587s ]
INFO: [ view_filter ] --START--
INFO: Run Behavior\WriteHtmlCache [ RunTime:0.000320s ]
INFO: [ view_filter ] --END-- [ RunTime:0.000374s ]
INFO: [ app_end ] --START--
INFO: Run Behavior\ShowPageTrace [ RunTime:0.000652s ]
INFO: [ app_end ] --END-- [ RunTime:0.000713s ]

[ 2018-06-21T14:39:51+08:00 ] 216.74.77.80 /
INFO: [ app_begin ] --START--
INFO: Run Behavior\ReadHtmlCache [ RunTime:0.000718s ]
INFO: [ app_begin ] --END-- [ RunTime:0.001229s ]
NOTIC: [8192] mysql_connect(): The mysql extension is deprecated and will be removed in the future: use mysqli or PDO instead /www/qiye/jiujiu/ThinkPHP/Library/Think/Db/Driver/Mysql.class.php 第 52 行.
SQL: SHOW COLUMNS FROM `gd_user` [ RunTime:0.000869s ]
NOTIC: [8] Undefined index: uid /www/qiye/jiujiu/App/Home/Controller/CommController.class.php 第 18 行.
SQL: SELECT * FROM `gd_user` WHERE ( id= ) LIMIT 1   [ RunTime:0.000096s ]
ERR: 1064:You have an error in your SQL syntax; check the manual that corresponds to your MySQL server version for the right syntax to use near ') LIMIT 1' at line 1
 [ SQL语句 ] : SELECT * FROM `gd_user` WHERE ( id= ) LIMIT 1  
SQL: SHOW COLUMNS FROM `gd_config` [ RunTime:0.000957s ]
SQL: SELECT * FROM `gd_config` WHERE ( id=1 ) LIMIT 1   [ RunTime:0.000105s ]
SQL: SHOW COLUMNS FROM `gd_czewm` [ RunTime:0.001157s ]
SQL: SELECT * FROM `gd_czewm`  [ RunTime:0.000079s ]
SQL: SELECT * FROM `gd_config` LIMIT 1   [ RunTime:0.000090s ]
SQL: SHOW COLUMNS FROM `gd_task` [ RunTime:0.000753s ]
SQL: SELECT * FROM `gd_task`  [ RunTime:0.000088s ]
INFO: [ view_parse ] --START--
INFO: [ template_filter ] --START--
INFO: Run Behavior\ContentReplace [ RunTime:0.000102s ]
INFO: [ template_filter ] --END-- [ RunTime:0.000176s ]
NOTIC: [8] Undefined index: money /www/qiye/jiujiu/App/Runtime/Cache/Home/00e52909bed743ea261af4b6823297ff.php 第 86 行.
NOTIC: [8] Undefined index: username /www/qiye/jiujiu/App/Runtime/Cache/Home/00e52909bed743ea261af4b6823297ff.php 第 87 行.
NOTIC: [8] Undefined variable: ty /www/qiye/jiujiu/App/Runtime/Cache/Home/00e52909bed743ea261af4b6823297ff.php 第 159 行.
INFO: Run Behavior\ParseTemplate [ RunTime:0.016078s ]
INFO: [ view_parse ] --END-- [ RunTime:0.016149s ]
INFO: [ view_filter ] --START--
INFO: Run Behavior\WriteHtmlCache [ RunTime:0.000355s ]
INFO: [ view_filter ] --END-- [ RunTime:0.000415s ]
INFO: [ app_end ] --START--
INFO: Run Behavior\ShowPageTrace [ RunTime:0.000731s ]
INFO: [ app_end ] --END-- [ RunTime:0.000802s ]

[ 2018-06-21T14:43:53+08:00 ] 117.188.37.148 /
INFO: [ app_begin ] --START--
INFO: Run Behavior\ReadHtmlCache [ RunTime:0.000731s ]
INFO: [ app_begin ] --END-- [ RunTime:0.001268s ]
NOTIC: [8192] mysql_connect(): The mysql extension is deprecated and will be removed in the future: use mysqli or PDO instead /www/qiye/jiujiu/ThinkPHP/Library/Think/Db/Driver/Mysql.class.php 第 52 行.
SQL: SHOW COLUMNS FROM `gd_user` [ RunTime:0.000914s ]
NOTIC: [8] Undefined index: uid /www/qiye/jiujiu/App/Home/Controller/CommController.class.php 第 18 行.
SQL: SELECT * FROM `gd_user` WHERE ( id= ) LIMIT 1   [ RunTime:0.000103s ]
ERR: 1064:You have an error in your SQL syntax; check the manual that corresponds to your MySQL server version for the right syntax to use near ') LIMIT 1' at line 1
 [ SQL语句 ] : SELECT * FROM `gd_user` WHERE ( id= ) LIMIT 1  
SQL: SHOW COLUMNS FROM `gd_config` [ RunTime:0.001012s ]
SQL: SELECT * FROM `gd_config` WHERE ( id=1 ) LIMIT 1   [ RunTime:0.000106s ]
SQL: SHOW COLUMNS FROM `gd_czewm` [ RunTime:0.000747s ]
SQL: SELECT * FROM `gd_czewm`  [ RunTime:0.000082s ]
SQL: SELECT * FROM `gd_config` LIMIT 1   [ RunTime:0.000118s ]
SQL: SHOW COLUMNS FROM `gd_task` [ RunTime:0.000820s ]
SQL: SELECT * FROM `gd_task`  [ RunTime:0.000092s ]
INFO: [ view_parse ] --START--
INFO: [ template_filter ] --START--
INFO: Run Behavior\ContentReplace [ RunTime:0.000090s ]
INFO: [ template_filter ] --END-- [ RunTime:0.000170s ]
NOTIC: [8] Undefined index: money /www/qiye/jiujiu/App/Runtime/Cache/Home/00e52909bed743ea261af4b6823297ff.php 第 86 行.
NOTIC: [8] Undefined index: username /www/qiye/jiujiu/App/Runtime/Cache/Home/00e52909bed743ea261af4b6823297ff.php 第 87 行.
NOTIC: [8] Undefined variable: ty /www/qiye/jiujiu/App/Runtime/Cache/Home/00e52909bed743ea261af4b6823297ff.php 第 159 行.
INFO: Run Behavior\ParseTemplate [ RunTime:0.016699s ]
INFO: [ view_parse ] --END-- [ RunTime:0.016786s ]
INFO: [ view_filter ] --START--
INFO: Run Behavior\WriteHtmlCache [ RunTime:0.000364s ]
INFO: [ view_filter ] --END-- [ RunTime:0.000426s ]
INFO: [ app_end ] --START--
INFO: Run Behavior\ShowPageTrace [ RunTime:0.000749s ]
INFO: [ app_end ] --END-- [ RunTime:0.000820s ]

[ 2018-06-21T14:43:53+08:00 ] 117.188.37.148 /index.php/login/login.html
INFO: [ app_begin ] --START--
INFO: Run Behavior\ReadHtmlCache [ RunTime:0.000714s ]
INFO: [ app_begin ] --END-- [ RunTime:0.001257s ]
NOTIC: [8192] mysql_connect(): The mysql extension is deprecated and will be removed in the future: use mysqli or PDO instead /www/qiye/jiujiu/ThinkPHP/Library/Think/Db/Driver/Mysql.class.php 第 52 行.
SQL: SHOW COLUMNS FROM `gd_config` [ RunTime:0.001101s ]
SQL: SELECT * FROM `gd_config` WHERE ( id=1 ) LIMIT 1   [ RunTime:0.000141s ]
INFO: [ view_parse ] --START--
INFO: [ template_filter ] --START--
INFO: Run Behavior\ContentReplace [ RunTime:0.000045s ]
INFO: [ template_filter ] --END-- [ RunTime:0.000119s ]
INFO: Run Behavior\ParseTemplate [ RunTime:0.008538s ]
INFO: [ view_parse ] --END-- [ RunTime:0.008654s ]
INFO: [ view_filter ] --START--
INFO: Run Behavior\WriteHtmlCache [ RunTime:0.000371s ]
INFO: [ view_filter ] --END-- [ RunTime:0.000437s ]
INFO: [ app_end ] --START--
INFO: Run Behavior\ShowPageTrace [ RunTime:0.000760s ]
INFO: [ app_end ] --END-- [ RunTime:0.000832s ]

[ 2018-06-21T14:43:55+08:00 ] 117.188.37.148 /index.php/login/dologin.html
INFO: [ app_begin ] --START--
INFO: Run Behavior\ReadHtmlCache [ RunTime:0.000737s ]
INFO: [ app_begin ] --END-- [ RunTime:0.001262s ]
NOTIC: [8192] mysql_connect(): The mysql extension is deprecated and will be removed in the future: use mysqli or PDO instead /www/qiye/jiujiu/ThinkPHP/Library/Think/Db/Driver/Mysql.class.php 第 52 行.
SQL: SHOW COLUMNS FROM `gd_user` [ RunTime:0.000847s ]
SQL: SELECT * FROM `gd_user` WHERE ( username = '824139838' ) LIMIT 1   [ RunTime:0.000303s ]
SQL: SELECT * FROM `gd_user` WHERE ( username='824139838' and password='23f96b5bdf222e1afc816d594fc0aa54' ) LIMIT 1   [ RunTime:0.000262s ]

[ 2018-06-21T14:43:56+08:00 ] 117.188.37.148 /index.php/index/index.html?ty=block
INFO: [ app_begin ] --START--
INFO: Run Behavior\ReadHtmlCache [ RunTime:0.000750s ]
INFO: [ app_begin ] --END-- [ RunTime:0.001284s ]
NOTIC: [8192] mysql_connect(): The mysql extension is deprecated and will be removed in the future: use mysqli or PDO instead /www/qiye/jiujiu/ThinkPHP/Library/Think/Db/Driver/Mysql.class.php 第 52 行.
SQL: SHOW COLUMNS FROM `gd_user` [ RunTime:0.000889s ]
SQL: SELECT * FROM `gd_user` WHERE ( id=43 ) LIMIT 1   [ RunTime:0.000277s ]
SQL: SHOW COLUMNS FROM `gd_config` [ RunTime:0.001057s ]
SQL: SELECT * FROM `gd_config` WHERE ( id=1 ) LIMIT 1   [ RunTime:0.000130s ]
SQL: SHOW COLUMNS FROM `gd_czewm` [ RunTime:0.000720s ]
SQL: SELECT * FROM `gd_czewm`  [ RunTime:0.000076s ]
SQL: SELECT * FROM `gd_config` LIMIT 1   [ RunTime:0.000072s ]
SQL: SHOW COLUMNS FROM `gd_task` [ RunTime:0.000793s ]
SQL: SELECT * FROM `gd_task`  [ RunTime:0.000087s ]
INFO: [ view_parse ] --START--
INFO: [ template_filter ] --START--
INFO: Run Behavior\ContentReplace [ RunTime:0.000082s ]
INFO: [ template_filter ] --END-- [ RunTime:0.000154s ]
NOTIC: [8] Undefined index: money /www/qiye/jiujiu/App/Runtime/Cache/Home/00e52909bed743ea261af4b6823297ff.php 第 86 行.
NOTIC: [8] Undefined index: username /www/qiye/jiujiu/App/Runtime/Cache/Home/00e52909bed743ea261af4b6823297ff.php 第 87 行.
INFO: Run Behavior\ParseTemplate [ RunTime:0.015050s ]
INFO: [ view_parse ] --END-- [ RunTime:0.015119s ]
INFO: [ view_filter ] --START--
INFO: Run Behavior\WriteHtmlCache [ RunTime:0.000330s ]
INFO: [ view_filter ] --END-- [ RunTime:0.000387s ]
INFO: [ app_end ] --START--
INFO: Run Behavior\ShowPageTrace [ RunTime:0.000676s ]
INFO: [ app_end ] --END-- [ RunTime:0.000742s ]

[ 2018-06-21T14:43:56+08:00 ] 117.188.37.148 /index.php/news/index.html
INFO: [ app_begin ] --START--
INFO: Run Behavior\ReadHtmlCache [ RunTime:0.000727s ]
INFO: [ app_begin ] --END-- [ RunTime:0.001238s ]
NOTIC: [8192] mysql_connect(): The mysql extension is deprecated and will be removed in the future: use mysqli or PDO instead /www/qiye/jiujiu/ThinkPHP/Library/Think/Db/Driver/Mysql.class.php 第 52 行.
SQL: SHOW COLUMNS FROM `gd_user` [ RunTime:0.000880s ]
SQL: SELECT * FROM `gd_user` WHERE ( id=43 ) LIMIT 1   [ RunTime:0.000085s ]
SQL: SHOW COLUMNS FROM `gd_config` [ RunTime:0.001002s ]
SQL: SELECT * FROM `gd_config` WHERE ( id=1 ) LIMIT 1   [ RunTime:0.000118s ]
SQL: SHOW COLUMNS FROM `gd_news` [ RunTime:0.000711s ]
SQL: SELECT COUNT(*) AS tp_count FROM `gd_news` LIMIT 1   [ RunTime:0.000063s ]
SQL: SELECT * FROM `gd_news` ORDER BY sort desc,addtime desc LIMIT 0,20   [ RunTime:0.000091s ]
INFO: [ view_parse ] --START--
INFO: [ template_filter ] --START--
INFO: Run Behavior\ContentReplace [ RunTime:0.000045s ]
INFO: [ template_filter ] --END-- [ RunTime:0.000106s ]
INFO: Run Behavior\ParseTemplate [ RunTime:0.009297s ]
INFO: [ view_parse ] --END-- [ RunTime:0.009365s ]
INFO: [ view_filter ] --START--
INFO: Run Behavior\WriteHtmlCache [ RunTime:0.000309s ]
INFO: [ view_filter ] --END-- [ RunTime:0.000362s ]
INFO: [ app_end ] --START--
INFO: Run Behavior\ShowPageTrace [ RunTime:0.000659s ]
INFO: [ app_end ] --END-- [ RunTime:0.000716s ]

[ 2018-06-21T14:44:04+08:00 ] 117.188.37.148 /index.php/renwu/chaxun.html?id=12&fun=wx_gzhjf
INFO: [ app_begin ] --START--
INFO: Run Behavior\ReadHtmlCache [ RunTime:0.000720s ]
INFO: [ app_begin ] --END-- [ RunTime:0.001235s ]
NOTIC: [8192] mysql_connect(): The mysql extension is deprecated and will be removed in the future: use mysqli or PDO instead /www/qiye/jiujiu/ThinkPHP/Library/Think/Db/Driver/Mysql.class.php 第 52 行.
SQL: SHOW COLUMNS FROM `gd_user` [ RunTime:0.000841s ]
SQL: SELECT * FROM `gd_user` WHERE ( id=43 ) LIMIT 1   [ RunTime:0.000086s ]
SQL: SHOW COLUMNS FROM `gd_config` [ RunTime:0.000926s ]
SQL: SELECT * FROM `gd_config` WHERE ( id=1 ) LIMIT 1   [ RunTime:0.000109s ]
SQL: SHOW COLUMNS FROM `gd_task` [ RunTime:0.000700s ]
SQL: SELECT * FROM `gd_task` WHERE ( id=12 ) LIMIT 1   [ RunTime:0.000063s ]

[ 2018-06-21T14:44:04+08:00 ] 117.188.37.148 /index.php/Renwu/wx_gzhjf.html
INFO: [ app_begin ] --START--
INFO: Run Behavior\ReadHtmlCache [ RunTime:0.000711s ]
INFO: [ app_begin ] --END-- [ RunTime:0.001247s ]
NOTIC: [8192] mysql_connect(): The mysql extension is deprecated and will be removed in the future: use mysqli or PDO instead /www/qiye/jiujiu/ThinkPHP/Library/Think/Db/Driver/Mysql.class.php 第 52 行.
SQL: SHOW COLUMNS FROM `gd_user` [ RunTime:0.001132s ]
SQL: SELECT * FROM `gd_user` WHERE ( id=43 ) LIMIT 1   [ RunTime:0.000110s ]
SQL: SHOW COLUMNS FROM `gd_config` [ RunTime:0.000913s ]
SQL: SELECT * FROM `gd_config` WHERE ( id=1 ) LIMIT 1   [ RunTime:0.000119s ]
SQL: SHOW COLUMNS FROM `gd_wx_renwu` [ RunTime:0.000792s ]
SQL: SELECT COUNT(*) AS tp_count FROM `gd_wx_renwu` WHERE ( `uid` = 43 ) AND ( `is_del` = 0 ) AND ( `type` = 12 ) LIMIT 1   [ RunTime:0.000386s ]
SQL: SELECT * FROM `gd_wx_renwu` WHERE ( `uid` = 43 ) AND ( `is_del` = 0 ) AND ( `type` = 12 ) ORDER BY addtime desc LIMIT 0,20   [ RunTime:0.000422s ]
INFO: [ view_parse ] --START--
INFO: [ template_filter ] --START--
INFO: Run Behavior\ContentReplace [ RunTime:0.000072s ]
INFO: [ template_filter ] --END-- [ RunTime:0.000147s ]
NOTIC: [8] Undefined index: keyword /www/qiye/jiujiu/App/Runtime/Cache/Home/0a865e3782cb222929c2f88065b5ea69.php 第 33 行.
INFO: Run Behavior\ParseTemplate [ RunTime:0.012848s ]
INFO: [ view_parse ] --END-- [ RunTime:0.012926s ]
INFO: [ view_filter ] --START--
INFO: Run Behavior\WriteHtmlCache [ RunTime:0.000379s ]
INFO: [ view_filter ] --END-- [ RunTime:0.000441s ]
INFO: [ app_end ] --START--
INFO: Run Behavior\ShowPageTrace [ RunTime:0.000744s ]
INFO: [ app_end ] --END-- [ RunTime:0.000812s ]

[ 2018-06-21T14:44:07+08:00 ] 117.188.37.148 /index.php/renwu/wx_gzhjf_add.html
INFO: [ app_begin ] --START--
INFO: Run Behavior\ReadHtmlCache [ RunTime:0.000702s ]
INFO: [ app_begin ] --END-- [ RunTime:0.001210s ]
NOTIC: [8192] mysql_connect(): The mysql extension is deprecated and will be removed in the future: use mysqli or PDO instead /www/qiye/jiujiu/ThinkPHP/Library/Think/Db/Driver/Mysql.class.php 第 52 行.
SQL: SHOW COLUMNS FROM `gd_user` [ RunTime:0.000847s ]
SQL: SELECT * FROM `gd_user` WHERE ( id=43 ) LIMIT 1   [ RunTime:0.000093s ]
SQL: SHOW COLUMNS FROM `gd_config` [ RunTime:0.000965s ]
SQL: SELECT * FROM `gd_config` WHERE ( id=1 ) LIMIT 1   [ RunTime:0.000125s ]
SQL: SHOW COLUMNS FROM `gd_price` [ RunTime:0.000761s ]
SQL: SELECT * FROM `gd_price` WHERE ( id=12 ) LIMIT 1   [ RunTime:0.000098s ]
INFO: [ view_parse ] --START--
INFO: [ template_filter ] --START--
INFO: Run Behavior\ContentReplace [ RunTime:0.000058s ]
INFO: [ template_filter ] --END-- [ RunTime:0.000144s ]
INFO: Run Behavior\ParseTemplate [ RunTime:0.009455s ]
INFO: [ view_parse ] --END-- [ RunTime:0.009533s ]
INFO: [ view_filter ] --START--
INFO: Run Behavior\WriteHtmlCache [ RunTime:0.000368s ]
INFO: [ view_filter ] --END-- [ RunTime:0.000473s ]
INFO: [ app_end ] --START--
INFO: Run Behavior\ShowPageTrace [ RunTime:0.000784s ]
INFO: [ app_end ] --END-- [ RunTime:0.000857s ]

[ 2018-06-21T14:44:10+08:00 ] 117.188.37.148 /index.php/renwu/chaxun.html?id=9&fun=wx_saoma
INFO: [ app_begin ] --START--
INFO: Run Behavior\ReadHtmlCache [ RunTime:0.000719s ]
INFO: [ app_begin ] --END-- [ RunTime:0.001246s ]
NOTIC: [8192] mysql_connect(): The mysql extension is deprecated and will be removed in the future: use mysqli or PDO instead /www/qiye/jiujiu/ThinkPHP/Library/Think/Db/Driver/Mysql.class.php 第 52 行.
SQL: SHOW COLUMNS FROM `gd_user` [ RunTime:0.000902s ]
SQL: SELECT * FROM `gd_user` WHERE ( id=43 ) LIMIT 1   [ RunTime:0.000083s ]
SQL: SHOW COLUMNS FROM `gd_config` [ RunTime:0.000968s ]
SQL: SELECT * FROM `gd_config` WHERE ( id=1 ) LIMIT 1   [ RunTime:0.000153s ]
SQL: SHOW COLUMNS FROM `gd_task` [ RunTime:0.000820s ]
SQL: SELECT * FROM `gd_task` WHERE ( id=9 ) LIMIT 1   [ RunTime:0.000074s ]

[ 2018-06-21T14:44:10+08:00 ] 117.188.37.148 /index.php/Renwu/wx_saoma.html
INFO: [ app_begin ] --START--
INFO: Run Behavior\ReadHtmlCache [ RunTime:0.000750s ]
INFO: [ app_begin ] --END-- [ RunTime:0.001303s ]
NOTIC: [8192] mysql_connect(): The mysql extension is deprecated and will be removed in the future: use mysqli or PDO instead /www/qiye/jiujiu/ThinkPHP/Library/Think/Db/Driver/Mysql.class.php 第 52 行.
SQL: SHOW COLUMNS FROM `gd_user` [ RunTime:0.000991s ]
SQL: SELECT * FROM `gd_user` WHERE ( id=43 ) LIMIT 1   [ RunTime:0.000089s ]
SQL: SHOW COLUMNS FROM `gd_config` [ RunTime:0.001116s ]
SQL: SELECT * FROM `gd_config` WHERE ( id=1 ) LIMIT 1   [ RunTime:0.000100s ]
SQL: SHOW COLUMNS FROM `gd_wx_renwu` [ RunTime:0.000960s ]
SQL: SELECT COUNT(*) AS tp_count FROM `gd_wx_renwu` WHERE ( `uid` = 43 ) AND ( `is_del` = 0 ) AND ( `type` = 9 ) LIMIT 1   [ RunTime:0.000371s ]
SQL: SELECT * FROM `gd_wx_renwu` WHERE ( `uid` = 43 ) AND ( `is_del` = 0 ) AND ( `type` = 9 ) ORDER BY addtime desc LIMIT 0,20   [ RunTime:0.000399s ]
INFO: [ view_parse ] --START--
INFO: [ template_filter ] --START--
INFO: Run Behavior\ContentReplace [ RunTime:0.000054s ]
INFO: [ template_filter ] --END-- [ RunTime:0.000116s ]
NOTIC: [8] Undefined index: keyword /www/qiye/jiujiu/App/Runtime/Cache/Home/87d5e091000426936b56abb1ba2873e0.php 第 35 行.
INFO: Run Behavior\ParseTemplate [ RunTime:0.010641s ]
INFO: [ view_parse ] --END-- [ RunTime:0.010704s ]
INFO: [ view_filter ] --START--
INFO: Run Behavior\WriteHtmlCache [ RunTime:0.000329s ]
INFO: [ view_filter ] --END-- [ RunTime:0.000383s ]
INFO: [ app_end ] --START--
INFO: Run Behavior\ShowPageTrace [ RunTime:0.000636s ]
INFO: [ app_end ] --END-- [ RunTime:0.000696s ]

[ 2018-06-21T14:44:12+08:00 ] 117.188.37.148 /index.php/renwu/wx_saoma_add.html
INFO: [ app_begin ] --START--
INFO: Run Behavior\ReadHtmlCache [ RunTime:0.001104s ]
INFO: [ app_begin ] --END-- [ RunTime:0.001634s ]
NOTIC: [8192] mysql_connect(): The mysql extension is deprecated and will be removed in the future: use mysqli or PDO instead /www/qiye/jiujiu/ThinkPHP/Library/Think/Db/Driver/Mysql.class.php 第 52 行.
SQL: SHOW COLUMNS FROM `gd_user` [ RunTime:0.000966s ]
SQL: SELECT * FROM `gd_user` WHERE ( id=43 ) LIMIT 1   [ RunTime:0.000102s ]
SQL: SHOW COLUMNS FROM `gd_config` [ RunTime:0.001019s ]
SQL: SELECT * FROM `gd_config` WHERE ( id=1 ) LIMIT 1   [ RunTime:0.000121s ]
SQL: SHOW COLUMNS FROM `gd_price` [ RunTime:0.000804s ]
SQL: SELECT * FROM `gd_price` WHERE ( id=9 ) LIMIT 1   [ RunTime:0.000088s ]
INFO: [ view_parse ] --START--
INFO: [ template_filter ] --START--
INFO: Run Behavior\ContentReplace [ RunTime:0.000059s ]
INFO: [ template_filter ] --END-- [ RunTime:0.000135s ]
INFO: Run Behavior\ParseTemplate [ RunTime:0.010332s ]
INFO: [ view_parse ] --END-- [ RunTime:0.010409s ]
INFO: [ view_filter ] --START--
INFO: Run Behavior\WriteHtmlCache [ RunTime:0.000400s ]
INFO: [ view_filter ] --END-- [ RunTime:0.000469s ]
INFO: [ app_end ] --START--
INFO: Run Behavior\ShowPageTrace [ RunTime:0.000802s ]
INFO: [ app_end ] --END-- [ RunTime:0.000875s ]

[ 2018-06-21T17:55:28+08:00 ] 111.206.36.9 /
INFO: [ app_begin ] --START--
INFO: Run Behavior\ReadHtmlCache [ RunTime:0.000709s ]
INFO: [ app_begin ] --END-- [ RunTime:0.001222s ]
NOTIC: [8192] mysql_connect(): The mysql extension is deprecated and will be removed in the future: use mysqli or PDO instead /www/qiye/jiujiu/ThinkPHP/Library/Think/Db/Driver/Mysql.class.php 第 52 行.
SQL: SHOW COLUMNS FROM `gd_user` [ RunTime:0.000883s ]
NOTIC: [8] Undefined index: uid /www/qiye/jiujiu/App/Home/Controller/CommController.class.php 第 18 行.
SQL: SELECT * FROM `gd_user` WHERE ( id= ) LIMIT 1   [ RunTime:0.000087s ]
ERR: 1064:You have an error in your SQL syntax; check the manual that corresponds to your MySQL server version for the right syntax to use near ') LIMIT 1' at line 1
 [ SQL语句 ] : SELECT * FROM `gd_user` WHERE ( id= ) LIMIT 1  
SQL: SHOW COLUMNS FROM `gd_config` [ RunTime:0.000888s ]
SQL: SELECT * FROM `gd_config` WHERE ( id=1 ) LIMIT 1   [ RunTime:0.000100s ]
SQL: SHOW COLUMNS FROM `gd_czewm` [ RunTime:0.000697s ]
SQL: SELECT * FROM `gd_czewm`  [ RunTime:0.000070s ]
SQL: SELECT * FROM `gd_config` LIMIT 1   [ RunTime:0.000078s ]
SQL: SHOW COLUMNS FROM `gd_task` [ RunTime:0.000712s ]
SQL: SELECT * FROM `gd_task`  [ RunTime:0.000081s ]
INFO: [ view_parse ] --START--
INFO: [ template_filter ] --START--
INFO: Run Behavior\ContentReplace [ RunTime:0.000087s ]
INFO: [ template_filter ] --END-- [ RunTime:0.000166s ]
NOTIC: [8] Undefined index: money /www/qiye/jiujiu/App/Runtime/Cache/Home/00e52909bed743ea261af4b6823297ff.php 第 86 行.
NOTIC: [8] Undefined index: username /www/qiye/jiujiu/App/Runtime/Cache/Home/00e52909bed743ea261af4b6823297ff.php 第 87 行.
NOTIC: [8] Undefined variable: ty /www/qiye/jiujiu/App/Runtime/Cache/Home/00e52909bed743ea261af4b6823297ff.php 第 159 行.
INFO: Run Behavior\ParseTemplate [ RunTime:0.015597s ]
INFO: [ view_parse ] --END-- [ RunTime:0.015672s ]
INFO: [ view_filter ] --START--
INFO: Run Behavior\WriteHtmlCache [ RunTime:0.000326s ]
INFO: [ view_filter ] --END-- [ RunTime:0.000380s ]
INFO: [ app_end ] --START--
INFO: Run Behavior\ShowPageTrace [ RunTime:0.000679s ]
INFO: [ app_end ] --END-- [ RunTime:0.000749s ]

[ 2018-06-21T22:38:28+08:00 ] 202.108.211.56 /
INFO: [ app_begin ] --START--
INFO: Run Behavior\ReadHtmlCache [ RunTime:0.000747s ]
INFO: [ app_begin ] --END-- [ RunTime:0.001284s ]
NOTIC: [8192] mysql_connect(): The mysql extension is deprecated and will be removed in the future: use mysqli or PDO instead /www/qiye/jiujiu/ThinkPHP/Library/Think/Db/Driver/Mysql.class.php 第 52 行.
SQL: SHOW COLUMNS FROM `gd_user` [ RunTime:0.000892s ]
NOTIC: [8] Undefined index: uid /www/qiye/jiujiu/App/Home/Controller/CommController.class.php 第 18 行.
SQL: SELECT * FROM `gd_user` WHERE ( id= ) LIMIT 1   [ RunTime:0.000085s ]
ERR: 1064:You have an error in your SQL syntax; check the manual that corresponds to your MySQL server version for the right syntax to use near ') LIMIT 1' at line 1
 [ SQL语句 ] : SELECT * FROM `gd_user` WHERE ( id= ) LIMIT 1  
SQL: SHOW COLUMNS FROM `gd_config` [ RunTime:0.000829s ]
SQL: SELECT * FROM `gd_config` WHERE ( id=1 ) LIMIT 1   [ RunTime:0.000093s ]
SQL: SHOW COLUMNS FROM `gd_czewm` [ RunTime:0.000655s ]
SQL: SELECT * FROM `gd_czewm`  [ RunTime:0.000064s ]
SQL: SELECT * FROM `gd_config` LIMIT 1   [ RunTime:0.000074s ]
SQL: SHOW COLUMNS FROM `gd_task` [ RunTime:0.000586s ]
SQL: SELECT * FROM `gd_task`  [ RunTime:0.000082s ]
INFO: [ view_parse ] --START--
INFO: [ template_filter ] --START--
INFO: Run Behavior\ContentReplace [ RunTime:0.000078s ]
INFO: [ template_filter ] --END-- [ RunTime:0.000145s ]
NOTIC: [8] Undefined index: money /www/qiye/jiujiu/App/Runtime/Cache/Home/00e52909bed743ea261af4b6823297ff.php 第 86 行.
NOTIC: [8] Undefined index: username /www/qiye/jiujiu/App/Runtime/Cache/Home/00e52909bed743ea261af4b6823297ff.php 第 87 行.
NOTIC: [8] Undefined variable: ty /www/qiye/jiujiu/App/Runtime/Cache/Home/00e52909bed743ea261af4b6823297ff.php 第 159 行.
INFO: Run Behavior\ParseTemplate [ RunTime:0.014469s ]
INFO: [ view_parse ] --END-- [ RunTime:0.014532s ]
INFO: [ view_filter ] --START--
INFO: Run Behavior\WriteHtmlCache [ RunTime:0.000359s ]
INFO: [ view_filter ] --END-- [ RunTime:0.000417s ]
INFO: [ app_end ] --START--
INFO: Run Behavior\ShowPageTrace [ RunTime:0.000658s ]
INFO: [ app_end ] --END-- [ RunTime:0.000721s ]

[ 2018-06-21T23:31:13+08:00 ] 40.77.167.132 /
INFO: [ app_begin ] --START--
INFO: Run Behavior\ReadHtmlCache [ RunTime:0.000717s ]
INFO: [ app_begin ] --END-- [ RunTime:0.001234s ]
NOTIC: [8192] mysql_connect(): The mysql extension is deprecated and will be removed in the future: use mysqli or PDO instead /www/qiye/jiujiu/ThinkPHP/Library/Think/Db/Driver/Mysql.class.php 第 52 行.
SQL: SHOW COLUMNS FROM `gd_user` [ RunTime:0.000860s ]
NOTIC: [8] Undefined index: uid /www/qiye/jiujiu/App/Home/Controller/CommController.class.php 第 18 行.
SQL: SELECT * FROM `gd_user` WHERE ( id= ) LIMIT 1   [ RunTime:0.000095s ]
ERR: 1064:You have an error in your SQL syntax; check the manual that corresponds to your MySQL server version for the right syntax to use near ') LIMIT 1' at line 1
 [ SQL语句 ] : SELECT * FROM `gd_user` WHERE ( id= ) LIMIT 1  
SQL: SHOW COLUMNS FROM `gd_config` [ RunTime:0.000958s ]
SQL: SELECT * FROM `gd_config` WHERE ( id=1 ) LIMIT 1   [ RunTime:0.000113s ]
SQL: SHOW COLUMNS FROM `gd_czewm` [ RunTime:0.000695s ]
SQL: SELECT * FROM `gd_czewm`  [ RunTime:0.000078s ]
SQL: SELECT * FROM `gd_config` LIMIT 1   [ RunTime:0.000105s ]
SQL: SHOW COLUMNS FROM `gd_task` [ RunTime:0.000776s ]
SQL: SELECT * FROM `gd_task`  [ RunTime:0.000086s ]
INFO: [ view_parse ] --START--
INFO: [ template_filter ] --START--
INFO: Run Behavior\ContentReplace [ RunTime:0.000085s ]
INFO: [ template_filter ] --END-- [ RunTime:0.000163s ]
NOTIC: [8] Undefined index: money /www/qiye/jiujiu/App/Runtime/Cache/Home/00e52909bed743ea261af4b6823297ff.php 第 86 行.
NOTIC: [8] Undefined index: username /www/qiye/jiujiu/App/Runtime/Cache/Home/00e52909bed743ea261af4b6823297ff.php 第 87 行.
NOTIC: [8] Undefined variable: ty /www/qiye/jiujiu/App/Runtime/Cache/Home/00e52909bed743ea261af4b6823297ff.php 第 159 行.
INFO: Run Behavior\ParseTemplate [ RunTime:0.015632s ]
INFO: [ view_parse ] --END-- [ RunTime:0.015705s ]
INFO: [ view_filter ] --START--
INFO: Run Behavior\WriteHtmlCache [ RunTime:0.000348s ]
INFO: [ view_filter ] --END-- [ RunTime:0.000407s ]
INFO: [ app_end ] --START--
INFO: Run Behavior\ShowPageTrace [ RunTime:0.000706s ]
INFO: [ app_end ] --END-- [ RunTime:0.000778s ]

