[ 2018-08-13T01:57:16+08:00 ] 195.123.225.114 /
INFO: [ app_begin ] --START--
INFO: Run Behavior\ReadHtmlCache [ RunTime:0.000602s ]
INFO: [ app_begin ] --END-- [ RunTime:0.001074s ]
NOTIC: [8192] mysql_connect(): The mysql extension is deprecated and will be removed in the future: use mysqli or PDO instead /www/qiye/jiujiu/ThinkPHP/Library/Think/Db/Driver/Mysql.class.php 第 52 行.
SQL: SHOW COLUMNS FROM `gd_user` [ RunTime:0.000832s ]
NOTIC: [8] Undefined index: uid /www/qiye/jiujiu/App/Home/Controller/CommController.class.php 第 18 行.
SQL: SELECT * FROM `gd_user` WHERE ( id= ) LIMIT 1   [ RunTime:0.000095s ]
ERR: 1064:You have an error in your SQL syntax; check the manual that corresponds to your MySQL server version for the right syntax to use near ') LIMIT 1' at line 1
 [ SQL语句 ] : SELECT * FROM `gd_user` WHERE ( id= ) LIMIT 1  
SQL: SHOW COLUMNS FROM `gd_config` [ RunTime:0.000777s ]
SQL: SELECT * FROM `gd_config` WHERE ( id=1 ) LIMIT 1   [ RunTime:0.000106s ]
SQL: SHOW COLUMNS FROM `gd_czewm` [ RunTime:0.000546s ]
SQL: SELECT * FROM `gd_czewm`  [ RunTime:0.000076s ]
SQL: SELECT * FROM `gd_config` LIMIT 1   [ RunTime:0.000083s ]
SQL: SHOW COLUMNS FROM `gd_task` [ RunTime:0.000578s ]
SQL: SELECT * FROM `gd_task`  [ RunTime:0.000080s ]
INFO: [ view_parse ] --START--
INFO: [ template_filter ] --START--
INFO: Run Behavior\ContentReplace [ RunTime:0.000089s ]
INFO: [ template_filter ] --END-- [ RunTime:0.000164s ]
NOTIC: [8] Undefined index: money /www/qiye/jiujiu/App/Runtime/Cache/Home/00e52909bed743ea261af4b6823297ff.php 第 86 行.
NOTIC: [8] Undefined index: username /www/qiye/jiujiu/App/Runtime/Cache/Home/00e52909bed743ea261af4b6823297ff.php 第 87 行.
NOTIC: [8] Undefined variable: ty /www/qiye/jiujiu/App/Runtime/Cache/Home/00e52909bed743ea261af4b6823297ff.php 第 159 行.
INFO: Run Behavior\ParseTemplate [ RunTime:0.015397s ]
INFO: [ view_parse ] --END-- [ RunTime:0.015475s ]
INFO: [ view_filter ] --START--
INFO: Run Behavior\WriteHtmlCache [ RunTime:0.000253s ]
INFO: [ view_filter ] --END-- [ RunTime:0.000311s ]
INFO: [ app_end ] --START--
INFO: Run Behavior\ShowPageTrace [ RunTime:0.000630s ]
INFO: [ app_end ] --END-- [ RunTime:0.000698s ]

[ 2018-08-13T05:39:35+08:00 ] 106.11.158.28 /index.php/news/index.html
INFO: [ app_begin ] --START--
INFO: Run Behavior\ReadHtmlCache [ RunTime:0.000642s ]
INFO: [ app_begin ] --END-- [ RunTime:0.001125s ]
NOTIC: [8192] mysql_connect(): The mysql extension is deprecated and will be removed in the future: use mysqli or PDO instead /www/qiye/jiujiu/ThinkPHP/Library/Think/Db/Driver/Mysql.class.php 第 52 行.
SQL: SHOW COLUMNS FROM `gd_user` [ RunTime:0.000838s ]
NOTIC: [8] Undefined index: uid /www/qiye/jiujiu/App/Home/Controller/CommController.class.php 第 18 行.
SQL: SELECT * FROM `gd_user` WHERE ( id= ) LIMIT 1   [ RunTime:0.000096s ]
ERR: 1064:You have an error in your SQL syntax; check the manual that corresponds to your MySQL server version for the right syntax to use near ') LIMIT 1' at line 1
 [ SQL语句 ] : SELECT * FROM `gd_user` WHERE ( id= ) LIMIT 1  
SQL: SHOW COLUMNS FROM `gd_config` [ RunTime:0.000786s ]
SQL: SELECT * FROM `gd_config` WHERE ( id=1 ) LIMIT 1   [ RunTime:0.000101s ]
SQL: SHOW COLUMNS FROM `gd_news` [ RunTime:0.000587s ]
SQL: SELECT COUNT(*) AS tp_count FROM `gd_news` LIMIT 1   [ RunTime:0.000071s ]
SQL: SELECT * FROM `gd_news` ORDER BY sort desc,addtime desc LIMIT 0,20   [ RunTime:0.000099s ]
INFO: [ view_parse ] --START--
INFO: [ template_filter ] --START--
INFO: Run Behavior\ContentReplace [ RunTime:0.000054s ]
INFO: [ template_filter ] --END-- [ RunTime:0.000125s ]
INFO: Run Behavior\ParseTemplate [ RunTime:0.009139s ]
INFO: [ view_parse ] --END-- [ RunTime:0.009214s ]
INFO: [ view_filter ] --START--
INFO: Run Behavior\WriteHtmlCache [ RunTime:0.000270s ]
INFO: [ view_filter ] --END-- [ RunTime:0.000329s ]
INFO: [ app_end ] --START--
INFO: Run Behavior\ShowPageTrace [ RunTime:0.000654s ]
INFO: [ app_end ] --END-- [ RunTime:0.000723s ]

[ 2018-08-13T07:49:08+08:00 ] 123.125.67.207 /
INFO: [ app_begin ] --START--
INFO: Run Behavior\ReadHtmlCache [ RunTime:0.000622s ]
INFO: [ app_begin ] --END-- [ RunTime:0.001100s ]
NOTIC: [8192] mysql_connect(): The mysql extension is deprecated and will be removed in the future: use mysqli or PDO instead /www/qiye/jiujiu/ThinkPHP/Library/Think/Db/Driver/Mysql.class.php 第 52 行.
SQL: SHOW COLUMNS FROM `gd_user` [ RunTime:0.000809s ]
NOTIC: [8] Undefined index: uid /www/qiye/jiujiu/App/Home/Controller/CommController.class.php 第 18 行.
SQL: SELECT * FROM `gd_user` WHERE ( id= ) LIMIT 1   [ RunTime:0.000091s ]
ERR: 1064:You have an error in your SQL syntax; check the manual that corresponds to your MySQL server version for the right syntax to use near ') LIMIT 1' at line 1
 [ SQL语句 ] : SELECT * FROM `gd_user` WHERE ( id= ) LIMIT 1  
SQL: SHOW COLUMNS FROM `gd_config` [ RunTime:0.000820s ]
SQL: SELECT * FROM `gd_config` WHERE ( id=1 ) LIMIT 1   [ RunTime:0.000097s ]
SQL: SHOW COLUMNS FROM `gd_czewm` [ RunTime:0.000609s ]
SQL: SELECT * FROM `gd_czewm`  [ RunTime:0.000068s ]
SQL: SELECT * FROM `gd_config` LIMIT 1   [ RunTime:0.000099s ]
SQL: SHOW COLUMNS FROM `gd_task` [ RunTime:0.000535s ]
SQL: SELECT * FROM `gd_task`  [ RunTime:0.000081s ]
INFO: [ view_parse ] --START--
INFO: [ template_filter ] --START--
INFO: Run Behavior\ContentReplace [ RunTime:0.000075s ]
INFO: [ template_filter ] --END-- [ RunTime:0.000145s ]
NOTIC: [8] Undefined index: money /www/qiye/jiujiu/App/Runtime/Cache/Home/00e52909bed743ea261af4b6823297ff.php 第 86 行.
NOTIC: [8] Undefined index: username /www/qiye/jiujiu/App/Runtime/Cache/Home/00e52909bed743ea261af4b6823297ff.php 第 87 行.
NOTIC: [8] Undefined variable: ty /www/qiye/jiujiu/App/Runtime/Cache/Home/00e52909bed743ea261af4b6823297ff.php 第 159 行.
INFO: Run Behavior\ParseTemplate [ RunTime:0.014082s ]
INFO: [ view_parse ] --END-- [ RunTime:0.014145s ]
INFO: [ view_filter ] --START--
INFO: Run Behavior\WriteHtmlCache [ RunTime:0.000252s ]
INFO: [ view_filter ] --END-- [ RunTime:0.000310s ]
INFO: [ app_end ] --START--
INFO: Run Behavior\ShowPageTrace [ RunTime:0.000589s ]
INFO: [ app_end ] --END-- [ RunTime:0.000653s ]

[ 2018-08-13T07:49:13+08:00 ] 111.206.198.70 /index.php/login/login.html
INFO: [ app_begin ] --START--
INFO: Run Behavior\ReadHtmlCache [ RunTime:0.000597s ]
INFO: [ app_begin ] --END-- [ RunTime:0.001054s ]
NOTIC: [8192] mysql_connect(): The mysql extension is deprecated and will be removed in the future: use mysqli or PDO instead /www/qiye/jiujiu/ThinkPHP/Library/Think/Db/Driver/Mysql.class.php 第 52 行.
SQL: SHOW COLUMNS FROM `gd_config` [ RunTime:0.000907s ]
SQL: SELECT * FROM `gd_config` WHERE ( id=1 ) LIMIT 1   [ RunTime:0.000109s ]
INFO: [ view_parse ] --START--
INFO: [ template_filter ] --START--
INFO: Run Behavior\ContentReplace [ RunTime:0.000039s ]
INFO: [ template_filter ] --END-- [ RunTime:0.000105s ]
INFO: Run Behavior\ParseTemplate [ RunTime:0.007360s ]
INFO: [ view_parse ] --END-- [ RunTime:0.007431s ]
INFO: [ view_filter ] --START--
INFO: Run Behavior\WriteHtmlCache [ RunTime:0.000279s ]
INFO: [ view_filter ] --END-- [ RunTime:0.000340s ]
INFO: [ app_end ] --START--
INFO: Run Behavior\ShowPageTrace [ RunTime:0.000612s ]
INFO: [ app_end ] --END-- [ RunTime:0.000678s ]

[ 2018-08-13T08:12:30+08:00 ] 66.249.66.136 /
INFO: [ app_begin ] --START--
INFO: Run Behavior\ReadHtmlCache [ RunTime:0.000648s ]
INFO: [ app_begin ] --END-- [ RunTime:0.001136s ]
NOTIC: [8192] mysql_connect(): The mysql extension is deprecated and will be removed in the future: use mysqli or PDO instead /www/qiye/jiujiu/ThinkPHP/Library/Think/Db/Driver/Mysql.class.php 第 52 行.
SQL: SHOW COLUMNS FROM `gd_user` [ RunTime:0.000743s ]
NOTIC: [8] Undefined index: uid /www/qiye/jiujiu/App/Home/Controller/CommController.class.php 第 18 行.
SQL: SELECT * FROM `gd_user` WHERE ( id= ) LIMIT 1   [ RunTime:0.000094s ]
ERR: 1064:You have an error in your SQL syntax; check the manual that corresponds to your MySQL server version for the right syntax to use near ') LIMIT 1' at line 1
 [ SQL语句 ] : SELECT * FROM `gd_user` WHERE ( id= ) LIMIT 1  
SQL: SHOW COLUMNS FROM `gd_config` [ RunTime:0.000848s ]
SQL: SELECT * FROM `gd_config` WHERE ( id=1 ) LIMIT 1   [ RunTime:0.000111s ]
SQL: SHOW COLUMNS FROM `gd_czewm` [ RunTime:0.000571s ]
SQL: SELECT * FROM `gd_czewm`  [ RunTime:0.000086s ]
SQL: SELECT * FROM `gd_config` LIMIT 1   [ RunTime:0.000096s ]
SQL: SHOW COLUMNS FROM `gd_task` [ RunTime:0.000627s ]
SQL: SELECT * FROM `gd_task`  [ RunTime:0.000085s ]
INFO: [ view_parse ] --START--
INFO: [ template_filter ] --START--
INFO: Run Behavior\ContentReplace [ RunTime:0.000090s ]
INFO: [ template_filter ] --END-- [ RunTime:0.000168s ]
NOTIC: [8] Undefined index: money /www/qiye/jiujiu/App/Runtime/Cache/Home/00e52909bed743ea261af4b6823297ff.php 第 86 行.
NOTIC: [8] Undefined index: username /www/qiye/jiujiu/App/Runtime/Cache/Home/00e52909bed743ea261af4b6823297ff.php 第 87 行.
NOTIC: [8] Undefined variable: ty /www/qiye/jiujiu/App/Runtime/Cache/Home/00e52909bed743ea261af4b6823297ff.php 第 159 行.
INFO: Run Behavior\ParseTemplate [ RunTime:0.015709s ]
INFO: [ view_parse ] --END-- [ RunTime:0.015781s ]
INFO: [ view_filter ] --START--
INFO: Run Behavior\WriteHtmlCache [ RunTime:0.000282s ]
INFO: [ view_filter ] --END-- [ RunTime:0.000343s ]
INFO: [ app_end ] --START--
INFO: Run Behavior\ShowPageTrace [ RunTime:0.000684s ]
INFO: [ app_end ] --END-- [ RunTime:0.000759s ]

[ 2018-08-13T08:12:34+08:00 ] 66.249.66.134 /index.php/login/login.html
INFO: [ app_begin ] --START--
INFO: Run Behavior\ReadHtmlCache [ RunTime:0.000630s ]
INFO: [ app_begin ] --END-- [ RunTime:0.001125s ]
NOTIC: [8192] mysql_connect(): The mysql extension is deprecated and will be removed in the future: use mysqli or PDO instead /www/qiye/jiujiu/ThinkPHP/Library/Think/Db/Driver/Mysql.class.php 第 52 行.
SQL: SHOW COLUMNS FROM `gd_config` [ RunTime:0.000945s ]
SQL: SELECT * FROM `gd_config` WHERE ( id=1 ) LIMIT 1   [ RunTime:0.000116s ]
INFO: [ view_parse ] --START--
INFO: [ template_filter ] --START--
INFO: Run Behavior\ContentReplace [ RunTime:0.000049s ]
INFO: [ template_filter ] --END-- [ RunTime:0.000125s ]
INFO: Run Behavior\ParseTemplate [ RunTime:0.008348s ]
INFO: [ view_parse ] --END-- [ RunTime:0.008428s ]
INFO: [ view_filter ] --START--
INFO: Run Behavior\WriteHtmlCache [ RunTime:0.000280s ]
INFO: [ view_filter ] --END-- [ RunTime:0.000344s ]
INFO: [ app_end ] --START--
INFO: Run Behavior\ShowPageTrace [ RunTime:0.000664s ]
INFO: [ app_end ] --END-- [ RunTime:0.000733s ]

[ 2018-08-13T08:13:28+08:00 ] 66.249.66.134 /index.php/login/login.html
INFO: [ app_begin ] --START--
INFO: Run Behavior\ReadHtmlCache [ RunTime:0.000643s ]
INFO: [ app_begin ] --END-- [ RunTime:0.001103s ]
NOTIC: [8192] mysql_connect(): The mysql extension is deprecated and will be removed in the future: use mysqli or PDO instead /www/qiye/jiujiu/ThinkPHP/Library/Think/Db/Driver/Mysql.class.php 第 52 行.
SQL: SHOW COLUMNS FROM `gd_config` [ RunTime:0.000863s ]
SQL: SELECT * FROM `gd_config` WHERE ( id=1 ) LIMIT 1   [ RunTime:0.000110s ]
INFO: [ view_parse ] --START--
INFO: [ template_filter ] --START--
INFO: Run Behavior\ContentReplace [ RunTime:0.000046s ]
INFO: [ template_filter ] --END-- [ RunTime:0.000111s ]
INFO: Run Behavior\ParseTemplate [ RunTime:0.007378s ]
INFO: [ view_parse ] --END-- [ RunTime:0.007447s ]
INFO: [ view_filter ] --START--
INFO: Run Behavior\WriteHtmlCache [ RunTime:0.000225s ]
INFO: [ view_filter ] --END-- [ RunTime:0.000281s ]
INFO: [ app_end ] --START--
INFO: Run Behavior\ShowPageTrace [ RunTime:0.000594s ]
INFO: [ app_end ] --END-- [ RunTime:0.000656s ]

[ 2018-08-13T08:13:28+08:00 ] 66.249.66.134 /index.php/news/index.html
INFO: [ app_begin ] --START--
INFO: Run Behavior\ReadHtmlCache [ RunTime:0.000653s ]
INFO: [ app_begin ] --END-- [ RunTime:0.001121s ]
NOTIC: [8192] mysql_connect(): The mysql extension is deprecated and will be removed in the future: use mysqli or PDO instead /www/qiye/jiujiu/ThinkPHP/Library/Think/Db/Driver/Mysql.class.php 第 52 行.
SQL: SHOW COLUMNS FROM `gd_user` [ RunTime:0.000725s ]
NOTIC: [8] Undefined index: uid /www/qiye/jiujiu/App/Home/Controller/CommController.class.php 第 18 行.
SQL: SELECT * FROM `gd_user` WHERE ( id= ) LIMIT 1   [ RunTime:0.000085s ]
ERR: 1064:You have an error in your SQL syntax; check the manual that corresponds to your MySQL server version for the right syntax to use near ') LIMIT 1' at line 1
 [ SQL语句 ] : SELECT * FROM `gd_user` WHERE ( id= ) LIMIT 1  
SQL: SHOW COLUMNS FROM `gd_config` [ RunTime:0.000804s ]
SQL: SELECT * FROM `gd_config` WHERE ( id=1 ) LIMIT 1   [ RunTime:0.000098s ]
SQL: SHOW COLUMNS FROM `gd_news` [ RunTime:0.000570s ]
SQL: SELECT COUNT(*) AS tp_count FROM `gd_news` LIMIT 1   [ RunTime:0.000062s ]
SQL: SELECT * FROM `gd_news` ORDER BY sort desc,addtime desc LIMIT 0,20   [ RunTime:0.000077s ]
INFO: [ view_parse ] --START--
INFO: [ template_filter ] --START--
INFO: Run Behavior\ContentReplace [ RunTime:0.000047s ]
INFO: [ template_filter ] --END-- [ RunTime:0.000112s ]
INFO: Run Behavior\ParseTemplate [ RunTime:0.008541s ]
INFO: [ view_parse ] --END-- [ RunTime:0.008611s ]
INFO: [ view_filter ] --START--
INFO: Run Behavior\WriteHtmlCache [ RunTime:0.000252s ]
INFO: [ view_filter ] --END-- [ RunTime:0.000311s ]
INFO: [ app_end ] --START--
INFO: Run Behavior\ShowPageTrace [ RunTime:0.000625s ]
INFO: [ app_end ] --END-- [ RunTime:0.000690s ]

[ 2018-08-13T08:13:29+08:00 ] 66.249.66.138 /index.php/chongzhi/img.html
INFO: [ app_begin ] --START--
INFO: Run Behavior\ReadHtmlCache [ RunTime:0.000603s ]
INFO: [ app_begin ] --END-- [ RunTime:0.001074s ]
NOTIC: [8192] mysql_connect(): The mysql extension is deprecated and will be removed in the future: use mysqli or PDO instead /www/qiye/jiujiu/ThinkPHP/Library/Think/Db/Driver/Mysql.class.php 第 52 行.
SQL: SHOW COLUMNS FROM `gd_user` [ RunTime:0.000684s ]
NOTIC: [8] Undefined index: uid /www/qiye/jiujiu/App/Home/Controller/CommController.class.php 第 18 行.
SQL: SELECT * FROM `gd_user` WHERE ( id= ) LIMIT 1   [ RunTime:0.000080s ]
ERR: 1064:You have an error in your SQL syntax; check the manual that corresponds to your MySQL server version for the right syntax to use near ') LIMIT 1' at line 1
 [ SQL语句 ] : SELECT * FROM `gd_user` WHERE ( id= ) LIMIT 1  
SQL: SHOW COLUMNS FROM `gd_config` [ RunTime:0.000811s ]
SQL: SELECT * FROM `gd_config` WHERE ( id=1 ) LIMIT 1   [ RunTime:0.000102s ]
SQL: SHOW COLUMNS FROM `gd_czewm` [ RunTime:0.000527s ]
SQL: SELECT * FROM `gd_czewm` WHERE ( `id` = 0 ) LIMIT 1   [ RunTime:0.000195s ]

[ 2018-08-13T08:13:29+08:00 ] 66.249.66.134 /index.php/Login/logout.html
INFO: [ app_begin ] --START--
INFO: Run Behavior\ReadHtmlCache [ RunTime:0.000638s ]
INFO: [ app_begin ] --END-- [ RunTime:0.001120s ]

[ 2018-08-13T08:13:29+08:00 ] 66.249.66.136 /index.php/account/index.html
INFO: [ app_begin ] --START--
INFO: Run Behavior\ReadHtmlCache [ RunTime:0.000643s ]
INFO: [ app_begin ] --END-- [ RunTime:0.001135s ]
NOTIC: [8192] mysql_connect(): The mysql extension is deprecated and will be removed in the future: use mysqli or PDO instead /www/qiye/jiujiu/ThinkPHP/Library/Think/Db/Driver/Mysql.class.php 第 52 行.
SQL: SHOW COLUMNS FROM `gd_user` [ RunTime:0.000721s ]
NOTIC: [8] Undefined index: uid /www/qiye/jiujiu/App/Home/Controller/CommController.class.php 第 18 行.
SQL: SELECT * FROM `gd_user` WHERE ( id= ) LIMIT 1   [ RunTime:0.000093s ]
ERR: 1064:You have an error in your SQL syntax; check the manual that corresponds to your MySQL server version for the right syntax to use near ') LIMIT 1' at line 1
 [ SQL语句 ] : SELECT * FROM `gd_user` WHERE ( id= ) LIMIT 1  
SQL: SHOW COLUMNS FROM `gd_config` [ RunTime:0.000804s ]
SQL: SELECT * FROM `gd_config` WHERE ( id=1 ) LIMIT 1   [ RunTime:0.000088s ]
INFO: [ view_parse ] --START--
INFO: [ template_filter ] --START--
INFO: Run Behavior\ContentReplace [ RunTime:0.000043s ]
INFO: [ template_filter ] --END-- [ RunTime:0.000115s ]
INFO: Run Behavior\ParseTemplate [ RunTime:0.007123s ]
INFO: [ view_parse ] --END-- [ RunTime:0.007194s ]
INFO: [ view_filter ] --START--
INFO: Run Behavior\WriteHtmlCache [ RunTime:0.000270s ]
INFO: [ view_filter ] --END-- [ RunTime:0.000330s ]
INFO: [ app_end ] --START--
INFO: Run Behavior\ShowPageTrace [ RunTime:0.000616s ]
INFO: [ app_end ] --END-- [ RunTime:0.000684s ]

[ 2018-08-13T08:13:30+08:00 ] 66.249.66.134 /index.php/renwu/chaxun.html?id=12&fun=wx_gzhjf
INFO: [ app_begin ] --START--
INFO: Run Behavior\ReadHtmlCache [ RunTime:0.000585s ]
INFO: [ app_begin ] --END-- [ RunTime:0.001030s ]
NOTIC: [8192] mysql_connect(): The mysql extension is deprecated and will be removed in the future: use mysqli or PDO instead /www/qiye/jiujiu/ThinkPHP/Library/Think/Db/Driver/Mysql.class.php 第 52 行.
SQL: SHOW COLUMNS FROM `gd_user` [ RunTime:0.000729s ]
NOTIC: [8] Undefined index: uid /www/qiye/jiujiu/App/Home/Controller/CommController.class.php 第 18 行.
SQL: SELECT * FROM `gd_user` WHERE ( id= ) LIMIT 1   [ RunTime:0.000080s ]
ERR: 1064:You have an error in your SQL syntax; check the manual that corresponds to your MySQL server version for the right syntax to use near ') LIMIT 1' at line 1
 [ SQL语句 ] : SELECT * FROM `gd_user` WHERE ( id= ) LIMIT 1  
SQL: SHOW COLUMNS FROM `gd_config` [ RunTime:0.000844s ]
SQL: SELECT * FROM `gd_config` WHERE ( id=1 ) LIMIT 1   [ RunTime:0.000107s ]
SQL: SHOW COLUMNS FROM `gd_task` [ RunTime:0.000545s ]
SQL: SELECT * FROM `gd_task` WHERE ( id=12 ) LIMIT 1   [ RunTime:0.000225s ]

[ 2018-08-13T08:13:30+08:00 ] 66.249.66.134 /index.php/Login/login.html
INFO: [ app_begin ] --START--
INFO: Run Behavior\ReadHtmlCache [ RunTime:0.000625s ]
INFO: [ app_begin ] --END-- [ RunTime:0.001102s ]
NOTIC: [8192] mysql_connect(): The mysql extension is deprecated and will be removed in the future: use mysqli or PDO instead /www/qiye/jiujiu/ThinkPHP/Library/Think/Db/Driver/Mysql.class.php 第 52 行.
SQL: SHOW COLUMNS FROM `gd_config` [ RunTime:0.000945s ]
SQL: SELECT * FROM `gd_config` WHERE ( id=1 ) LIMIT 1   [ RunTime:0.000131s ]
INFO: [ view_parse ] --START--
INFO: [ template_filter ] --START--
INFO: Run Behavior\ContentReplace [ RunTime:0.000058s ]
INFO: [ template_filter ] --END-- [ RunTime:0.000145s ]
INFO: Run Behavior\ParseTemplate [ RunTime:0.008983s ]
INFO: [ view_parse ] --END-- [ RunTime:0.009070s ]
INFO: [ view_filter ] --START--
INFO: Run Behavior\WriteHtmlCache [ RunTime:0.000302s ]
INFO: [ view_filter ] --END-- [ RunTime:0.000372s ]
INFO: [ app_end ] --START--
INFO: Run Behavior\ShowPageTrace [ RunTime:0.000730s ]
INFO: [ app_end ] --END-- [ RunTime:0.000809s ]

[ 2018-08-13T08:13:31+08:00 ] 66.249.66.134 /index.php/renwu/chaxun.html?id=9&fun=wx_saoma
INFO: [ app_begin ] --START--
INFO: Run Behavior\ReadHtmlCache [ RunTime:0.000585s ]
INFO: [ app_begin ] --END-- [ RunTime:0.001039s ]
NOTIC: [8192] mysql_connect(): The mysql extension is deprecated and will be removed in the future: use mysqli or PDO instead /www/qiye/jiujiu/ThinkPHP/Library/Think/Db/Driver/Mysql.class.php 第 52 行.
SQL: SHOW COLUMNS FROM `gd_user` [ RunTime:0.000717s ]
NOTIC: [8] Undefined index: uid /www/qiye/jiujiu/App/Home/Controller/CommController.class.php 第 18 行.
SQL: SELECT * FROM `gd_user` WHERE ( id= ) LIMIT 1   [ RunTime:0.000078s ]
ERR: 1064:You have an error in your SQL syntax; check the manual that corresponds to your MySQL server version for the right syntax to use near ') LIMIT 1' at line 1
 [ SQL语句 ] : SELECT * FROM `gd_user` WHERE ( id= ) LIMIT 1  
SQL: SHOW COLUMNS FROM `gd_config` [ RunTime:0.000875s ]
SQL: SELECT * FROM `gd_config` WHERE ( id=1 ) LIMIT 1   [ RunTime:0.000096s ]
SQL: SHOW COLUMNS FROM `gd_task` [ RunTime:0.000567s ]
SQL: SELECT * FROM `gd_task` WHERE ( id=9 ) LIMIT 1   [ RunTime:0.000205s ]

[ 2018-08-13T08:13:31+08:00 ] 66.249.66.134 /index.php/Renwu/wx_gzhjf.html
INFO: [ app_begin ] --START--
INFO: Run Behavior\ReadHtmlCache [ RunTime:0.000640s ]
INFO: [ app_begin ] --END-- [ RunTime:0.001100s ]
NOTIC: [8192] mysql_connect(): The mysql extension is deprecated and will be removed in the future: use mysqli or PDO instead /www/qiye/jiujiu/ThinkPHP/Library/Think/Db/Driver/Mysql.class.php 第 52 行.
SQL: SHOW COLUMNS FROM `gd_user` [ RunTime:0.000801s ]
NOTIC: [8] Undefined index: uid /www/qiye/jiujiu/App/Home/Controller/CommController.class.php 第 18 行.
SQL: SELECT * FROM `gd_user` WHERE ( id= ) LIMIT 1   [ RunTime:0.000094s ]
ERR: 1064:You have an error in your SQL syntax; check the manual that corresponds to your MySQL server version for the right syntax to use near ') LIMIT 1' at line 1
 [ SQL语句 ] : SELECT * FROM `gd_user` WHERE ( id= ) LIMIT 1  
SQL: SHOW COLUMNS FROM `gd_config` [ RunTime:0.000845s ]
SQL: SELECT * FROM `gd_config` WHERE ( id=1 ) LIMIT 1   [ RunTime:0.000103s ]
SQL: SHOW COLUMNS FROM `gd_wx_renwu` [ RunTime:0.001346s ]
SQL: SELECT COUNT(*) AS tp_count FROM `gd_wx_renwu` WHERE ( `uid` = null ) AND ( `is_del` = 0 ) AND ( `type` = 12 ) LIMIT 1   [ RunTime:0.000376s ]
SQL: SELECT * FROM `gd_wx_renwu` WHERE ( `uid` = null ) AND ( `is_del` = 0 ) AND ( `type` = 12 ) ORDER BY addtime desc LIMIT 0,20   [ RunTime:0.000445s ]
INFO: [ view_parse ] --START--
INFO: [ template_filter ] --START--
INFO: Run Behavior\ContentReplace [ RunTime:0.000063s ]
INFO: [ template_filter ] --END-- [ RunTime:0.000134s ]
NOTIC: [8] Undefined index: keyword /www/qiye/jiujiu/App/Runtime/Cache/Home/0a865e3782cb222929c2f88065b5ea69.php 第 33 行.
INFO: Run Behavior\ParseTemplate [ RunTime:0.011813s ]
INFO: [ view_parse ] --END-- [ RunTime:0.011888s ]
INFO: [ view_filter ] --START--
INFO: Run Behavior\WriteHtmlCache [ RunTime:0.000286s ]
INFO: [ view_filter ] --END-- [ RunTime:0.000347s ]
INFO: [ app_end ] --START--
INFO: Run Behavior\ShowPageTrace [ RunTime:0.000665s ]
INFO: [ app_end ] --END-- [ RunTime:0.000734s ]

[ 2018-08-13T08:13:32+08:00 ] 66.249.66.136 /index.php/chongzhi/index.html
INFO: [ app_begin ] --START--
INFO: Run Behavior\ReadHtmlCache [ RunTime:0.000662s ]
INFO: [ app_begin ] --END-- [ RunTime:0.001141s ]
NOTIC: [8192] mysql_connect(): The mysql extension is deprecated and will be removed in the future: use mysqli or PDO instead /www/qiye/jiujiu/ThinkPHP/Library/Think/Db/Driver/Mysql.class.php 第 52 行.
SQL: SHOW COLUMNS FROM `gd_user` [ RunTime:0.000749s ]
NOTIC: [8] Undefined index: uid /www/qiye/jiujiu/App/Home/Controller/CommController.class.php 第 18 行.
SQL: SELECT * FROM `gd_user` WHERE ( id= ) LIMIT 1   [ RunTime:0.000083s ]
ERR: 1064:You have an error in your SQL syntax; check the manual that corresponds to your MySQL server version for the right syntax to use near ') LIMIT 1' at line 1
 [ SQL语句 ] : SELECT * FROM `gd_user` WHERE ( id= ) LIMIT 1  
SQL: SHOW COLUMNS FROM `gd_config` [ RunTime:0.000806s ]
SQL: SELECT * FROM `gd_config` WHERE ( id=1 ) LIMIT 1   [ RunTime:0.000093s ]
SQL: SHOW COLUMNS FROM `gd_czewm` [ RunTime:0.000585s ]
SQL: SELECT * FROM `gd_czewm`  [ RunTime:0.000062s ]
INFO: [ view_parse ] --START--
INFO: [ template_filter ] --START--
INFO: Run Behavior\ContentReplace [ RunTime:0.000060s ]
INFO: [ template_filter ] --END-- [ RunTime:0.000129s ]
INFO: Run Behavior\ParseTemplate [ RunTime:0.009602s ]
INFO: [ view_parse ] --END-- [ RunTime:0.009674s ]
INFO: [ view_filter ] --START--
INFO: Run Behavior\WriteHtmlCache [ RunTime:0.000296s ]
INFO: [ view_filter ] --END-- [ RunTime:0.000354s ]
INFO: [ app_end ] --START--
INFO: Run Behavior\ShowPageTrace [ RunTime:0.000602s ]
INFO: [ app_end ] --END-- [ RunTime:0.000665s ]

[ 2018-08-13T08:13:32+08:00 ] 66.249.66.134 /index.php/Renwu/wx_saoma.html
INFO: [ app_begin ] --START--
INFO: Run Behavior\ReadHtmlCache [ RunTime:0.000632s ]
INFO: [ app_begin ] --END-- [ RunTime:0.001101s ]
NOTIC: [8192] mysql_connect(): The mysql extension is deprecated and will be removed in the future: use mysqli or PDO instead /www/qiye/jiujiu/ThinkPHP/Library/Think/Db/Driver/Mysql.class.php 第 52 行.
SQL: SHOW COLUMNS FROM `gd_user` [ RunTime:0.000778s ]
NOTIC: [8] Undefined index: uid /www/qiye/jiujiu/App/Home/Controller/CommController.class.php 第 18 行.
SQL: SELECT * FROM `gd_user` WHERE ( id= ) LIMIT 1   [ RunTime:0.000084s ]
ERR: 1064:You have an error in your SQL syntax; check the manual that corresponds to your MySQL server version for the right syntax to use near ') LIMIT 1' at line 1
 [ SQL语句 ] : SELECT * FROM `gd_user` WHERE ( id= ) LIMIT 1  
SQL: SHOW COLUMNS FROM `gd_config` [ RunTime:0.000814s ]
SQL: SELECT * FROM `gd_config` WHERE ( id=1 ) LIMIT 1   [ RunTime:0.000110s ]
SQL: SHOW COLUMNS FROM `gd_wx_renwu` [ RunTime:0.000751s ]
SQL: SELECT COUNT(*) AS tp_count FROM `gd_wx_renwu` WHERE ( `uid` = null ) AND ( `is_del` = 0 ) AND ( `type` = 9 ) LIMIT 1   [ RunTime:0.000345s ]
SQL: SELECT * FROM `gd_wx_renwu` WHERE ( `uid` = null ) AND ( `is_del` = 0 ) AND ( `type` = 9 ) ORDER BY addtime desc LIMIT 0,20   [ RunTime:0.000352s ]
INFO: [ view_parse ] --START--
INFO: [ template_filter ] --START--
INFO: Run Behavior\ContentReplace [ RunTime:0.000048s ]
INFO: [ template_filter ] --END-- [ RunTime:0.000107s ]
NOTIC: [8] Undefined index: keyword /www/qiye/jiujiu/App/Runtime/Cache/Home/87d5e091000426936b56abb1ba2873e0.php 第 35 行.
INFO: Run Behavior\ParseTemplate [ RunTime:0.010038s ]
INFO: [ view_parse ] --END-- [ RunTime:0.010096s ]
INFO: [ view_filter ] --START--
INFO: Run Behavior\WriteHtmlCache [ RunTime:0.000223s ]
INFO: [ view_filter ] --END-- [ RunTime:0.000275s ]
INFO: [ app_end ] --START--
INFO: Run Behavior\ShowPageTrace [ RunTime:0.000539s ]
INFO: [ app_end ] --END-- [ RunTime:0.000595s ]

[ 2018-08-13T08:13:59+08:00 ] 66.249.66.134 /index.php/index/index.html
INFO: [ app_begin ] --START--
INFO: Run Behavior\ReadHtmlCache [ RunTime:0.000644s ]
INFO: [ app_begin ] --END-- [ RunTime:0.001127s ]
NOTIC: [8192] mysql_connect(): The mysql extension is deprecated and will be removed in the future: use mysqli or PDO instead /www/qiye/jiujiu/ThinkPHP/Library/Think/Db/Driver/Mysql.class.php 第 52 行.
SQL: SHOW COLUMNS FROM `gd_user` [ RunTime:0.000734s ]
NOTIC: [8] Undefined index: uid /www/qiye/jiujiu/App/Home/Controller/CommController.class.php 第 18 行.
SQL: SELECT * FROM `gd_user` WHERE ( id= ) LIMIT 1   [ RunTime:0.000099s ]
ERR: 1064:You have an error in your SQL syntax; check the manual that corresponds to your MySQL server version for the right syntax to use near ') LIMIT 1' at line 1
 [ SQL语句 ] : SELECT * FROM `gd_user` WHERE ( id= ) LIMIT 1  
SQL: SHOW COLUMNS FROM `gd_config` [ RunTime:0.000844s ]
SQL: SELECT * FROM `gd_config` WHERE ( id=1 ) LIMIT 1   [ RunTime:0.000117s ]
SQL: SHOW COLUMNS FROM `gd_czewm` [ RunTime:0.000573s ]
SQL: SELECT * FROM `gd_czewm`  [ RunTime:0.000075s ]
SQL: SELECT * FROM `gd_config` LIMIT 1   [ RunTime:0.000092s ]
SQL: SHOW COLUMNS FROM `gd_task` [ RunTime:0.000632s ]
SQL: SELECT * FROM `gd_task`  [ RunTime:0.000084s ]
INFO: [ view_parse ] --START--
INFO: [ template_filter ] --START--
INFO: Run Behavior\ContentReplace [ RunTime:0.000089s ]
INFO: [ template_filter ] --END-- [ RunTime:0.000167s ]
NOTIC: [8] Undefined index: money /www/qiye/jiujiu/App/Runtime/Cache/Home/00e52909bed743ea261af4b6823297ff.php 第 86 行.
NOTIC: [8] Undefined index: username /www/qiye/jiujiu/App/Runtime/Cache/Home/00e52909bed743ea261af4b6823297ff.php 第 87 行.
NOTIC: [8] Undefined variable: ty /www/qiye/jiujiu/App/Runtime/Cache/Home/00e52909bed743ea261af4b6823297ff.php 第 159 行.
INFO: Run Behavior\ParseTemplate [ RunTime:0.015562s ]
INFO: [ view_parse ] --END-- [ RunTime:0.015634s ]
INFO: [ view_filter ] --START--
INFO: Run Behavior\WriteHtmlCache [ RunTime:0.000264s ]
INFO: [ view_filter ] --END-- [ RunTime:0.000324s ]
INFO: [ app_end ] --START--
INFO: Run Behavior\ShowPageTrace [ RunTime:0.000647s ]
INFO: [ app_end ] --END-- [ RunTime:0.000717s ]

[ 2018-08-13T08:14:03+08:00 ] 66.249.66.134 /index.php/login/login.html
INFO: [ app_begin ] --START--
INFO: Run Behavior\ReadHtmlCache [ RunTime:0.000638s ]
INFO: [ app_begin ] --END-- [ RunTime:0.001109s ]
NOTIC: [8192] mysql_connect(): The mysql extension is deprecated and will be removed in the future: use mysqli or PDO instead /www/qiye/jiujiu/ThinkPHP/Library/Think/Db/Driver/Mysql.class.php 第 52 行.
SQL: SHOW COLUMNS FROM `gd_config` [ RunTime:0.000911s ]
SQL: SELECT * FROM `gd_config` WHERE ( id=1 ) LIMIT 1   [ RunTime:0.000118s ]
INFO: [ view_parse ] --START--
INFO: [ template_filter ] --START--
INFO: Run Behavior\ContentReplace [ RunTime:0.000042s ]
INFO: [ template_filter ] --END-- [ RunTime:0.000110s ]
INFO: Run Behavior\ParseTemplate [ RunTime:0.007797s ]
INFO: [ view_parse ] --END-- [ RunTime:0.007871s ]
INFO: [ view_filter ] --START--
INFO: Run Behavior\WriteHtmlCache [ RunTime:0.000285s ]
INFO: [ view_filter ] --END-- [ RunTime:0.000362s ]
INFO: [ app_end ] --START--
INFO: Run Behavior\ShowPageTrace [ RunTime:0.000617s ]
INFO: [ app_end ] --END-- [ RunTime:0.000683s ]

[ 2018-08-13T08:14:29+08:00 ] 66.249.66.134 /index.php/login/dologin.html
INFO: [ app_begin ] --START--
INFO: Run Behavior\ReadHtmlCache [ RunTime:0.000627s ]
INFO: [ app_begin ] --END-- [ RunTime:0.001102s ]

[ 2018-08-13T08:15:03+08:00 ] 66.249.66.138 /index.php/login/register.html
INFO: [ app_begin ] --START--
INFO: Run Behavior\ReadHtmlCache [ RunTime:0.000614s ]
INFO: [ app_begin ] --END-- [ RunTime:0.001096s ]
NOTIC: [8192] mysql_connect(): The mysql extension is deprecated and will be removed in the future: use mysqli or PDO instead /www/qiye/jiujiu/ThinkPHP/Library/Think/Db/Driver/Mysql.class.php 第 52 行.
SQL: SHOW COLUMNS FROM `gd_config` [ RunTime:0.000871s ]
SQL: SELECT * FROM `gd_config` WHERE ( id=1 ) LIMIT 1   [ RunTime:0.000121s ]
INFO: [ view_parse ] --START--
INFO: [ template_filter ] --START--
INFO: Run Behavior\ContentReplace [ RunTime:0.000050s ]
INFO: [ template_filter ] --END-- [ RunTime:0.000135s ]
INFO: Run Behavior\ParseTemplate [ RunTime:0.008938s ]
INFO: [ view_parse ] --END-- [ RunTime:0.009013s ]
INFO: [ view_filter ] --START--
INFO: Run Behavior\WriteHtmlCache [ RunTime:0.000325s ]
INFO: [ view_filter ] --END-- [ RunTime:0.000391s ]
INFO: [ app_end ] --START--
INFO: Run Behavior\ShowPageTrace [ RunTime:0.000731s ]
INFO: [ app_end ] --END-- [ RunTime:0.000805s ]

[ 2018-08-13T08:15:33+08:00 ] 66.249.66.134 /index.php/renwu/wancheng.html
INFO: [ app_begin ] --START--
INFO: Run Behavior\ReadHtmlCache [ RunTime:0.000633s ]
INFO: [ app_begin ] --END-- [ RunTime:0.001116s ]
NOTIC: [8192] mysql_connect(): The mysql extension is deprecated and will be removed in the future: use mysqli or PDO instead /www/qiye/jiujiu/ThinkPHP/Library/Think/Db/Driver/Mysql.class.php 第 52 行.
SQL: SHOW COLUMNS FROM `gd_user` [ RunTime:0.000792s ]
NOTIC: [8] Undefined index: uid /www/qiye/jiujiu/App/Home/Controller/CommController.class.php 第 18 行.
SQL: SELECT * FROM `gd_user` WHERE ( id= ) LIMIT 1   [ RunTime:0.000098s ]
ERR: 1064:You have an error in your SQL syntax; check the manual that corresponds to your MySQL server version for the right syntax to use near ') LIMIT 1' at line 1
 [ SQL语句 ] : SELECT * FROM `gd_user` WHERE ( id= ) LIMIT 1  
SQL: SHOW COLUMNS FROM `gd_config` [ RunTime:0.000836s ]
SQL: SELECT * FROM `gd_config` WHERE ( id=1 ) LIMIT 1   [ RunTime:0.000104s ]
SQL: SHOW COLUMNS FROM `gd_wx_renwu` [ RunTime:0.000723s ]
SQL: SELECT * FROM `gd_wx_renwu` WHERE ( status=4 and id= ) LIMIT 1   [ RunTime:0.000097s ]
ERR: 1064:You have an error in your SQL syntax; check the manual that corresponds to your MySQL server version for the right syntax to use near ') LIMIT 1' at line 1
 [ SQL语句 ] : SELECT * FROM `gd_wx_renwu` WHERE ( status=4 and id= ) LIMIT 1  

[ 2018-08-13T08:16:07+08:00 ] 66.249.66.134 /index.php/renwu/wx_saoma_add.html
INFO: [ app_begin ] --START--
INFO: Run Behavior\ReadHtmlCache [ RunTime:0.000647s ]
INFO: [ app_begin ] --END-- [ RunTime:0.001145s ]
NOTIC: [8192] mysql_connect(): The mysql extension is deprecated and will be removed in the future: use mysqli or PDO instead /www/qiye/jiujiu/ThinkPHP/Library/Think/Db/Driver/Mysql.class.php 第 52 行.
SQL: SHOW COLUMNS FROM `gd_user` [ RunTime:0.000823s ]
NOTIC: [8] Undefined index: uid /www/qiye/jiujiu/App/Home/Controller/CommController.class.php 第 18 行.
SQL: SELECT * FROM `gd_user` WHERE ( id= ) LIMIT 1   [ RunTime:0.000093s ]
ERR: 1064:You have an error in your SQL syntax; check the manual that corresponds to your MySQL server version for the right syntax to use near ') LIMIT 1' at line 1
 [ SQL语句 ] : SELECT * FROM `gd_user` WHERE ( id= ) LIMIT 1  
SQL: SHOW COLUMNS FROM `gd_config` [ RunTime:0.000707s ]
SQL: SELECT * FROM `gd_config` WHERE ( id=1 ) LIMIT 1   [ RunTime:0.000101s ]
SQL: SHOW COLUMNS FROM `gd_price` [ RunTime:0.001856s ]
SQL: SELECT * FROM `gd_price` WHERE ( id=9 ) LIMIT 1   [ RunTime:0.000515s ]
INFO: [ view_parse ] --START--
INFO: [ template_filter ] --START--
INFO: Run Behavior\ContentReplace [ RunTime:0.000053s ]
INFO: [ template_filter ] --END-- [ RunTime:0.000125s ]
INFO: Run Behavior\ParseTemplate [ RunTime:0.010660s ]
INFO: [ view_parse ] --END-- [ RunTime:0.010736s ]
INFO: [ view_filter ] --START--
INFO: Run Behavior\WriteHtmlCache [ RunTime:0.000289s ]
INFO: [ view_filter ] --END-- [ RunTime:0.000346s ]
INFO: [ app_end ] --START--
INFO: Run Behavior\ShowPageTrace [ RunTime:0.000640s ]
INFO: [ app_end ] --END-- [ RunTime:0.000703s ]

[ 2018-08-13T08:18:07+08:00 ] 66.249.66.134 /index.php/news/delmuti.html
INFO: [ app_begin ] --START--
INFO: Run Behavior\ReadHtmlCache [ RunTime:0.000647s ]
INFO: [ app_begin ] --END-- [ RunTime:0.001152s ]
NOTIC: [8192] mysql_connect(): The mysql extension is deprecated and will be removed in the future: use mysqli or PDO instead /www/qiye/jiujiu/ThinkPHP/Library/Think/Db/Driver/Mysql.class.php 第 52 行.
SQL: SHOW COLUMNS FROM `gd_user` [ RunTime:0.000802s ]
NOTIC: [8] Undefined index: uid /www/qiye/jiujiu/App/Home/Controller/CommController.class.php 第 18 行.
SQL: SELECT * FROM `gd_user` WHERE ( id= ) LIMIT 1   [ RunTime:0.000098s ]
ERR: 1064:You have an error in your SQL syntax; check the manual that corresponds to your MySQL server version for the right syntax to use near ') LIMIT 1' at line 1
 [ SQL语句 ] : SELECT * FROM `gd_user` WHERE ( id= ) LIMIT 1  
SQL: SHOW COLUMNS FROM `gd_config` [ RunTime:0.000799s ]
SQL: SELECT * FROM `gd_config` WHERE ( id=1 ) LIMIT 1   [ RunTime:0.000106s ]

[ 2018-08-13T08:18:07+08:00 ] 66.249.66.134 /index.php/renwu/wx_saoma.html
INFO: [ app_begin ] --START--
INFO: Run Behavior\ReadHtmlCache [ RunTime:0.000626s ]
INFO: [ app_begin ] --END-- [ RunTime:0.001105s ]
NOTIC: [8192] mysql_connect(): The mysql extension is deprecated and will be removed in the future: use mysqli or PDO instead /www/qiye/jiujiu/ThinkPHP/Library/Think/Db/Driver/Mysql.class.php 第 52 行.
SQL: SHOW COLUMNS FROM `gd_user` [ RunTime:0.000754s ]
NOTIC: [8] Undefined index: uid /www/qiye/jiujiu/App/Home/Controller/CommController.class.php 第 18 行.
SQL: SELECT * FROM `gd_user` WHERE ( id= ) LIMIT 1   [ RunTime:0.000087s ]
ERR: 1064:You have an error in your SQL syntax; check the manual that corresponds to your MySQL server version for the right syntax to use near ') LIMIT 1' at line 1
 [ SQL语句 ] : SELECT * FROM `gd_user` WHERE ( id= ) LIMIT 1  
SQL: SHOW COLUMNS FROM `gd_config` [ RunTime:0.000807s ]
SQL: SELECT * FROM `gd_config` WHERE ( id=1 ) LIMIT 1   [ RunTime:0.000089s ]
SQL: SHOW COLUMNS FROM `gd_wx_renwu` [ RunTime:0.000708s ]
SQL: SELECT COUNT(*) AS tp_count FROM `gd_wx_renwu` WHERE ( `uid` = null ) AND ( `is_del` = 0 ) AND ( `type` = 9 ) LIMIT 1   [ RunTime:0.000076s ]
SQL: SELECT * FROM `gd_wx_renwu` WHERE ( `uid` = null ) AND ( `is_del` = 0 ) AND ( `type` = 9 ) ORDER BY addtime desc LIMIT 0,20   [ RunTime:0.000105s ]
INFO: [ view_parse ] --START--
INFO: [ template_filter ] --START--
INFO: Run Behavior\ContentReplace [ RunTime:0.000049s ]
INFO: [ template_filter ] --END-- [ RunTime:0.000110s ]
NOTIC: [8] Undefined index: keyword /www/qiye/jiujiu/App/Runtime/Cache/Home/87d5e091000426936b56abb1ba2873e0.php 第 35 行.
INFO: Run Behavior\ParseTemplate [ RunTime:0.010105s ]
INFO: [ view_parse ] --END-- [ RunTime:0.010163s ]
INFO: [ view_filter ] --START--
INFO: Run Behavior\WriteHtmlCache [ RunTime:0.000257s ]
INFO: [ view_filter ] --END-- [ RunTime:0.000308s ]
INFO: [ app_end ] --START--
INFO: Run Behavior\ShowPageTrace [ RunTime:0.000547s ]
INFO: [ app_end ] --END-- [ RunTime:0.000605s ]

[ 2018-08-13T08:18:08+08:00 ] 66.249.66.136 /index.php/Account/index.html
INFO: [ app_begin ] --START--
INFO: Run Behavior\ReadHtmlCache [ RunTime:0.000633s ]
INFO: [ app_begin ] --END-- [ RunTime:0.001090s ]
NOTIC: [8192] mysql_connect(): The mysql extension is deprecated and will be removed in the future: use mysqli or PDO instead /www/qiye/jiujiu/ThinkPHP/Library/Think/Db/Driver/Mysql.class.php 第 52 行.
SQL: SHOW COLUMNS FROM `gd_user` [ RunTime:0.000753s ]
NOTIC: [8] Undefined index: uid /www/qiye/jiujiu/App/Home/Controller/CommController.class.php 第 18 行.
SQL: SELECT * FROM `gd_user` WHERE ( id= ) LIMIT 1   [ RunTime:0.000088s ]
ERR: 1064:You have an error in your SQL syntax; check the manual that corresponds to your MySQL server version for the right syntax to use near ') LIMIT 1' at line 1
 [ SQL语句 ] : SELECT * FROM `gd_user` WHERE ( id= ) LIMIT 1  
SQL: SHOW COLUMNS FROM `gd_config` [ RunTime:0.000833s ]
SQL: SELECT * FROM `gd_config` WHERE ( id=1 ) LIMIT 1   [ RunTime:0.000100s ]
INFO: [ view_parse ] --START--
INFO: [ template_filter ] --START--
INFO: Run Behavior\ContentReplace [ RunTime:0.000054s ]
INFO: [ template_filter ] --END-- [ RunTime:0.000132s ]
INFO: Run Behavior\ParseTemplate [ RunTime:0.007937s ]
INFO: [ view_parse ] --END-- [ RunTime:0.008014s ]
INFO: [ view_filter ] --START--
INFO: Run Behavior\WriteHtmlCache [ RunTime:0.000311s ]
INFO: [ view_filter ] --END-- [ RunTime:0.000378s ]
INFO: [ app_end ] --START--
INFO: Run Behavior\ShowPageTrace [ RunTime:0.000703s ]
INFO: [ app_end ] --END-- [ RunTime:0.000775s ]

[ 2018-08-13T08:18:08+08:00 ] 66.249.66.136 /index.php/renwu/wx_gzhjf_add.html
INFO: [ app_begin ] --START--
INFO: Run Behavior\ReadHtmlCache [ RunTime:0.000479s ]
INFO: [ app_begin ] --END-- [ RunTime:0.000874s ]
NOTIC: [8192] mysql_connect(): The mysql extension is deprecated and will be removed in the future: use mysqli or PDO instead /www/qiye/jiujiu/ThinkPHP/Library/Think/Db/Driver/Mysql.class.php 第 52 行.
SQL: SHOW COLUMNS FROM `gd_user` [ RunTime:0.000713s ]
NOTIC: [8] Undefined index: uid /www/qiye/jiujiu/App/Home/Controller/CommController.class.php 第 18 行.
SQL: SELECT * FROM `gd_user` WHERE ( id= ) LIMIT 1   [ RunTime:0.000075s ]
ERR: 1064:You have an error in your SQL syntax; check the manual that corresponds to your MySQL server version for the right syntax to use near ') LIMIT 1' at line 1
 [ SQL语句 ] : SELECT * FROM `gd_user` WHERE ( id= ) LIMIT 1  
SQL: SHOW COLUMNS FROM `gd_config` [ RunTime:0.000834s ]
SQL: SELECT * FROM `gd_config` WHERE ( id=1 ) LIMIT 1   [ RunTime:0.000080s ]
SQL: SHOW COLUMNS FROM `gd_price` [ RunTime:0.000586s ]
SQL: SELECT * FROM `gd_price` WHERE ( id=12 ) LIMIT 1   [ RunTime:0.000237s ]
INFO: [ view_parse ] --START--
INFO: [ template_filter ] --START--
INFO: Run Behavior\ContentReplace [ RunTime:0.000058s ]
INFO: [ template_filter ] --END-- [ RunTime:0.000146s ]
INFO: Run Behavior\ParseTemplate [ RunTime:0.009846s ]
INFO: [ view_parse ] --END-- [ RunTime:0.009918s ]
INFO: [ view_filter ] --START--
INFO: Run Behavior\WriteHtmlCache [ RunTime:0.000294s ]
INFO: [ view_filter ] --END-- [ RunTime:0.000362s ]
INFO: [ app_end ] --START--
INFO: Run Behavior\ShowPageTrace [ RunTime:0.000726s ]
INFO: [ app_end ] --END-- [ RunTime:0.000799s ]

[ 2018-08-13T08:18:09+08:00 ] 66.249.66.134 /index.php/index/index.html
INFO: [ app_begin ] --START--
INFO: Run Behavior\ReadHtmlCache [ RunTime:0.000608s ]
INFO: [ app_begin ] --END-- [ RunTime:0.001090s ]
NOTIC: [8192] mysql_connect(): The mysql extension is deprecated and will be removed in the future: use mysqli or PDO instead /www/qiye/jiujiu/ThinkPHP/Library/Think/Db/Driver/Mysql.class.php 第 52 行.
SQL: SHOW COLUMNS FROM `gd_user` [ RunTime:0.000701s ]
NOTIC: [8] Undefined index: uid /www/qiye/jiujiu/App/Home/Controller/CommController.class.php 第 18 行.
SQL: SELECT * FROM `gd_user` WHERE ( id= ) LIMIT 1   [ RunTime:0.000084s ]
ERR: 1064:You have an error in your SQL syntax; check the manual that corresponds to your MySQL server version for the right syntax to use near ') LIMIT 1' at line 1
 [ SQL语句 ] : SELECT * FROM `gd_user` WHERE ( id= ) LIMIT 1  
SQL: SHOW COLUMNS FROM `gd_config` [ RunTime:0.000857s ]
SQL: SELECT * FROM `gd_config` WHERE ( id=1 ) LIMIT 1   [ RunTime:0.000092s ]
SQL: SHOW COLUMNS FROM `gd_czewm` [ RunTime:0.000626s ]
SQL: SELECT * FROM `gd_czewm`  [ RunTime:0.000069s ]
SQL: SELECT * FROM `gd_config` LIMIT 1   [ RunTime:0.000090s ]
SQL: SHOW COLUMNS FROM `gd_task` [ RunTime:0.000565s ]
SQL: SELECT * FROM `gd_task`  [ RunTime:0.000068s ]
INFO: [ view_parse ] --START--
INFO: [ template_filter ] --START--
INFO: Run Behavior\ContentReplace [ RunTime:0.000074s ]
INFO: [ template_filter ] --END-- [ RunTime:0.000138s ]
NOTIC: [8] Undefined index: money /www/qiye/jiujiu/App/Runtime/Cache/Home/00e52909bed743ea261af4b6823297ff.php 第 86 行.
NOTIC: [8] Undefined index: username /www/qiye/jiujiu/App/Runtime/Cache/Home/00e52909bed743ea261af4b6823297ff.php 第 87 行.
NOTIC: [8] Undefined variable: ty /www/qiye/jiujiu/App/Runtime/Cache/Home/00e52909bed743ea261af4b6823297ff.php 第 159 行.
INFO: Run Behavior\ParseTemplate [ RunTime:0.012997s ]
INFO: [ view_parse ] --END-- [ RunTime:0.013057s ]
INFO: [ view_filter ] --START--
INFO: Run Behavior\WriteHtmlCache [ RunTime:0.000231s ]
INFO: [ view_filter ] --END-- [ RunTime:0.000284s ]
INFO: [ app_end ] --START--
INFO: Run Behavior\ShowPageTrace [ RunTime:0.000574s ]
INFO: [ app_end ] --END-- [ RunTime:0.000637s ]

[ 2018-08-13T08:18:11+08:00 ] 66.249.66.136 /index.php/login/login.html
INFO: [ app_begin ] --START--
INFO: Run Behavior\ReadHtmlCache [ RunTime:0.000604s ]
INFO: [ app_begin ] --END-- [ RunTime:0.001071s ]
NOTIC: [8192] mysql_connect(): The mysql extension is deprecated and will be removed in the future: use mysqli or PDO instead /www/qiye/jiujiu/ThinkPHP/Library/Think/Db/Driver/Mysql.class.php 第 52 行.
SQL: SHOW COLUMNS FROM `gd_config` [ RunTime:0.000942s ]
SQL: SELECT * FROM `gd_config` WHERE ( id=1 ) LIMIT 1   [ RunTime:0.000128s ]
INFO: [ view_parse ] --START--
INFO: [ template_filter ] --START--
INFO: Run Behavior\ContentReplace [ RunTime:0.000041s ]
INFO: [ template_filter ] --END-- [ RunTime:0.000103s ]
INFO: Run Behavior\ParseTemplate [ RunTime:0.006645s ]
INFO: [ view_parse ] --END-- [ RunTime:0.006712s ]
INFO: [ view_filter ] --START--
INFO: Run Behavior\WriteHtmlCache [ RunTime:0.000226s ]
INFO: [ view_filter ] --END-- [ RunTime:0.000281s ]
INFO: [ app_end ] --START--
INFO: Run Behavior\ShowPageTrace [ RunTime:0.000580s ]
INFO: [ app_end ] --END-- [ RunTime:0.000641s ]

[ 2018-08-13T08:19:20+08:00 ] 66.249.66.138 /index.php/renwu/wx_gzhjf.html
INFO: [ app_begin ] --START--
INFO: Run Behavior\ReadHtmlCache [ RunTime:0.000588s ]
INFO: [ app_begin ] --END-- [ RunTime:0.001043s ]
NOTIC: [8192] mysql_connect(): The mysql extension is deprecated and will be removed in the future: use mysqli or PDO instead /www/qiye/jiujiu/ThinkPHP/Library/Think/Db/Driver/Mysql.class.php 第 52 行.
SQL: SHOW COLUMNS FROM `gd_user` [ RunTime:0.000885s ]
NOTIC: [8] Undefined index: uid /www/qiye/jiujiu/App/Home/Controller/CommController.class.php 第 18 行.
SQL: SELECT * FROM `gd_user` WHERE ( id= ) LIMIT 1   [ RunTime:0.000102s ]
ERR: 1064:You have an error in your SQL syntax; check the manual that corresponds to your MySQL server version for the right syntax to use near ') LIMIT 1' at line 1
 [ SQL语句 ] : SELECT * FROM `gd_user` WHERE ( id= ) LIMIT 1  
SQL: SHOW COLUMNS FROM `gd_config` [ RunTime:0.000829s ]
SQL: SELECT * FROM `gd_config` WHERE ( id=1 ) LIMIT 1   [ RunTime:0.000114s ]
SQL: SHOW COLUMNS FROM `gd_wx_renwu` [ RunTime:0.000739s ]
SQL: SELECT COUNT(*) AS tp_count FROM `gd_wx_renwu` WHERE ( `uid` = null ) AND ( `is_del` = 0 ) AND ( `type` = 12 ) LIMIT 1   [ RunTime:0.000086s ]
SQL: SELECT * FROM `gd_wx_renwu` WHERE ( `uid` = null ) AND ( `is_del` = 0 ) AND ( `type` = 12 ) ORDER BY addtime desc LIMIT 0,20   [ RunTime:0.000110s ]
INFO: [ view_parse ] --START--
INFO: [ template_filter ] --START--
INFO: Run Behavior\ContentReplace [ RunTime:0.000061s ]
INFO: [ template_filter ] --END-- [ RunTime:0.000135s ]
NOTIC: [8] Undefined index: keyword /www/qiye/jiujiu/App/Runtime/Cache/Home/0a865e3782cb222929c2f88065b5ea69.php 第 33 行.
INFO: Run Behavior\ParseTemplate [ RunTime:0.011492s ]
INFO: [ view_parse ] --END-- [ RunTime:0.011563s ]
INFO: [ view_filter ] --START--
INFO: Run Behavior\WriteHtmlCache [ RunTime:0.000284s ]
INFO: [ view_filter ] --END-- [ RunTime:0.000344s ]
INFO: [ app_end ] --START--
INFO: Run Behavior\ShowPageTrace [ RunTime:0.000654s ]
INFO: [ app_end ] --END-- [ RunTime:0.000724s ]

[ 2018-08-13T11:59:03+08:00 ] 220.181.132.195 /
INFO: [ app_begin ] --START--
INFO: Run Behavior\ReadHtmlCache [ RunTime:0.000620s ]
INFO: [ app_begin ] --END-- [ RunTime:0.001091s ]
NOTIC: [8192] mysql_connect(): The mysql extension is deprecated and will be removed in the future: use mysqli or PDO instead /www/qiye/jiujiu/ThinkPHP/Library/Think/Db/Driver/Mysql.class.php 第 52 行.
SQL: SHOW COLUMNS FROM `gd_user` [ RunTime:0.000734s ]
NOTIC: [8] Undefined index: uid /www/qiye/jiujiu/App/Home/Controller/CommController.class.php 第 18 行.
SQL: SELECT * FROM `gd_user` WHERE ( id= ) LIMIT 1   [ RunTime:0.000082s ]
ERR: 1064:You have an error in your SQL syntax; check the manual that corresponds to your MySQL server version for the right syntax to use near ') LIMIT 1' at line 1
 [ SQL语句 ] : SELECT * FROM `gd_user` WHERE ( id= ) LIMIT 1  
SQL: SHOW COLUMNS FROM `gd_config` [ RunTime:0.000798s ]
SQL: SELECT * FROM `gd_config` WHERE ( id=1 ) LIMIT 1   [ RunTime:0.000101s ]
SQL: SHOW COLUMNS FROM `gd_czewm` [ RunTime:0.000529s ]
SQL: SELECT * FROM `gd_czewm`  [ RunTime:0.000067s ]
SQL: SELECT * FROM `gd_config` LIMIT 1   [ RunTime:0.000075s ]
SQL: SHOW COLUMNS FROM `gd_task` [ RunTime:0.000518s ]
SQL: SELECT * FROM `gd_task`  [ RunTime:0.000077s ]
INFO: [ view_parse ] --START--
INFO: [ template_filter ] --START--
INFO: Run Behavior\ContentReplace [ RunTime:0.000070s ]
INFO: [ template_filter ] --END-- [ RunTime:0.000133s ]
NOTIC: [8] Undefined index: money /www/qiye/jiujiu/App/Runtime/Cache/Home/00e52909bed743ea261af4b6823297ff.php 第 86 行.
NOTIC: [8] Undefined index: username /www/qiye/jiujiu/App/Runtime/Cache/Home/00e52909bed743ea261af4b6823297ff.php 第 87 行.
NOTIC: [8] Undefined variable: ty /www/qiye/jiujiu/App/Runtime/Cache/Home/00e52909bed743ea261af4b6823297ff.php 第 159 行.
INFO: Run Behavior\ParseTemplate [ RunTime:0.013122s ]
INFO: [ view_parse ] --END-- [ RunTime:0.013181s ]
INFO: [ view_filter ] --START--
INFO: Run Behavior\WriteHtmlCache [ RunTime:0.000230s ]
INFO: [ view_filter ] --END-- [ RunTime:0.000282s ]
INFO: [ app_end ] --START--
INFO: Run Behavior\ShowPageTrace [ RunTime:0.000560s ]
INFO: [ app_end ] --END-- [ RunTime:0.000629s ]

[ 2018-08-13T11:59:03+08:00 ] 220.181.132.195 /index.php/login/login.html
INFO: [ app_begin ] --START--
INFO: Run Behavior\ReadHtmlCache [ RunTime:0.000630s ]
INFO: [ app_begin ] --END-- [ RunTime:0.001096s ]
NOTIC: [8192] mysql_connect(): The mysql extension is deprecated and will be removed in the future: use mysqli or PDO instead /www/qiye/jiujiu/ThinkPHP/Library/Think/Db/Driver/Mysql.class.php 第 52 行.
SQL: SHOW COLUMNS FROM `gd_config` [ RunTime:0.001260s ]
SQL: SELECT * FROM `gd_config` WHERE ( id=1 ) LIMIT 1   [ RunTime:0.000131s ]
INFO: [ view_parse ] --START--
INFO: [ template_filter ] --START--
INFO: Run Behavior\ContentReplace [ RunTime:0.000053s ]
INFO: [ template_filter ] --END-- [ RunTime:0.000134s ]
INFO: Run Behavior\ParseTemplate [ RunTime:0.008876s ]
INFO: [ view_parse ] --END-- [ RunTime:0.008972s ]
INFO: [ view_filter ] --START--
INFO: Run Behavior\WriteHtmlCache [ RunTime:0.000279s ]
INFO: [ view_filter ] --END-- [ RunTime:0.000349s ]
INFO: [ app_end ] --START--
INFO: Run Behavior\ShowPageTrace [ RunTime:0.000702s ]
INFO: [ app_end ] --END-- [ RunTime:0.000778s ]

[ 2018-08-13T13:40:05+08:00 ] 60.216.47.210 /
INFO: [ app_begin ] --START--
INFO: Run Behavior\ReadHtmlCache [ RunTime:0.000655s ]
INFO: [ app_begin ] --END-- [ RunTime:0.001129s ]
NOTIC: [8192] mysql_connect(): The mysql extension is deprecated and will be removed in the future: use mysqli or PDO instead /www/qiye/jiujiu/ThinkPHP/Library/Think/Db/Driver/Mysql.class.php 第 52 行.
SQL: SHOW COLUMNS FROM `gd_user` [ RunTime:0.000745s ]
NOTIC: [8] Undefined index: uid /www/qiye/jiujiu/App/Home/Controller/CommController.class.php 第 18 行.
SQL: SELECT * FROM `gd_user` WHERE ( id= ) LIMIT 1   [ RunTime:0.000085s ]
ERR: 1064:You have an error in your SQL syntax; check the manual that corresponds to your MySQL server version for the right syntax to use near ') LIMIT 1' at line 1
 [ SQL语句 ] : SELECT * FROM `gd_user` WHERE ( id= ) LIMIT 1  
SQL: SHOW COLUMNS FROM `gd_config` [ RunTime:0.000870s ]
SQL: SELECT * FROM `gd_config` WHERE ( id=1 ) LIMIT 1   [ RunTime:0.000101s ]
SQL: SHOW COLUMNS FROM `gd_czewm` [ RunTime:0.000559s ]
SQL: SELECT * FROM `gd_czewm`  [ RunTime:0.000066s ]
SQL: SELECT * FROM `gd_config` LIMIT 1   [ RunTime:0.000078s ]
SQL: SHOW COLUMNS FROM `gd_task` [ RunTime:0.000554s ]
SQL: SELECT * FROM `gd_task`  [ RunTime:0.000074s ]
INFO: [ view_parse ] --START--
INFO: [ template_filter ] --START--
INFO: Run Behavior\ContentReplace [ RunTime:0.000081s ]
INFO: [ template_filter ] --END-- [ RunTime:0.000178s ]
NOTIC: [8] Undefined index: money /www/qiye/jiujiu/App/Runtime/Cache/Home/00e52909bed743ea261af4b6823297ff.php 第 86 行.
NOTIC: [8] Undefined index: username /www/qiye/jiujiu/App/Runtime/Cache/Home/00e52909bed743ea261af4b6823297ff.php 第 87 行.
NOTIC: [8] Undefined variable: ty /www/qiye/jiujiu/App/Runtime/Cache/Home/00e52909bed743ea261af4b6823297ff.php 第 159 行.
INFO: Run Behavior\ParseTemplate [ RunTime:0.014247s ]
INFO: [ view_parse ] --END-- [ RunTime:0.014310s ]
INFO: [ view_filter ] --START--
INFO: Run Behavior\WriteHtmlCache [ RunTime:0.000263s ]
INFO: [ view_filter ] --END-- [ RunTime:0.000320s ]
INFO: [ app_end ] --START--
INFO: Run Behavior\ShowPageTrace [ RunTime:0.000589s ]
INFO: [ app_end ] --END-- [ RunTime:0.000654s ]

[ 2018-08-13T13:40:07+08:00 ] 60.216.47.210 /index.php/login/login.html
INFO: [ app_begin ] --START--
INFO: Run Behavior\ReadHtmlCache [ RunTime:0.000596s ]
INFO: [ app_begin ] --END-- [ RunTime:0.001036s ]
NOTIC: [8192] mysql_connect(): The mysql extension is deprecated and will be removed in the future: use mysqli or PDO instead /www/qiye/jiujiu/ThinkPHP/Library/Think/Db/Driver/Mysql.class.php 第 52 行.
SQL: SHOW COLUMNS FROM `gd_config` [ RunTime:0.001013s ]
SQL: SELECT * FROM `gd_config` WHERE ( id=1 ) LIMIT 1   [ RunTime:0.000129s ]
INFO: [ view_parse ] --START--
INFO: [ template_filter ] --START--
INFO: Run Behavior\ContentReplace [ RunTime:0.000052s ]
INFO: [ template_filter ] --END-- [ RunTime:0.000134s ]
INFO: Run Behavior\ParseTemplate [ RunTime:0.008986s ]
INFO: [ view_parse ] --END-- [ RunTime:0.009111s ]
INFO: [ view_filter ] --START--
INFO: Run Behavior\WriteHtmlCache [ RunTime:0.000285s ]
INFO: [ view_filter ] --END-- [ RunTime:0.000355s ]
INFO: [ app_end ] --START--
INFO: Run Behavior\ShowPageTrace [ RunTime:0.000715s ]
INFO: [ app_end ] --END-- [ RunTime:0.000792s ]

[ 2018-08-13T13:40:09+08:00 ] 60.216.47.210 /
INFO: [ app_begin ] --START--
INFO: Run Behavior\ReadHtmlCache [ RunTime:0.000629s ]
INFO: [ app_begin ] --END-- [ RunTime:0.001110s ]
NOTIC: [8192] mysql_connect(): The mysql extension is deprecated and will be removed in the future: use mysqli or PDO instead /www/qiye/jiujiu/ThinkPHP/Library/Think/Db/Driver/Mysql.class.php 第 52 行.
SQL: SHOW COLUMNS FROM `gd_user` [ RunTime:0.000646s ]
NOTIC: [8] Undefined index: uid /www/qiye/jiujiu/App/Home/Controller/CommController.class.php 第 18 行.
SQL: SELECT * FROM `gd_user` WHERE ( id= ) LIMIT 1   [ RunTime:0.000080s ]
ERR: 1064:You have an error in your SQL syntax; check the manual that corresponds to your MySQL server version for the right syntax to use near ') LIMIT 1' at line 1
 [ SQL语句 ] : SELECT * FROM `gd_user` WHERE ( id= ) LIMIT 1  
SQL: SHOW COLUMNS FROM `gd_config` [ RunTime:0.000815s ]
SQL: SELECT * FROM `gd_config` WHERE ( id=1 ) LIMIT 1   [ RunTime:0.000091s ]
SQL: SHOW COLUMNS FROM `gd_czewm` [ RunTime:0.000555s ]
SQL: SELECT * FROM `gd_czewm`  [ RunTime:0.000062s ]
SQL: SELECT * FROM `gd_config` LIMIT 1   [ RunTime:0.000085s ]
SQL: SHOW COLUMNS FROM `gd_task` [ RunTime:0.000534s ]
SQL: SELECT * FROM `gd_task`  [ RunTime:0.000073s ]
INFO: [ view_parse ] --START--
INFO: [ template_filter ] --START--
INFO: Run Behavior\ContentReplace [ RunTime:0.000076s ]
INFO: [ template_filter ] --END-- [ RunTime:0.000146s ]
NOTIC: [8] Undefined index: money /www/qiye/jiujiu/App/Runtime/Cache/Home/00e52909bed743ea261af4b6823297ff.php 第 86 行.
NOTIC: [8] Undefined index: username /www/qiye/jiujiu/App/Runtime/Cache/Home/00e52909bed743ea261af4b6823297ff.php 第 87 行.
NOTIC: [8] Undefined variable: ty /www/qiye/jiujiu/App/Runtime/Cache/Home/00e52909bed743ea261af4b6823297ff.php 第 159 行.
INFO: Run Behavior\ParseTemplate [ RunTime:0.014105s ]
INFO: [ view_parse ] --END-- [ RunTime:0.014166s ]
INFO: [ view_filter ] --START--
INFO: Run Behavior\WriteHtmlCache [ RunTime:0.000242s ]
INFO: [ view_filter ] --END-- [ RunTime:0.000298s ]
INFO: [ app_end ] --START--
INFO: Run Behavior\ShowPageTrace [ RunTime:0.000590s ]
INFO: [ app_end ] --END-- [ RunTime:0.000654s ]

[ 2018-08-13T13:40:10+08:00 ] 60.216.47.210 /index.php/login/login.html
INFO: [ app_begin ] --START--
INFO: Run Behavior\ReadHtmlCache [ RunTime:0.000607s ]
INFO: [ app_begin ] --END-- [ RunTime:0.001078s ]
NOTIC: [8192] mysql_connect(): The mysql extension is deprecated and will be removed in the future: use mysqli or PDO instead /www/qiye/jiujiu/ThinkPHP/Library/Think/Db/Driver/Mysql.class.php 第 52 行.
SQL: SHOW COLUMNS FROM `gd_config` [ RunTime:0.000839s ]
SQL: SELECT * FROM `gd_config` WHERE ( id=1 ) LIMIT 1   [ RunTime:0.000125s ]
INFO: [ view_parse ] --START--
INFO: [ template_filter ] --START--
INFO: Run Behavior\ContentReplace [ RunTime:0.000037s ]
INFO: [ template_filter ] --END-- [ RunTime:0.000099s ]
INFO: Run Behavior\ParseTemplate [ RunTime:0.007223s ]
INFO: [ view_parse ] --END-- [ RunTime:0.007291s ]
INFO: [ view_filter ] --START--
INFO: Run Behavior\WriteHtmlCache [ RunTime:0.000223s ]
INFO: [ view_filter ] --END-- [ RunTime:0.000278s ]
INFO: [ app_end ] --START--
INFO: Run Behavior\ShowPageTrace [ RunTime:0.000568s ]
INFO: [ app_end ] --END-- [ RunTime:0.000629s ]

[ 2018-08-13T13:51:33+08:00 ] 59.173.199.211 /
INFO: [ app_begin ] --START--
INFO: Run Behavior\ReadHtmlCache [ RunTime:0.000603s ]
INFO: [ app_begin ] --END-- [ RunTime:0.001086s ]
NOTIC: [8192] mysql_connect(): The mysql extension is deprecated and will be removed in the future: use mysqli or PDO instead /www/qiye/jiujiu/ThinkPHP/Library/Think/Db/Driver/Mysql.class.php 第 52 行.
SQL: SHOW COLUMNS FROM `gd_user` [ RunTime:0.000709s ]
NOTIC: [8] Undefined index: uid /www/qiye/jiujiu/App/Home/Controller/CommController.class.php 第 18 行.
SQL: SELECT * FROM `gd_user` WHERE ( id= ) LIMIT 1   [ RunTime:0.000083s ]
ERR: 1064:You have an error in your SQL syntax; check the manual that corresponds to your MySQL server version for the right syntax to use near ') LIMIT 1' at line 1
 [ SQL语句 ] : SELECT * FROM `gd_user` WHERE ( id= ) LIMIT 1  
SQL: SHOW COLUMNS FROM `gd_config` [ RunTime:0.000758s ]
SQL: SELECT * FROM `gd_config` WHERE ( id=1 ) LIMIT 1   [ RunTime:0.000093s ]
SQL: SHOW COLUMNS FROM `gd_czewm` [ RunTime:0.000541s ]
SQL: SELECT * FROM `gd_czewm`  [ RunTime:0.000064s ]
SQL: SELECT * FROM `gd_config` LIMIT 1   [ RunTime:0.000080s ]
SQL: SHOW COLUMNS FROM `gd_task` [ RunTime:0.000542s ]
SQL: SELECT * FROM `gd_task`  [ RunTime:0.000068s ]
INFO: [ view_parse ] --START--
INFO: [ template_filter ] --START--
INFO: Run Behavior\ContentReplace [ RunTime:0.000074s ]
INFO: [ template_filter ] --END-- [ RunTime:0.000138s ]
NOTIC: [8] Undefined index: money /www/qiye/jiujiu/App/Runtime/Cache/Home/00e52909bed743ea261af4b6823297ff.php 第 86 行.
NOTIC: [8] Undefined index: username /www/qiye/jiujiu/App/Runtime/Cache/Home/00e52909bed743ea261af4b6823297ff.php 第 87 行.
NOTIC: [8] Undefined variable: ty /www/qiye/jiujiu/App/Runtime/Cache/Home/00e52909bed743ea261af4b6823297ff.php 第 159 行.
INFO: Run Behavior\ParseTemplate [ RunTime:0.013636s ]
INFO: [ view_parse ] --END-- [ RunTime:0.013693s ]
INFO: [ view_filter ] --START--
INFO: Run Behavior\WriteHtmlCache [ RunTime:0.000240s ]
INFO: [ view_filter ] --END-- [ RunTime:0.000293s ]
INFO: 
INFO: 
INFO: 

[ 2018-08-13T16:54:10+08:00 ] 220.181.108.155 /
INFO: [ app_begin ] --START--
INFO: Run Behavior\ReadHtmlCache [ RunTime:0.000650s ]
INFO: [ app_begin ] --END-- [ RunTime:0.001123s ]
NOTIC: [8192] mysql_connect(): The mysql extension is deprecated and will be removed in the future: use mysqli or PDO instead /www/qiye/jiujiu/ThinkPHP/Library/Think/Db/Driver/Mysql.class.php 第 52 行.
SQL: SHOW COLUMNS FROM `gd_user` [ RunTime:0.000687s ]
NOTIC: [8] Undefined index: uid /www/qiye/jiujiu/App/Home/Controller/CommController.class.php 第 18 行.
SQL: SELECT * FROM `gd_user` WHERE ( id= ) LIMIT 1   [ RunTime:0.000084s ]
ERR: 1064:You have an error in your SQL syntax; check the manual that corresponds to your MySQL server version for the right syntax to use near ') LIMIT 1' at line 1
 [ SQL语句 ] : SELECT * FROM `gd_user` WHERE ( id= ) LIMIT 1  
SQL: SHOW COLUMNS FROM `gd_config` [ RunTime:0.000778s ]
SQL: SELECT * FROM `gd_config` WHERE ( id=1 ) LIMIT 1   [ RunTime:0.000096s ]
SQL: SHOW COLUMNS FROM `gd_czewm` [ RunTime:0.000548s ]
SQL: SELECT * FROM `gd_czewm`  [ RunTime:0.000066s ]
SQL: SELECT * FROM `gd_config` LIMIT 1   [ RunTime:0.000076s ]
SQL: SHOW COLUMNS FROM `gd_task` [ RunTime:0.000509s ]
SQL: SELECT * FROM `gd_task`  [ RunTime:0.000066s ]
INFO: [ view_parse ] --START--
INFO: [ template_filter ] --START--
INFO: Run Behavior\ContentReplace [ RunTime:0.000072s ]
INFO: [ template_filter ] --END-- [ RunTime:0.000136s ]
NOTIC: [8] Undefined index: money /www/qiye/jiujiu/App/Runtime/Cache/Home/00e52909bed743ea261af4b6823297ff.php 第 86 行.
NOTIC: [8] Undefined index: username /www/qiye/jiujiu/App/Runtime/Cache/Home/00e52909bed743ea261af4b6823297ff.php 第 87 行.
NOTIC: [8] Undefined variable: ty /www/qiye/jiujiu/App/Runtime/Cache/Home/00e52909bed743ea261af4b6823297ff.php 第 159 行.
INFO: Run Behavior\ParseTemplate [ RunTime:0.013134s ]
INFO: [ view_parse ] --END-- [ RunTime:0.013194s ]
INFO: [ view_filter ] --START--
INFO: Run Behavior\WriteHtmlCache [ RunTime:0.000241s ]
INFO: [ view_filter ] --END-- [ RunTime:0.000295s ]
INFO: [ app_end ] --START--
INFO: Run Behavior\ShowPageTrace [ RunTime:0.000555s ]
INFO: [ app_end ] --END-- [ RunTime:0.000615s ]

[ 2018-08-13T16:54:10+08:00 ] 220.181.108.88 /index.php/login/login.html
INFO: [ app_begin ] --START--
INFO: Run Behavior\ReadHtmlCache [ RunTime:0.000639s ]
INFO: [ app_begin ] --END-- [ RunTime:0.001103s ]
NOTIC: [8192] mysql_connect(): The mysql extension is deprecated and will be removed in the future: use mysqli or PDO instead /www/qiye/jiujiu/ThinkPHP/Library/Think/Db/Driver/Mysql.class.php 第 52 行.
SQL: SHOW COLUMNS FROM `gd_config` [ RunTime:0.000917s ]
SQL: SELECT * FROM `gd_config` WHERE ( id=1 ) LIMIT 1   [ RunTime:0.000133s ]
INFO: [ view_parse ] --START--
INFO: [ template_filter ] --START--
INFO: Run Behavior\ContentReplace [ RunTime:0.000054s ]
INFO: [ template_filter ] --END-- [ RunTime:0.000134s ]
INFO: Run Behavior\ParseTemplate [ RunTime:0.008950s ]
INFO: [ view_parse ] --END-- [ RunTime:0.009034s ]
INFO: [ view_filter ] --START--
INFO: Run Behavior\WriteHtmlCache [ RunTime:0.000269s ]
INFO: [ view_filter ] --END-- [ RunTime:0.000333s ]
INFO: [ app_end ] --START--
INFO: Run Behavior\ShowPageTrace [ RunTime:0.000700s ]
INFO: [ app_end ] --END-- [ RunTime:0.000773s ]

[ 2018-08-13T17:22:29+08:00 ] 64.246.165.200 /
INFO: [ app_begin ] --START--
INFO: Run Behavior\ReadHtmlCache [ RunTime:0.000633s ]
INFO: [ app_begin ] --END-- [ RunTime:0.001114s ]
NOTIC: [8192] mysql_connect(): The mysql extension is deprecated and will be removed in the future: use mysqli or PDO instead /www/qiye/jiujiu/ThinkPHP/Library/Think/Db/Driver/Mysql.class.php 第 52 行.
SQL: SHOW COLUMNS FROM `gd_user` [ RunTime:0.000744s ]
NOTIC: [8] Undefined index: uid /www/qiye/jiujiu/App/Home/Controller/CommController.class.php 第 18 行.
SQL: SELECT * FROM `gd_user` WHERE ( id= ) LIMIT 1   [ RunTime:0.000087s ]
ERR: 1064:You have an error in your SQL syntax; check the manual that corresponds to your MySQL server version for the right syntax to use near ') LIMIT 1' at line 1
 [ SQL语句 ] : SELECT * FROM `gd_user` WHERE ( id= ) LIMIT 1  
SQL: SHOW COLUMNS FROM `gd_config` [ RunTime:0.000836s ]
SQL: SELECT * FROM `gd_config` WHERE ( id=1 ) LIMIT 1   [ RunTime:0.000097s ]
SQL: SHOW COLUMNS FROM `gd_czewm` [ RunTime:0.000641s ]
SQL: SELECT * FROM `gd_czewm`  [ RunTime:0.000070s ]
SQL: SELECT * FROM `gd_config` LIMIT 1   [ RunTime:0.000079s ]
SQL: SHOW COLUMNS FROM `gd_task` [ RunTime:0.000564s ]
SQL: SELECT * FROM `gd_task`  [ RunTime:0.000065s ]
INFO: [ view_parse ] --START--
INFO: [ template_filter ] --START--
INFO: Run Behavior\ContentReplace [ RunTime:0.000074s ]
INFO: [ template_filter ] --END-- [ RunTime:0.000142s ]
NOTIC: [8] Undefined index: money /www/qiye/jiujiu/App/Runtime/Cache/Home/00e52909bed743ea261af4b6823297ff.php 第 86 行.
NOTIC: [8] Undefined index: username /www/qiye/jiujiu/App/Runtime/Cache/Home/00e52909bed743ea261af4b6823297ff.php 第 87 行.
NOTIC: [8] Undefined variable: ty /www/qiye/jiujiu/App/Runtime/Cache/Home/00e52909bed743ea261af4b6823297ff.php 第 159 行.
INFO: Run Behavior\ParseTemplate [ RunTime:0.013862s ]
INFO: [ view_parse ] --END-- [ RunTime:0.013924s ]
INFO: [ view_filter ] --START--
INFO: Run Behavior\WriteHtmlCache [ RunTime:0.000243s ]
INFO: [ view_filter ] --END-- [ RunTime:0.000299s ]
INFO: [ app_end ] --START--
INFO: Run Behavior\ShowPageTrace [ RunTime:0.000584s ]
INFO: [ app_end ] --END-- [ RunTime:0.000646s ]

[ 2018-08-13T17:57:41+08:00 ] 111.206.36.12 /
INFO: [ app_begin ] --START--
INFO: Run Behavior\ReadHtmlCache [ RunTime:0.000621s ]
INFO: [ app_begin ] --END-- [ RunTime:0.001073s ]
NOTIC: [8192] mysql_connect(): The mysql extension is deprecated and will be removed in the future: use mysqli or PDO instead /www/qiye/jiujiu/ThinkPHP/Library/Think/Db/Driver/Mysql.class.php 第 52 行.
SQL: SHOW COLUMNS FROM `gd_user` [ RunTime:0.000734s ]
NOTIC: [8] Undefined index: uid /www/qiye/jiujiu/App/Home/Controller/CommController.class.php 第 18 行.
SQL: SELECT * FROM `gd_user` WHERE ( id= ) LIMIT 1   [ RunTime:0.000093s ]
ERR: 1064:You have an error in your SQL syntax; check the manual that corresponds to your MySQL server version for the right syntax to use near ') LIMIT 1' at line 1
 [ SQL语句 ] : SELECT * FROM `gd_user` WHERE ( id= ) LIMIT 1  
SQL: SHOW COLUMNS FROM `gd_config` [ RunTime:0.000772s ]
SQL: SELECT * FROM `gd_config` WHERE ( id=1 ) LIMIT 1   [ RunTime:0.000089s ]
SQL: SHOW COLUMNS FROM `gd_czewm` [ RunTime:0.000565s ]
SQL: SELECT * FROM `gd_czewm`  [ RunTime:0.000061s ]
SQL: SELECT * FROM `gd_config` LIMIT 1   [ RunTime:0.000075s ]
SQL: SHOW COLUMNS FROM `gd_task` [ RunTime:0.000567s ]
SQL: SELECT * FROM `gd_task`  [ RunTime:0.000066s ]
INFO: [ view_parse ] --START--
INFO: [ template_filter ] --START--
INFO: Run Behavior\ContentReplace [ RunTime:0.000080s ]
INFO: [ template_filter ] --END-- [ RunTime:0.000145s ]
NOTIC: [8] Undefined index: money /www/qiye/jiujiu/App/Runtime/Cache/Home/00e52909bed743ea261af4b6823297ff.php 第 86 行.
NOTIC: [8] Undefined index: username /www/qiye/jiujiu/App/Runtime/Cache/Home/00e52909bed743ea261af4b6823297ff.php 第 87 行.
NOTIC: [8] Undefined variable: ty /www/qiye/jiujiu/App/Runtime/Cache/Home/00e52909bed743ea261af4b6823297ff.php 第 159 行.
INFO: Run Behavior\ParseTemplate [ RunTime:0.013763s ]
INFO: [ view_parse ] --END-- [ RunTime:0.013823s ]
INFO: [ view_filter ] --START--
INFO: Run Behavior\WriteHtmlCache [ RunTime:0.000235s ]
INFO: [ view_filter ] --END-- [ RunTime:0.000288s ]
INFO: [ app_end ] --START--
INFO: Run Behavior\ShowPageTrace [ RunTime:0.000564s ]
INFO: [ app_end ] --END-- [ RunTime:0.000627s ]

