[ 2018-08-29T05:06:14+08:00 ] 120.92.72.104 /
INFO: [ app_begin ] --START--
INFO: Run Behavior\ReadHtmlCache [ RunTime:0.000698s ]
INFO: [ app_begin ] --END-- [ RunTime:0.001207s ]
NOTIC: [8192] mysql_connect(): The mysql extension is deprecated and will be removed in the future: use mysqli or PDO instead /www/qiye/jiujiu/ThinkPHP/Library/Think/Db/Driver/Mysql.class.php 第 52 行.
SQL: SHOW COLUMNS FROM `gd_user` [ RunTime:0.000867s ]
NOTIC: [8] Undefined index: uid /www/qiye/jiujiu/App/Home/Controller/CommController.class.php 第 18 行.
SQL: SELECT * FROM `gd_user` WHERE ( id= ) LIMIT 1   [ RunTime:0.000097s ]
ERR: 1064:You have an error in your SQL syntax; check the manual that corresponds to your MySQL server version for the right syntax to use near ') LIMIT 1' at line 1
 [ SQL语句 ] : SELECT * FROM `gd_user` WHERE ( id= ) LIMIT 1  
SQL: SHOW COLUMNS FROM `gd_config` [ RunTime:0.000820s ]
SQL: SELECT * FROM `gd_config` WHERE ( id=1 ) LIMIT 1   [ RunTime:0.000097s ]
SQL: SHOW COLUMNS FROM `gd_czewm` [ RunTime:0.000588s ]
SQL: SELECT * FROM `gd_czewm`  [ RunTime:0.000062s ]
SQL: SELECT * FROM `gd_config` LIMIT 1   [ RunTime:0.000068s ]
SQL: SHOW COLUMNS FROM `gd_task` [ RunTime:0.000547s ]
SQL: SELECT * FROM `gd_task`  [ RunTime:0.000067s ]
INFO: [ view_parse ] --START--
INFO: [ template_filter ] --START--
INFO: Run Behavior\ContentReplace [ RunTime:0.000084s ]
INFO: [ template_filter ] --END-- [ RunTime:0.000150s ]
NOTIC: [8] Undefined index: money /www/qiye/jiujiu/App/Runtime/Cache/Home/00e52909bed743ea261af4b6823297ff.php 第 86 行.
NOTIC: [8] Undefined index: username /www/qiye/jiujiu/App/Runtime/Cache/Home/00e52909bed743ea261af4b6823297ff.php 第 87 行.
NOTIC: [8] Undefined variable: ty /www/qiye/jiujiu/App/Runtime/Cache/Home/00e52909bed743ea261af4b6823297ff.php 第 159 行.
INFO: Run Behavior\ParseTemplate [ RunTime:0.013306s ]
INFO: [ view_parse ] --END-- [ RunTime:0.013365s ]
INFO: [ view_filter ] --START--
INFO: Run Behavior\WriteHtmlCache [ RunTime:0.000250s ]
INFO: [ view_filter ] --END-- [ RunTime:0.000304s ]
INFO: [ app_end ] --START--
INFO: Run Behavior\ShowPageTrace [ RunTime:0.000595s ]
INFO: [ app_end ] --END-- [ RunTime:0.000659s ]

[ 2018-08-29T05:06:14+08:00 ] 120.92.72.116 /index.php/news/index.html
INFO: [ app_begin ] --START--
INFO: Run Behavior\ReadHtmlCache [ RunTime:0.000614s ]
INFO: [ app_begin ] --END-- [ RunTime:0.001114s ]
NOTIC: [8192] mysql_connect(): The mysql extension is deprecated and will be removed in the future: use mysqli or PDO instead /www/qiye/jiujiu/ThinkPHP/Library/Think/Db/Driver/Mysql.class.php 第 52 行.
SQL: SHOW COLUMNS FROM `gd_user` [ RunTime:0.000846s ]
NOTIC: [8] Undefined index: uid /www/qiye/jiujiu/App/Home/Controller/CommController.class.php 第 18 行.
SQL: SELECT * FROM `gd_user` WHERE ( id= ) LIMIT 1   [ RunTime:0.000087s ]
ERR: 1064:You have an error in your SQL syntax; check the manual that corresponds to your MySQL server version for the right syntax to use near ') LIMIT 1' at line 1
 [ SQL语句 ] : SELECT * FROM `gd_user` WHERE ( id= ) LIMIT 1  
SQL: SHOW COLUMNS FROM `gd_config` [ RunTime:0.000857s ]
SQL: SELECT * FROM `gd_config` WHERE ( id=1 ) LIMIT 1   [ RunTime:0.000108s ]
SQL: SHOW COLUMNS FROM `gd_news` [ RunTime:0.000538s ]
SQL: SELECT COUNT(*) AS tp_count FROM `gd_news` LIMIT 1   [ RunTime:0.000069s ]
SQL: SELECT * FROM `gd_news` ORDER BY sort desc,addtime desc LIMIT 0,20   [ RunTime:0.000065s ]
INFO: [ view_parse ] --START--
INFO: [ template_filter ] --START--
INFO: Run Behavior\ContentReplace [ RunTime:0.000042s ]
INFO: [ template_filter ] --END-- [ RunTime:0.000100s ]
INFO: Run Behavior\ParseTemplate [ RunTime:0.008101s ]
INFO: [ view_parse ] --END-- [ RunTime:0.008163s ]
INFO: [ view_filter ] --START--
INFO: Run Behavior\WriteHtmlCache [ RunTime:0.000260s ]
INFO: [ view_filter ] --END-- [ RunTime:0.000311s ]
INFO: [ app_end ] --START--
INFO: Run Behavior\ShowPageTrace [ RunTime:0.000574s ]
INFO: [ app_end ] --END-- [ RunTime:0.000629s ]

[ 2018-08-29T05:06:14+08:00 ] 120.92.72.106 /index.php/login/login.html
INFO: [ app_begin ] --START--
INFO: Run Behavior\ReadHtmlCache [ RunTime:0.000542s ]
INFO: [ app_begin ] --END-- [ RunTime:0.000929s ]
NOTIC: [8192] mysql_connect(): The mysql extension is deprecated and will be removed in the future: use mysqli or PDO instead /www/qiye/jiujiu/ThinkPHP/Library/Think/Db/Driver/Mysql.class.php 第 52 行.
SQL: SHOW COLUMNS FROM `gd_config` [ RunTime:0.000924s ]
SQL: SELECT * FROM `gd_config` WHERE ( id=1 ) LIMIT 1   [ RunTime:0.000121s ]
INFO: [ view_parse ] --START--
INFO: [ template_filter ] --START--
INFO: Run Behavior\ContentReplace [ RunTime:0.000048s ]
INFO: [ template_filter ] --END-- [ RunTime:0.000121s ]
INFO: Run Behavior\ParseTemplate [ RunTime:0.008373s ]
INFO: [ view_parse ] --END-- [ RunTime:0.008454s ]
INFO: [ view_filter ] --START--
INFO: Run Behavior\WriteHtmlCache [ RunTime:0.000290s ]
INFO: [ view_filter ] --END-- [ RunTime:0.000356s ]
INFO: [ app_end ] --START--
INFO: Run Behavior\ShowPageTrace [ RunTime:0.000722s ]
INFO: [ app_end ] --END-- [ RunTime:0.000795s ]

[ 2018-08-29T05:07:16+08:00 ] 101.226.113.53 /
INFO: [ app_begin ] --START--
INFO: Run Behavior\ReadHtmlCache [ RunTime:0.000676s ]
INFO: [ app_begin ] --END-- [ RunTime:0.001178s ]
NOTIC: [8192] mysql_connect(): The mysql extension is deprecated and will be removed in the future: use mysqli or PDO instead /www/qiye/jiujiu/ThinkPHP/Library/Think/Db/Driver/Mysql.class.php 第 52 行.
SQL: SHOW COLUMNS FROM `gd_user` [ RunTime:0.000939s ]
NOTIC: [8] Undefined index: uid /www/qiye/jiujiu/App/Home/Controller/CommController.class.php 第 18 行.
SQL: SELECT * FROM `gd_user` WHERE ( id= ) LIMIT 1   [ RunTime:0.000093s ]
ERR: 1064:You have an error in your SQL syntax; check the manual that corresponds to your MySQL server version for the right syntax to use near ') LIMIT 1' at line 1
 [ SQL语句 ] : SELECT * FROM `gd_user` WHERE ( id= ) LIMIT 1  
SQL: SHOW COLUMNS FROM `gd_config` [ RunTime:0.000786s ]
SQL: SELECT * FROM `gd_config` WHERE ( id=1 ) LIMIT 1   [ RunTime:0.000113s ]
SQL: SHOW COLUMNS FROM `gd_czewm` [ RunTime:0.000601s ]
SQL: SELECT * FROM `gd_czewm`  [ RunTime:0.000066s ]
SQL: SELECT * FROM `gd_config` LIMIT 1   [ RunTime:0.000072s ]
SQL: SHOW COLUMNS FROM `gd_task` [ RunTime:0.000575s ]
SQL: SELECT * FROM `gd_task`  [ RunTime:0.000071s ]
INFO: [ view_parse ] --START--
INFO: [ template_filter ] --START--
INFO: Run Behavior\ContentReplace [ RunTime:0.000076s ]
INFO: [ template_filter ] --END-- [ RunTime:0.000142s ]
NOTIC: [8] Undefined index: money /www/qiye/jiujiu/App/Runtime/Cache/Home/00e52909bed743ea261af4b6823297ff.php 第 86 行.
NOTIC: [8] Undefined index: username /www/qiye/jiujiu/App/Runtime/Cache/Home/00e52909bed743ea261af4b6823297ff.php 第 87 行.
NOTIC: [8] Undefined variable: ty /www/qiye/jiujiu/App/Runtime/Cache/Home/00e52909bed743ea261af4b6823297ff.php 第 159 行.
INFO: Run Behavior\ParseTemplate [ RunTime:0.013254s ]
INFO: [ view_parse ] --END-- [ RunTime:0.013315s ]
INFO: [ view_filter ] --START--
INFO: Run Behavior\WriteHtmlCache [ RunTime:0.000248s ]
INFO: [ view_filter ] --END-- [ RunTime:0.000302s ]
INFO: [ app_end ] --START--
INFO: Run Behavior\ShowPageTrace [ RunTime:0.000582s ]
INFO: [ app_end ] --END-- [ RunTime:0.000644s ]

[ 2018-08-29T05:07:16+08:00 ] 101.226.113.53 /index.php/news/index.html
INFO: [ app_begin ] --START--
INFO: Run Behavior\ReadHtmlCache [ RunTime:0.000660s ]
INFO: [ app_begin ] --END-- [ RunTime:0.001150s ]
NOTIC: [8192] mysql_connect(): The mysql extension is deprecated and will be removed in the future: use mysqli or PDO instead /www/qiye/jiujiu/ThinkPHP/Library/Think/Db/Driver/Mysql.class.php 第 52 行.
SQL: SHOW COLUMNS FROM `gd_user` [ RunTime:0.000878s ]
NOTIC: [8] Undefined index: uid /www/qiye/jiujiu/App/Home/Controller/CommController.class.php 第 18 行.
SQL: SELECT * FROM `gd_user` WHERE ( id= ) LIMIT 1   [ RunTime:0.000097s ]
ERR: 1064:You have an error in your SQL syntax; check the manual that corresponds to your MySQL server version for the right syntax to use near ') LIMIT 1' at line 1
 [ SQL语句 ] : SELECT * FROM `gd_user` WHERE ( id= ) LIMIT 1  
SQL: SHOW COLUMNS FROM `gd_config` [ RunTime:0.000834s ]
SQL: SELECT * FROM `gd_config` WHERE ( id=1 ) LIMIT 1   [ RunTime:0.000161s ]
SQL: SHOW COLUMNS FROM `gd_news` [ RunTime:0.000775s ]
SQL: SELECT COUNT(*) AS tp_count FROM `gd_news` LIMIT 1   [ RunTime:0.000077s ]
SQL: SELECT * FROM `gd_news` ORDER BY sort desc,addtime desc LIMIT 0,20   [ RunTime:0.000102s ]
INFO: [ view_parse ] --START--
INFO: [ template_filter ] --START--
INFO: Run Behavior\ContentReplace [ RunTime:0.000057s ]
INFO: [ template_filter ] --END-- [ RunTime:0.000132s ]
INFO: Run Behavior\ParseTemplate [ RunTime:0.009844s ]
INFO: [ view_parse ] --END-- [ RunTime:0.009923s ]
INFO: [ view_filter ] --START--
INFO: Run Behavior\WriteHtmlCache [ RunTime:0.000287s ]
INFO: [ view_filter ] --END-- [ RunTime:0.000351s ]
INFO: [ app_end ] --START--
INFO: Run Behavior\ShowPageTrace [ RunTime:0.000716s ]
INFO: [ app_end ] --END-- [ RunTime:0.000788s ]

[ 2018-08-29T05:58:39+08:00 ] 198.50.249.137 /downloader/
INFO: [ app_begin ] --START--
INFO: Run Behavior\ReadHtmlCache [ RunTime:0.000634s ]
INFO: [ app_begin ] --END-- [ RunTime:0.001111s ]
NOTIC: [8192] mysql_connect(): The mysql extension is deprecated and will be removed in the future: use mysqli or PDO instead /www/qiye/jiujiu/ThinkPHP/Library/Think/Db/Driver/Mysql.class.php 第 52 行.
SQL: SHOW COLUMNS FROM `gd_user` [ RunTime:0.000896s ]
NOTIC: [8] Undefined index: uid /www/qiye/jiujiu/App/Home/Controller/CommController.class.php 第 18 行.
SQL: SELECT * FROM `gd_user` WHERE ( id= ) LIMIT 1   [ RunTime:0.000104s ]
ERR: 1064:You have an error in your SQL syntax; check the manual that corresponds to your MySQL server version for the right syntax to use near ') LIMIT 1' at line 1
 [ SQL语句 ] : SELECT * FROM `gd_user` WHERE ( id= ) LIMIT 1  
SQL: SHOW COLUMNS FROM `gd_config` [ RunTime:0.000892s ]
SQL: SELECT * FROM `gd_config` WHERE ( id=1 ) LIMIT 1   [ RunTime:0.000112s ]

[ 2018-08-29T05:58:41+08:00 ] 198.50.249.137 /index.php/index/index.html
INFO: [ app_begin ] --START--
INFO: Run Behavior\ReadHtmlCache [ RunTime:0.000642s ]
INFO: [ app_begin ] --END-- [ RunTime:0.001125s ]
NOTIC: [8192] mysql_connect(): The mysql extension is deprecated and will be removed in the future: use mysqli or PDO instead /www/qiye/jiujiu/ThinkPHP/Library/Think/Db/Driver/Mysql.class.php 第 52 行.
SQL: SHOW COLUMNS FROM `gd_user` [ RunTime:0.000759s ]
NOTIC: [8] Undefined index: uid /www/qiye/jiujiu/App/Home/Controller/CommController.class.php 第 18 行.
SQL: SELECT * FROM `gd_user` WHERE ( id= ) LIMIT 1   [ RunTime:0.000092s ]
ERR: 1064:You have an error in your SQL syntax; check the manual that corresponds to your MySQL server version for the right syntax to use near ') LIMIT 1' at line 1
 [ SQL语句 ] : SELECT * FROM `gd_user` WHERE ( id= ) LIMIT 1  
SQL: SHOW COLUMNS FROM `gd_config` [ RunTime:0.000839s ]
SQL: SELECT * FROM `gd_config` WHERE ( id=1 ) LIMIT 1   [ RunTime:0.000107s ]
SQL: SHOW COLUMNS FROM `gd_czewm` [ RunTime:0.000620s ]
SQL: SELECT * FROM `gd_czewm`  [ RunTime:0.000076s ]
SQL: SELECT * FROM `gd_config` LIMIT 1   [ RunTime:0.000087s ]
SQL: SHOW COLUMNS FROM `gd_task` [ RunTime:0.000657s ]
SQL: SELECT * FROM `gd_task`  [ RunTime:0.000090s ]
INFO: [ view_parse ] --START--
INFO: [ template_filter ] --START--
INFO: Run Behavior\ContentReplace [ RunTime:0.000088s ]
INFO: [ template_filter ] --END-- [ RunTime:0.000166s ]
NOTIC: [8] Undefined index: money /www/qiye/jiujiu/App/Runtime/Cache/Home/00e52909bed743ea261af4b6823297ff.php 第 86 行.
NOTIC: [8] Undefined index: username /www/qiye/jiujiu/App/Runtime/Cache/Home/00e52909bed743ea261af4b6823297ff.php 第 87 行.
NOTIC: [8] Undefined variable: ty /www/qiye/jiujiu/App/Runtime/Cache/Home/00e52909bed743ea261af4b6823297ff.php 第 159 行.
INFO: Run Behavior\ParseTemplate [ RunTime:0.015012s ]
INFO: [ view_parse ] --END-- [ RunTime:0.015104s ]
INFO: [ view_filter ] --START--
INFO: Run Behavior\WriteHtmlCache [ RunTime:0.000264s ]
INFO: [ view_filter ] --END-- [ RunTime:0.000323s ]
INFO: [ app_end ] --START--
INFO: Run Behavior\ShowPageTrace [ RunTime:0.000642s ]
INFO: [ app_end ] --END-- [ RunTime:0.000714s ]

[ 2018-08-29T09:16:49+08:00 ] 49.89.178.254 /
INFO: [ app_begin ] --START--
INFO: Run Behavior\ReadHtmlCache [ RunTime:0.000607s ]
INFO: [ app_begin ] --END-- [ RunTime:0.001067s ]
NOTIC: [8192] mysql_connect(): The mysql extension is deprecated and will be removed in the future: use mysqli or PDO instead /www/qiye/jiujiu/ThinkPHP/Library/Think/Db/Driver/Mysql.class.php 第 52 行.
SQL: SHOW COLUMNS FROM `gd_user` [ RunTime:0.000712s ]
NOTIC: [8] Undefined index: uid /www/qiye/jiujiu/App/Home/Controller/CommController.class.php 第 18 行.
SQL: SELECT * FROM `gd_user` WHERE ( id= ) LIMIT 1   [ RunTime:0.000085s ]
ERR: 1064:You have an error in your SQL syntax; check the manual that corresponds to your MySQL server version for the right syntax to use near ') LIMIT 1' at line 1
 [ SQL语句 ] : SELECT * FROM `gd_user` WHERE ( id= ) LIMIT 1  
SQL: SHOW COLUMNS FROM `gd_config` [ RunTime:0.000798s ]
SQL: SELECT * FROM `gd_config` WHERE ( id=1 ) LIMIT 1   [ RunTime:0.000091s ]
SQL: SHOW COLUMNS FROM `gd_czewm` [ RunTime:0.000623s ]
SQL: SELECT * FROM `gd_czewm`  [ RunTime:0.000071s ]
SQL: SELECT * FROM `gd_config` LIMIT 1   [ RunTime:0.000070s ]
SQL: SHOW COLUMNS FROM `gd_task` [ RunTime:0.000558s ]
SQL: SELECT * FROM `gd_task`  [ RunTime:0.000069s ]
INFO: [ view_parse ] --START--
INFO: [ template_filter ] --START--
INFO: Run Behavior\ContentReplace [ RunTime:0.000070s ]
INFO: [ template_filter ] --END-- [ RunTime:0.000148s ]
NOTIC: [8] Undefined index: money /www/qiye/jiujiu/App/Runtime/Cache/Home/00e52909bed743ea261af4b6823297ff.php 第 86 行.
NOTIC: [8] Undefined index: username /www/qiye/jiujiu/App/Runtime/Cache/Home/00e52909bed743ea261af4b6823297ff.php 第 87 行.
NOTIC: [8] Undefined variable: ty /www/qiye/jiujiu/App/Runtime/Cache/Home/00e52909bed743ea261af4b6823297ff.php 第 159 行.
INFO: Run Behavior\ParseTemplate [ RunTime:0.012647s ]
INFO: [ view_parse ] --END-- [ RunTime:0.012718s ]
INFO: [ view_filter ] --START--
INFO: Run Behavior\WriteHtmlCache [ RunTime:0.000227s ]
INFO: [ view_filter ] --END-- [ RunTime:0.000289s ]
INFO: [ app_end ] --START--
INFO: Run Behavior\ShowPageTrace [ RunTime:0.000526s ]
INFO: [ app_end ] --END-- [ RunTime:0.000583s ]

[ 2018-08-29T09:16:50+08:00 ] 49.89.178.254 /index.php/login/login.html
INFO: [ app_begin ] --START--
INFO: Run Behavior\ReadHtmlCache [ RunTime:0.000644s ]
INFO: [ app_begin ] --END-- [ RunTime:0.001113s ]
NOTIC: [8192] mysql_connect(): The mysql extension is deprecated and will be removed in the future: use mysqli or PDO instead /www/qiye/jiujiu/ThinkPHP/Library/Think/Db/Driver/Mysql.class.php 第 52 行.
SQL: SHOW COLUMNS FROM `gd_config` [ RunTime:0.000964s ]
SQL: SELECT * FROM `gd_config` WHERE ( id=1 ) LIMIT 1   [ RunTime:0.000106s ]
INFO: [ view_parse ] --START--
INFO: [ template_filter ] --START--
INFO: Run Behavior\ContentReplace [ RunTime:0.000039s ]
INFO: [ template_filter ] --END-- [ RunTime:0.000104s ]
INFO: Run Behavior\ParseTemplate [ RunTime:0.007282s ]
INFO: [ view_parse ] --END-- [ RunTime:0.007350s ]
INFO: [ view_filter ] --START--
INFO: Run Behavior\WriteHtmlCache [ RunTime:0.000288s ]
INFO: [ view_filter ] --END-- [ RunTime:0.000345s ]
INFO: [ app_end ] --START--
INFO: Run Behavior\ShowPageTrace [ RunTime:0.000591s ]
INFO: [ app_end ] --END-- [ RunTime:0.000653s ]

[ 2018-08-29T09:46:55+08:00 ] 178.63.34.189 /
INFO: [ app_begin ] --START--
INFO: Run Behavior\ReadHtmlCache [ RunTime:0.000660s ]
INFO: [ app_begin ] --END-- [ RunTime:0.001143s ]
NOTIC: [8192] mysql_connect(): The mysql extension is deprecated and will be removed in the future: use mysqli or PDO instead /www/qiye/jiujiu/ThinkPHP/Library/Think/Db/Driver/Mysql.class.php 第 52 行.
SQL: SHOW COLUMNS FROM `gd_user` [ RunTime:0.000739s ]
NOTIC: [8] Undefined index: uid /www/qiye/jiujiu/App/Home/Controller/CommController.class.php 第 18 行.
SQL: SELECT * FROM `gd_user` WHERE ( id= ) LIMIT 1   [ RunTime:0.000085s ]
ERR: 1064:You have an error in your SQL syntax; check the manual that corresponds to your MySQL server version for the right syntax to use near ') LIMIT 1' at line 1
 [ SQL语句 ] : SELECT * FROM `gd_user` WHERE ( id= ) LIMIT 1  
SQL: SHOW COLUMNS FROM `gd_config` [ RunTime:0.000775s ]
SQL: SELECT * FROM `gd_config` WHERE ( id=1 ) LIMIT 1   [ RunTime:0.000092s ]
SQL: SHOW COLUMNS FROM `gd_czewm` [ RunTime:0.000531s ]
SQL: SELECT * FROM `gd_czewm`  [ RunTime:0.000067s ]
SQL: SELECT * FROM `gd_config` LIMIT 1   [ RunTime:0.000079s ]
SQL: SHOW COLUMNS FROM `gd_task` [ RunTime:0.000576s ]
SQL: SELECT * FROM `gd_task`  [ RunTime:0.000083s ]
INFO: [ view_parse ] --START--
INFO: [ template_filter ] --START--
INFO: Run Behavior\ContentReplace [ RunTime:0.000083s ]
INFO: [ template_filter ] --END-- [ RunTime:0.000156s ]
NOTIC: [8] Undefined index: money /www/qiye/jiujiu/App/Runtime/Cache/Home/00e52909bed743ea261af4b6823297ff.php 第 86 行.
NOTIC: [8] Undefined index: username /www/qiye/jiujiu/App/Runtime/Cache/Home/00e52909bed743ea261af4b6823297ff.php 第 87 行.
NOTIC: [8] Undefined variable: ty /www/qiye/jiujiu/App/Runtime/Cache/Home/00e52909bed743ea261af4b6823297ff.php 第 159 行.
INFO: Run Behavior\ParseTemplate [ RunTime:0.014623s ]
INFO: [ view_parse ] --END-- [ RunTime:0.014687s ]
INFO: [ view_filter ] --START--
INFO: Run Behavior\WriteHtmlCache [ RunTime:0.000255s ]
INFO: [ view_filter ] --END-- [ RunTime:0.000310s ]
INFO: [ app_end ] --START--
INFO: Run Behavior\ShowPageTrace [ RunTime:0.000608s ]
INFO: [ app_end ] --END-- [ RunTime:0.000673s ]

[ 2018-08-29T12:20:20+08:00 ] 209.95.51.171 /
INFO: [ app_begin ] --START--
INFO: Run Behavior\ReadHtmlCache [ RunTime:0.000648s ]
INFO: [ app_begin ] --END-- [ RunTime:0.001139s ]
NOTIC: [8192] mysql_connect(): The mysql extension is deprecated and will be removed in the future: use mysqli or PDO instead /www/qiye/jiujiu/ThinkPHP/Library/Think/Db/Driver/Mysql.class.php 第 52 行.
SQL: SHOW COLUMNS FROM `gd_user` [ RunTime:0.000695s ]
NOTIC: [8] Undefined index: uid /www/qiye/jiujiu/App/Home/Controller/CommController.class.php 第 18 行.
SQL: SELECT * FROM `gd_user` WHERE ( id= ) LIMIT 1   [ RunTime:0.000085s ]
ERR: 1064:You have an error in your SQL syntax; check the manual that corresponds to your MySQL server version for the right syntax to use near ') LIMIT 1' at line 1
 [ SQL语句 ] : SELECT * FROM `gd_user` WHERE ( id= ) LIMIT 1  
SQL: SHOW COLUMNS FROM `gd_config` [ RunTime:0.000718s ]
SQL: SELECT * FROM `gd_config` WHERE ( id=1 ) LIMIT 1   [ RunTime:0.000116s ]
SQL: SHOW COLUMNS FROM `gd_czewm` [ RunTime:0.000520s ]
SQL: SELECT * FROM `gd_czewm`  [ RunTime:0.000065s ]
SQL: SELECT * FROM `gd_config` LIMIT 1   [ RunTime:0.000075s ]
SQL: SHOW COLUMNS FROM `gd_task` [ RunTime:0.000563s ]
SQL: SELECT * FROM `gd_task`  [ RunTime:0.000076s ]
INFO: [ view_parse ] --START--
INFO: [ template_filter ] --START--
INFO: Run Behavior\ContentReplace [ RunTime:0.000078s ]
INFO: [ template_filter ] --END-- [ RunTime:0.000148s ]
NOTIC: [8] Undefined index: money /www/qiye/jiujiu/App/Runtime/Cache/Home/00e52909bed743ea261af4b6823297ff.php 第 86 行.
NOTIC: [8] Undefined index: username /www/qiye/jiujiu/App/Runtime/Cache/Home/00e52909bed743ea261af4b6823297ff.php 第 87 行.
NOTIC: [8] Undefined variable: ty /www/qiye/jiujiu/App/Runtime/Cache/Home/00e52909bed743ea261af4b6823297ff.php 第 159 行.
INFO: Run Behavior\ParseTemplate [ RunTime:0.014820s ]
INFO: [ view_parse ] --END-- [ RunTime:0.014886s ]
INFO: [ view_filter ] --START--
INFO: Run Behavior\WriteHtmlCache [ RunTime:0.000271s ]
INFO: [ view_filter ] --END-- [ RunTime:0.000330s ]
INFO: [ app_end ] --START--
INFO: Run Behavior\ShowPageTrace [ RunTime:0.000625s ]
INFO: [ app_end ] --END-- [ RunTime:0.000693s ]

[ 2018-08-29T12:20:21+08:00 ] 209.95.51.171 /index.php/login/login.html
INFO: [ app_begin ] --START--
INFO: Run Behavior\ReadHtmlCache [ RunTime:0.000677s ]
INFO: [ app_begin ] --END-- [ RunTime:0.001173s ]
NOTIC: [8192] mysql_connect(): The mysql extension is deprecated and will be removed in the future: use mysqli or PDO instead /www/qiye/jiujiu/ThinkPHP/Library/Think/Db/Driver/Mysql.class.php 第 52 行.
SQL: SHOW COLUMNS FROM `gd_config` [ RunTime:0.000847s ]
SQL: SELECT * FROM `gd_config` WHERE ( id=1 ) LIMIT 1   [ RunTime:0.000115s ]
INFO: [ view_parse ] --START--
INFO: [ template_filter ] --START--
INFO: Run Behavior\ContentReplace [ RunTime:0.000044s ]
INFO: [ template_filter ] --END-- [ RunTime:0.000116s ]
INFO: Run Behavior\ParseTemplate [ RunTime:0.009109s ]
INFO: [ view_parse ] --END-- [ RunTime:0.009203s ]
INFO: [ view_filter ] --START--
INFO: Run Behavior\WriteHtmlCache [ RunTime:0.000264s ]
INFO: [ view_filter ] --END-- [ RunTime:0.000327s ]
INFO: [ app_end ] --START--
INFO: Run Behavior\ShowPageTrace [ RunTime:0.000699s ]
INFO: [ app_end ] --END-- [ RunTime:0.000770s ]

[ 2018-08-29T12:20:25+08:00 ] 209.95.51.171 /
INFO: [ app_begin ] --START--
INFO: Run Behavior\ReadHtmlCache [ RunTime:0.000637s ]
INFO: [ app_begin ] --END-- [ RunTime:0.001114s ]
NOTIC: [8192] mysql_connect(): The mysql extension is deprecated and will be removed in the future: use mysqli or PDO instead /www/qiye/jiujiu/ThinkPHP/Library/Think/Db/Driver/Mysql.class.php 第 52 行.
SQL: SHOW COLUMNS FROM `gd_user` [ RunTime:0.000750s ]
NOTIC: [8] Undefined index: uid /www/qiye/jiujiu/App/Home/Controller/CommController.class.php 第 18 行.
SQL: SELECT * FROM `gd_user` WHERE ( id= ) LIMIT 1   [ RunTime:0.000091s ]
ERR: 1064:You have an error in your SQL syntax; check the manual that corresponds to your MySQL server version for the right syntax to use near ') LIMIT 1' at line 1
 [ SQL语句 ] : SELECT * FROM `gd_user` WHERE ( id= ) LIMIT 1  
SQL: SHOW COLUMNS FROM `gd_config` [ RunTime:0.000792s ]
SQL: SELECT * FROM `gd_config` WHERE ( id=1 ) LIMIT 1   [ RunTime:0.000098s ]
SQL: SHOW COLUMNS FROM `gd_czewm` [ RunTime:0.000550s ]
SQL: SELECT * FROM `gd_czewm`  [ RunTime:0.000068s ]
SQL: SELECT * FROM `gd_config` LIMIT 1   [ RunTime:0.000089s ]
SQL: SHOW COLUMNS FROM `gd_task` [ RunTime:0.000596s ]
SQL: SELECT * FROM `gd_task`  [ RunTime:0.000092s ]
INFO: [ view_parse ] --START--
INFO: [ template_filter ] --START--
INFO: Run Behavior\ContentReplace [ RunTime:0.000081s ]
INFO: [ template_filter ] --END-- [ RunTime:0.000156s ]
NOTIC: [8] Undefined index: money /www/qiye/jiujiu/App/Runtime/Cache/Home/00e52909bed743ea261af4b6823297ff.php 第 86 行.
NOTIC: [8] Undefined index: username /www/qiye/jiujiu/App/Runtime/Cache/Home/00e52909bed743ea261af4b6823297ff.php 第 87 行.
NOTIC: [8] Undefined variable: ty /www/qiye/jiujiu/App/Runtime/Cache/Home/00e52909bed743ea261af4b6823297ff.php 第 159 行.
INFO: Run Behavior\ParseTemplate [ RunTime:0.014661s ]
INFO: [ view_parse ] --END-- [ RunTime:0.014733s ]
INFO: [ view_filter ] --START--
INFO: Run Behavior\WriteHtmlCache [ RunTime:0.000269s ]
INFO: [ view_filter ] --END-- [ RunTime:0.000326s ]
INFO: [ app_end ] --START--
INFO: Run Behavior\ShowPageTrace [ RunTime:0.000659s ]
INFO: [ app_end ] --END-- [ RunTime:0.000730s ]

[ 2018-08-29T12:20:26+08:00 ] 209.95.51.171 /index.php/login/login.html
INFO: [ app_begin ] --START--
INFO: Run Behavior\ReadHtmlCache [ RunTime:0.000599s ]
INFO: [ app_begin ] --END-- [ RunTime:0.001035s ]
NOTIC: [8192] mysql_connect(): The mysql extension is deprecated and will be removed in the future: use mysqli or PDO instead /www/qiye/jiujiu/ThinkPHP/Library/Think/Db/Driver/Mysql.class.php 第 52 行.
SQL: SHOW COLUMNS FROM `gd_config` [ RunTime:0.000947s ]
SQL: SELECT * FROM `gd_config` WHERE ( id=1 ) LIMIT 1   [ RunTime:0.000131s ]
INFO: [ view_parse ] --START--
INFO: [ template_filter ] --START--
INFO: Run Behavior\ContentReplace [ RunTime:0.000056s ]
INFO: [ template_filter ] --END-- [ RunTime:0.000141s ]
INFO: Run Behavior\ParseTemplate [ RunTime:0.009152s ]
INFO: [ view_parse ] --END-- [ RunTime:0.009288s ]
INFO: [ view_filter ] --START--
INFO: Run Behavior\WriteHtmlCache [ RunTime:0.000301s ]
INFO: [ view_filter ] --END-- [ RunTime:0.000375s ]
INFO: [ app_end ] --START--
INFO: Run Behavior\ShowPageTrace [ RunTime:0.000741s ]
INFO: [ app_end ] --END-- [ RunTime:0.000823s ]

[ 2018-08-29T14:01:03+08:00 ] 60.216.47.210 /
INFO: [ app_begin ] --START--
INFO: Run Behavior\ReadHtmlCache [ RunTime:0.000657s ]
INFO: [ app_begin ] --END-- [ RunTime:0.001146s ]
NOTIC: [8192] mysql_connect(): The mysql extension is deprecated and will be removed in the future: use mysqli or PDO instead /www/qiye/jiujiu/ThinkPHP/Library/Think/Db/Driver/Mysql.class.php 第 52 行.
SQL: SHOW COLUMNS FROM `gd_user` [ RunTime:0.000873s ]
NOTIC: [8] Undefined index: uid /www/qiye/jiujiu/App/Home/Controller/CommController.class.php 第 18 行.
SQL: SELECT * FROM `gd_user` WHERE ( id= ) LIMIT 1   [ RunTime:0.000102s ]
ERR: 1064:You have an error in your SQL syntax; check the manual that corresponds to your MySQL server version for the right syntax to use near ') LIMIT 1' at line 1
 [ SQL语句 ] : SELECT * FROM `gd_user` WHERE ( id= ) LIMIT 1  
SQL: SHOW COLUMNS FROM `gd_config` [ RunTime:0.000818s ]
SQL: SELECT * FROM `gd_config` WHERE ( id=1 ) LIMIT 1   [ RunTime:0.000103s ]
SQL: SHOW COLUMNS FROM `gd_czewm` [ RunTime:0.000617s ]
SQL: SELECT * FROM `gd_czewm`  [ RunTime:0.000082s ]
SQL: SELECT * FROM `gd_config` LIMIT 1   [ RunTime:0.000115s ]
SQL: SHOW COLUMNS FROM `gd_task` [ RunTime:0.000623s ]
SQL: SELECT * FROM `gd_task`  [ RunTime:0.000091s ]
INFO: [ view_parse ] --START--
INFO: [ template_filter ] --START--
INFO: Run Behavior\ContentReplace [ RunTime:0.000092s ]
INFO: [ template_filter ] --END-- [ RunTime:0.000175s ]
NOTIC: [8] Undefined index: money /www/qiye/jiujiu/App/Runtime/Cache/Home/00e52909bed743ea261af4b6823297ff.php 第 86 行.
NOTIC: [8] Undefined index: username /www/qiye/jiujiu/App/Runtime/Cache/Home/00e52909bed743ea261af4b6823297ff.php 第 87 行.
NOTIC: [8] Undefined variable: ty /www/qiye/jiujiu/App/Runtime/Cache/Home/00e52909bed743ea261af4b6823297ff.php 第 159 行.
INFO: Run Behavior\ParseTemplate [ RunTime:0.016131s ]
INFO: [ view_parse ] --END-- [ RunTime:0.016206s ]
INFO: [ view_filter ] --START--
INFO: Run Behavior\WriteHtmlCache [ RunTime:0.000290s ]
INFO: [ view_filter ] --END-- [ RunTime:0.000353s ]
INFO: [ app_end ] --START--
INFO: Run Behavior\ShowPageTrace [ RunTime:0.000693s ]
INFO: [ app_end ] --END-- [ RunTime:0.000768s ]

[ 2018-08-29T14:01:04+08:00 ] 60.216.47.210 /index.php/login/login.html
INFO: [ app_begin ] --START--
INFO: Run Behavior\ReadHtmlCache [ RunTime:0.000651s ]
INFO: [ app_begin ] --END-- [ RunTime:0.001116s ]
NOTIC: [8192] mysql_connect(): The mysql extension is deprecated and will be removed in the future: use mysqli or PDO instead /www/qiye/jiujiu/ThinkPHP/Library/Think/Db/Driver/Mysql.class.php 第 52 行.
SQL: SHOW COLUMNS FROM `gd_config` [ RunTime:0.001072s ]
SQL: SELECT * FROM `gd_config` WHERE ( id=1 ) LIMIT 1   [ RunTime:0.000109s ]
INFO: [ view_parse ] --START--
INFO: [ template_filter ] --START--
INFO: Run Behavior\ContentReplace [ RunTime:0.000039s ]
INFO: [ template_filter ] --END-- [ RunTime:0.000108s ]
INFO: Run Behavior\ParseTemplate [ RunTime:0.007673s ]
INFO: [ view_parse ] --END-- [ RunTime:0.007747s ]
INFO: [ view_filter ] --START--
INFO: Run Behavior\WriteHtmlCache [ RunTime:0.000278s ]
INFO: [ view_filter ] --END-- [ RunTime:0.000338s ]
INFO: [ app_end ] --START--
INFO: Run Behavior\ShowPageTrace [ RunTime:0.000618s ]
INFO: [ app_end ] --END-- [ RunTime:0.000685s ]

[ 2018-08-29T14:01:06+08:00 ] 60.216.47.210 /
INFO: [ app_begin ] --START--
INFO: Run Behavior\ReadHtmlCache [ RunTime:0.000645s ]
INFO: [ app_begin ] --END-- [ RunTime:0.001129s ]
NOTIC: [8192] mysql_connect(): The mysql extension is deprecated and will be removed in the future: use mysqli or PDO instead /www/qiye/jiujiu/ThinkPHP/Library/Think/Db/Driver/Mysql.class.php 第 52 行.
SQL: SHOW COLUMNS FROM `gd_user` [ RunTime:0.000732s ]
NOTIC: [8] Undefined index: uid /www/qiye/jiujiu/App/Home/Controller/CommController.class.php 第 18 行.
SQL: SELECT * FROM `gd_user` WHERE ( id= ) LIMIT 1   [ RunTime:0.000089s ]
ERR: 1064:You have an error in your SQL syntax; check the manual that corresponds to your MySQL server version for the right syntax to use near ') LIMIT 1' at line 1
 [ SQL语句 ] : SELECT * FROM `gd_user` WHERE ( id= ) LIMIT 1  
SQL: SHOW COLUMNS FROM `gd_config` [ RunTime:0.000808s ]
SQL: SELECT * FROM `gd_config` WHERE ( id=1 ) LIMIT 1   [ RunTime:0.000093s ]
SQL: SHOW COLUMNS FROM `gd_czewm` [ RunTime:0.000661s ]
SQL: SELECT * FROM `gd_czewm`  [ RunTime:0.000069s ]
SQL: SELECT * FROM `gd_config` LIMIT 1   [ RunTime:0.000070s ]
SQL: SHOW COLUMNS FROM `gd_task` [ RunTime:0.000561s ]
SQL: SELECT * FROM `gd_task`  [ RunTime:0.000068s ]
INFO: [ view_parse ] --START--
INFO: [ template_filter ] --START--
INFO: Run Behavior\ContentReplace [ RunTime:0.000073s ]
INFO: [ template_filter ] --END-- [ RunTime:0.000141s ]
NOTIC: [8] Undefined index: money /www/qiye/jiujiu/App/Runtime/Cache/Home/00e52909bed743ea261af4b6823297ff.php 第 86 行.
NOTIC: [8] Undefined index: username /www/qiye/jiujiu/App/Runtime/Cache/Home/00e52909bed743ea261af4b6823297ff.php 第 87 行.
NOTIC: [8] Undefined variable: ty /www/qiye/jiujiu/App/Runtime/Cache/Home/00e52909bed743ea261af4b6823297ff.php 第 159 行.
INFO: Run Behavior\ParseTemplate [ RunTime:0.014011s ]
INFO: [ view_parse ] --END-- [ RunTime:0.014072s ]
INFO: [ view_filter ] --START--
INFO: Run Behavior\WriteHtmlCache [ RunTime:0.000245s ]
INFO: [ view_filter ] --END-- [ RunTime:0.000300s ]
INFO: [ app_end ] --START--
INFO: Run Behavior\ShowPageTrace [ RunTime:0.000602s ]
INFO: [ app_end ] --END-- [ RunTime:0.000665s ]

[ 2018-08-29T14:01:07+08:00 ] 60.216.47.210 /index.php/login/login.html
INFO: [ app_begin ] --START--
INFO: Run Behavior\ReadHtmlCache [ RunTime:0.000609s ]
INFO: [ app_begin ] --END-- [ RunTime:0.001088s ]
NOTIC: [8192] mysql_connect(): The mysql extension is deprecated and will be removed in the future: use mysqli or PDO instead /www/qiye/jiujiu/ThinkPHP/Library/Think/Db/Driver/Mysql.class.php 第 52 行.
SQL: SHOW COLUMNS FROM `gd_config` [ RunTime:0.001013s ]
SQL: SELECT * FROM `gd_config` WHERE ( id=1 ) LIMIT 1   [ RunTime:0.000130s ]
INFO: [ view_parse ] --START--
INFO: [ template_filter ] --START--
INFO: Run Behavior\ContentReplace [ RunTime:0.000051s ]
INFO: [ template_filter ] --END-- [ RunTime:0.000128s ]
INFO: Run Behavior\ParseTemplate [ RunTime:0.008580s ]
INFO: [ view_parse ] --END-- [ RunTime:0.008664s ]
INFO: [ view_filter ] --START--
INFO: Run Behavior\WriteHtmlCache [ RunTime:0.000279s ]
INFO: [ view_filter ] --END-- [ RunTime:0.000346s ]
INFO: [ app_end ] --START--
INFO: Run Behavior\ShowPageTrace [ RunTime:0.000728s ]
INFO: [ app_end ] --END-- [ RunTime:0.000805s ]

[ 2018-08-29T14:02:28+08:00 ] 94.46.13.133 /
INFO: [ app_begin ] --START--
INFO: Run Behavior\ReadHtmlCache [ RunTime:0.000665s ]
INFO: [ app_begin ] --END-- [ RunTime:0.001169s ]
NOTIC: [8192] mysql_connect(): The mysql extension is deprecated and will be removed in the future: use mysqli or PDO instead /www/qiye/jiujiu/ThinkPHP/Library/Think/Db/Driver/Mysql.class.php 第 52 行.
SQL: SHOW COLUMNS FROM `gd_user` [ RunTime:0.000873s ]
NOTIC: [8] Undefined index: uid /www/qiye/jiujiu/App/Home/Controller/CommController.class.php 第 18 行.
SQL: SELECT * FROM `gd_user` WHERE ( id= ) LIMIT 1   [ RunTime:0.000099s ]
ERR: 1064:You have an error in your SQL syntax; check the manual that corresponds to your MySQL server version for the right syntax to use near ') LIMIT 1' at line 1
 [ SQL语句 ] : SELECT * FROM `gd_user` WHERE ( id= ) LIMIT 1  
SQL: SHOW COLUMNS FROM `gd_config` [ RunTime:0.000779s ]
SQL: SELECT * FROM `gd_config` WHERE ( id=1 ) LIMIT 1   [ RunTime:0.000146s ]
SQL: SHOW COLUMNS FROM `gd_czewm` [ RunTime:0.000652s ]
SQL: SELECT * FROM `gd_czewm`  [ RunTime:0.000072s ]
SQL: SELECT * FROM `gd_config` LIMIT 1   [ RunTime:0.000081s ]
SQL: SHOW COLUMNS FROM `gd_task` [ RunTime:0.000616s ]
SQL: SELECT * FROM `gd_task`  [ RunTime:0.000085s ]
INFO: [ view_parse ] --START--
INFO: [ template_filter ] --START--
INFO: Run Behavior\ContentReplace [ RunTime:0.000098s ]
INFO: [ template_filter ] --END-- [ RunTime:0.000178s ]
NOTIC: [8] Undefined index: money /www/qiye/jiujiu/App/Runtime/Cache/Home/00e52909bed743ea261af4b6823297ff.php 第 86 行.
NOTIC: [8] Undefined index: username /www/qiye/jiujiu/App/Runtime/Cache/Home/00e52909bed743ea261af4b6823297ff.php 第 87 行.
NOTIC: [8] Undefined variable: ty /www/qiye/jiujiu/App/Runtime/Cache/Home/00e52909bed743ea261af4b6823297ff.php 第 159 行.
INFO: Run Behavior\ParseTemplate [ RunTime:0.015912s ]
INFO: [ view_parse ] --END-- [ RunTime:0.015986s ]
INFO: [ view_filter ] --START--
INFO: Run Behavior\WriteHtmlCache [ RunTime:0.000277s ]
INFO: [ view_filter ] --END-- [ RunTime:0.000340s ]
INFO: 
INFO: 
INFO: 

[ 2018-08-29T17:46:24+08:00 ] 182.119.228.113 /
INFO: [ app_begin ] --START--
INFO: Run Behavior\ReadHtmlCache [ RunTime:0.000648s ]
INFO: [ app_begin ] --END-- [ RunTime:0.001123s ]
NOTIC: [8192] mysql_connect(): The mysql extension is deprecated and will be removed in the future: use mysqli or PDO instead /www/qiye/jiujiu/ThinkPHP/Library/Think/Db/Driver/Mysql.class.php 第 52 行.
SQL: SHOW COLUMNS FROM `gd_user` [ RunTime:0.000724s ]
NOTIC: [8] Undefined index: uid /www/qiye/jiujiu/App/Home/Controller/CommController.class.php 第 18 行.
SQL: SELECT * FROM `gd_user` WHERE ( id= ) LIMIT 1   [ RunTime:0.000089s ]
ERR: 1064:You have an error in your SQL syntax; check the manual that corresponds to your MySQL server version for the right syntax to use near ') LIMIT 1' at line 1
 [ SQL语句 ] : SELECT * FROM `gd_user` WHERE ( id= ) LIMIT 1  
SQL: SHOW COLUMNS FROM `gd_config` [ RunTime:0.000785s ]
SQL: SELECT * FROM `gd_config` WHERE ( id=1 ) LIMIT 1   [ RunTime:0.000109s ]
SQL: SHOW COLUMNS FROM `gd_czewm` [ RunTime:0.000538s ]
SQL: SELECT * FROM `gd_czewm`  [ RunTime:0.000404s ]
SQL: SELECT * FROM `gd_config` LIMIT 1   [ RunTime:0.000091s ]
SQL: SHOW COLUMNS FROM `gd_task` [ RunTime:0.000612s ]
SQL: SELECT * FROM `gd_task`  [ RunTime:0.000086s ]
INFO: [ view_parse ] --START--
INFO: [ template_filter ] --START--
INFO: Run Behavior\ContentReplace [ RunTime:0.000090s ]
INFO: [ template_filter ] --END-- [ RunTime:0.000172s ]
NOTIC: [8] Undefined index: money /www/qiye/jiujiu/App/Runtime/Cache/Home/00e52909bed743ea261af4b6823297ff.php 第 86 行.
NOTIC: [8] Undefined index: username /www/qiye/jiujiu/App/Runtime/Cache/Home/00e52909bed743ea261af4b6823297ff.php 第 87 行.
NOTIC: [8] Undefined variable: ty /www/qiye/jiujiu/App/Runtime/Cache/Home/00e52909bed743ea261af4b6823297ff.php 第 159 行.
INFO: Run Behavior\ParseTemplate [ RunTime:0.015787s ]
INFO: [ view_parse ] --END-- [ RunTime:0.015859s ]
INFO: [ view_filter ] --START--
INFO: Run Behavior\WriteHtmlCache [ RunTime:0.000297s ]
INFO: [ view_filter ] --END-- [ RunTime:0.000359s ]
INFO: [ app_end ] --START--
INFO: Run Behavior\ShowPageTrace [ RunTime:0.000678s ]
INFO: [ app_end ] --END-- [ RunTime:0.000753s ]

[ 2018-08-29T17:55:19+08:00 ] 111.206.36.138 /
INFO: [ app_begin ] --START--
INFO: Run Behavior\ReadHtmlCache [ RunTime:0.000656s ]
INFO: [ app_begin ] --END-- [ RunTime:0.001137s ]
NOTIC: [8192] mysql_connect(): The mysql extension is deprecated and will be removed in the future: use mysqli or PDO instead /www/qiye/jiujiu/ThinkPHP/Library/Think/Db/Driver/Mysql.class.php 第 52 行.
SQL: SHOW COLUMNS FROM `gd_user` [ RunTime:0.000688s ]
NOTIC: [8] Undefined index: uid /www/qiye/jiujiu/App/Home/Controller/CommController.class.php 第 18 行.
SQL: SELECT * FROM `gd_user` WHERE ( id= ) LIMIT 1   [ RunTime:0.000088s ]
ERR: 1064:You have an error in your SQL syntax; check the manual that corresponds to your MySQL server version for the right syntax to use near ') LIMIT 1' at line 1
 [ SQL语句 ] : SELECT * FROM `gd_user` WHERE ( id= ) LIMIT 1  
SQL: SHOW COLUMNS FROM `gd_config` [ RunTime:0.000826s ]
SQL: SELECT * FROM `gd_config` WHERE ( id=1 ) LIMIT 1   [ RunTime:0.000107s ]
SQL: SHOW COLUMNS FROM `gd_czewm` [ RunTime:0.000547s ]
SQL: SELECT * FROM `gd_czewm`  [ RunTime:0.000356s ]
SQL: SELECT * FROM `gd_config` LIMIT 1   [ RunTime:0.000095s ]
SQL: SHOW COLUMNS FROM `gd_task` [ RunTime:0.000616s ]
SQL: SELECT * FROM `gd_task`  [ RunTime:0.000090s ]
INFO: [ view_parse ] --START--
INFO: [ template_filter ] --START--
INFO: Run Behavior\ContentReplace [ RunTime:0.000081s ]
INFO: [ template_filter ] --END-- [ RunTime:0.000156s ]
NOTIC: [8] Undefined index: money /www/qiye/jiujiu/App/Runtime/Cache/Home/00e52909bed743ea261af4b6823297ff.php 第 86 行.
NOTIC: [8] Undefined index: username /www/qiye/jiujiu/App/Runtime/Cache/Home/00e52909bed743ea261af4b6823297ff.php 第 87 行.
NOTIC: [8] Undefined variable: ty /www/qiye/jiujiu/App/Runtime/Cache/Home/00e52909bed743ea261af4b6823297ff.php 第 159 行.
INFO: Run Behavior\ParseTemplate [ RunTime:0.014639s ]
INFO: [ view_parse ] --END-- [ RunTime:0.014708s ]
INFO: [ view_filter ] --START--
INFO: Run Behavior\WriteHtmlCache [ RunTime:0.000288s ]
INFO: [ view_filter ] --END-- [ RunTime:0.000350s ]
INFO: [ app_end ] --START--
INFO: Run Behavior\ShowPageTrace [ RunTime:0.000635s ]
INFO: [ app_end ] --END-- [ RunTime:0.000718s ]

[ 2018-08-29T20:03:45+08:00 ] 61.151.180.39 /
INFO: [ app_begin ] --START--
INFO: Run Behavior\ReadHtmlCache [ RunTime:0.000646s ]
INFO: [ app_begin ] --END-- [ RunTime:0.001129s ]
NOTIC: [8192] mysql_connect(): The mysql extension is deprecated and will be removed in the future: use mysqli or PDO instead /www/qiye/jiujiu/ThinkPHP/Library/Think/Db/Driver/Mysql.class.php 第 52 行.
SQL: SHOW COLUMNS FROM `gd_user` [ RunTime:0.000707s ]
NOTIC: [8] Undefined index: uid /www/qiye/jiujiu/App/Home/Controller/CommController.class.php 第 18 行.
SQL: SELECT * FROM `gd_user` WHERE ( id= ) LIMIT 1   [ RunTime:0.000090s ]
ERR: 1064:You have an error in your SQL syntax; check the manual that corresponds to your MySQL server version for the right syntax to use near ') LIMIT 1' at line 1
 [ SQL语句 ] : SELECT * FROM `gd_user` WHERE ( id= ) LIMIT 1  
SQL: SHOW COLUMNS FROM `gd_config` [ RunTime:0.000799s ]
SQL: SELECT * FROM `gd_config` WHERE ( id=1 ) LIMIT 1   [ RunTime:0.000096s ]
SQL: SHOW COLUMNS FROM `gd_czewm` [ RunTime:0.000551s ]
SQL: SELECT * FROM `gd_czewm`  [ RunTime:0.000060s ]
SQL: SELECT * FROM `gd_config` LIMIT 1   [ RunTime:0.000075s ]
SQL: SHOW COLUMNS FROM `gd_task` [ RunTime:0.000539s ]
SQL: SELECT * FROM `gd_task`  [ RunTime:0.000078s ]
INFO: [ view_parse ] --START--
INFO: [ template_filter ] --START--
INFO: Run Behavior\ContentReplace [ RunTime:0.000075s ]
INFO: [ template_filter ] --END-- [ RunTime:0.000141s ]
NOTIC: [8] Undefined index: money /www/qiye/jiujiu/App/Runtime/Cache/Home/00e52909bed743ea261af4b6823297ff.php 第 86 行.
NOTIC: [8] Undefined index: username /www/qiye/jiujiu/App/Runtime/Cache/Home/00e52909bed743ea261af4b6823297ff.php 第 87 行.
NOTIC: [8] Undefined variable: ty /www/qiye/jiujiu/App/Runtime/Cache/Home/00e52909bed743ea261af4b6823297ff.php 第 159 行.
INFO: Run Behavior\ParseTemplate [ RunTime:0.013909s ]
INFO: [ view_parse ] --END-- [ RunTime:0.013968s ]
INFO: [ view_filter ] --START--
INFO: Run Behavior\WriteHtmlCache [ RunTime:0.000251s ]
INFO: [ view_filter ] --END-- [ RunTime:0.000304s ]
INFO: [ app_end ] --START--
INFO: Run Behavior\ShowPageTrace [ RunTime:0.000595s ]
INFO: [ app_end ] --END-- [ RunTime:0.000656s ]

[ 2018-08-29T20:03:45+08:00 ] 61.151.180.39 /index.php/login/login.html
INFO: [ app_begin ] --START--
INFO: Run Behavior\ReadHtmlCache [ RunTime:0.000632s ]
INFO: [ app_begin ] --END-- [ RunTime:0.001083s ]
NOTIC: [8192] mysql_connect(): The mysql extension is deprecated and will be removed in the future: use mysqli or PDO instead /www/qiye/jiujiu/ThinkPHP/Library/Think/Db/Driver/Mysql.class.php 第 52 行.
SQL: SHOW COLUMNS FROM `gd_config` [ RunTime:0.000964s ]
SQL: SELECT * FROM `gd_config` WHERE ( id=1 ) LIMIT 1   [ RunTime:0.000108s ]
INFO: [ view_parse ] --START--
INFO: [ template_filter ] --START--
INFO: Run Behavior\ContentReplace [ RunTime:0.000036s ]
INFO: [ template_filter ] --END-- [ RunTime:0.000093s ]
INFO: Run Behavior\ParseTemplate [ RunTime:0.006996s ]
INFO: [ view_parse ] --END-- [ RunTime:0.007058s ]
INFO: [ view_filter ] --START--
INFO: Run Behavior\WriteHtmlCache [ RunTime:0.000231s ]
INFO: [ view_filter ] --END-- [ RunTime:0.000282s ]
INFO: [ app_end ] --START--
INFO: Run Behavior\ShowPageTrace [ RunTime:0.000577s ]
INFO: [ app_end ] --END-- [ RunTime:0.000634s ]

[ 2018-08-29T20:14:19+08:00 ] 101.227.139.172 /index.php/login/login.html
INFO: [ app_begin ] --START--
INFO: Run Behavior\ReadHtmlCache [ RunTime:0.000650s ]
INFO: [ app_begin ] --END-- [ RunTime:0.001136s ]
NOTIC: [8192] mysql_connect(): The mysql extension is deprecated and will be removed in the future: use mysqli or PDO instead /www/qiye/jiujiu/ThinkPHP/Library/Think/Db/Driver/Mysql.class.php 第 52 行.
SQL: SHOW COLUMNS FROM `gd_config` [ RunTime:0.000936s ]
SQL: SELECT * FROM `gd_config` WHERE ( id=1 ) LIMIT 1   [ RunTime:0.000120s ]
INFO: [ view_parse ] --START--
INFO: [ template_filter ] --START--
INFO: Run Behavior\ContentReplace [ RunTime:0.000064s ]
INFO: [ template_filter ] --END-- [ RunTime:0.000141s ]
INFO: Run Behavior\ParseTemplate [ RunTime:0.008516s ]
INFO: [ view_parse ] --END-- [ RunTime:0.008598s ]
INFO: [ view_filter ] --START--
INFO: Run Behavior\WriteHtmlCache [ RunTime:0.000269s ]
INFO: [ view_filter ] --END-- [ RunTime:0.000344s ]
INFO: [ app_end ] --START--
INFO: Run Behavior\ShowPageTrace [ RunTime:0.000692s ]
INFO: [ app_end ] --END-- [ RunTime:0.000761s ]

[ 2018-08-29T23:49:45+08:00 ] 49.89.132.8 /
INFO: [ app_begin ] --START--
INFO: Run Behavior\ReadHtmlCache [ RunTime:0.000677s ]
INFO: [ app_begin ] --END-- [ RunTime:0.001204s ]
NOTIC: [8192] mysql_connect(): The mysql extension is deprecated and will be removed in the future: use mysqli or PDO instead /www/qiye/jiujiu/ThinkPHP/Library/Think/Db/Driver/Mysql.class.php 第 52 行.
SQL: SHOW COLUMNS FROM `gd_user` [ RunTime:0.000732s ]
NOTIC: [8] Undefined index: uid /www/qiye/jiujiu/App/Home/Controller/CommController.class.php 第 18 行.
SQL: SELECT * FROM `gd_user` WHERE ( id= ) LIMIT 1   [ RunTime:0.000103s ]
ERR: 1064:You have an error in your SQL syntax; check the manual that corresponds to your MySQL server version for the right syntax to use near ') LIMIT 1' at line 1
 [ SQL语句 ] : SELECT * FROM `gd_user` WHERE ( id= ) LIMIT 1  
SQL: SHOW COLUMNS FROM `gd_config` [ RunTime:0.000773s ]
SQL: SELECT * FROM `gd_config` WHERE ( id=1 ) LIMIT 1   [ RunTime:0.000101s ]
SQL: SHOW COLUMNS FROM `gd_czewm` [ RunTime:0.000543s ]
SQL: SELECT * FROM `gd_czewm`  [ RunTime:0.000065s ]
SQL: SELECT * FROM `gd_config` LIMIT 1   [ RunTime:0.000074s ]
SQL: SHOW COLUMNS FROM `gd_task` [ RunTime:0.000554s ]
SQL: SELECT * FROM `gd_task`  [ RunTime:0.000068s ]
INFO: [ view_parse ] --START--
INFO: [ template_filter ] --START--
INFO: Run Behavior\ContentReplace [ RunTime:0.000074s ]
INFO: [ template_filter ] --END-- [ RunTime:0.000141s ]
NOTIC: [8] Undefined index: money /www/qiye/jiujiu/App/Runtime/Cache/Home/00e52909bed743ea261af4b6823297ff.php 第 86 行.
NOTIC: [8] Undefined index: username /www/qiye/jiujiu/App/Runtime/Cache/Home/00e52909bed743ea261af4b6823297ff.php 第 87 行.
NOTIC: [8] Undefined variable: ty /www/qiye/jiujiu/App/Runtime/Cache/Home/00e52909bed743ea261af4b6823297ff.php 第 159 行.
INFO: Run Behavior\ParseTemplate [ RunTime:0.013333s ]
INFO: [ view_parse ] --END-- [ RunTime:0.013393s ]
INFO: [ view_filter ] --START--
INFO: Run Behavior\WriteHtmlCache [ RunTime:0.000258s ]
INFO: [ view_filter ] --END-- [ RunTime:0.000312s ]
INFO: [ app_end ] --START--
INFO: Run Behavior\ShowPageTrace [ RunTime:0.000596s ]
INFO: [ app_end ] --END-- [ RunTime:0.000658s ]

[ 2018-08-29T23:49:46+08:00 ] 49.89.132.8 /index.php/login/login.html
INFO: [ app_begin ] --START--
INFO: Run Behavior\ReadHtmlCache [ RunTime:0.000647s ]
INFO: [ app_begin ] --END-- [ RunTime:0.001136s ]
NOTIC: [8192] mysql_connect(): The mysql extension is deprecated and will be removed in the future: use mysqli or PDO instead /www/qiye/jiujiu/ThinkPHP/Library/Think/Db/Driver/Mysql.class.php 第 52 行.
SQL: SHOW COLUMNS FROM `gd_config` [ RunTime:0.000955s ]
SQL: SELECT * FROM `gd_config` WHERE ( id=1 ) LIMIT 1   [ RunTime:0.000137s ]
INFO: [ view_parse ] --START--
INFO: [ template_filter ] --START--
INFO: Run Behavior\ContentReplace [ RunTime:0.000049s ]
INFO: [ template_filter ] --END-- [ RunTime:0.000124s ]
INFO: Run Behavior\ParseTemplate [ RunTime:0.008611s ]
INFO: [ view_parse ] --END-- [ RunTime:0.008728s ]
INFO: [ view_filter ] --START--
INFO: Run Behavior\WriteHtmlCache [ RunTime:0.000288s ]
INFO: [ view_filter ] --END-- [ RunTime:0.000354s ]
INFO: [ app_end ] --START--
INFO: Run Behavior\ShowPageTrace [ RunTime:0.000727s ]
INFO: [ app_end ] --END-- [ RunTime:0.000800s ]

[ 2018-08-29T23:50:45+08:00 ] 101.89.19.149 /
INFO: [ app_begin ] --START--
INFO: Run Behavior\ReadHtmlCache [ RunTime:0.000649s ]
INFO: [ app_begin ] --END-- [ RunTime:0.001148s ]
NOTIC: [8192] mysql_connect(): The mysql extension is deprecated and will be removed in the future: use mysqli or PDO instead /www/qiye/jiujiu/ThinkPHP/Library/Think/Db/Driver/Mysql.class.php 第 52 行.
SQL: SHOW COLUMNS FROM `gd_user` [ RunTime:0.000756s ]
NOTIC: [8] Undefined index: uid /www/qiye/jiujiu/App/Home/Controller/CommController.class.php 第 18 行.
SQL: SELECT * FROM `gd_user` WHERE ( id= ) LIMIT 1   [ RunTime:0.000106s ]
ERR: 1064:You have an error in your SQL syntax; check the manual that corresponds to your MySQL server version for the right syntax to use near ') LIMIT 1' at line 1
 [ SQL语句 ] : SELECT * FROM `gd_user` WHERE ( id= ) LIMIT 1  
SQL: SHOW COLUMNS FROM `gd_config` [ RunTime:0.000920s ]
SQL: SELECT * FROM `gd_config` WHERE ( id=1 ) LIMIT 1   [ RunTime:0.000110s ]
SQL: SHOW COLUMNS FROM `gd_czewm` [ RunTime:0.000622s ]
SQL: SELECT * FROM `gd_czewm`  [ RunTime:0.000095s ]
SQL: SELECT * FROM `gd_config` LIMIT 1   [ RunTime:0.000104s ]
SQL: SHOW COLUMNS FROM `gd_task` [ RunTime:0.000665s ]
SQL: SELECT * FROM `gd_task`  [ RunTime:0.000089s ]
INFO: [ view_parse ] --START--
INFO: [ template_filter ] --START--
INFO: Run Behavior\ContentReplace [ RunTime:0.000097s ]
INFO: [ template_filter ] --END-- [ RunTime:0.000180s ]
NOTIC: [8] Undefined index: money /www/qiye/jiujiu/App/Runtime/Cache/Home/00e52909bed743ea261af4b6823297ff.php 第 86 行.
NOTIC: [8] Undefined index: username /www/qiye/jiujiu/App/Runtime/Cache/Home/00e52909bed743ea261af4b6823297ff.php 第 87 行.
NOTIC: [8] Undefined variable: ty /www/qiye/jiujiu/App/Runtime/Cache/Home/00e52909bed743ea261af4b6823297ff.php 第 159 行.
INFO: Run Behavior\ParseTemplate [ RunTime:0.016031s ]
INFO: [ view_parse ] --END-- [ RunTime:0.016107s ]
INFO: [ view_filter ] --START--
INFO: Run Behavior\WriteHtmlCache [ RunTime:0.000294s ]
INFO: [ view_filter ] --END-- [ RunTime:0.000355s ]
INFO: [ app_end ] --START--
INFO: Run Behavior\ShowPageTrace [ RunTime:0.000702s ]
INFO: [ app_end ] --END-- [ RunTime:0.000775s ]

[ 2018-08-29T23:50:46+08:00 ] 101.89.19.149 /index.php/news/index.html
INFO: [ app_begin ] --START--
INFO: Run Behavior\ReadHtmlCache [ RunTime:0.000667s ]
INFO: [ app_begin ] --END-- [ RunTime:0.001156s ]
NOTIC: [8192] mysql_connect(): The mysql extension is deprecated and will be removed in the future: use mysqli or PDO instead /www/qiye/jiujiu/ThinkPHP/Library/Think/Db/Driver/Mysql.class.php 第 52 行.
SQL: SHOW COLUMNS FROM `gd_user` [ RunTime:0.000778s ]
NOTIC: [8] Undefined index: uid /www/qiye/jiujiu/App/Home/Controller/CommController.class.php 第 18 行.
SQL: SELECT * FROM `gd_user` WHERE ( id= ) LIMIT 1   [ RunTime:0.000088s ]
ERR: 1064:You have an error in your SQL syntax; check the manual that corresponds to your MySQL server version for the right syntax to use near ') LIMIT 1' at line 1
 [ SQL语句 ] : SELECT * FROM `gd_user` WHERE ( id= ) LIMIT 1  
SQL: SHOW COLUMNS FROM `gd_config` [ RunTime:0.000839s ]
SQL: SELECT * FROM `gd_config` WHERE ( id=1 ) LIMIT 1   [ RunTime:0.000104s ]
SQL: SHOW COLUMNS FROM `gd_news` [ RunTime:0.000612s ]
SQL: SELECT COUNT(*) AS tp_count FROM `gd_news` LIMIT 1   [ RunTime:0.000073s ]
SQL: SELECT * FROM `gd_news` ORDER BY sort desc,addtime desc LIMIT 0,20   [ RunTime:0.000100s ]
INFO: [ view_parse ] --START--
INFO: [ template_filter ] --START--
INFO: Run Behavior\ContentReplace [ RunTime:0.000058s ]
INFO: [ template_filter ] --END-- [ RunTime:0.000134s ]
INFO: Run Behavior\ParseTemplate [ RunTime:0.009925s ]
INFO: [ view_parse ] --END-- [ RunTime:0.010006s ]
INFO: [ view_filter ] --START--
INFO: Run Behavior\WriteHtmlCache [ RunTime:0.000294s ]
INFO: [ view_filter ] --END-- [ RunTime:0.000358s ]
INFO: [ app_end ] --START--
INFO: Run Behavior\ShowPageTrace [ RunTime:0.000704s ]
INFO: [ app_end ] --END-- [ RunTime:0.000776s ]

