[ 2018-10-12T01:58:03+08:00 ] 125.46.49.67 /
INFO: [ app_begin ] --START--
INFO: Run Behavior\ReadHtmlCache [ RunTime:0.001000s ]
INFO: [ app_begin ] --END-- [ RunTime:0.002000s ]
NOTIC: [8192] mysql_connect(): The mysql extension is deprecated and will be removed in the future: use mysqli or PDO instead E:\www\qiye\0512_jiujiujf\ThinkPHP\Library\Think\Db\Driver\Mysql.class.php 第 52 行.
SQL: SHOW COLUMNS FROM `gd_user` [ RunTime:0.010001s ]
NOTIC: [8] Undefined index: uid E:\www\qiye\0512_jiujiujf\App\Home\Controller\CommController.class.php 第 18 行.
SQL: SELECT * FROM `gd_user` WHERE ( id= ) LIMIT 1   [ RunTime:0.001000s ]
ERR: 1064:You have an error in your SQL syntax; check the manual that corresponds to your MySQL server version for the right syntax to use near ') LIMIT 1' at line 1
 [ SQL语句 ] : SELECT * FROM `gd_user` WHERE ( id= ) LIMIT 1  
SQL: SHOW COLUMNS FROM `gd_config` [ RunTime:0.009000s ]
SQL: SELECT * FROM `gd_config` WHERE ( id=1 ) LIMIT 1   [ RunTime:0.001000s ]
SQL: SHOW COLUMNS FROM `gd_czewm` [ RunTime:0.008001s ]
SQL: SELECT * FROM `gd_czewm`  [ RunTime:0.001000s ]
SQL: SELECT * FROM `gd_config` LIMIT 1   [ RunTime:0.001000s ]
SQL: SHOW COLUMNS FROM `gd_task` [ RunTime:0.007000s ]
SQL: SELECT * FROM `gd_task`  [ RunTime:0.000000s ]
NOTIC: [8] Undefined index: uid E:\www\qiye\0512_jiujiujf\App\Home\Controller\IndexController.class.php 第 15 行.
SQL: SELECT * FROM `gd_user` LIMIT 1   [ RunTime:0.000000s ]
INFO: [ view_parse ] --START--
INFO: [ template_filter ] --START--
INFO: Run Behavior\ContentReplace [ RunTime:0.000000s ]
INFO: [ template_filter ] --END-- [ RunTime:0.000000s ]
NOTIC: [8] Undefined variable: ty E:\www\qiye\0512_jiujiujf\App\Runtime\Cache\Home\00e52909bed743ea261af4b6823297ff.php 第 160 行.
INFO: Run Behavior\ParseTemplate [ RunTime:0.022001s ]
INFO: [ view_parse ] --END-- [ RunTime:0.022001s ]
INFO: [ view_filter ] --START--
INFO: Run Behavior\WriteHtmlCache [ RunTime:0.000000s ]
INFO: [ view_filter ] --END-- [ RunTime:0.001000s ]
INFO: 
INFO: 
INFO: 

[ 2018-10-12T09:54:11+08:00 ] 123.151.77.72 /jjsys.php/index/index.html
INFO: [ app_begin ] --START--
INFO: Run Behavior\ReadHtmlCache [ RunTime:0.001000s ]
INFO: [ app_begin ] --END-- [ RunTime:0.002000s ]

[ 2018-10-12T09:54:11+08:00 ] 123.151.77.72 /jjsys.php/Login/login.html
INFO: [ app_begin ] --START--
INFO: Run Behavior\ReadHtmlCache [ RunTime:0.000000s ]
INFO: [ app_begin ] --END-- [ RunTime:0.001000s ]
INFO: [ view_parse ] --START--
INFO: [ template_filter ] --START--
INFO: Run Behavior\ContentReplace [ RunTime:0.000000s ]
INFO: [ template_filter ] --END-- [ RunTime:0.000000s ]
INFO: Run Behavior\ParseTemplate [ RunTime:0.011001s ]
INFO: [ view_parse ] --END-- [ RunTime:0.011001s ]
INFO: [ view_filter ] --START--
INFO: Run Behavior\WriteHtmlCache [ RunTime:0.000000s ]
INFO: [ view_filter ] --END-- [ RunTime:0.000000s ]
INFO: [ app_end ] --START--
INFO: Run Behavior\ShowPageTrace [ RunTime:0.001000s ]
INFO: [ app_end ] --END-- [ RunTime:0.001000s ]

[ 2018-10-12T09:54:11+08:00 ] 223.104.247.38 /jjsys.php/Login/verify.html
INFO: [ app_begin ] --START--
INFO: Run Behavior\ReadHtmlCache [ RunTime:0.000000s ]
INFO: [ app_begin ] --END-- [ RunTime:0.001000s ]
INFO: [ app_end ] --START--
INFO: Run Behavior\ShowPageTrace [ RunTime:0.000000s ]
INFO: [ app_end ] --END-- [ RunTime:0.001000s ]

[ 2018-10-12T09:54:12+08:00 ] 111.30.142.252 /
INFO: [ app_begin ] --START--
INFO: Run Behavior\ReadHtmlCache [ RunTime:0.001000s ]
INFO: [ app_begin ] --END-- [ RunTime:0.002000s ]
NOTIC: [8192] mysql_connect(): The mysql extension is deprecated and will be removed in the future: use mysqli or PDO instead E:\www\qiye\0512_jiujiujf\ThinkPHP\Library\Think\Db\Driver\Mysql.class.php 第 52 行.
SQL: SHOW COLUMNS FROM `gd_user` [ RunTime:0.009001s ]
NOTIC: [8] Undefined index: uid E:\www\qiye\0512_jiujiujf\App\Home\Controller\CommController.class.php 第 18 行.
SQL: SELECT * FROM `gd_user` WHERE ( id= ) LIMIT 1   [ RunTime:0.000000s ]
ERR: 1064:You have an error in your SQL syntax; check the manual that corresponds to your MySQL server version for the right syntax to use near ') LIMIT 1' at line 1
 [ SQL语句 ] : SELECT * FROM `gd_user` WHERE ( id= ) LIMIT 1  
SQL: SHOW COLUMNS FROM `gd_config` [ RunTime:0.009000s ]
SQL: SELECT * FROM `gd_config` WHERE ( id=1 ) LIMIT 1   [ RunTime:0.001000s ]
SQL: SHOW COLUMNS FROM `gd_czewm` [ RunTime:0.008001s ]
SQL: SELECT * FROM `gd_czewm`  [ RunTime:0.001000s ]
SQL: SELECT * FROM `gd_config` LIMIT 1   [ RunTime:0.001000s ]
SQL: SHOW COLUMNS FROM `gd_task` [ RunTime:0.009000s ]
SQL: SELECT * FROM `gd_task`  [ RunTime:0.000000s ]
NOTIC: [8] Undefined index: uid E:\www\qiye\0512_jiujiujf\App\Home\Controller\IndexController.class.php 第 15 行.
SQL: SELECT * FROM `gd_user` LIMIT 1   [ RunTime:0.000000s ]
INFO: [ view_parse ] --START--
INFO: [ template_filter ] --START--
INFO: Run Behavior\ContentReplace [ RunTime:0.000000s ]
INFO: [ template_filter ] --END-- [ RunTime:0.001000s ]
NOTIC: [8] Undefined variable: ty E:\www\qiye\0512_jiujiujf\App\Runtime\Cache\Home\00e52909bed743ea261af4b6823297ff.php 第 160 行.
INFO: Run Behavior\ParseTemplate [ RunTime:0.021001s ]
INFO: [ view_parse ] --END-- [ RunTime:0.021001s ]
INFO: [ view_filter ] --START--
INFO: Run Behavior\WriteHtmlCache [ RunTime:0.000000s ]
INFO: [ view_filter ] --END-- [ RunTime:0.000000s ]
INFO: [ app_end ] --START--
INFO: Run Behavior\ShowPageTrace [ RunTime:0.000000s ]
INFO: [ app_end ] --END-- [ RunTime:0.000000s ]

[ 2018-10-12T09:54:12+08:00 ] 125.39.46.59 /
INFO: [ app_begin ] --START--
INFO: Run Behavior\ReadHtmlCache [ RunTime:0.001000s ]
INFO: [ app_begin ] --END-- [ RunTime:0.002000s ]
NOTIC: [8192] mysql_connect(): The mysql extension is deprecated and will be removed in the future: use mysqli or PDO instead E:\www\qiye\0512_jiujiujf\ThinkPHP\Library\Think\Db\Driver\Mysql.class.php 第 52 行.
SQL: SHOW COLUMNS FROM `gd_user` [ RunTime:0.008001s ]
NOTIC: [8] Undefined index: uid E:\www\qiye\0512_jiujiujf\App\Home\Controller\CommController.class.php 第 18 行.
SQL: SELECT * FROM `gd_user` WHERE ( id= ) LIMIT 1   [ RunTime:0.000000s ]
ERR: 1064:You have an error in your SQL syntax; check the manual that corresponds to your MySQL server version for the right syntax to use near ') LIMIT 1' at line 1
 [ SQL语句 ] : SELECT * FROM `gd_user` WHERE ( id= ) LIMIT 1  
SQL: SHOW COLUMNS FROM `gd_config` [ RunTime:0.008000s ]
SQL: SELECT * FROM `gd_config` WHERE ( id=1 ) LIMIT 1   [ RunTime:0.001000s ]
SQL: SHOW COLUMNS FROM `gd_czewm` [ RunTime:0.007001s ]
SQL: SELECT * FROM `gd_czewm`  [ RunTime:0.001000s ]
SQL: SELECT * FROM `gd_config` LIMIT 1   [ RunTime:0.001000s ]
SQL: SHOW COLUMNS FROM `gd_task` [ RunTime:0.008000s ]
SQL: SELECT * FROM `gd_task`  [ RunTime:0.001000s ]
NOTIC: [8] Undefined index: uid E:\www\qiye\0512_jiujiujf\App\Home\Controller\IndexController.class.php 第 15 行.
SQL: SELECT * FROM `gd_user` LIMIT 1   [ RunTime:0.001000s ]
INFO: [ view_parse ] --START--
INFO: [ template_filter ] --START--
INFO: Run Behavior\ContentReplace [ RunTime:0.001000s ]
INFO: [ template_filter ] --END-- [ RunTime:0.001000s ]
NOTIC: [8] Undefined variable: ty E:\www\qiye\0512_jiujiujf\App\Runtime\Cache\Home\00e52909bed743ea261af4b6823297ff.php 第 160 行.
INFO: Run Behavior\ParseTemplate [ RunTime:0.038003s ]
INFO: [ view_parse ] --END-- [ RunTime:0.038003s ]
INFO: [ view_filter ] --START--
INFO: Run Behavior\WriteHtmlCache [ RunTime:0.001000s ]
INFO: [ view_filter ] --END-- [ RunTime:0.001000s ]
INFO: [ app_end ] --START--
INFO: Run Behavior\ShowPageTrace [ RunTime:0.001000s ]
INFO: [ app_end ] --END-- [ RunTime:0.001000s ]

[ 2018-10-12T09:54:15+08:00 ] 123.151.77.72 /
INFO: [ app_begin ] --START--
INFO: Run Behavior\ReadHtmlCache [ RunTime:0.001000s ]
INFO: [ app_begin ] --END-- [ RunTime:0.001000s ]
NOTIC: [8192] mysql_connect(): The mysql extension is deprecated and will be removed in the future: use mysqli or PDO instead E:\www\qiye\0512_jiujiujf\ThinkPHP\Library\Think\Db\Driver\Mysql.class.php 第 52 行.
SQL: SHOW COLUMNS FROM `gd_user` [ RunTime:0.008000s ]
NOTIC: [8] Undefined index: uid E:\www\qiye\0512_jiujiujf\App\Home\Controller\CommController.class.php 第 18 行.
SQL: SELECT * FROM `gd_user` WHERE ( id= ) LIMIT 1   [ RunTime:0.001000s ]
ERR: 1064:You have an error in your SQL syntax; check the manual that corresponds to your MySQL server version for the right syntax to use near ') LIMIT 1' at line 1
 [ SQL语句 ] : SELECT * FROM `gd_user` WHERE ( id= ) LIMIT 1  
SQL: SHOW COLUMNS FROM `gd_config` [ RunTime:0.008001s ]
SQL: SELECT * FROM `gd_config` WHERE ( id=1 ) LIMIT 1   [ RunTime:0.001000s ]
SQL: SHOW COLUMNS FROM `gd_czewm` [ RunTime:0.007000s ]
SQL: SELECT * FROM `gd_czewm`  [ RunTime:0.001000s ]
SQL: SELECT * FROM `gd_config` LIMIT 1   [ RunTime:0.001001s ]
SQL: SHOW COLUMNS FROM `gd_task` [ RunTime:0.007000s ]
SQL: SELECT * FROM `gd_task`  [ RunTime:0.000000s ]
NOTIC: [8] Undefined index: uid E:\www\qiye\0512_jiujiujf\App\Home\Controller\IndexController.class.php 第 15 行.
SQL: SELECT * FROM `gd_user` LIMIT 1   [ RunTime:0.000000s ]
INFO: [ view_parse ] --START--
INFO: [ template_filter ] --START--
INFO: Run Behavior\ContentReplace [ RunTime:0.000000s ]
INFO: [ template_filter ] --END-- [ RunTime:0.000000s ]
NOTIC: [8] Undefined variable: ty E:\www\qiye\0512_jiujiujf\App\Runtime\Cache\Home\00e52909bed743ea261af4b6823297ff.php 第 160 行.
INFO: Run Behavior\ParseTemplate [ RunTime:0.020001s ]
INFO: [ view_parse ] --END-- [ RunTime:0.020001s ]
INFO: [ view_filter ] --START--
INFO: Run Behavior\WriteHtmlCache [ RunTime:0.001000s ]
INFO: [ view_filter ] --END-- [ RunTime:0.001000s ]
INFO: [ app_end ] --START--
INFO: Run Behavior\ShowPageTrace [ RunTime:0.001000s ]
INFO: [ app_end ] --END-- [ RunTime:0.001000s ]

[ 2018-10-12T09:54:16+08:00 ] 123.151.77.72 /index.php/login/login.html
INFO: [ app_begin ] --START--
INFO: Run Behavior\ReadHtmlCache [ RunTime:0.001000s ]
INFO: [ app_begin ] --END-- [ RunTime:0.002000s ]
NOTIC: [8192] mysql_connect(): The mysql extension is deprecated and will be removed in the future: use mysqli or PDO instead E:\www\qiye\0512_jiujiujf\ThinkPHP\Library\Think\Db\Driver\Mysql.class.php 第 52 行.
SQL: SHOW COLUMNS FROM `gd_config` [ RunTime:0.008001s ]
SQL: SELECT * FROM `gd_config` WHERE ( id=1 ) LIMIT 1   [ RunTime:0.001000s ]
INFO: [ view_parse ] --START--
INFO: [ template_filter ] --START--
INFO: Run Behavior\ContentReplace [ RunTime:0.000000s ]
INFO: [ template_filter ] --END-- [ RunTime:0.000000s ]
INFO: Run Behavior\ParseTemplate [ RunTime:0.011001s ]
INFO: [ view_parse ] --END-- [ RunTime:0.011001s ]
INFO: [ view_filter ] --START--
INFO: Run Behavior\WriteHtmlCache [ RunTime:0.000000s ]
INFO: [ view_filter ] --END-- [ RunTime:0.000000s ]
INFO: [ app_end ] --START--
INFO: Run Behavior\ShowPageTrace [ RunTime:0.001000s ]
INFO: [ app_end ] --END-- [ RunTime:0.001000s ]

[ 2018-10-12T09:54:30+08:00 ] 123.151.77.72 /index.php/login/dologin.html
INFO: [ app_begin ] --START--
INFO: Run Behavior\ReadHtmlCache [ RunTime:0.001000s ]
INFO: [ app_begin ] --END-- [ RunTime:0.001000s ]
NOTIC: [8192] mysql_connect(): The mysql extension is deprecated and will be removed in the future: use mysqli or PDO instead E:\www\qiye\0512_jiujiujf\ThinkPHP\Library\Think\Db\Driver\Mysql.class.php 第 52 行.
SQL: SHOW COLUMNS FROM `gd_user` [ RunTime:0.010001s ]
SQL: SELECT * FROM `gd_user` WHERE ( username = 'admin' ) LIMIT 1   [ RunTime:0.001000s ]
SQL: SELECT * FROM `gd_user` WHERE ( username='admin' and password='c56d0e9a7ccec67b4ea131655038d604' ) LIMIT 1   [ RunTime:0.001000s ]

[ 2018-10-12T09:54:30+08:00 ] 123.151.77.72 /index.php/index/index.html?ty=block
INFO: [ app_begin ] --START--
INFO: Run Behavior\ReadHtmlCache [ RunTime:0.001000s ]
INFO: [ app_begin ] --END-- [ RunTime:0.002000s ]
NOTIC: [8192] mysql_connect(): The mysql extension is deprecated and will be removed in the future: use mysqli or PDO instead E:\www\qiye\0512_jiujiujf\ThinkPHP\Library\Think\Db\Driver\Mysql.class.php 第 52 行.
SQL: SHOW COLUMNS FROM `gd_user` [ RunTime:0.009000s ]
SQL: SELECT * FROM `gd_user` WHERE ( id=122 ) LIMIT 1   [ RunTime:0.001000s ]
SQL: SHOW COLUMNS FROM `gd_config` [ RunTime:0.008001s ]
SQL: SELECT * FROM `gd_config` WHERE ( id=1 ) LIMIT 1   [ RunTime:0.001000s ]
SQL: SHOW COLUMNS FROM `gd_czewm` [ RunTime:0.007000s ]
SQL: SELECT * FROM `gd_czewm`  [ RunTime:0.001000s ]
SQL: SELECT * FROM `gd_config` LIMIT 1   [ RunTime:0.001000s ]
SQL: SHOW COLUMNS FROM `gd_task` [ RunTime:0.008001s ]
SQL: SELECT * FROM `gd_task`  [ RunTime:0.001000s ]
SQL: SELECT * FROM `gd_user` WHERE ( `id` = 122 ) LIMIT 1   [ RunTime:0.001000s ]
INFO: [ view_parse ] --START--
INFO: [ template_filter ] --START--
INFO: Run Behavior\ContentReplace [ RunTime:0.001000s ]
INFO: [ template_filter ] --END-- [ RunTime:0.001000s ]
INFO: Run Behavior\ParseTemplate [ RunTime:0.021001s ]
INFO: [ view_parse ] --END-- [ RunTime:0.021001s ]
INFO: [ view_filter ] --START--
INFO: Run Behavior\WriteHtmlCache [ RunTime:0.000000s ]
INFO: [ view_filter ] --END-- [ RunTime:0.000000s ]
INFO: [ app_end ] --START--
INFO: Run Behavior\ShowPageTrace [ RunTime:0.000000s ]
INFO: [ app_end ] --END-- [ RunTime:0.000000s ]

[ 2018-10-12T09:54:31+08:00 ] 123.151.77.72 /index.php/news/index.html
INFO: [ app_begin ] --START--
INFO: Run Behavior\ReadHtmlCache [ RunTime:0.001000s ]
INFO: [ app_begin ] --END-- [ RunTime:0.001000s ]
NOTIC: [8192] mysql_connect(): The mysql extension is deprecated and will be removed in the future: use mysqli or PDO instead E:\www\qiye\0512_jiujiujf\ThinkPHP\Library\Think\Db\Driver\Mysql.class.php 第 52 行.
SQL: SHOW COLUMNS FROM `gd_user` [ RunTime:0.008000s ]
SQL: SELECT * FROM `gd_user` WHERE ( id=122 ) LIMIT 1   [ RunTime:0.001000s ]
SQL: SHOW COLUMNS FROM `gd_config` [ RunTime:0.009001s ]
SQL: SELECT * FROM `gd_config` WHERE ( id=1 ) LIMIT 1   [ RunTime:0.001000s ]
SQL: SHOW COLUMNS FROM `gd_news` [ RunTime:0.008000s ]
SQL: SELECT COUNT(*) AS tp_count FROM `gd_news` LIMIT 1   [ RunTime:0.001000s ]
SQL: SELECT * FROM `gd_news` ORDER BY sort desc,addtime desc LIMIT 0,20   [ RunTime:0.001000s ]
INFO: [ view_parse ] --START--
INFO: [ template_filter ] --START--
INFO: Run Behavior\ContentReplace [ RunTime:0.000000s ]
INFO: [ template_filter ] --END-- [ RunTime:0.000000s ]
INFO: Run Behavior\ParseTemplate [ RunTime:0.010001s ]
INFO: [ view_parse ] --END-- [ RunTime:0.010001s ]
INFO: [ view_filter ] --START--
INFO: Run Behavior\WriteHtmlCache [ RunTime:0.000000s ]
INFO: [ view_filter ] --END-- [ RunTime:0.000000s ]
INFO: [ app_end ] --START--
INFO: Run Behavior\ShowPageTrace [ RunTime:0.000000s ]
INFO: [ app_end ] --END-- [ RunTime:0.000000s ]

[ 2018-10-12T11:11:48+08:00 ] 58.100.31.236 /
INFO: [ app_begin ] --START--
INFO: Run Behavior\ReadHtmlCache [ RunTime:0.001000s ]
INFO: [ app_begin ] --END-- [ RunTime:0.002000s ]
NOTIC: [8192] mysql_connect(): The mysql extension is deprecated and will be removed in the future: use mysqli or PDO instead E:\www\qiye\0512_jiujiujf\ThinkPHP\Library\Think\Db\Driver\Mysql.class.php 第 52 行.
SQL: SHOW COLUMNS FROM `gd_user` [ RunTime:0.009001s ]
NOTIC: [8] Undefined index: uid E:\www\qiye\0512_jiujiujf\App\Home\Controller\CommController.class.php 第 18 行.
SQL: SELECT * FROM `gd_user` WHERE ( id= ) LIMIT 1   [ RunTime:0.001000s ]
ERR: 1064:You have an error in your SQL syntax; check the manual that corresponds to your MySQL server version for the right syntax to use near ') LIMIT 1' at line 1
 [ SQL语句 ] : SELECT * FROM `gd_user` WHERE ( id= ) LIMIT 1  
SQL: SHOW COLUMNS FROM `gd_config` [ RunTime:0.009000s ]
SQL: SELECT * FROM `gd_config` WHERE ( id=1 ) LIMIT 1   [ RunTime:0.000000s ]
SQL: SHOW COLUMNS FROM `gd_czewm` [ RunTime:0.007001s ]
SQL: SELECT * FROM `gd_czewm`  [ RunTime:0.000000s ]
SQL: SELECT * FROM `gd_config` LIMIT 1   [ RunTime:0.001000s ]
SQL: SHOW COLUMNS FROM `gd_task` [ RunTime:0.008000s ]
SQL: SELECT * FROM `gd_task`  [ RunTime:0.001000s ]
NOTIC: [8] Undefined index: uid E:\www\qiye\0512_jiujiujf\App\Home\Controller\IndexController.class.php 第 15 行.
SQL: SELECT * FROM `gd_user` LIMIT 1   [ RunTime:0.001000s ]
INFO: [ view_parse ] --START--
INFO: [ template_filter ] --START--
INFO: Run Behavior\ContentReplace [ RunTime:0.000000s ]
INFO: [ template_filter ] --END-- [ RunTime:0.000000s ]
NOTIC: [8] Undefined variable: ty E:\www\qiye\0512_jiujiujf\App\Runtime\Cache\Home\00e52909bed743ea261af4b6823297ff.php 第 160 行.
INFO: Run Behavior\ParseTemplate [ RunTime:0.022002s ]
INFO: [ view_parse ] --END-- [ RunTime:0.022002s ]
INFO: [ view_filter ] --START--
INFO: Run Behavior\WriteHtmlCache [ RunTime:0.001000s ]
INFO: [ view_filter ] --END-- [ RunTime:0.001000s ]
INFO: [ app_end ] --START--
INFO: Run Behavior\ShowPageTrace [ RunTime:0.001000s ]
INFO: [ app_end ] --END-- [ RunTime:0.001000s ]

[ 2018-10-12T11:11:48+08:00 ] 58.100.31.236 /index.php/login/login.html
INFO: [ app_begin ] --START--
INFO: Run Behavior\ReadHtmlCache [ RunTime:0.001000s ]
INFO: [ app_begin ] --END-- [ RunTime:0.002000s ]
NOTIC: [8192] mysql_connect(): The mysql extension is deprecated and will be removed in the future: use mysqli or PDO instead E:\www\qiye\0512_jiujiujf\ThinkPHP\Library\Think\Db\Driver\Mysql.class.php 第 52 行.
SQL: SHOW COLUMNS FROM `gd_config` [ RunTime:0.009001s ]
SQL: SELECT * FROM `gd_config` WHERE ( id=1 ) LIMIT 1   [ RunTime:0.001000s ]
INFO: [ view_parse ] --START--
INFO: [ template_filter ] --START--
INFO: Run Behavior\ContentReplace [ RunTime:0.000000s ]
INFO: [ template_filter ] --END-- [ RunTime:0.000000s ]
INFO: Run Behavior\ParseTemplate [ RunTime:0.011001s ]
INFO: [ view_parse ] --END-- [ RunTime:0.011001s ]
INFO: [ view_filter ] --START--
INFO: Run Behavior\WriteHtmlCache [ RunTime:0.000000s ]
INFO: [ view_filter ] --END-- [ RunTime:0.000000s ]
INFO: [ app_end ] --START--
INFO: Run Behavior\ShowPageTrace [ RunTime:0.000000s ]
INFO: [ app_end ] --END-- [ RunTime:0.000000s ]

[ 2018-10-12T11:12:00+08:00 ] 58.100.31.236 /index.php/login/dologin.html
INFO: [ app_begin ] --START--
INFO: Run Behavior\ReadHtmlCache [ RunTime:0.001000s ]
INFO: [ app_begin ] --END-- [ RunTime:0.002000s ]
NOTIC: [8192] mysql_connect(): The mysql extension is deprecated and will be removed in the future: use mysqli or PDO instead E:\www\qiye\0512_jiujiujf\ThinkPHP\Library\Think\Db\Driver\Mysql.class.php 第 52 行.
SQL: SHOW COLUMNS FROM `gd_user` [ RunTime:0.008001s ]
SQL: SELECT * FROM `gd_user` WHERE ( username = 'admin' ) LIMIT 1   [ RunTime:0.001000s ]
SQL: SELECT * FROM `gd_user` WHERE ( username='admin' and password='c56d0e9a7ccec67b4ea131655038d604' ) LIMIT 1   [ RunTime:0.001000s ]

[ 2018-10-12T11:12:00+08:00 ] 58.100.31.236 /index.php/index/index.html?ty=block
INFO: [ app_begin ] --START--
INFO: Run Behavior\ReadHtmlCache [ RunTime:0.001000s ]
INFO: [ app_begin ] --END-- [ RunTime:0.002000s ]
NOTIC: [8192] mysql_connect(): The mysql extension is deprecated and will be removed in the future: use mysqli or PDO instead E:\www\qiye\0512_jiujiujf\ThinkPHP\Library\Think\Db\Driver\Mysql.class.php 第 52 行.
SQL: SHOW COLUMNS FROM `gd_user` [ RunTime:0.009001s ]
SQL: SELECT * FROM `gd_user` WHERE ( id=122 ) LIMIT 1   [ RunTime:0.001000s ]
SQL: SHOW COLUMNS FROM `gd_config` [ RunTime:0.009000s ]
SQL: SELECT * FROM `gd_config` WHERE ( id=1 ) LIMIT 1   [ RunTime:0.001000s ]
SQL: SHOW COLUMNS FROM `gd_czewm` [ RunTime:0.008000s ]
SQL: SELECT * FROM `gd_czewm`  [ RunTime:0.000000s ]
SQL: SELECT * FROM `gd_config` LIMIT 1   [ RunTime:0.000000s ]
SQL: SHOW COLUMNS FROM `gd_task` [ RunTime:0.007001s ]
SQL: SELECT * FROM `gd_task`  [ RunTime:0.000000s ]
SQL: SELECT * FROM `gd_user` WHERE ( `id` = 122 ) LIMIT 1   [ RunTime:0.000000s ]
INFO: [ view_parse ] --START--
INFO: [ template_filter ] --START--
INFO: Run Behavior\ContentReplace [ RunTime:0.000000s ]
INFO: [ template_filter ] --END-- [ RunTime:0.000000s ]
INFO: Run Behavior\ParseTemplate [ RunTime:0.021001s ]
INFO: [ view_parse ] --END-- [ RunTime:0.022001s ]
INFO: [ view_filter ] --START--
INFO: Run Behavior\WriteHtmlCache [ RunTime:0.000000s ]
INFO: [ view_filter ] --END-- [ RunTime:0.000000s ]
INFO: [ app_end ] --START--
INFO: Run Behavior\ShowPageTrace [ RunTime:0.001000s ]
INFO: [ app_end ] --END-- [ RunTime:0.001000s ]

[ 2018-10-12T11:12:00+08:00 ] 58.100.31.236 /index.php/news/index.html
INFO: [ app_begin ] --START--
INFO: Run Behavior\ReadHtmlCache [ RunTime:0.001000s ]
INFO: [ app_begin ] --END-- [ RunTime:0.001000s ]
NOTIC: [8192] mysql_connect(): The mysql extension is deprecated and will be removed in the future: use mysqli or PDO instead E:\www\qiye\0512_jiujiujf\ThinkPHP\Library\Think\Db\Driver\Mysql.class.php 第 52 行.
SQL: SHOW COLUMNS FROM `gd_user` [ RunTime:0.009001s ]
SQL: SELECT * FROM `gd_user` WHERE ( id=122 ) LIMIT 1   [ RunTime:0.001000s ]
SQL: SHOW COLUMNS FROM `gd_config` [ RunTime:0.008000s ]
SQL: SELECT * FROM `gd_config` WHERE ( id=1 ) LIMIT 1   [ RunTime:0.001000s ]
SQL: SHOW COLUMNS FROM `gd_news` [ RunTime:0.007000s ]
SQL: SELECT COUNT(*) AS tp_count FROM `gd_news` LIMIT 1   [ RunTime:0.001000s ]
SQL: SELECT * FROM `gd_news` ORDER BY sort desc,addtime desc LIMIT 0,20   [ RunTime:0.001000s ]
INFO: [ view_parse ] --START--
INFO: [ template_filter ] --START--
INFO: Run Behavior\ContentReplace [ RunTime:0.000000s ]
INFO: [ template_filter ] --END-- [ RunTime:0.000000s ]
INFO: Run Behavior\ParseTemplate [ RunTime:0.010001s ]
INFO: [ view_parse ] --END-- [ RunTime:0.010001s ]
INFO: [ view_filter ] --START--
INFO: Run Behavior\WriteHtmlCache [ RunTime:0.000000s ]
INFO: [ view_filter ] --END-- [ RunTime:0.000000s ]
INFO: [ app_end ] --START--
INFO: Run Behavior\ShowPageTrace [ RunTime:0.001000s ]
INFO: [ app_end ] --END-- [ RunTime:0.001000s ]

[ 2018-10-12T11:12:03+08:00 ] 58.100.31.236 /index.php/renwu/chaxun.html?id=2&fun=wx_gongzhonghao
INFO: [ app_begin ] --START--
INFO: Run Behavior\ReadHtmlCache [ RunTime:0.001000s ]
INFO: [ app_begin ] --END-- [ RunTime:0.001000s ]
NOTIC: [8192] mysql_connect(): The mysql extension is deprecated and will be removed in the future: use mysqli or PDO instead E:\www\qiye\0512_jiujiujf\ThinkPHP\Library\Think\Db\Driver\Mysql.class.php 第 52 行.
SQL: SHOW COLUMNS FROM `gd_user` [ RunTime:0.008000s ]
SQL: SELECT * FROM `gd_user` WHERE ( id=122 ) LIMIT 1   [ RunTime:0.000000s ]
SQL: SHOW COLUMNS FROM `gd_config` [ RunTime:0.008001s ]
SQL: SELECT * FROM `gd_config` WHERE ( id=1 ) LIMIT 1   [ RunTime:0.001000s ]
SQL: SHOW COLUMNS FROM `gd_task` [ RunTime:0.008000s ]
SQL: SELECT * FROM `gd_task` WHERE ( id=2 ) LIMIT 1   [ RunTime:0.000000s ]

[ 2018-10-12T11:12:05+08:00 ] 58.100.31.236 /index.php/Renwu/wx_gongzhonghao.html
INFO: [ app_begin ] --START--
INFO: Run Behavior\ReadHtmlCache [ RunTime:0.001000s ]
INFO: [ app_begin ] --END-- [ RunTime:0.001000s ]
NOTIC: [8192] mysql_connect(): The mysql extension is deprecated and will be removed in the future: use mysqli or PDO instead E:\www\qiye\0512_jiujiujf\ThinkPHP\Library\Think\Db\Driver\Mysql.class.php 第 52 行.
SQL: SHOW COLUMNS FROM `gd_user` [ RunTime:0.009001s ]
SQL: SELECT * FROM `gd_user` WHERE ( id=122 ) LIMIT 1   [ RunTime:0.001000s ]
SQL: SHOW COLUMNS FROM `gd_config` [ RunTime:0.008000s ]
SQL: SELECT * FROM `gd_config` WHERE ( id=1 ) LIMIT 1   [ RunTime:0.001000s ]
SQL: SHOW COLUMNS FROM `gd_wx_renwu` [ RunTime:0.008001s ]
SQL: SELECT COUNT(*) AS tp_count FROM `gd_wx_renwu` WHERE ( `uid` = 122 ) AND ( `is_del` = 0 ) AND ( `type` = 2 ) LIMIT 1   [ RunTime:0.001000s ]
SQL: SELECT * FROM `gd_wx_renwu` WHERE ( `uid` = 122 ) AND ( `is_del` = 0 ) AND ( `type` = 2 ) ORDER BY addtime desc LIMIT 0,10   [ RunTime:0.001000s ]
INFO: [ view_parse ] --START--
INFO: [ template_filter ] --START--
INFO: Run Behavior\ContentReplace [ RunTime:0.000000s ]
INFO: [ template_filter ] --END-- [ RunTime:0.001000s ]
NOTIC: [8] Undefined index: keyword E:\www\qiye\0512_jiujiujf\App\Runtime\Cache\Home\75c2a6f3efc53bfb43dd0d23e30b61bb.php 第 33 行.
INFO: Run Behavior\ParseTemplate [ RunTime:0.023001s ]
INFO: [ view_parse ] --END-- [ RunTime:0.023001s ]
INFO: [ view_filter ] --START--
INFO: Run Behavior\WriteHtmlCache [ RunTime:0.001000s ]
INFO: [ view_filter ] --END-- [ RunTime:0.001000s ]
INFO: [ app_end ] --START--
INFO: Run Behavior\ShowPageTrace [ RunTime:0.001000s ]
INFO: [ app_end ] --END-- [ RunTime:0.001000s ]

[ 2018-10-12T11:12:11+08:00 ] 58.100.31.236 /index.php/renwu/wx_gongzhonghao_add.html
INFO: [ app_begin ] --START--
INFO: Run Behavior\ReadHtmlCache [ RunTime:0.001000s ]
INFO: [ app_begin ] --END-- [ RunTime:0.002000s ]
NOTIC: [8192] mysql_connect(): The mysql extension is deprecated and will be removed in the future: use mysqli or PDO instead E:\www\qiye\0512_jiujiujf\ThinkPHP\Library\Think\Db\Driver\Mysql.class.php 第 52 行.
SQL: SHOW COLUMNS FROM `gd_user` [ RunTime:0.009000s ]
SQL: SELECT * FROM `gd_user` WHERE ( id=122 ) LIMIT 1   [ RunTime:0.001000s ]
SQL: SHOW COLUMNS FROM `gd_config` [ RunTime:0.008001s ]
SQL: SELECT * FROM `gd_config` WHERE ( id=1 ) LIMIT 1   [ RunTime:0.000000s ]
SQL: SHOW COLUMNS FROM `gd_price` [ RunTime:0.008001s ]
SQL: SELECT * FROM `gd_price` WHERE ( id=2 ) LIMIT 1   [ RunTime:0.001000s ]
INFO: [ view_parse ] --START--
INFO: [ template_filter ] --START--
INFO: Run Behavior\ContentReplace [ RunTime:0.001000s ]
INFO: [ template_filter ] --END-- [ RunTime:0.001000s ]
INFO: Run Behavior\ParseTemplate [ RunTime:0.013000s ]
INFO: [ view_parse ] --END-- [ RunTime:0.013000s ]
INFO: [ view_filter ] --START--
INFO: Run Behavior\WriteHtmlCache [ RunTime:0.000000s ]
INFO: [ view_filter ] --END-- [ RunTime:0.000000s ]
INFO: [ app_end ] --START--
INFO: Run Behavior\ShowPageTrace [ RunTime:0.000000s ]
INFO: [ app_end ] --END-- [ RunTime:0.001000s ]

[ 2018-10-12T11:13:51+08:00 ] 58.100.31.236 /index.php/renwu/chaxun.html?id=1&fun=wx_yuedu
INFO: [ app_begin ] --START--
INFO: Run Behavior\ReadHtmlCache [ RunTime:0.001000s ]
INFO: [ app_begin ] --END-- [ RunTime:0.002000s ]
NOTIC: [8192] mysql_connect(): The mysql extension is deprecated and will be removed in the future: use mysqli or PDO instead E:\www\qiye\0512_jiujiujf\ThinkPHP\Library\Think\Db\Driver\Mysql.class.php 第 52 行.
SQL: SHOW COLUMNS FROM `gd_user` [ RunTime:0.009000s ]
SQL: SELECT * FROM `gd_user` WHERE ( id=122 ) LIMIT 1   [ RunTime:0.001000s ]
SQL: SHOW COLUMNS FROM `gd_config` [ RunTime:0.008001s ]
SQL: SELECT * FROM `gd_config` WHERE ( id=1 ) LIMIT 1   [ RunTime:0.000000s ]
SQL: SHOW COLUMNS FROM `gd_task` [ RunTime:0.007000s ]
SQL: SELECT * FROM `gd_task` WHERE ( id=1 ) LIMIT 1   [ RunTime:0.001000s ]

[ 2018-10-12T11:13:53+08:00 ] 58.100.31.236 /index.php/Renwu/wx_yuedu.html
INFO: [ app_begin ] --START--
INFO: Run Behavior\ReadHtmlCache [ RunTime:0.001000s ]
INFO: [ app_begin ] --END-- [ RunTime:0.002000s ]
NOTIC: [8192] mysql_connect(): The mysql extension is deprecated and will be removed in the future: use mysqli or PDO instead E:\www\qiye\0512_jiujiujf\ThinkPHP\Library\Think\Db\Driver\Mysql.class.php 第 52 行.
SQL: SHOW COLUMNS FROM `gd_user` [ RunTime:0.007000s ]
SQL: SELECT * FROM `gd_user` WHERE ( id=122 ) LIMIT 1   [ RunTime:0.000000s ]
SQL: SHOW COLUMNS FROM `gd_config` [ RunTime:0.007001s ]
SQL: SELECT * FROM `gd_config` WHERE ( id=1 ) LIMIT 1   [ RunTime:0.001000s ]
SQL: SHOW COLUMNS FROM `gd_wx_renwu` [ RunTime:0.008000s ]
SQL: SELECT COUNT(*) AS tp_count FROM `gd_wx_renwu` WHERE ( `uid` = 122 ) AND ( `is_del` = 0 ) AND ( `type` = 1 ) LIMIT 1   [ RunTime:0.001000s ]
SQL: SELECT * FROM `gd_wx_renwu` WHERE ( `uid` = 122 ) AND ( `is_del` = 0 ) AND ( `type` = 1 ) ORDER BY addtime desc LIMIT 0,20   [ RunTime:0.001000s ]
NOTIC: [2] Illegal string offset 'wx_title' E:\www\qiye\0512_jiujiujf\App\Home\Controller\RenwuController.class.php 第 39 行.
NOTIC: [2] Illegal string offset 'total_num' E:\www\qiye\0512_jiujiujf\App\Home\Controller\RenwuController.class.php 第 40 行.
NOTIC: [2] Illegal string offset 'num' E:\www\qiye\0512_jiujiujf\App\Home\Controller\RenwuController.class.php 第 41 行.
NOTIC: [2] Illegal string offset 'start_num' E:\www\qiye\0512_jiujiujf\App\Home\Controller\RenwuController.class.php 第 42 行.
NOTIC: [2] Illegal string offset 'end_num' E:\www\qiye\0512_jiujiujf\App\Home\Controller\RenwuController.class.php 第 43 行.
NOTIC: [2] Illegal string offset 'status' E:\www\qiye\0512_jiujiujf\App\Home\Controller\RenwuController.class.php 第 44 行.
NOTIC: [2] Illegal string offset 'speed' E:\www\qiye\0512_jiujiujf\App\Home\Controller\RenwuController.class.php 第 45 行.
NOTIC: [2] Illegal string offset 'price' E:\www\qiye\0512_jiujiujf\App\Home\Controller\RenwuController.class.php 第 46 行.
NOTIC: [2] Illegal string offset 'wx_title' E:\www\qiye\0512_jiujiujf\App\Home\Controller\RenwuController.class.php 第 39 行.
NOTIC: [2] Illegal string offset 'total_num' E:\www\qiye\0512_jiujiujf\App\Home\Controller\RenwuController.class.php 第 40 行.
NOTIC: [2] Illegal string offset 'num' E:\www\qiye\0512_jiujiujf\App\Home\Controller\RenwuController.class.php 第 41 行.
NOTIC: [2] Illegal string offset 'start_num' E:\www\qiye\0512_jiujiujf\App\Home\Controller\RenwuController.class.php 第 42 行.
NOTIC: [2] Illegal string offset 'end_num' E:\www\qiye\0512_jiujiujf\App\Home\Controller\RenwuController.class.php 第 43 行.
NOTIC: [2] Illegal string offset 'status' E:\www\qiye\0512_jiujiujf\App\Home\Controller\RenwuController.class.php 第 44 行.
NOTIC: [2] Illegal string offset 'speed' E:\www\qiye\0512_jiujiujf\App\Home\Controller\RenwuController.class.php 第 45 行.
NOTIC: [2] Illegal string offset 'price' E:\www\qiye\0512_jiujiujf\App\Home\Controller\RenwuController.class.php 第 46 行.
NOTIC: [2] Illegal string offset 'wx_title' E:\www\qiye\0512_jiujiujf\App\Home\Controller\RenwuController.class.php 第 39 行.
NOTIC: [2] Illegal string offset 'total_num' E:\www\qiye\0512_jiujiujf\App\Home\Controller\RenwuController.class.php 第 40 行.
NOTIC: [2] Illegal string offset 'num' E:\www\qiye\0512_jiujiujf\App\Home\Controller\RenwuController.class.php 第 41 行.
NOTIC: [2] Illegal string offset 'start_num' E:\www\qiye\0512_jiujiujf\App\Home\Controller\RenwuController.class.php 第 42 行.
NOTIC: [2] Illegal string offset 'end_num' E:\www\qiye\0512_jiujiujf\App\Home\Controller\RenwuController.class.php 第 43 行.
NOTIC: [2] Illegal string offset 'status' E:\www\qiye\0512_jiujiujf\App\Home\Controller\RenwuController.class.php 第 44 行.
NOTIC: [2] Illegal string offset 'speed' E:\www\qiye\0512_jiujiujf\App\Home\Controller\RenwuController.class.php 第 45 行.
NOTIC: [2] Illegal string offset 'price' E:\www\qiye\0512_jiujiujf\App\Home\Controller\RenwuController.class.php 第 46 行.
NOTIC: [2] Illegal string offset 'wx_title' E:\www\qiye\0512_jiujiujf\App\Home\Controller\RenwuController.class.php 第 39 行.
NOTIC: [2] Illegal string offset 'total_num' E:\www\qiye\0512_jiujiujf\App\Home\Controller\RenwuController.class.php 第 40 行.
NOTIC: [2] Illegal string offset 'num' E:\www\qiye\0512_jiujiujf\App\Home\Controller\RenwuController.class.php 第 41 行.
NOTIC: [2] Illegal string offset 'start_num' E:\www\qiye\0512_jiujiujf\App\Home\Controller\RenwuController.class.php 第 42 行.
NOTIC: [2] Illegal string offset 'end_num' E:\www\qiye\0512_jiujiujf\App\Home\Controller\RenwuController.class.php 第 43 行.
NOTIC: [2] Illegal string offset 'status' E:\www\qiye\0512_jiujiujf\App\Home\Controller\RenwuController.class.php 第 44 行.
NOTIC: [2] Illegal string offset 'speed' E:\www\qiye\0512_jiujiujf\App\Home\Controller\RenwuController.class.php 第 45 行.
NOTIC: [2] Illegal string offset 'price' E:\www\qiye\0512_jiujiujf\App\Home\Controller\RenwuController.class.php 第 46 行.
NOTIC: [2] Illegal string offset 'wx_title' E:\www\qiye\0512_jiujiujf\App\Home\Controller\RenwuController.class.php 第 39 行.
NOTIC: [2] Illegal string offset 'total_num' E:\www\qiye\0512_jiujiujf\App\Home\Controller\RenwuController.class.php 第 40 行.
NOTIC: [2] Illegal string offset 'num' E:\www\qiye\0512_jiujiujf\App\Home\Controller\RenwuController.class.php 第 41 行.
NOTIC: [2] Illegal string offset 'start_num' E:\www\qiye\0512_jiujiujf\App\Home\Controller\RenwuController.class.php 第 42 行.
NOTIC: [2] Illegal string offset 'end_num' E:\www\qiye\0512_jiujiujf\App\Home\Controller\RenwuController.class.php 第 43 行.
NOTIC: [2] Illegal string offset 'status' E:\www\qiye\0512_jiujiujf\App\Home\Controller\RenwuController.class.php 第 44 行.
NOTIC: [2] Illegal string offset 'speed' E:\www\qiye\0512_jiujiujf\App\Home\Controller\RenwuController.class.php 第 45 行.
NOTIC: [2] Illegal string offset 'price' E:\www\qiye\0512_jiujiujf\App\Home\Controller\RenwuController.class.php 第 46 行.
NOTIC: [2] Illegal string offset 'wx_title' E:\www\qiye\0512_jiujiujf\App\Home\Controller\RenwuController.class.php 第 39 行.
NOTIC: [2] Illegal string offset 'total_num' E:\www\qiye\0512_jiujiujf\App\Home\Controller\RenwuController.class.php 第 40 行.
NOTIC: [2] Illegal string offset 'num' E:\www\qiye\0512_jiujiujf\App\Home\Controller\RenwuController.class.php 第 41 行.
NOTIC: [2] Illegal string offset 'start_num' E:\www\qiye\0512_jiujiujf\App\Home\Controller\RenwuController.class.php 第 42 行.
NOTIC: [2] Illegal string offset 'end_num' E:\www\qiye\0512_jiujiujf\App\Home\Controller\RenwuController.class.php 第 43 行.
NOTIC: [2] Illegal string offset 'status' E:\www\qiye\0512_jiujiujf\App\Home\Controller\RenwuController.class.php 第 44 行.
NOTIC: [2] Illegal string offset 'speed' E:\www\qiye\0512_jiujiujf\App\Home\Controller\RenwuController.class.php 第 45 行.
NOTIC: [2] Illegal string offset 'price' E:\www\qiye\0512_jiujiujf\App\Home\Controller\RenwuController.class.php 第 46 行.
NOTIC: [2] Illegal string offset 'wx_title' E:\www\qiye\0512_jiujiujf\App\Home\Controller\RenwuController.class.php 第 39 行.
NOTIC: [2] Illegal string offset 'total_num' E:\www\qiye\0512_jiujiujf\App\Home\Controller\RenwuController.class.php 第 40 行.
NOTIC: [2] Illegal string offset 'num' E:\www\qiye\0512_jiujiujf\App\Home\Controller\RenwuController.class.php 第 41 行.
NOTIC: [2] Illegal string offset 'start_num' E:\www\qiye\0512_jiujiujf\App\Home\Controller\RenwuController.class.php 第 42 行.
NOTIC: [2] Illegal string offset 'end_num' E:\www\qiye\0512_jiujiujf\App\Home\Controller\RenwuController.class.php 第 43 行.
NOTIC: [2] Illegal string offset 'status' E:\www\qiye\0512_jiujiujf\App\Home\Controller\RenwuController.class.php 第 44 行.
NOTIC: [2] Illegal string offset 'speed' E:\www\qiye\0512_jiujiujf\App\Home\Controller\RenwuController.class.php 第 45 行.
NOTIC: [2] Illegal string offset 'price' E:\www\qiye\0512_jiujiujf\App\Home\Controller\RenwuController.class.php 第 46 行.
NOTIC: [2] Illegal string offset 'wx_title' E:\www\qiye\0512_jiujiujf\App\Home\Controller\RenwuController.class.php 第 39 行.
NOTIC: [2] Illegal string offset 'total_num' E:\www\qiye\0512_jiujiujf\App\Home\Controller\RenwuController.class.php 第 40 行.
NOTIC: [2] Illegal string offset 'num' E:\www\qiye\0512_jiujiujf\App\Home\Controller\RenwuController.class.php 第 41 行.
NOTIC: [2] Illegal string offset 'start_num' E:\www\qiye\0512_jiujiujf\App\Home\Controller\RenwuController.class.php 第 42 行.
NOTIC: [2] Illegal string offset 'end_num' E:\www\qiye\0512_jiujiujf\App\Home\Controller\RenwuController.class.php 第 43 行.
NOTIC: [2] Illegal string offset 'status' E:\www\qiye\0512_jiujiujf\App\Home\Controller\RenwuController.class.php 第 44 行.
NOTIC: [2] Illegal string offset 'speed' E:\www\qiye\0512_jiujiujf\App\Home\Controller\RenwuController.class.php 第 45 行.
NOTIC: [2] Illegal string offset 'price' E:\www\qiye\0512_jiujiujf\App\Home\Controller\RenwuController.class.php 第 46 行.
NOTIC: [2] Illegal string offset 'wx_title' E:\www\qiye\0512_jiujiujf\App\Home\Controller\RenwuController.class.php 第 39 行.
NOTIC: [2] Illegal string offset 'total_num' E:\www\qiye\0512_jiujiujf\App\Home\Controller\RenwuController.class.php 第 40 行.
NOTIC: [2] Illegal string offset 'num' E:\www\qiye\0512_jiujiujf\App\Home\Controller\RenwuController.class.php 第 41 行.
NOTIC: [2] Illegal string offset 'start_num' E:\www\qiye\0512_jiujiujf\App\Home\Controller\RenwuController.class.php 第 42 行.
NOTIC: [2] Illegal string offset 'end_num' E:\www\qiye\0512_jiujiujf\App\Home\Controller\RenwuController.class.php 第 43 行.
NOTIC: [2] Illegal string offset 'status' E:\www\qiye\0512_jiujiujf\App\Home\Controller\RenwuController.class.php 第 44 行.
NOTIC: [2] Illegal string offset 'speed' E:\www\qiye\0512_jiujiujf\App\Home\Controller\RenwuController.class.php 第 45 行.
NOTIC: [2] Illegal string offset 'price' E:\www\qiye\0512_jiujiujf\App\Home\Controller\RenwuController.class.php 第 46 行.
NOTIC: [2] Illegal string offset 'wx_title' E:\www\qiye\0512_jiujiujf\App\Home\Controller\RenwuController.class.php 第 39 行.
NOTIC: [2] Illegal string offset 'total_num' E:\www\qiye\0512_jiujiujf\App\Home\Controller\RenwuController.class.php 第 40 行.
NOTIC: [2] Illegal string offset 'num' E:\www\qiye\0512_jiujiujf\App\Home\Controller\RenwuController.class.php 第 41 行.
NOTIC: [2] Illegal string offset 'start_num' E:\www\qiye\0512_jiujiujf\App\Home\Controller\RenwuController.class.php 第 42 行.
NOTIC: [2] Illegal string offset 'end_num' E:\www\qiye\0512_jiujiujf\App\Home\Controller\RenwuController.class.php 第 43 行.
NOTIC: [2] Illegal string offset 'status' E:\www\qiye\0512_jiujiujf\App\Home\Controller\RenwuController.class.php 第 44 行.
NOTIC: [2] Illegal string offset 'speed' E:\www\qiye\0512_jiujiujf\App\Home\Controller\RenwuController.class.php 第 45 行.
NOTIC: [2] Illegal string offset 'price' E:\www\qiye\0512_jiujiujf\App\Home\Controller\RenwuController.class.php 第 46 行.
NOTIC: [2] Illegal string offset 'wx_title' E:\www\qiye\0512_jiujiujf\App\Home\Controller\RenwuController.class.php 第 39 行.
NOTIC: [2] Illegal string offset 'total_num' E:\www\qiye\0512_jiujiujf\App\Home\Controller\RenwuController.class.php 第 40 行.
NOTIC: [2] Illegal string offset 'num' E:\www\qiye\0512_jiujiujf\App\Home\Controller\RenwuController.class.php 第 41 行.
NOTIC: [2] Illegal string offset 'start_num' E:\www\qiye\0512_jiujiujf\App\Home\Controller\RenwuController.class.php 第 42 行.
NOTIC: [2] Illegal string offset 'end_num' E:\www\qiye\0512_jiujiujf\App\Home\Controller\RenwuController.class.php 第 43 行.
NOTIC: [2] Illegal string offset 'status' E:\www\qiye\0512_jiujiujf\App\Home\Controller\RenwuController.class.php 第 44 行.
NOTIC: [2] Illegal string offset 'speed' E:\www\qiye\0512_jiujiujf\App\Home\Controller\RenwuController.class.php 第 45 行.
NOTIC: [2] Illegal string offset 'price' E:\www\qiye\0512_jiujiujf\App\Home\Controller\RenwuController.class.php 第 46 行.
NOTIC: [2] Illegal string offset 'wx_title' E:\www\qiye\0512_jiujiujf\App\Home\Controller\RenwuController.class.php 第 39 行.
NOTIC: [2] Illegal string offset 'total_num' E:\www\qiye\0512_jiujiujf\App\Home\Controller\RenwuController.class.php 第 40 行.
NOTIC: [2] Illegal string offset 'num' E:\www\qiye\0512_jiujiujf\App\Home\Controller\RenwuController.class.php 第 41 行.
NOTIC: [2] Illegal string offset 'start_num' E:\www\qiye\0512_jiujiujf\App\Home\Controller\RenwuController.class.php 第 42 行.
NOTIC: [2] Illegal string offset 'end_num' E:\www\qiye\0512_jiujiujf\App\Home\Controller\RenwuController.class.php 第 43 行.
NOTIC: [2] Illegal string offset 'status' E:\www\qiye\0512_jiujiujf\App\Home\Controller\RenwuController.class.php 第 44 行.
NOTIC: [2] Illegal string offset 'speed' E:\www\qiye\0512_jiujiujf\App\Home\Controller\RenwuController.class.php 第 45 行.
NOTIC: [2] Illegal string offset 'price' E:\www\qiye\0512_jiujiujf\App\Home\Controller\RenwuController.class.php 第 46 行.
NOTIC: [2] Illegal string offset 'wx_title' E:\www\qiye\0512_jiujiujf\App\Home\Controller\RenwuController.class.php 第 39 行.
NOTIC: [2] Illegal string offset 'total_num' E:\www\qiye\0512_jiujiujf\App\Home\Controller\RenwuController.class.php 第 40 行.
NOTIC: [2] Illegal string offset 'num' E:\www\qiye\0512_jiujiujf\App\Home\Controller\RenwuController.class.php 第 41 行.
NOTIC: [2] Illegal string offset 'start_num' E:\www\qiye\0512_jiujiujf\App\Home\Controller\RenwuController.class.php 第 42 行.
NOTIC: [2] Illegal string offset 'end_num' E:\www\qiye\0512_jiujiujf\App\Home\Controller\RenwuController.class.php 第 43 行.
NOTIC: [2] Illegal string offset 'status' E:\www\qiye\0512_jiujiujf\App\Home\Controller\RenwuController.class.php 第 44 行.
NOTIC: [2] Illegal string offset 'speed' E:\www\qiye\0512_jiujiujf\App\Home\Controller\RenwuController.class.php 第 45 行.
NOTIC: [2] Illegal string offset 'price' E:\www\qiye\0512_jiujiujf\App\Home\Controller\RenwuController.class.php 第 46 行.
NOTIC: [2] Illegal string offset 'wx_title' E:\www\qiye\0512_jiujiujf\App\Home\Controller\RenwuController.class.php 第 39 行.
NOTIC: [2] Illegal string offset 'total_num' E:\www\qiye\0512_jiujiujf\App\Home\Controller\RenwuController.class.php 第 40 行.
NOTIC: [2] Illegal string offset 'num' E:\www\qiye\0512_jiujiujf\App\Home\Controller\RenwuController.class.php 第 41 行.
NOTIC: [2] Illegal string offset 'start_num' E:\www\qiye\0512_jiujiujf\App\Home\Controller\RenwuController.class.php 第 42 行.
NOTIC: [2] Illegal string offset 'end_num' E:\www\qiye\0512_jiujiujf\App\Home\Controller\RenwuController.class.php 第 43 行.
NOTIC: [2] Illegal string offset 'status' E:\www\qiye\0512_jiujiujf\App\Home\Controller\RenwuController.class.php 第 44 行.
NOTIC: [2] Illegal string offset 'speed' E:\www\qiye\0512_jiujiujf\App\Home\Controller\RenwuController.class.php 第 45 行.
NOTIC: [2] Illegal string offset 'price' E:\www\qiye\0512_jiujiujf\App\Home\Controller\RenwuController.class.php 第 46 行.
INFO: [ view_parse ] --START--
INFO: [ template_filter ] --START--
INFO: Run Behavior\ContentReplace [ RunTime:0.001000s ]
INFO: [ template_filter ] --END-- [ RunTime:0.001000s ]
NOTIC: [8] Undefined index: keyword E:\www\qiye\0512_jiujiujf\App\Runtime\Cache\Home\8ce0ce0a604b5333a180871064883eaf.php 第 33 行.
INFO: Run Behavior\ParseTemplate [ RunTime:0.020001s ]
INFO: [ view_parse ] --END-- [ RunTime:0.020001s ]
INFO: [ view_filter ] --START--
INFO: Run Behavior\WriteHtmlCache [ RunTime:0.001000s ]
INFO: [ view_filter ] --END-- [ RunTime:0.001000s ]
INFO: [ app_end ] --START--
INFO: Run Behavior\ShowPageTrace [ RunTime:0.001000s ]
INFO: [ app_end ] --END-- [ RunTime:0.001000s ]

[ 2018-10-12T11:14:16+08:00 ] 58.100.31.236 /index.php/renwu/wx_yuedu_add.html
INFO: [ app_begin ] --START--
INFO: Run Behavior\ReadHtmlCache [ RunTime:0.001000s ]
INFO: [ app_begin ] --END-- [ RunTime:0.002000s ]
NOTIC: [8192] mysql_connect(): The mysql extension is deprecated and will be removed in the future: use mysqli or PDO instead E:\www\qiye\0512_jiujiujf\ThinkPHP\Library\Think\Db\Driver\Mysql.class.php 第 52 行.
SQL: SHOW COLUMNS FROM `gd_user` [ RunTime:0.031002s ]
SQL: SELECT * FROM `gd_user` WHERE ( id=122 ) LIMIT 1   [ RunTime:0.001000s ]
SQL: SHOW COLUMNS FROM `gd_config` [ RunTime:0.009000s ]
SQL: SELECT * FROM `gd_config` WHERE ( id=1 ) LIMIT 1   [ RunTime:0.001000s ]
SQL: SHOW COLUMNS FROM `gd_price` [ RunTime:0.009001s ]
SQL: SELECT * FROM `gd_price` WHERE ( id=1 ) LIMIT 1   [ RunTime:0.001000s ]
INFO: [ view_parse ] --START--
INFO: [ template_filter ] --START--
INFO: Run Behavior\ContentReplace [ RunTime:0.001001s ]
INFO: [ template_filter ] --END-- [ RunTime:0.001001s ]
INFO: Run Behavior\ParseTemplate [ RunTime:0.014001s ]
INFO: [ view_parse ] --END-- [ RunTime:0.014001s ]
INFO: [ view_filter ] --START--
INFO: Run Behavior\WriteHtmlCache [ RunTime:0.001000s ]
INFO: [ view_filter ] --END-- [ RunTime:0.001000s ]
INFO: [ app_end ] --START--
INFO: Run Behavior\ShowPageTrace [ RunTime:0.001000s ]
INFO: [ app_end ] --END-- [ RunTime:0.001000s ]

[ 2018-10-12T20:14:33+08:00 ] 123.151.77.72 /
INFO: [ app_begin ] --START--
INFO: Run Behavior\ReadHtmlCache [ RunTime:0.001000s ]
INFO: [ app_begin ] --END-- [ RunTime:0.002000s ]
NOTIC: [8192] mysql_connect(): The mysql extension is deprecated and will be removed in the future: use mysqli or PDO instead E:\www\qiye\0512_jiujiujf\ThinkPHP\Library\Think\Db\Driver\Mysql.class.php 第 52 行.
SQL: SHOW COLUMNS FROM `gd_user` [ RunTime:0.019001s ]
NOTIC: [8] Undefined index: uid E:\www\qiye\0512_jiujiujf\App\Home\Controller\CommController.class.php 第 18 行.
SQL: SELECT * FROM `gd_user` WHERE ( id= ) LIMIT 1   [ RunTime:0.001000s ]
ERR: 1064:You have an error in your SQL syntax; check the manual that corresponds to your MySQL server version for the right syntax to use near ') LIMIT 1' at line 1
 [ SQL语句 ] : SELECT * FROM `gd_user` WHERE ( id= ) LIMIT 1  
SQL: SHOW COLUMNS FROM `gd_config` [ RunTime:0.019001s ]
SQL: SELECT * FROM `gd_config` WHERE ( id=1 ) LIMIT 1   [ RunTime:0.001001s ]
SQL: SHOW COLUMNS FROM `gd_czewm` [ RunTime:0.019001s ]
SQL: SELECT * FROM `gd_czewm`  [ RunTime:0.001000s ]
SQL: SELECT * FROM `gd_config` LIMIT 1   [ RunTime:0.001000s ]
SQL: SHOW COLUMNS FROM `gd_task` [ RunTime:0.018001s ]
SQL: SELECT * FROM `gd_task`  [ RunTime:0.000000s ]
NOTIC: [8] Undefined index: uid E:\www\qiye\0512_jiujiujf\App\Home\Controller\IndexController.class.php 第 15 行.
SQL: SELECT * FROM `gd_user` LIMIT 1   [ RunTime:0.001000s ]
INFO: [ view_parse ] --START--
INFO: [ template_filter ] --START--
INFO: Run Behavior\ContentReplace [ RunTime:0.000000s ]
INFO: [ template_filter ] --END-- [ RunTime:0.000000s ]
NOTIC: [8] Undefined variable: ty E:\www\qiye\0512_jiujiujf\App\Runtime\Cache\Home\00e52909bed743ea261af4b6823297ff.php 第 160 行.
INFO: Run Behavior\ParseTemplate [ RunTime:0.024001s ]
INFO: [ view_parse ] --END-- [ RunTime:0.024001s ]
INFO: [ view_filter ] --START--
INFO: Run Behavior\WriteHtmlCache [ RunTime:0.000000s ]
INFO: [ view_filter ] --END-- [ RunTime:0.000000s ]
INFO: [ app_end ] --START--
INFO: Run Behavior\ShowPageTrace [ RunTime:0.001000s ]
INFO: [ app_end ] --END-- [ RunTime:0.001000s ]

[ 2018-10-12T20:14:33+08:00 ] 123.151.77.72 /index.php/login/login.html
INFO: [ app_begin ] --START--
INFO: Run Behavior\ReadHtmlCache [ RunTime:0.001000s ]
INFO: [ app_begin ] --END-- [ RunTime:0.001000s ]
NOTIC: [8192] mysql_connect(): The mysql extension is deprecated and will be removed in the future: use mysqli or PDO instead E:\www\qiye\0512_jiujiujf\ThinkPHP\Library\Think\Db\Driver\Mysql.class.php 第 52 行.
SQL: SHOW COLUMNS FROM `gd_config` [ RunTime:0.018001s ]
SQL: SELECT * FROM `gd_config` WHERE ( id=1 ) LIMIT 1   [ RunTime:0.001000s ]
INFO: [ view_parse ] --START--
INFO: [ template_filter ] --START--
INFO: Run Behavior\ContentReplace [ RunTime:0.000000s ]
INFO: [ template_filter ] --END-- [ RunTime:0.000000s ]
INFO: Run Behavior\ParseTemplate [ RunTime:0.013000s ]
INFO: [ view_parse ] --END-- [ RunTime:0.013000s ]
INFO: [ view_filter ] --START--
INFO: Run Behavior\WriteHtmlCache [ RunTime:0.000000s ]
INFO: [ view_filter ] --END-- [ RunTime:0.001000s ]
INFO: [ app_end ] --START--
INFO: Run Behavior\ShowPageTrace [ RunTime:0.001000s ]
INFO: [ app_end ] --END-- [ RunTime:0.001000s ]

[ 2018-10-12T20:14:33+08:00 ] 125.39.46.58 /
INFO: [ app_begin ] --START--
INFO: Run Behavior\ReadHtmlCache [ RunTime:0.000000s ]
INFO: [ app_begin ] --END-- [ RunTime:0.002000s ]
NOTIC: [8192] mysql_connect(): The mysql extension is deprecated and will be removed in the future: use mysqli or PDO instead E:\www\qiye\0512_jiujiujf\ThinkPHP\Library\Think\Db\Driver\Mysql.class.php 第 52 行.
SQL: SHOW COLUMNS FROM `gd_user` [ RunTime:0.027002s ]
NOTIC: [8] Undefined index: uid E:\www\qiye\0512_jiujiujf\App\Home\Controller\CommController.class.php 第 18 行.
SQL: SELECT * FROM `gd_user` WHERE ( id= ) LIMIT 1   [ RunTime:0.000000s ]
ERR: 1064:You have an error in your SQL syntax; check the manual that corresponds to your MySQL server version for the right syntax to use near ') LIMIT 1' at line 1
 [ SQL语句 ] : SELECT * FROM `gd_user` WHERE ( id= ) LIMIT 1  
SQL: SHOW COLUMNS FROM `gd_config` [ RunTime:0.026001s ]
SQL: SELECT * FROM `gd_config` WHERE ( id=1 ) LIMIT 1   [ RunTime:0.001000s ]
SQL: SHOW COLUMNS FROM `gd_czewm` [ RunTime:0.021001s ]
SQL: SELECT * FROM `gd_czewm`  [ RunTime:0.001001s ]
SQL: SELECT * FROM `gd_config` LIMIT 1   [ RunTime:0.001000s ]
SQL: SHOW COLUMNS FROM `gd_task` [ RunTime:0.024001s ]
SQL: SELECT * FROM `gd_task`  [ RunTime:0.001000s ]
NOTIC: [8] Undefined index: uid E:\www\qiye\0512_jiujiujf\App\Home\Controller\IndexController.class.php 第 15 行.
SQL: SELECT * FROM `gd_user` LIMIT 1   [ RunTime:0.000000s ]
INFO: [ view_parse ] --START--
INFO: [ template_filter ] --START--
INFO: Run Behavior\ContentReplace [ RunTime:0.001000s ]
INFO: [ template_filter ] --END-- [ RunTime:0.001000s ]
NOTIC: [8] Undefined variable: ty E:\www\qiye\0512_jiujiujf\App\Runtime\Cache\Home\00e52909bed743ea261af4b6823297ff.php 第 160 行.
INFO: Run Behavior\ParseTemplate [ RunTime:0.023001s ]
INFO: [ view_parse ] --END-- [ RunTime:0.023001s ]
INFO: [ view_filter ] --START--
INFO: Run Behavior\WriteHtmlCache [ RunTime:0.000000s ]
INFO: [ view_filter ] --END-- [ RunTime:0.000000s ]
INFO: [ app_end ] --START--
INFO: Run Behavior\ShowPageTrace [ RunTime:0.001000s ]
INFO: [ app_end ] --END-- [ RunTime:0.001000s ]

[ 2018-10-12T20:14:34+08:00 ] 111.30.142.252 /
INFO: [ app_begin ] --START--
INFO: Run Behavior\ReadHtmlCache [ RunTime:0.001000s ]
INFO: [ app_begin ] --END-- [ RunTime:0.001000s ]
NOTIC: [8192] mysql_connect(): The mysql extension is deprecated and will be removed in the future: use mysqli or PDO instead E:\www\qiye\0512_jiujiujf\ThinkPHP\Library\Think\Db\Driver\Mysql.class.php 第 52 行.
SQL: SHOW COLUMNS FROM `gd_user` [ RunTime:0.019002s ]
NOTIC: [8] Undefined index: uid E:\www\qiye\0512_jiujiujf\App\Home\Controller\CommController.class.php 第 18 行.
SQL: SELECT * FROM `gd_user` WHERE ( id= ) LIMIT 1   [ RunTime:0.001000s ]
ERR: 1064:You have an error in your SQL syntax; check the manual that corresponds to your MySQL server version for the right syntax to use near ') LIMIT 1' at line 1
 [ SQL语句 ] : SELECT * FROM `gd_user` WHERE ( id= ) LIMIT 1  
SQL: SHOW COLUMNS FROM `gd_config` [ RunTime:0.017001s ]
SQL: SELECT * FROM `gd_config` WHERE ( id=1 ) LIMIT 1   [ RunTime:0.001000s ]
SQL: SHOW COLUMNS FROM `gd_czewm` [ RunTime:0.018001s ]
SQL: SELECT * FROM `gd_czewm`  [ RunTime:0.000000s ]
SQL: SELECT * FROM `gd_config` LIMIT 1   [ RunTime:0.000000s ]
SQL: SHOW COLUMNS FROM `gd_task` [ RunTime:0.018001s ]
SQL: SELECT * FROM `gd_task`  [ RunTime:0.000000s ]
NOTIC: [8] Undefined index: uid E:\www\qiye\0512_jiujiujf\App\Home\Controller\IndexController.class.php 第 15 行.
SQL: SELECT * FROM `gd_user` LIMIT 1   [ RunTime:0.000000s ]
INFO: [ view_parse ] --START--
INFO: [ template_filter ] --START--
INFO: Run Behavior\ContentReplace [ RunTime:0.000000s ]
INFO: [ template_filter ] --END-- [ RunTime:0.000000s ]
NOTIC: [8] Undefined variable: ty E:\www\qiye\0512_jiujiujf\App\Runtime\Cache\Home\00e52909bed743ea261af4b6823297ff.php 第 160 行.
INFO: Run Behavior\ParseTemplate [ RunTime:0.022001s ]
INFO: [ view_parse ] --END-- [ RunTime:0.022001s ]
INFO: [ view_filter ] --START--
INFO: Run Behavior\WriteHtmlCache [ RunTime:0.001000s ]
INFO: [ view_filter ] --END-- [ RunTime:0.001000s ]
INFO: [ app_end ] --START--
INFO: Run Behavior\ShowPageTrace [ RunTime:0.001000s ]
INFO: [ app_end ] --END-- [ RunTime:0.001000s ]

[ 2018-10-12T20:14:43+08:00 ] 123.151.77.72 /index.php/login/dologin.html
INFO: [ app_begin ] --START--
INFO: Run Behavior\ReadHtmlCache [ RunTime:0.001000s ]
INFO: [ app_begin ] --END-- [ RunTime:0.002000s ]
NOTIC: [8192] mysql_connect(): The mysql extension is deprecated and will be removed in the future: use mysqli or PDO instead E:\www\qiye\0512_jiujiujf\ThinkPHP\Library\Think\Db\Driver\Mysql.class.php 第 52 行.
SQL: SHOW COLUMNS FROM `gd_user` [ RunTime:0.018001s ]
SQL: SELECT * FROM `gd_user` WHERE ( username = 'admin' ) LIMIT 1   [ RunTime:0.001000s ]
SQL: SELECT * FROM `gd_user` WHERE ( username='admin' and password='c56d0e9a7ccec67b4ea131655038d604' ) LIMIT 1   [ RunTime:0.001000s ]

[ 2018-10-12T20:14:43+08:00 ] 123.151.77.72 /index.php/index/index.html?ty=block
INFO: [ app_begin ] --START--
INFO: Run Behavior\ReadHtmlCache [ RunTime:0.001000s ]
INFO: [ app_begin ] --END-- [ RunTime:0.001000s ]
NOTIC: [8192] mysql_connect(): The mysql extension is deprecated and will be removed in the future: use mysqli or PDO instead E:\www\qiye\0512_jiujiujf\ThinkPHP\Library\Think\Db\Driver\Mysql.class.php 第 52 行.
SQL: SHOW COLUMNS FROM `gd_user` [ RunTime:0.017001s ]
SQL: SELECT * FROM `gd_user` WHERE ( id=122 ) LIMIT 1   [ RunTime:0.000000s ]
SQL: SHOW COLUMNS FROM `gd_config` [ RunTime:0.019001s ]
SQL: SELECT * FROM `gd_config` WHERE ( id=1 ) LIMIT 1   [ RunTime:0.001000s ]
SQL: SHOW COLUMNS FROM `gd_czewm` [ RunTime:0.019002s ]
SQL: SELECT * FROM `gd_czewm`  [ RunTime:0.000000s ]
SQL: SELECT * FROM `gd_config` LIMIT 1   [ RunTime:0.001000s ]
SQL: SHOW COLUMNS FROM `gd_task` [ RunTime:0.018001s ]
SQL: SELECT * FROM `gd_task`  [ RunTime:0.001000s ]
SQL: SELECT * FROM `gd_user` WHERE ( `id` = 122 ) LIMIT 1   [ RunTime:0.001000s ]
INFO: [ view_parse ] --START--
INFO: [ template_filter ] --START--
INFO: Run Behavior\ContentReplace [ RunTime:0.000000s ]
INFO: [ template_filter ] --END-- [ RunTime:0.001000s ]
INFO: Run Behavior\ParseTemplate [ RunTime:0.024001s ]
INFO: [ view_parse ] --END-- [ RunTime:0.024001s ]
INFO: [ view_filter ] --START--
INFO: Run Behavior\WriteHtmlCache [ RunTime:0.001000s ]
INFO: [ view_filter ] --END-- [ RunTime:0.001000s ]
INFO: [ app_end ] --START--
INFO: Run Behavior\ShowPageTrace [ RunTime:0.001000s ]
INFO: [ app_end ] --END-- [ RunTime:0.001000s ]

[ 2018-10-12T20:14:44+08:00 ] 123.151.77.72 /index.php/news/index.html
INFO: [ app_begin ] --START--
INFO: Run Behavior\ReadHtmlCache [ RunTime:0.001000s ]
INFO: [ app_begin ] --END-- [ RunTime:0.001000s ]
NOTIC: [8192] mysql_connect(): The mysql extension is deprecated and will be removed in the future: use mysqli or PDO instead E:\www\qiye\0512_jiujiujf\ThinkPHP\Library\Think\Db\Driver\Mysql.class.php 第 52 行.
SQL: SHOW COLUMNS FROM `gd_user` [ RunTime:0.019001s ]
SQL: SELECT * FROM `gd_user` WHERE ( id=122 ) LIMIT 1   [ RunTime:0.001000s ]
SQL: SHOW COLUMNS FROM `gd_config` [ RunTime:0.026002s ]
SQL: SELECT * FROM `gd_config` WHERE ( id=1 ) LIMIT 1   [ RunTime:0.000000s ]
SQL: SHOW COLUMNS FROM `gd_news` [ RunTime:0.021001s ]
SQL: SELECT COUNT(*) AS tp_count FROM `gd_news` LIMIT 1   [ RunTime:0.001000s ]
SQL: SELECT * FROM `gd_news` ORDER BY sort desc,addtime desc LIMIT 0,20   [ RunTime:0.001000s ]
INFO: [ view_parse ] --START--
INFO: [ template_filter ] --START--
INFO: Run Behavior\ContentReplace [ RunTime:0.000000s ]
INFO: [ template_filter ] --END-- [ RunTime:0.000000s ]
INFO: Run Behavior\ParseTemplate [ RunTime:0.012001s ]
INFO: [ view_parse ] --END-- [ RunTime:0.012001s ]
INFO: [ view_filter ] --START--
INFO: Run Behavior\WriteHtmlCache [ RunTime:0.000000s ]
INFO: [ view_filter ] --END-- [ RunTime:0.000000s ]
INFO: [ app_end ] --START--
INFO: Run Behavior\ShowPageTrace [ RunTime:0.001000s ]
INFO: [ app_end ] --END-- [ RunTime:0.001000s ]

[ 2018-10-12T20:23:03+08:00 ] 101.227.139.164 /index.php/index/index.html?ty=block
INFO: [ app_begin ] --START--
INFO: Run Behavior\ReadHtmlCache [ RunTime:0.001000s ]
INFO: [ app_begin ] --END-- [ RunTime:0.001000s ]
NOTIC: [8192] mysql_connect(): The mysql extension is deprecated and will be removed in the future: use mysqli or PDO instead E:\www\qiye\0512_jiujiujf\ThinkPHP\Library\Think\Db\Driver\Mysql.class.php 第 52 行.
SQL: SHOW COLUMNS FROM `gd_user` [ RunTime:0.017000s ]
NOTIC: [8] Undefined index: uid E:\www\qiye\0512_jiujiujf\App\Home\Controller\CommController.class.php 第 18 行.
SQL: SELECT * FROM `gd_user` WHERE ( id= ) LIMIT 1   [ RunTime:0.000000s ]
ERR: 1064:You have an error in your SQL syntax; check the manual that corresponds to your MySQL server version for the right syntax to use near ') LIMIT 1' at line 1
 [ SQL语句 ] : SELECT * FROM `gd_user` WHERE ( id= ) LIMIT 1  
SQL: SHOW COLUMNS FROM `gd_config` [ RunTime:0.019001s ]
SQL: SELECT * FROM `gd_config` WHERE ( id=1 ) LIMIT 1   [ RunTime:0.001000s ]
SQL: SHOW COLUMNS FROM `gd_czewm` [ RunTime:0.018001s ]
SQL: SELECT * FROM `gd_czewm`  [ RunTime:0.000000s ]
SQL: SELECT * FROM `gd_config` LIMIT 1   [ RunTime:0.001000s ]
SQL: SHOW COLUMNS FROM `gd_task` [ RunTime:0.019001s ]
SQL: SELECT * FROM `gd_task`  [ RunTime:0.001000s ]
NOTIC: [8] Undefined index: uid E:\www\qiye\0512_jiujiujf\App\Home\Controller\IndexController.class.php 第 15 行.
SQL: SELECT * FROM `gd_user` LIMIT 1   [ RunTime:0.001000s ]
INFO: [ view_parse ] --START--
INFO: [ template_filter ] --START--
INFO: Run Behavior\ContentReplace [ RunTime:0.000000s ]
INFO: [ template_filter ] --END-- [ RunTime:0.000000s ]
NOTIC: [8] Undefined variable: ty E:\www\qiye\0512_jiujiujf\App\Runtime\Cache\Home\00e52909bed743ea261af4b6823297ff.php 第 160 行.
INFO: Run Behavior\ParseTemplate [ RunTime:0.024001s ]
INFO: [ view_parse ] --END-- [ RunTime:0.024001s ]
INFO: [ view_filter ] --START--
INFO: Run Behavior\WriteHtmlCache [ RunTime:0.001001s ]
INFO: [ view_filter ] --END-- [ RunTime:0.001001s ]
INFO: [ app_end ] --START--
INFO: Run Behavior\ShowPageTrace [ RunTime:0.001000s ]
INFO: [ app_end ] --END-- [ RunTime:0.001000s ]

[ 2018-10-12T20:25:30+08:00 ] 101.227.139.164 /index.php/index/index.html?ty=block
INFO: [ app_begin ] --START--
INFO: Run Behavior\ReadHtmlCache [ RunTime:0.001000s ]
INFO: [ app_begin ] --END-- [ RunTime:0.002000s ]
NOTIC: [8192] mysql_connect(): The mysql extension is deprecated and will be removed in the future: use mysqli or PDO instead E:\www\qiye\0512_jiujiujf\ThinkPHP\Library\Think\Db\Driver\Mysql.class.php 第 52 行.
SQL: SHOW COLUMNS FROM `gd_user` [ RunTime:0.019001s ]
NOTIC: [8] Undefined index: uid E:\www\qiye\0512_jiujiujf\App\Home\Controller\CommController.class.php 第 18 行.
SQL: SELECT * FROM `gd_user` WHERE ( id= ) LIMIT 1   [ RunTime:0.001000s ]
ERR: 1064:You have an error in your SQL syntax; check the manual that corresponds to your MySQL server version for the right syntax to use near ') LIMIT 1' at line 1
 [ SQL语句 ] : SELECT * FROM `gd_user` WHERE ( id= ) LIMIT 1  
SQL: SHOW COLUMNS FROM `gd_config` [ RunTime:0.019001s ]
SQL: SELECT * FROM `gd_config` WHERE ( id=1 ) LIMIT 1   [ RunTime:0.001000s ]
SQL: SHOW COLUMNS FROM `gd_czewm` [ RunTime:0.018001s ]
SQL: SELECT * FROM `gd_czewm`  [ RunTime:0.000000s ]
SQL: SELECT * FROM `gd_config` LIMIT 1   [ RunTime:0.001000s ]
SQL: SHOW COLUMNS FROM `gd_task` [ RunTime:0.018001s ]
SQL: SELECT * FROM `gd_task`  [ RunTime:0.001001s ]
NOTIC: [8] Undefined index: uid E:\www\qiye\0512_jiujiujf\App\Home\Controller\IndexController.class.php 第 15 行.
SQL: SELECT * FROM `gd_user` LIMIT 1   [ RunTime:0.001000s ]
INFO: [ view_parse ] --START--
INFO: [ template_filter ] --START--
INFO: Run Behavior\ContentReplace [ RunTime:0.000000s ]
INFO: [ template_filter ] --END-- [ RunTime:0.001001s ]
NOTIC: [8] Undefined variable: ty E:\www\qiye\0512_jiujiujf\App\Runtime\Cache\Home\00e52909bed743ea261af4b6823297ff.php 第 160 行.
INFO: Run Behavior\ParseTemplate [ RunTime:0.024001s ]
INFO: [ view_parse ] --END-- [ RunTime:0.024001s ]
INFO: [ view_filter ] --START--
INFO: Run Behavior\WriteHtmlCache [ RunTime:0.001000s ]
INFO: [ view_filter ] --END-- [ RunTime:0.001000s ]
INFO: [ app_end ] --START--
INFO: Run Behavior\ShowPageTrace [ RunTime:0.001000s ]
INFO: [ app_end ] --END-- [ RunTime:0.001000s ]

[ 2018-10-12T20:38:12+08:00 ] 123.151.77.72 /
INFO: [ app_begin ] --START--
INFO: Run Behavior\ReadHtmlCache [ RunTime:0.001000s ]
INFO: [ app_begin ] --END-- [ RunTime:0.001000s ]
NOTIC: [8192] mysql_connect(): The mysql extension is deprecated and will be removed in the future: use mysqli or PDO instead E:\www\qiye\0512_jiujiujf\ThinkPHP\Library\Think\Db\Driver\Mysql.class.php 第 52 行.
SQL: SHOW COLUMNS FROM `gd_user` [ RunTime:0.010001s ]
SQL: SELECT * FROM `gd_user` WHERE ( id=122 ) LIMIT 1   [ RunTime:0.001000s ]
SQL: SHOW COLUMNS FROM `gd_config` [ RunTime:0.008000s ]
SQL: SELECT * FROM `gd_config` WHERE ( id=1 ) LIMIT 1   [ RunTime:0.001000s ]
SQL: SHOW COLUMNS FROM `gd_czewm` [ RunTime:0.008001s ]
SQL: SELECT * FROM `gd_czewm`  [ RunTime:0.001000s ]
SQL: SELECT * FROM `gd_config` LIMIT 1   [ RunTime:0.001000s ]
SQL: SHOW COLUMNS FROM `gd_task` [ RunTime:0.008000s ]
SQL: SELECT * FROM `gd_task`  [ RunTime:0.001000s ]
SQL: SELECT * FROM `gd_user` WHERE ( `id` = 122 ) LIMIT 1   [ RunTime:0.001000s ]
INFO: [ view_parse ] --START--
INFO: [ template_filter ] --START--
INFO: Run Behavior\ContentReplace [ RunTime:0.000000s ]
INFO: [ template_filter ] --END-- [ RunTime:0.001000s ]
NOTIC: [8] Undefined variable: ty E:\www\qiye\0512_jiujiujf\App\Runtime\Cache\Home\00e52909bed743ea261af4b6823297ff.php 第 160 行.
INFO: Run Behavior\ParseTemplate [ RunTime:0.022002s ]
INFO: [ view_parse ] --END-- [ RunTime:0.022002s ]
INFO: [ view_filter ] --START--
INFO: Run Behavior\WriteHtmlCache [ RunTime:0.001000s ]
INFO: [ view_filter ] --END-- [ RunTime:0.001000s ]
INFO: [ app_end ] --START--
INFO: Run Behavior\ShowPageTrace [ RunTime:0.001000s ]
INFO: [ app_end ] --END-- [ RunTime:0.001000s ]

[ 2018-10-12T20:38:12+08:00 ] 123.151.77.72 /index.php/news/index.html
INFO: [ app_begin ] --START--
INFO: Run Behavior\ReadHtmlCache [ RunTime:0.001001s ]
INFO: [ app_begin ] --END-- [ RunTime:0.001001s ]
NOTIC: [8192] mysql_connect(): The mysql extension is deprecated and will be removed in the future: use mysqli or PDO instead E:\www\qiye\0512_jiujiujf\ThinkPHP\Library\Think\Db\Driver\Mysql.class.php 第 52 行.
SQL: SHOW COLUMNS FROM `gd_user` [ RunTime:0.173010s ]
SQL: SELECT * FROM `gd_user` WHERE ( id=122 ) LIMIT 1   [ RunTime:0.001000s ]
SQL: SHOW COLUMNS FROM `gd_config` [ RunTime:0.010000s ]
SQL: SELECT * FROM `gd_config` WHERE ( id=1 ) LIMIT 1   [ RunTime:0.001000s ]
SQL: SHOW COLUMNS FROM `gd_news` [ RunTime:0.009000s ]
SQL: SELECT COUNT(*) AS tp_count FROM `gd_news` LIMIT 1   [ RunTime:0.001000s ]
SQL: SELECT * FROM `gd_news` ORDER BY sort desc,addtime desc LIMIT 0,20   [ RunTime:0.001000s ]
INFO: [ view_parse ] --START--
INFO: [ template_filter ] --START--
INFO: Run Behavior\ContentReplace [ RunTime:0.000000s ]
INFO: [ template_filter ] --END-- [ RunTime:0.000000s ]
INFO: Run Behavior\ParseTemplate [ RunTime:0.010001s ]
INFO: [ view_parse ] --END-- [ RunTime:0.010001s ]
INFO: [ view_filter ] --START--
INFO: Run Behavior\WriteHtmlCache [ RunTime:0.000000s ]
INFO: [ view_filter ] --END-- [ RunTime:0.000000s ]
INFO: [ app_end ] --START--
INFO: Run Behavior\ShowPageTrace [ RunTime:0.001000s ]
INFO: [ app_end ] --END-- [ RunTime:0.001000s ]

[ 2018-10-12T20:38:12+08:00 ] 125.39.46.59 /
INFO: [ app_begin ] --START--
INFO: Run Behavior\ReadHtmlCache [ RunTime:0.001000s ]
INFO: [ app_begin ] --END-- [ RunTime:0.002000s ]
NOTIC: [8192] mysql_connect(): The mysql extension is deprecated and will be removed in the future: use mysqli or PDO instead E:\www\qiye\0512_jiujiujf\ThinkPHP\Library\Think\Db\Driver\Mysql.class.php 第 52 行.
SQL: SHOW COLUMNS FROM `gd_user` [ RunTime:0.008001s ]
NOTIC: [8] Undefined index: uid E:\www\qiye\0512_jiujiujf\App\Home\Controller\CommController.class.php 第 18 行.
SQL: SELECT * FROM `gd_user` WHERE ( id= ) LIMIT 1   [ RunTime:0.001000s ]
ERR: 1064:You have an error in your SQL syntax; check the manual that corresponds to your MySQL server version for the right syntax to use near ') LIMIT 1' at line 1
 [ SQL语句 ] : SELECT * FROM `gd_user` WHERE ( id= ) LIMIT 1  
SQL: SHOW COLUMNS FROM `gd_config` [ RunTime:0.521029s ]
SQL: SELECT * FROM `gd_config` WHERE ( id=1 ) LIMIT 1   [ RunTime:0.001000s ]
SQL: SHOW COLUMNS FROM `gd_czewm` [ RunTime:0.013000s ]
SQL: SELECT * FROM `gd_czewm`  [ RunTime:0.001000s ]
SQL: SELECT * FROM `gd_config` LIMIT 1   [ RunTime:0.001000s ]
SQL: SHOW COLUMNS FROM `gd_task` [ RunTime:0.009001s ]
SQL: SELECT * FROM `gd_task`  [ RunTime:0.001000s ]
NOTIC: [8] Undefined index: uid E:\www\qiye\0512_jiujiujf\App\Home\Controller\IndexController.class.php 第 15 行.
SQL: SELECT * FROM `gd_user` LIMIT 1   [ RunTime:0.001000s ]
INFO: [ view_parse ] --START--
INFO: [ template_filter ] --START--
INFO: Run Behavior\ContentReplace [ RunTime:0.000000s ]
INFO: [ template_filter ] --END-- [ RunTime:0.001000s ]
NOTIC: [8] Undefined variable: ty E:\www\qiye\0512_jiujiujf\App\Runtime\Cache\Home\00e52909bed743ea261af4b6823297ff.php 第 160 行.
INFO: Run Behavior\ParseTemplate [ RunTime:0.022001s ]
INFO: [ view_parse ] --END-- [ RunTime:0.022001s ]
INFO: [ view_filter ] --START--
INFO: Run Behavior\WriteHtmlCache [ RunTime:0.001000s ]
INFO: [ view_filter ] --END-- [ RunTime:0.001000s ]
INFO: [ app_end ] --START--
INFO: Run Behavior\ShowPageTrace [ RunTime:0.001000s ]
INFO: [ app_end ] --END-- [ RunTime:0.001000s ]

[ 2018-10-12T20:38:13+08:00 ] 111.30.142.78 /
INFO: [ app_begin ] --START--
INFO: Run Behavior\ReadHtmlCache [ RunTime:0.001000s ]
INFO: [ app_begin ] --END-- [ RunTime:0.002000s ]
NOTIC: [8192] mysql_connect(): The mysql extension is deprecated and will be removed in the future: use mysqli or PDO instead E:\www\qiye\0512_jiujiujf\ThinkPHP\Library\Think\Db\Driver\Mysql.class.php 第 52 行.
SQL: SHOW COLUMNS FROM `gd_user` [ RunTime:0.009001s ]
NOTIC: [8] Undefined index: uid E:\www\qiye\0512_jiujiujf\App\Home\Controller\CommController.class.php 第 18 行.
SQL: SELECT * FROM `gd_user` WHERE ( id= ) LIMIT 1   [ RunTime:0.001000s ]
ERR: 1064:You have an error in your SQL syntax; check the manual that corresponds to your MySQL server version for the right syntax to use near ') LIMIT 1' at line 1
 [ SQL语句 ] : SELECT * FROM `gd_user` WHERE ( id= ) LIMIT 1  
SQL: SHOW COLUMNS FROM `gd_config` [ RunTime:0.008000s ]
SQL: SELECT * FROM `gd_config` WHERE ( id=1 ) LIMIT 1   [ RunTime:0.001000s ]
SQL: SHOW COLUMNS FROM `gd_czewm` [ RunTime:0.009001s ]
SQL: SELECT * FROM `gd_czewm`  [ RunTime:0.000000s ]
SQL: SELECT * FROM `gd_config` LIMIT 1   [ RunTime:0.000000s ]
SQL: SHOW COLUMNS FROM `gd_task` [ RunTime:0.008001s ]
SQL: SELECT * FROM `gd_task`  [ RunTime:0.001000s ]
NOTIC: [8] Undefined index: uid E:\www\qiye\0512_jiujiujf\App\Home\Controller\IndexController.class.php 第 15 行.
SQL: SELECT * FROM `gd_user` LIMIT 1   [ RunTime:0.000000s ]
INFO: [ view_parse ] --START--
INFO: [ template_filter ] --START--
INFO: Run Behavior\ContentReplace [ RunTime:0.000000s ]
INFO: [ template_filter ] --END-- [ RunTime:0.000000s ]
NOTIC: [8] Undefined variable: ty E:\www\qiye\0512_jiujiujf\App\Runtime\Cache\Home\00e52909bed743ea261af4b6823297ff.php 第 160 行.
INFO: Run Behavior\ParseTemplate [ RunTime:0.020001s ]
INFO: [ view_parse ] --END-- [ RunTime:0.020001s ]
INFO: [ view_filter ] --START--
INFO: Run Behavior\WriteHtmlCache [ RunTime:0.001000s ]
INFO: [ view_filter ] --END-- [ RunTime:0.001000s ]
INFO: [ app_end ] --START--
INFO: Run Behavior\ShowPageTrace [ RunTime:0.001000s ]
INFO: [ app_end ] --END-- [ RunTime:0.001000s ]

