[ 2018-10-20T09:42:14+08:00 ] 127.0.0.1 /admin.php/index/index.html
INFO: [ app_begin ] --START--
INFO: Run Behavior\ReadHtmlCache [ RunTime:0.000475s ]
INFO: [ app_begin ] --END-- [ RunTime:0.001065s ]
SQL: SHOW COLUMNS FROM `cm_rel` [ RunTime:0.118859s ]
SQL: SELECT p.pid FROM cm_rel r INNER JOIN cm_pro AS p ON r.jid = p.id  WHERE ( r.pid=1 )  [ RunTime:0.107745s ]
INFO: [ view_parse ] --START--
INFO: [ template_filter ] --START--
INFO: Run Behavior\ContentReplace [ RunTime:0.000065s ]
INFO: [ template_filter ] --END-- [ RunTime:0.000107s ]
INFO: Run Behavior\ParseTemplate [ RunTime:0.187268s ]
INFO: [ view_parse ] --END-- [ RunTime:0.187312s ]
INFO: [ view_filter ] --START--
INFO: Run Behavior\WriteHtmlCache [ RunTime:0.019263s ]
INFO: [ view_filter ] --END-- [ RunTime:0.019324s ]
INFO: [ app_end ] --START--
INFO: Run Behavior\ShowPageTrace [ RunTime:0.011055s ]
INFO: [ app_end ] --END-- [ RunTime:0.011126s ]

[ 2018-10-20T09:42:15+08:00 ] 127.0.0.1 /admin.php/index/main.html
INFO: [ app_begin ] --START--
INFO: Run Behavior\ReadHtmlCache [ RunTime:0.000339s ]
INFO: [ app_begin ] --END-- [ RunTime:0.000586s ]
INFO: [ view_parse ] --START--
INFO: [ template_filter ] --START--
INFO: Run Behavior\ContentReplace [ RunTime:0.000044s ]
INFO: [ template_filter ] --END-- [ RunTime:0.000081s ]
NOTIC: [8] Undefined variable: admin E:\WWW\photo\App\Runtime\Cache\Rzsys\fd452937e88c188c460bc88e5f76d2e6.php 第 96 行.
INFO: Run Behavior\ParseTemplate [ RunTime:0.144327s ]
INFO: [ view_parse ] --END-- [ RunTime:0.144383s ]
INFO: [ view_filter ] --START--
INFO: Run Behavior\WriteHtmlCache [ RunTime:0.000211s ]
INFO: [ view_filter ] --END-- [ RunTime:0.000237s ]
INFO: [ app_end ] --START--
INFO: Run Behavior\ShowPageTrace [ RunTime:0.000448s ]
INFO: [ app_end ] --END-- [ RunTime:0.000489s ]

[ 2018-10-20T09:42:25+08:00 ] 127.0.0.1 /admin.php/yuyue/alist.html
INFO: [ app_begin ] --START--
INFO: Run Behavior\ReadHtmlCache [ RunTime:0.000419s ]
INFO: [ app_begin ] --END-- [ RunTime:0.000747s ]
SQL: SHOW COLUMNS FROM `cm_yuyue` [ RunTime:0.048435s ]
NOTIC: [8] Undefined index: telphone E:\WWW\photo\App\Rzsys\Controller\YuyueController.class.php 第 12 行.
NOTIC: [8] Undefined index: date E:\WWW\photo\App\Rzsys\Controller\YuyueController.class.php 第 13 行.
NOTIC: [8] Undefined index: p E:\WWW\photo\App\Rzsys\Controller\YuyueController.class.php 第 23 行.
SQL: SELECT y.*,u.truename,u.telphone FROM cm_yuyue y INNER JOIN cm_user AS u ON y.uid = u.id  WHERE ( 1 ) ORDER BY y.addtime desc LIMIT 0,25   [ RunTime:0.037180s ]
SQL: SELECT COUNT(*) AS tp_count FROM cm_yuyue y INNER JOIN cm_user AS u ON y.uid = u.id  WHERE ( 1 ) LIMIT 1   [ RunTime:0.025407s ]
ERR: 模板不存在:./App/Rzsys/View/Yuyue/alist.html

[ 2018-10-20T09:42:26+08:00 ] 127.0.0.1 /admin.php/yuyue/alist.html
INFO: [ app_begin ] --START--
INFO: Run Behavior\ReadHtmlCache [ RunTime:0.000380s ]
INFO: [ app_begin ] --END-- [ RunTime:0.000673s ]
SQL: SHOW COLUMNS FROM `cm_yuyue` [ RunTime:0.013702s ]
NOTIC: [8] Undefined index: telphone E:\WWW\photo\App\Rzsys\Controller\YuyueController.class.php 第 12 行.
NOTIC: [8] Undefined index: date E:\WWW\photo\App\Rzsys\Controller\YuyueController.class.php 第 13 行.
NOTIC: [8] Undefined index: p E:\WWW\photo\App\Rzsys\Controller\YuyueController.class.php 第 23 行.
SQL: SELECT y.*,u.truename,u.telphone FROM cm_yuyue y INNER JOIN cm_user AS u ON y.uid = u.id  WHERE ( 1 ) ORDER BY y.addtime desc LIMIT 0,25   [ RunTime:0.000461s ]
SQL: SELECT COUNT(*) AS tp_count FROM cm_yuyue y INNER JOIN cm_user AS u ON y.uid = u.id  WHERE ( 1 ) LIMIT 1   [ RunTime:0.000257s ]
ERR: 模板不存在:./App/Rzsys/View/Yuyue/alist.html

[ 2018-10-20T09:42:31+08:00 ] 127.0.0.1 /admin.php/index/index.html
INFO: [ app_begin ] --START--
INFO: Run Behavior\ReadHtmlCache [ RunTime:0.000478s ]
INFO: [ app_begin ] --END-- [ RunTime:0.000817s ]
SQL: SHOW COLUMNS FROM `cm_rel` [ RunTime:0.004908s ]
SQL: SELECT p.pid FROM cm_rel r INNER JOIN cm_pro AS p ON r.jid = p.id  WHERE ( r.pid=1 )  [ RunTime:0.000411s ]
INFO: [ view_parse ] --START--
INFO: [ template_filter ] --START--
INFO: Run Behavior\ContentReplace [ RunTime:0.000116s ]
INFO: [ template_filter ] --END-- [ RunTime:0.000211s ]
INFO: Run Behavior\ParseTemplate [ RunTime:0.006339s ]
INFO: [ view_parse ] --END-- [ RunTime:0.006374s ]
INFO: [ view_filter ] --START--
INFO: Run Behavior\WriteHtmlCache [ RunTime:0.000210s ]
INFO: [ view_filter ] --END-- [ RunTime:0.000234s ]
INFO: [ app_end ] --START--
INFO: Run Behavior\ShowPageTrace [ RunTime:0.000449s ]
INFO: [ app_end ] --END-- [ RunTime:0.000482s ]

[ 2018-10-20T09:42:31+08:00 ] 127.0.0.1 /admin.php/index/main.html
INFO: [ app_begin ] --START--
INFO: Run Behavior\ReadHtmlCache [ RunTime:0.000378s ]
INFO: [ app_begin ] --END-- [ RunTime:0.000661s ]
INFO: [ view_parse ] --START--
INFO: [ template_filter ] --START--
INFO: Run Behavior\ContentReplace [ RunTime:0.000053s ]
INFO: [ template_filter ] --END-- [ RunTime:0.000106s ]
NOTIC: [8] Undefined variable: admin E:\WWW\photo\App\Runtime\Cache\Rzsys\fd452937e88c188c460bc88e5f76d2e6.php 第 96 行.
INFO: Run Behavior\ParseTemplate [ RunTime:0.009099s ]
INFO: [ view_parse ] --END-- [ RunTime:0.009146s ]
INFO: [ view_filter ] --START--
INFO: Run Behavior\WriteHtmlCache [ RunTime:0.000305s ]
INFO: [ view_filter ] --END-- [ RunTime:0.000338s ]
INFO: [ app_end ] --START--
INFO: Run Behavior\ShowPageTrace [ RunTime:0.000779s ]
INFO: [ app_end ] --END-- [ RunTime:0.000845s ]

[ 2018-10-20T09:42:34+08:00 ] 127.0.0.1 /admin.php/yuyue/alist.html
INFO: [ app_begin ] --START--
INFO: Run Behavior\ReadHtmlCache [ RunTime:0.000380s ]
INFO: [ app_begin ] --END-- [ RunTime:0.000694s ]
SQL: SHOW COLUMNS FROM `cm_yuyue` [ RunTime:0.014129s ]
NOTIC: [8] Undefined index: telphone E:\WWW\photo\App\Rzsys\Controller\YuyueController.class.php 第 12 行.
NOTIC: [8] Undefined index: date E:\WWW\photo\App\Rzsys\Controller\YuyueController.class.php 第 13 行.
NOTIC: [8] Undefined index: p E:\WWW\photo\App\Rzsys\Controller\YuyueController.class.php 第 23 行.
SQL: SELECT y.*,u.truename,u.telphone FROM cm_yuyue y INNER JOIN cm_user AS u ON y.uid = u.id  WHERE ( 1 ) ORDER BY y.addtime desc LIMIT 0,25   [ RunTime:0.000315s ]
SQL: SELECT COUNT(*) AS tp_count FROM cm_yuyue y INNER JOIN cm_user AS u ON y.uid = u.id  WHERE ( 1 ) LIMIT 1   [ RunTime:0.000227s ]
ERR: 模板不存在:./App/Rzsys/View/Yuyue/alist.html

[ 2018-10-20T09:44:35+08:00 ] 127.0.0.1 /admin.php/yuyue/alist.html
INFO: [ app_begin ] --START--
INFO: Run Behavior\ReadHtmlCache [ RunTime:0.000391s ]
INFO: [ app_begin ] --END-- [ RunTime:0.000700s ]
SQL: SHOW COLUMNS FROM `cm_yuyue` [ RunTime:0.013573s ]
NOTIC: [8] Undefined index: telphone E:\WWW\photo\App\Rzsys\Controller\YuyueController.class.php 第 12 行.
NOTIC: [8] Undefined index: date E:\WWW\photo\App\Rzsys\Controller\YuyueController.class.php 第 13 行.
NOTIC: [8] Undefined index: p E:\WWW\photo\App\Rzsys\Controller\YuyueController.class.php 第 23 行.
SQL: SELECT y.*,u.truename,u.telphone FROM cm_yuyue y INNER JOIN cm_user AS u ON y.uid = u.id  WHERE ( 1 ) ORDER BY y.addtime desc LIMIT 0,25   [ RunTime:0.000398s ]
SQL: SELECT COUNT(*) AS tp_count FROM cm_yuyue y INNER JOIN cm_user AS u ON y.uid = u.id  WHERE ( 1 ) LIMIT 1   [ RunTime:0.000232s ]
INFO: [ view_parse ] --START--
INFO: [ template_filter ] --START--
INFO: Run Behavior\ContentReplace [ RunTime:0.000032s ]
INFO: [ template_filter ] --END-- [ RunTime:0.000066s ]
NOTIC: [8] Undefined index: pg E:\WWW\photo\App\Runtime\Cache\Rzsys\d1525f6d463a324d82db2fe5e20c29be.php 第 75 行.
INFO: Run Behavior\ParseTemplate [ RunTime:0.046638s ]
INFO: [ view_parse ] --END-- [ RunTime:0.046674s ]
INFO: [ view_filter ] --START--
INFO: Run Behavior\WriteHtmlCache [ RunTime:0.000252s ]
INFO: [ view_filter ] --END-- [ RunTime:0.000278s ]
INFO: [ app_end ] --START--
INFO: Run Behavior\ShowPageTrace [ RunTime:0.000403s ]
INFO: [ app_end ] --END-- [ RunTime:0.000431s ]

[ 2018-10-20T09:44:36+08:00 ] 127.0.0.1 /admin.php/yuyue/alist.html
INFO: [ app_begin ] --START--
INFO: Run Behavior\ReadHtmlCache [ RunTime:0.000838s ]
INFO: [ app_begin ] --END-- [ RunTime:0.002620s ]
SQL: SHOW COLUMNS FROM `cm_yuyue` [ RunTime:0.004528s ]
NOTIC: [8] Undefined index: telphone E:\WWW\photo\App\Rzsys\Controller\YuyueController.class.php 第 12 行.
NOTIC: [8] Undefined index: date E:\WWW\photo\App\Rzsys\Controller\YuyueController.class.php 第 13 行.
NOTIC: [8] Undefined index: p E:\WWW\photo\App\Rzsys\Controller\YuyueController.class.php 第 23 行.
SQL: SELECT y.*,u.truename,u.telphone FROM cm_yuyue y INNER JOIN cm_user AS u ON y.uid = u.id  WHERE ( 1 ) ORDER BY y.addtime desc LIMIT 0,25   [ RunTime:0.000285s ]
SQL: SELECT COUNT(*) AS tp_count FROM cm_yuyue y INNER JOIN cm_user AS u ON y.uid = u.id  WHERE ( 1 ) LIMIT 1   [ RunTime:0.000189s ]
INFO: [ view_parse ] --START--
INFO: [ template_filter ] --START--
INFO: Run Behavior\ContentReplace [ RunTime:0.000032s ]
INFO: [ template_filter ] --END-- [ RunTime:0.000061s ]
NOTIC: [8] Undefined index: pg E:\WWW\photo\App\Runtime\Cache\Rzsys\d1525f6d463a324d82db2fe5e20c29be.php 第 75 行.
INFO: Run Behavior\ParseTemplate [ RunTime:0.004480s ]
INFO: [ view_parse ] --END-- [ RunTime:0.004510s ]
INFO: [ view_filter ] --START--
INFO: Run Behavior\WriteHtmlCache [ RunTime:0.000237s ]
INFO: [ view_filter ] --END-- [ RunTime:0.000262s ]
INFO: [ app_end ] --START--
INFO: Run Behavior\ShowPageTrace [ RunTime:0.000470s ]
INFO: [ app_end ] --END-- [ RunTime:0.000498s ]

[ 2018-10-20T09:45:13+08:00 ] 127.0.0.1 /admin.php/yuyue/add.html?id=1&pg=
INFO: [ app_begin ] --START--
INFO: Run Behavior\ReadHtmlCache [ RunTime:0.000325s ]
INFO: [ app_begin ] --END-- [ RunTime:0.000555s ]
SQL: SHOW COLUMNS FROM `cm_yuyue` [ RunTime:0.013363s ]
SQL: SELECT * FROM `cm_yuyue` WHERE ( `id` = 1 ) LIMIT 1   [ RunTime:0.000349s ]
SQL: SHOW COLUMNS FROM `cm_user` [ RunTime:0.004404s ]
SQL: SELECT * FROM `cm_user` WHERE ( `id` = 1 ) LIMIT 1   [ RunTime:0.000294s ]
SQL: SHOW COLUMNS FROM `cm_goods` [ RunTime:0.015701s ]
SQL: SELECT * FROM `cm_goods` WHERE ( `id` = 1 ) LIMIT 1   [ RunTime:0.000392s ]
INFO: [ view_parse ] --START--
INFO: [ template_filter ] --START--
INFO: Run Behavior\ContentReplace [ RunTime:0.000028s ]
INFO: [ template_filter ] --END-- [ RunTime:0.000061s ]
NOTIC: [8] Use of undefined constant name - assumed 'name' E:\WWW\photo\App\Runtime\Cache\Rzsys\46630bf92e8479956203eea820912c80.php 第 56 行.
INFO: Run Behavior\ParseTemplate [ RunTime:0.019974s ]
INFO: [ view_parse ] --END-- [ RunTime:0.020003s ]
INFO: [ view_filter ] --START--
INFO: Run Behavior\WriteHtmlCache [ RunTime:0.000194s ]
INFO: [ view_filter ] --END-- [ RunTime:0.000219s ]
INFO: [ app_end ] --START--
INFO: Run Behavior\ShowPageTrace [ RunTime:0.000346s ]
INFO: [ app_end ] --END-- [ RunTime:0.000374s ]

[ 2018-10-20T09:45:16+08:00 ] 127.0.0.1 /admin.php/yuyue/alist.html
INFO: [ app_begin ] --START--
INFO: Run Behavior\ReadHtmlCache [ RunTime:0.000375s ]
INFO: [ app_begin ] --END-- [ RunTime:0.000647s ]
SQL: SHOW COLUMNS FROM `cm_yuyue` [ RunTime:0.013653s ]
NOTIC: [8] Undefined index: telphone E:\WWW\photo\App\Rzsys\Controller\YuyueController.class.php 第 12 行.
NOTIC: [8] Undefined index: date E:\WWW\photo\App\Rzsys\Controller\YuyueController.class.php 第 13 行.
NOTIC: [8] Undefined index: p E:\WWW\photo\App\Rzsys\Controller\YuyueController.class.php 第 23 行.
SQL: SELECT y.*,u.truename,u.telphone FROM cm_yuyue y INNER JOIN cm_user AS u ON y.uid = u.id  WHERE ( 1 ) ORDER BY y.addtime desc LIMIT 0,25   [ RunTime:0.000435s ]
SQL: SELECT COUNT(*) AS tp_count FROM cm_yuyue y INNER JOIN cm_user AS u ON y.uid = u.id  WHERE ( 1 ) LIMIT 1   [ RunTime:0.000262s ]
INFO: [ view_parse ] --START--
INFO: [ template_filter ] --START--
INFO: Run Behavior\ContentReplace [ RunTime:0.000058s ]
INFO: [ template_filter ] --END-- [ RunTime:0.000112s ]
NOTIC: [8] Undefined index: pg E:\WWW\photo\App\Runtime\Cache\Rzsys\d1525f6d463a324d82db2fe5e20c29be.php 第 75 行.
INFO: Run Behavior\ParseTemplate [ RunTime:0.005259s ]
INFO: [ view_parse ] --END-- [ RunTime:0.005291s ]
INFO: [ view_filter ] --START--
INFO: Run Behavior\WriteHtmlCache [ RunTime:0.000227s ]
INFO: [ view_filter ] --END-- [ RunTime:0.000253s ]
INFO: [ app_end ] --START--
INFO: Run Behavior\ShowPageTrace [ RunTime:0.000452s ]
INFO: [ app_end ] --END-- [ RunTime:0.000490s ]

[ 2018-10-20T09:45:17+08:00 ] 127.0.0.1 /admin.php/yuyue/alist.html
INFO: [ app_begin ] --START--
INFO: Run Behavior\ReadHtmlCache [ RunTime:0.000583s ]
INFO: [ app_begin ] --END-- [ RunTime:0.001042s ]
SQL: SHOW COLUMNS FROM `cm_yuyue` [ RunTime:0.013316s ]
NOTIC: [8] Undefined index: telphone E:\WWW\photo\App\Rzsys\Controller\YuyueController.class.php 第 12 行.
NOTIC: [8] Undefined index: date E:\WWW\photo\App\Rzsys\Controller\YuyueController.class.php 第 13 行.
NOTIC: [8] Undefined index: p E:\WWW\photo\App\Rzsys\Controller\YuyueController.class.php 第 23 行.
SQL: SELECT y.*,u.truename,u.telphone FROM cm_yuyue y INNER JOIN cm_user AS u ON y.uid = u.id  WHERE ( 1 ) ORDER BY y.addtime desc LIMIT 0,25   [ RunTime:0.000323s ]
SQL: SELECT COUNT(*) AS tp_count FROM cm_yuyue y INNER JOIN cm_user AS u ON y.uid = u.id  WHERE ( 1 ) LIMIT 1   [ RunTime:0.000288s ]
INFO: [ view_parse ] --START--
INFO: [ template_filter ] --START--
INFO: Run Behavior\ContentReplace [ RunTime:0.000032s ]
INFO: [ template_filter ] --END-- [ RunTime:0.000059s ]
NOTIC: [8] Undefined index: pg E:\WWW\photo\App\Runtime\Cache\Rzsys\d1525f6d463a324d82db2fe5e20c29be.php 第 75 行.
INFO: Run Behavior\ParseTemplate [ RunTime:0.003801s ]
INFO: [ view_parse ] --END-- [ RunTime:0.003830s ]
INFO: [ view_filter ] --START--
INFO: Run Behavior\WriteHtmlCache [ RunTime:0.000201s ]
INFO: [ view_filter ] --END-- [ RunTime:0.000225s ]
INFO: [ app_end ] --START--
INFO: Run Behavior\ShowPageTrace [ RunTime:0.000348s ]
INFO: [ app_end ] --END-- [ RunTime:0.000374s ]

[ 2018-10-20T09:45:18+08:00 ] 127.0.0.1 /admin.php/yuyue/alist.html
INFO: [ app_begin ] --START--
INFO: Run Behavior\ReadHtmlCache [ RunTime:0.000446s ]
INFO: [ app_begin ] --END-- [ RunTime:0.000901s ]
SQL: SHOW COLUMNS FROM `cm_yuyue` [ RunTime:0.014234s ]
NOTIC: [8] Undefined index: telphone E:\WWW\photo\App\Rzsys\Controller\YuyueController.class.php 第 12 行.
NOTIC: [8] Undefined index: date E:\WWW\photo\App\Rzsys\Controller\YuyueController.class.php 第 13 行.
NOTIC: [8] Undefined index: p E:\WWW\photo\App\Rzsys\Controller\YuyueController.class.php 第 23 行.
SQL: SELECT y.*,u.truename,u.telphone FROM cm_yuyue y INNER JOIN cm_user AS u ON y.uid = u.id  WHERE ( 1 ) ORDER BY y.addtime desc LIMIT 0,25   [ RunTime:0.000341s ]
SQL: SELECT COUNT(*) AS tp_count FROM cm_yuyue y INNER JOIN cm_user AS u ON y.uid = u.id  WHERE ( 1 ) LIMIT 1   [ RunTime:0.000230s ]
INFO: [ view_parse ] --START--
INFO: [ template_filter ] --START--
INFO: Run Behavior\ContentReplace [ RunTime:0.000033s ]
INFO: [ template_filter ] --END-- [ RunTime:0.000062s ]
NOTIC: [8] Undefined index: pg E:\WWW\photo\App\Runtime\Cache\Rzsys\d1525f6d463a324d82db2fe5e20c29be.php 第 75 行.
INFO: Run Behavior\ParseTemplate [ RunTime:0.006609s ]
INFO: [ view_parse ] --END-- [ RunTime:0.006642s ]
INFO: [ view_filter ] --START--
INFO: Run Behavior\WriteHtmlCache [ RunTime:0.000276s ]
INFO: [ view_filter ] --END-- [ RunTime:0.000302s ]
INFO: [ app_end ] --START--
INFO: Run Behavior\ShowPageTrace [ RunTime:0.000428s ]
INFO: [ app_end ] --END-- [ RunTime:0.000456s ]

[ 2018-10-20T09:46:06+08:00 ] 127.0.0.1 /admin.php/yuyue/alist.html
INFO: [ app_begin ] --START--
INFO: Run Behavior\ReadHtmlCache [ RunTime:0.000406s ]
INFO: [ app_begin ] --END-- [ RunTime:0.000752s ]
SQL: SHOW COLUMNS FROM `cm_yuyue` [ RunTime:0.004502s ]
NOTIC: [8] Undefined index: telphone E:\WWW\photo\App\Rzsys\Controller\YuyueController.class.php 第 12 行.
NOTIC: [8] Undefined index: date E:\WWW\photo\App\Rzsys\Controller\YuyueController.class.php 第 13 行.
NOTIC: [8] Undefined index: p E:\WWW\photo\App\Rzsys\Controller\YuyueController.class.php 第 23 行.
SQL: SELECT y.*,u.truename,u.telphone FROM cm_yuyue y INNER JOIN cm_user AS u ON y.uid = u.id  WHERE ( 1 ) ORDER BY y.addtime desc LIMIT 0,25   [ RunTime:0.000308s ]
SQL: SELECT COUNT(*) AS tp_count FROM cm_yuyue y INNER JOIN cm_user AS u ON y.uid = u.id  WHERE ( 1 ) LIMIT 1   [ RunTime:0.000227s ]
INFO: [ view_parse ] --START--
INFO: [ template_filter ] --START--
INFO: Run Behavior\ContentReplace [ RunTime:0.000031s ]
INFO: [ template_filter ] --END-- [ RunTime:0.000059s ]
NOTIC: [8] Undefined index: pg E:\WWW\photo\App\Runtime\Cache\Rzsys\d1525f6d463a324d82db2fe5e20c29be.php 第 75 行.
INFO: Run Behavior\ParseTemplate [ RunTime:0.003767s ]
INFO: [ view_parse ] --END-- [ RunTime:0.003796s ]
INFO: [ view_filter ] --START--
INFO: Run Behavior\WriteHtmlCache [ RunTime:0.000200s ]
INFO: [ view_filter ] --END-- [ RunTime:0.000224s ]
INFO: [ app_end ] --START--
INFO: Run Behavior\ShowPageTrace [ RunTime:0.000349s ]
INFO: [ app_end ] --END-- [ RunTime:0.000375s ]

[ 2018-10-20T09:46:07+08:00 ] 127.0.0.1 /admin.php/yuyue/alist.html
INFO: [ app_begin ] --START--
INFO: Run Behavior\ReadHtmlCache [ RunTime:0.000392s ]
INFO: [ app_begin ] --END-- [ RunTime:0.000713s ]
SQL: SHOW COLUMNS FROM `cm_yuyue` [ RunTime:0.004972s ]
NOTIC: [8] Undefined index: telphone E:\WWW\photo\App\Rzsys\Controller\YuyueController.class.php 第 12 行.
NOTIC: [8] Undefined index: date E:\WWW\photo\App\Rzsys\Controller\YuyueController.class.php 第 13 行.
NOTIC: [8] Undefined index: p E:\WWW\photo\App\Rzsys\Controller\YuyueController.class.php 第 23 行.
SQL: SELECT y.*,u.truename,u.telphone FROM cm_yuyue y INNER JOIN cm_user AS u ON y.uid = u.id  WHERE ( 1 ) ORDER BY y.addtime desc LIMIT 0,25   [ RunTime:0.000333s ]
SQL: SELECT COUNT(*) AS tp_count FROM cm_yuyue y INNER JOIN cm_user AS u ON y.uid = u.id  WHERE ( 1 ) LIMIT 1   [ RunTime:0.000229s ]
INFO: [ view_parse ] --START--
INFO: [ template_filter ] --START--
INFO: Run Behavior\ContentReplace [ RunTime:0.000031s ]
INFO: [ template_filter ] --END-- [ RunTime:0.000060s ]
NOTIC: [8] Undefined index: pg E:\WWW\photo\App\Runtime\Cache\Rzsys\d1525f6d463a324d82db2fe5e20c29be.php 第 75 行.
INFO: Run Behavior\ParseTemplate [ RunTime:0.003826s ]
INFO: [ view_parse ] --END-- [ RunTime:0.003856s ]
INFO: [ view_filter ] --START--
INFO: Run Behavior\WriteHtmlCache [ RunTime:0.000200s ]
INFO: [ view_filter ] --END-- [ RunTime:0.000225s ]
INFO: [ app_end ] --START--
INFO: Run Behavior\ShowPageTrace [ RunTime:0.000346s ]
INFO: [ app_end ] --END-- [ RunTime:0.000372s ]

[ 2018-10-20T09:46:08+08:00 ] 127.0.0.1 /admin.php/yuyue/alist.html
INFO: [ app_begin ] --START--
INFO: Run Behavior\ReadHtmlCache [ RunTime:0.000511s ]
INFO: [ app_begin ] --END-- [ RunTime:0.000836s ]
SQL: SHOW COLUMNS FROM `cm_yuyue` [ RunTime:0.013210s ]
NOTIC: [8] Undefined index: telphone E:\WWW\photo\App\Rzsys\Controller\YuyueController.class.php 第 12 行.
NOTIC: [8] Undefined index: date E:\WWW\photo\App\Rzsys\Controller\YuyueController.class.php 第 13 行.
NOTIC: [8] Undefined index: p E:\WWW\photo\App\Rzsys\Controller\YuyueController.class.php 第 23 行.
SQL: SELECT y.*,u.truename,u.telphone FROM cm_yuyue y INNER JOIN cm_user AS u ON y.uid = u.id  WHERE ( 1 ) ORDER BY y.addtime desc LIMIT 0,25   [ RunTime:0.000309s ]
SQL: SELECT COUNT(*) AS tp_count FROM cm_yuyue y INNER JOIN cm_user AS u ON y.uid = u.id  WHERE ( 1 ) LIMIT 1   [ RunTime:0.000228s ]
INFO: [ view_parse ] --START--
INFO: [ template_filter ] --START--
INFO: Run Behavior\ContentReplace [ RunTime:0.000031s ]
INFO: [ template_filter ] --END-- [ RunTime:0.000060s ]
NOTIC: [8] Undefined index: pg E:\WWW\photo\App\Runtime\Cache\Rzsys\d1525f6d463a324d82db2fe5e20c29be.php 第 75 行.
INFO: Run Behavior\ParseTemplate [ RunTime:0.003751s ]
INFO: [ view_parse ] --END-- [ RunTime:0.003781s ]
INFO: [ view_filter ] --START--
INFO: Run Behavior\WriteHtmlCache [ RunTime:0.000200s ]
INFO: [ view_filter ] --END-- [ RunTime:0.000225s ]
INFO: [ app_end ] --START--
INFO: Run Behavior\ShowPageTrace [ RunTime:0.000346s ]
INFO: [ app_end ] --END-- [ RunTime:0.000372s ]

[ 2018-10-20T09:46:09+08:00 ] 127.0.0.1 /admin.php/yuyue/alist.html
INFO: [ app_begin ] --START--
INFO: Run Behavior\ReadHtmlCache [ RunTime:0.000326s ]
INFO: [ app_begin ] --END-- [ RunTime:0.000574s ]
SQL: SHOW COLUMNS FROM `cm_yuyue` [ RunTime:0.013247s ]
NOTIC: [8] Undefined index: telphone E:\WWW\photo\App\Rzsys\Controller\YuyueController.class.php 第 12 行.
NOTIC: [8] Undefined index: date E:\WWW\photo\App\Rzsys\Controller\YuyueController.class.php 第 13 行.
NOTIC: [8] Undefined index: p E:\WWW\photo\App\Rzsys\Controller\YuyueController.class.php 第 23 行.
SQL: SELECT y.*,u.truename,u.telphone FROM cm_yuyue y INNER JOIN cm_user AS u ON y.uid = u.id  WHERE ( 1 ) ORDER BY y.addtime desc LIMIT 0,25   [ RunTime:0.000311s ]
SQL: SELECT COUNT(*) AS tp_count FROM cm_yuyue y INNER JOIN cm_user AS u ON y.uid = u.id  WHERE ( 1 ) LIMIT 1   [ RunTime:0.000218s ]
INFO: [ view_parse ] --START--
INFO: [ template_filter ] --START--
INFO: Run Behavior\ContentReplace [ RunTime:0.000031s ]
INFO: [ template_filter ] --END-- [ RunTime:0.000060s ]
NOTIC: [8] Undefined index: pg E:\WWW\photo\App\Runtime\Cache\Rzsys\d1525f6d463a324d82db2fe5e20c29be.php 第 75 行.
INFO: Run Behavior\ParseTemplate [ RunTime:0.028489s ]
INFO: [ view_parse ] --END-- [ RunTime:0.028521s ]
INFO: [ view_filter ] --START--
INFO: Run Behavior\WriteHtmlCache [ RunTime:0.000296s ]
INFO: [ view_filter ] --END-- [ RunTime:0.000321s ]
INFO: [ app_end ] --START--
INFO: Run Behavior\ShowPageTrace [ RunTime:0.000428s ]
INFO: [ app_end ] --END-- [ RunTime:0.000455s ]

[ 2018-10-20T09:51:16+08:00 ] 127.0.0.1 /admin.php/yuyue/alist.html
INFO: [ app_begin ] --START--
INFO: Run Behavior\ReadHtmlCache [ RunTime:0.000685s ]
INFO: [ app_begin ] --END-- [ RunTime:0.001108s ]
SQL: SHOW COLUMNS FROM `cm_yuyue` [ RunTime:0.015877s ]
NOTIC: [8] Undefined index: telphone E:\WWW\photo\App\Rzsys\Controller\YuyueController.class.php 第 12 行.
NOTIC: [8] Undefined index: date E:\WWW\photo\App\Rzsys\Controller\YuyueController.class.php 第 13 行.
NOTIC: [8] Undefined index: p E:\WWW\photo\App\Rzsys\Controller\YuyueController.class.php 第 23 行.
SQL: SELECT y.*,u.truename,u.telphone FROM cm_yuyue y INNER JOIN cm_user AS u ON y.uid = u.id  WHERE ( 1 ) ORDER BY y.addtime desc LIMIT 0,25   [ RunTime:0.000464s ]
SQL: SELECT COUNT(*) AS tp_count FROM cm_yuyue y INNER JOIN cm_user AS u ON y.uid = u.id  WHERE ( 1 ) LIMIT 1   [ RunTime:0.000276s ]
INFO: [ view_parse ] --START--
INFO: [ template_filter ] --START--
INFO: Run Behavior\ContentReplace [ RunTime:0.000042s ]
INFO: [ template_filter ] --END-- [ RunTime:0.000095s ]
NOTIC: [8] Undefined index: pg E:\WWW\photo\App\Runtime\Cache\Rzsys\d1525f6d463a324d82db2fe5e20c29be.php 第 78 行.
INFO: Run Behavior\ParseTemplate [ RunTime:0.006757s ]
INFO: [ view_parse ] --END-- [ RunTime:0.006811s ]
INFO: [ view_filter ] --START--
INFO: Run Behavior\WriteHtmlCache [ RunTime:0.000336s ]
INFO: [ view_filter ] --END-- [ RunTime:0.000380s ]
INFO: [ app_end ] --START--
INFO: Run Behavior\ShowPageTrace [ RunTime:0.000596s ]
INFO: [ app_end ] --END-- [ RunTime:0.000641s ]

[ 2018-10-20T09:51:17+08:00 ] 127.0.0.1 /admin.php/yuyue/alist.html
INFO: [ app_begin ] --START--
INFO: Run Behavior\ReadHtmlCache [ RunTime:0.000594s ]
INFO: [ app_begin ] --END-- [ RunTime:0.001082s ]
SQL: SHOW COLUMNS FROM `cm_yuyue` [ RunTime:0.013456s ]
NOTIC: [8] Undefined index: telphone E:\WWW\photo\App\Rzsys\Controller\YuyueController.class.php 第 12 行.
NOTIC: [8] Undefined index: date E:\WWW\photo\App\Rzsys\Controller\YuyueController.class.php 第 13 行.
NOTIC: [8] Undefined index: p E:\WWW\photo\App\Rzsys\Controller\YuyueController.class.php 第 23 行.
SQL: SELECT y.*,u.truename,u.telphone FROM cm_yuyue y INNER JOIN cm_user AS u ON y.uid = u.id  WHERE ( 1 ) ORDER BY y.addtime desc LIMIT 0,25   [ RunTime:0.000397s ]
SQL: SELECT COUNT(*) AS tp_count FROM cm_yuyue y INNER JOIN cm_user AS u ON y.uid = u.id  WHERE ( 1 ) LIMIT 1   [ RunTime:0.000239s ]
INFO: [ view_parse ] --START--
INFO: [ template_filter ] --START--
INFO: Run Behavior\ContentReplace [ RunTime:0.000033s ]
INFO: [ template_filter ] --END-- [ RunTime:0.000066s ]
NOTIC: [8] Undefined index: pg E:\WWW\photo\App\Runtime\Cache\Rzsys\d1525f6d463a324d82db2fe5e20c29be.php 第 78 行.
INFO: Run Behavior\ParseTemplate [ RunTime:0.005705s ]
INFO: [ view_parse ] --END-- [ RunTime:0.005736s ]
INFO: [ view_filter ] --START--
INFO: Run Behavior\WriteHtmlCache [ RunTime:0.000268s ]
INFO: [ view_filter ] --END-- [ RunTime:0.000292s ]
INFO: [ app_end ] --START--
INFO: Run Behavior\ShowPageTrace [ RunTime:0.000432s ]
INFO: [ app_end ] --END-- [ RunTime:0.000459s ]

[ 2018-10-20T09:51:18+08:00 ] 127.0.0.1 /admin.php/yuyue/alist.html
INFO: [ app_begin ] --START--
INFO: Run Behavior\ReadHtmlCache [ RunTime:0.000364s ]
INFO: [ app_begin ] --END-- [ RunTime:0.000631s ]
SQL: SHOW COLUMNS FROM `cm_yuyue` [ RunTime:0.004277s ]
NOTIC: [8] Undefined index: telphone E:\WWW\photo\App\Rzsys\Controller\YuyueController.class.php 第 12 行.
NOTIC: [8] Undefined index: date E:\WWW\photo\App\Rzsys\Controller\YuyueController.class.php 第 13 行.
NOTIC: [8] Undefined index: p E:\WWW\photo\App\Rzsys\Controller\YuyueController.class.php 第 23 行.
SQL: SELECT y.*,u.truename,u.telphone FROM cm_yuyue y INNER JOIN cm_user AS u ON y.uid = u.id  WHERE ( 1 ) ORDER BY y.addtime desc LIMIT 0,25   [ RunTime:0.000311s ]
SQL: SELECT COUNT(*) AS tp_count FROM cm_yuyue y INNER JOIN cm_user AS u ON y.uid = u.id  WHERE ( 1 ) LIMIT 1   [ RunTime:0.000226s ]
INFO: [ view_parse ] --START--
INFO: [ template_filter ] --START--
INFO: Run Behavior\ContentReplace [ RunTime:0.000032s ]
INFO: [ template_filter ] --END-- [ RunTime:0.000061s ]
NOTIC: [8] Undefined index: pg E:\WWW\photo\App\Runtime\Cache\Rzsys\d1525f6d463a324d82db2fe5e20c29be.php 第 78 行.
INFO: Run Behavior\ParseTemplate [ RunTime:0.003987s ]
INFO: [ view_parse ] --END-- [ RunTime:0.004017s ]
INFO: [ view_filter ] --START--
INFO: Run Behavior\WriteHtmlCache [ RunTime:0.000204s ]
INFO: [ view_filter ] --END-- [ RunTime:0.000229s ]
INFO: [ app_end ] --START--
INFO: Run Behavior\ShowPageTrace [ RunTime:0.000352s ]
INFO: [ app_end ] --END-- [ RunTime:0.000378s ]

[ 2018-10-20T09:51:19+08:00 ] 127.0.0.1 /admin.php/yuyue/alist.html
INFO: [ app_begin ] --START--
INFO: Run Behavior\ReadHtmlCache [ RunTime:0.000646s ]
INFO: [ app_begin ] --END-- [ RunTime:0.000985s ]
SQL: SHOW COLUMNS FROM `cm_yuyue` [ RunTime:0.013948s ]
NOTIC: [8] Undefined index: telphone E:\WWW\photo\App\Rzsys\Controller\YuyueController.class.php 第 12 行.
NOTIC: [8] Undefined index: date E:\WWW\photo\App\Rzsys\Controller\YuyueController.class.php 第 13 行.
NOTIC: [8] Undefined index: p E:\WWW\photo\App\Rzsys\Controller\YuyueController.class.php 第 23 行.
SQL: SELECT y.*,u.truename,u.telphone FROM cm_yuyue y INNER JOIN cm_user AS u ON y.uid = u.id  WHERE ( 1 ) ORDER BY y.addtime desc LIMIT 0,25   [ RunTime:0.000321s ]
SQL: SELECT COUNT(*) AS tp_count FROM cm_yuyue y INNER JOIN cm_user AS u ON y.uid = u.id  WHERE ( 1 ) LIMIT 1   [ RunTime:0.000228s ]
INFO: [ view_parse ] --START--
INFO: [ template_filter ] --START--
INFO: Run Behavior\ContentReplace [ RunTime:0.000032s ]
INFO: [ template_filter ] --END-- [ RunTime:0.000063s ]
NOTIC: [8] Undefined index: pg E:\WWW\photo\App\Runtime\Cache\Rzsys\d1525f6d463a324d82db2fe5e20c29be.php 第 78 行.
INFO: Run Behavior\ParseTemplate [ RunTime:0.005501s ]
INFO: [ view_parse ] --END-- [ RunTime:0.005530s ]
INFO: [ view_filter ] --START--
INFO: Run Behavior\WriteHtmlCache [ RunTime:0.000243s ]
INFO: [ view_filter ] --END-- [ RunTime:0.000268s ]
INFO: [ app_end ] --START--
INFO: Run Behavior\ShowPageTrace [ RunTime:0.000404s ]
INFO: [ app_end ] --END-- [ RunTime:0.000430s ]

[ 2018-10-20T09:51:20+08:00 ] 127.0.0.1 /admin.php/yuyue/alist.html
INFO: [ app_begin ] --START--
INFO: Run Behavior\ReadHtmlCache [ RunTime:0.000373s ]
INFO: [ app_begin ] --END-- [ RunTime:0.000658s ]
SQL: SHOW COLUMNS FROM `cm_yuyue` [ RunTime:0.017628s ]
NOTIC: [8] Undefined index: telphone E:\WWW\photo\App\Rzsys\Controller\YuyueController.class.php 第 12 行.
NOTIC: [8] Undefined index: date E:\WWW\photo\App\Rzsys\Controller\YuyueController.class.php 第 13 行.
NOTIC: [8] Undefined index: p E:\WWW\photo\App\Rzsys\Controller\YuyueController.class.php 第 23 行.
SQL: SELECT y.*,u.truename,u.telphone FROM cm_yuyue y INNER JOIN cm_user AS u ON y.uid = u.id  WHERE ( 1 ) ORDER BY y.addtime desc LIMIT 0,25   [ RunTime:0.000326s ]
SQL: SELECT COUNT(*) AS tp_count FROM cm_yuyue y INNER JOIN cm_user AS u ON y.uid = u.id  WHERE ( 1 ) LIMIT 1   [ RunTime:0.000234s ]
INFO: [ view_parse ] --START--
INFO: [ template_filter ] --START--
INFO: Run Behavior\ContentReplace [ RunTime:0.000033s ]
INFO: [ template_filter ] --END-- [ RunTime:0.000065s ]
NOTIC: [8] Undefined index: pg E:\WWW\photo\App\Runtime\Cache\Rzsys\d1525f6d463a324d82db2fe5e20c29be.php 第 78 行.
INFO: Run Behavior\ParseTemplate [ RunTime:0.005483s ]
INFO: [ view_parse ] --END-- [ RunTime:0.005513s ]
INFO: [ view_filter ] --START--
INFO: Run Behavior\WriteHtmlCache [ RunTime:0.000242s ]
INFO: [ view_filter ] --END-- [ RunTime:0.000268s ]
INFO: [ app_end ] --START--
INFO: Run Behavior\ShowPageTrace [ RunTime:0.000399s ]
INFO: [ app_end ] --END-- [ RunTime:0.000426s ]

[ 2018-10-20T09:51:25+08:00 ] 127.0.0.1 /admin.php/yuyue/tuijian.html?id=1&pg=0&state=1
INFO: [ app_begin ] --START--
INFO: Run Behavior\ReadHtmlCache [ RunTime:0.000363s ]
INFO: [ app_begin ] --END-- [ RunTime:0.000622s ]
SQL: SHOW COLUMNS FROM `cm_yuyue` [ RunTime:0.007303s ]
SQL: UPDATE `cm_yuyue` SET `state`=1 WHERE ( id=1 ) [ RunTime:0.000426s ]
INFO: [ app_end ] --START--
INFO: Run Behavior\ShowPageTrace [ RunTime:0.000748s ]
INFO: [ app_end ] --END-- [ RunTime:0.000842s ]

[ 2018-10-20T09:51:28+08:00 ] 127.0.0.1 /admin.php/yuyue/alist.html?p=0
INFO: [ app_begin ] --START--
INFO: Run Behavior\ReadHtmlCache [ RunTime:0.000502s ]
INFO: [ app_begin ] --END-- [ RunTime:0.000869s ]
SQL: SHOW COLUMNS FROM `cm_yuyue` [ RunTime:0.004763s ]
NOTIC: [8] Undefined index: telphone E:\WWW\photo\App\Rzsys\Controller\YuyueController.class.php 第 12 行.
NOTIC: [8] Undefined index: date E:\WWW\photo\App\Rzsys\Controller\YuyueController.class.php 第 13 行.
SQL: SELECT y.*,u.truename,u.telphone FROM cm_yuyue y INNER JOIN cm_user AS u ON y.uid = u.id  WHERE ( 1 ) ORDER BY y.addtime desc LIMIT 0,25   [ RunTime:0.000443s ]
SQL: SELECT COUNT(*) AS tp_count FROM cm_yuyue y INNER JOIN cm_user AS u ON y.uid = u.id  WHERE ( 1 ) LIMIT 1   [ RunTime:0.000238s ]
INFO: [ view_parse ] --START--
INFO: [ template_filter ] --START--
INFO: Run Behavior\ContentReplace [ RunTime:0.000041s ]
INFO: [ template_filter ] --END-- [ RunTime:0.000089s ]
NOTIC: [8] Undefined index: pg E:\WWW\photo\App\Runtime\Cache\Rzsys\d1525f6d463a324d82db2fe5e20c29be.php 第 78 行.
INFO: Run Behavior\ParseTemplate [ RunTime:0.006096s ]
INFO: [ view_parse ] --END-- [ RunTime:0.006145s ]
INFO: [ view_filter ] --START--
INFO: Run Behavior\WriteHtmlCache [ RunTime:0.000299s ]
INFO: [ view_filter ] --END-- [ RunTime:0.000345s ]
INFO: [ app_end ] --START--
INFO: Run Behavior\ShowPageTrace [ RunTime:0.000541s ]
INFO: [ app_end ] --END-- [ RunTime:0.000587s ]

[ 2018-10-20T09:51:33+08:00 ] 127.0.0.1 /admin.php/yuyue/tuijian.html?id=1&pg=0&state=2
INFO: [ app_begin ] --START--
INFO: Run Behavior\ReadHtmlCache [ RunTime:0.000338s ]
INFO: [ app_begin ] --END-- [ RunTime:0.000574s ]
SQL: SHOW COLUMNS FROM `cm_yuyue` [ RunTime:0.013309s ]
SQL: UPDATE `cm_yuyue` SET `state`=2 WHERE ( id=1 ) [ RunTime:0.000278s ]
INFO: [ app_end ] --START--
INFO: Run Behavior\ShowPageTrace [ RunTime:0.000581s ]
INFO: [ app_end ] --END-- [ RunTime:0.000619s ]

[ 2018-10-20T09:51:35+08:00 ] 127.0.0.1 /admin.php/yuyue/alist.html?p=0
INFO: [ app_begin ] --START--
INFO: Run Behavior\ReadHtmlCache [ RunTime:0.000488s ]
INFO: [ app_begin ] --END-- [ RunTime:0.000846s ]
SQL: SHOW COLUMNS FROM `cm_yuyue` [ RunTime:0.014320s ]
NOTIC: [8] Undefined index: telphone E:\WWW\photo\App\Rzsys\Controller\YuyueController.class.php 第 12 行.
NOTIC: [8] Undefined index: date E:\WWW\photo\App\Rzsys\Controller\YuyueController.class.php 第 13 行.
SQL: SELECT y.*,u.truename,u.telphone FROM cm_yuyue y INNER JOIN cm_user AS u ON y.uid = u.id  WHERE ( 1 ) ORDER BY y.addtime desc LIMIT 0,25   [ RunTime:0.000346s ]
SQL: SELECT COUNT(*) AS tp_count FROM cm_yuyue y INNER JOIN cm_user AS u ON y.uid = u.id  WHERE ( 1 ) LIMIT 1   [ RunTime:0.000238s ]
INFO: [ view_parse ] --START--
INFO: [ template_filter ] --START--
INFO: Run Behavior\ContentReplace [ RunTime:0.000033s ]
INFO: [ template_filter ] --END-- [ RunTime:0.000060s ]
NOTIC: [8] Undefined index: pg E:\WWW\photo\App\Runtime\Cache\Rzsys\d1525f6d463a324d82db2fe5e20c29be.php 第 78 行.
INFO: Run Behavior\ParseTemplate [ RunTime:0.003918s ]
INFO: [ view_parse ] --END-- [ RunTime:0.003948s ]
INFO: [ view_filter ] --START--
INFO: Run Behavior\WriteHtmlCache [ RunTime:0.000212s ]
INFO: [ view_filter ] --END-- [ RunTime:0.000236s ]
INFO: [ app_end ] --START--
INFO: Run Behavior\ShowPageTrace [ RunTime:0.000386s ]
INFO: [ app_end ] --END-- [ RunTime:0.000416s ]

[ 2018-10-20T09:59:06+08:00 ] 127.0.0.1 /admin.php/goods/add.html
INFO: [ app_begin ] --START--
INFO: Run Behavior\ReadHtmlCache [ RunTime:0.001167s ]
INFO: [ app_begin ] --END-- [ RunTime:0.001909s ]
NOTIC: [8] Undefined index: id E:\WWW\photo\App\Rzsys\Controller\GoodsController.class.php 第 59 行.
NOTIC: [8] Undefined index: pg E:\WWW\photo\App\Rzsys\Controller\GoodsController.class.php 第 67 行.
SQL: SHOW COLUMNS FROM `cm_class` [ RunTime:0.052359s ]
SQL: SELECT * FROM `cm_class` WHERE ( pid=0 )  [ RunTime:0.000387s ]
SQL: SELECT * FROM `cm_class` WHERE ( pid=17 )  [ RunTime:0.000301s ]
SQL: SELECT * FROM `cm_class` WHERE ( pid=18 )  [ RunTime:0.000245s ]
SQL: SELECT * FROM `cm_class` WHERE ( pid=16 )  [ RunTime:0.000286s ]
SQL: SELECT * FROM `cm_class` WHERE ( pid=19 )  [ RunTime:0.000231s ]
INFO: [ view_parse ] --START--
INFO: [ template_filter ] --START--
INFO: Run Behavior\ContentReplace [ RunTime:0.000063s ]
INFO: [ template_filter ] --END-- [ RunTime:0.000101s ]
NOTIC: [8] Undefined index: id E:\WWW\photo\App\Runtime\Cache\Rzsys\a4e313aabe1062a7715c25528b2a0b4e.php 第 37 行.
NOTIC: [8] Undefined index: name E:\WWW\photo\App\Runtime\Cache\Rzsys\a4e313aabe1062a7715c25528b2a0b4e.php 第 42 行.
NOTIC: [8] Undefined index: price E:\WWW\photo\App\Runtime\Cache\Rzsys\a4e313aabe1062a7715c25528b2a0b4e.php 第 48 行.
NOTIC: [8] Undefined index: yymoney E:\WWW\photo\App\Runtime\Cache\Rzsys\a4e313aabe1062a7715c25528b2a0b4e.php 第 54 行.
NOTIC: [8] Undefined index: yuyue E:\WWW\photo\App\Runtime\Cache\Rzsys\a4e313aabe1062a7715c25528b2a0b4e.php 第 70 行.
NOTIC: [8] Undefined index: content E:\WWW\photo\App\Runtime\Cache\Rzsys\a4e313aabe1062a7715c25528b2a0b4e.php 第 108 行.
NOTIC: [8] Undefined index: sort E:\WWW\photo\App\Runtime\Cache\Rzsys\a4e313aabe1062a7715c25528b2a0b4e.php 第 115 行.
NOTIC: [8] Undefined index: desc E:\WWW\photo\App\Runtime\Cache\Rzsys\a4e313aabe1062a7715c25528b2a0b4e.php 第 121 行.
INFO: Run Behavior\ParseTemplate [ RunTime:0.032470s ]
INFO: [ view_parse ] --END-- [ RunTime:0.032516s ]
INFO: [ view_filter ] --START--
INFO: Run Behavior\WriteHtmlCache [ RunTime:0.000304s ]
INFO: [ view_filter ] --END-- [ RunTime:0.000329s ]
INFO: [ app_end ] --START--
INFO: Run Behavior\ShowPageTrace [ RunTime:0.000456s ]
INFO: [ app_end ] --END-- [ RunTime:0.000485s ]

[ 2018-10-20T09:59:07+08:00 ] 127.0.0.1 /admin.php/goods/add.html
INFO: [ app_begin ] --START--
INFO: Run Behavior\ReadHtmlCache [ RunTime:0.003499s ]
INFO: [ app_begin ] --END-- [ RunTime:0.004018s ]
NOTIC: [8] Undefined index: id E:\WWW\photo\App\Rzsys\Controller\GoodsController.class.php 第 59 行.
NOTIC: [8] Undefined index: pg E:\WWW\photo\App\Rzsys\Controller\GoodsController.class.php 第 67 行.
SQL: SHOW COLUMNS FROM `cm_class` [ RunTime:0.013370s ]
SQL: SELECT * FROM `cm_class` WHERE ( pid=0 )  [ RunTime:0.000262s ]
SQL: SELECT * FROM `cm_class` WHERE ( pid=17 )  [ RunTime:0.000245s ]
SQL: SELECT * FROM `cm_class` WHERE ( pid=18 )  [ RunTime:0.000225s ]
SQL: SELECT * FROM `cm_class` WHERE ( pid=16 )  [ RunTime:0.000226s ]
SQL: SELECT * FROM `cm_class` WHERE ( pid=19 )  [ RunTime:0.000222s ]
INFO: [ view_parse ] --START--
INFO: [ template_filter ] --START--
INFO: Run Behavior\ContentReplace [ RunTime:0.000060s ]
INFO: [ template_filter ] --END-- [ RunTime:0.000091s ]
NOTIC: [8] Undefined index: id E:\WWW\photo\App\Runtime\Cache\Rzsys\a4e313aabe1062a7715c25528b2a0b4e.php 第 37 行.
NOTIC: [8] Undefined index: name E:\WWW\photo\App\Runtime\Cache\Rzsys\a4e313aabe1062a7715c25528b2a0b4e.php 第 42 行.
NOTIC: [8] Undefined index: price E:\WWW\photo\App\Runtime\Cache\Rzsys\a4e313aabe1062a7715c25528b2a0b4e.php 第 48 行.
NOTIC: [8] Undefined index: yymoney E:\WWW\photo\App\Runtime\Cache\Rzsys\a4e313aabe1062a7715c25528b2a0b4e.php 第 54 行.
NOTIC: [8] Undefined index: yuyue E:\WWW\photo\App\Runtime\Cache\Rzsys\a4e313aabe1062a7715c25528b2a0b4e.php 第 70 行.
NOTIC: [8] Undefined index: content E:\WWW\photo\App\Runtime\Cache\Rzsys\a4e313aabe1062a7715c25528b2a0b4e.php 第 108 行.
NOTIC: [8] Undefined index: sort E:\WWW\photo\App\Runtime\Cache\Rzsys\a4e313aabe1062a7715c25528b2a0b4e.php 第 115 行.
NOTIC: [8] Undefined index: desc E:\WWW\photo\App\Runtime\Cache\Rzsys\a4e313aabe1062a7715c25528b2a0b4e.php 第 121 行.
INFO: Run Behavior\ParseTemplate [ RunTime:0.006613s ]
INFO: [ view_parse ] --END-- [ RunTime:0.006642s ]
INFO: [ view_filter ] --START--
INFO: Run Behavior\WriteHtmlCache [ RunTime:0.000242s ]
INFO: [ view_filter ] --END-- [ RunTime:0.000266s ]
INFO: [ app_end ] --START--
INFO: Run Behavior\ShowPageTrace [ RunTime:0.000446s ]
INFO: [ app_end ] --END-- [ RunTime:0.000476s ]

[ 2018-10-20T09:59:08+08:00 ] 127.0.0.1 /admin.php/goods/add.html
INFO: [ app_begin ] --START--
INFO: Run Behavior\ReadHtmlCache [ RunTime:0.000457s ]
INFO: [ app_begin ] --END-- [ RunTime:0.000771s ]
NOTIC: [8] Undefined index: id E:\WWW\photo\App\Rzsys\Controller\GoodsController.class.php 第 59 行.
NOTIC: [8] Undefined index: pg E:\WWW\photo\App\Rzsys\Controller\GoodsController.class.php 第 67 行.
SQL: SHOW COLUMNS FROM `cm_class` [ RunTime:0.013293s ]
SQL: SELECT * FROM `cm_class` WHERE ( pid=0 )  [ RunTime:0.000278s ]
SQL: SELECT * FROM `cm_class` WHERE ( pid=17 )  [ RunTime:0.000229s ]
SQL: SELECT * FROM `cm_class` WHERE ( pid=18 )  [ RunTime:0.000225s ]
SQL: SELECT * FROM `cm_class` WHERE ( pid=16 )  [ RunTime:0.000244s ]
SQL: SELECT * FROM `cm_class` WHERE ( pid=19 )  [ RunTime:0.000288s ]
INFO: [ view_parse ] --START--
INFO: [ template_filter ] --START--
INFO: Run Behavior\ContentReplace [ RunTime:0.000059s ]
INFO: [ template_filter ] --END-- [ RunTime:0.000089s ]
NOTIC: [8] Undefined index: id E:\WWW\photo\App\Runtime\Cache\Rzsys\a4e313aabe1062a7715c25528b2a0b4e.php 第 37 行.
NOTIC: [8] Undefined index: name E:\WWW\photo\App\Runtime\Cache\Rzsys\a4e313aabe1062a7715c25528b2a0b4e.php 第 42 行.
NOTIC: [8] Undefined index: price E:\WWW\photo\App\Runtime\Cache\Rzsys\a4e313aabe1062a7715c25528b2a0b4e.php 第 48 行.
NOTIC: [8] Undefined index: yymoney E:\WWW\photo\App\Runtime\Cache\Rzsys\a4e313aabe1062a7715c25528b2a0b4e.php 第 54 行.
NOTIC: [8] Undefined index: yuyue E:\WWW\photo\App\Runtime\Cache\Rzsys\a4e313aabe1062a7715c25528b2a0b4e.php 第 70 行.
NOTIC: [8] Undefined index: content E:\WWW\photo\App\Runtime\Cache\Rzsys\a4e313aabe1062a7715c25528b2a0b4e.php 第 108 行.
NOTIC: [8] Undefined index: sort E:\WWW\photo\App\Runtime\Cache\Rzsys\a4e313aabe1062a7715c25528b2a0b4e.php 第 115 行.
NOTIC: [8] Undefined index: desc E:\WWW\photo\App\Runtime\Cache\Rzsys\a4e313aabe1062a7715c25528b2a0b4e.php 第 121 行.
INFO: Run Behavior\ParseTemplate [ RunTime:0.006531s ]
INFO: [ view_parse ] --END-- [ RunTime:0.006561s ]
INFO: [ view_filter ] --START--
INFO: Run Behavior\WriteHtmlCache [ RunTime:0.000241s ]
INFO: [ view_filter ] --END-- [ RunTime:0.000266s ]
INFO: [ app_end ] --START--
INFO: Run Behavior\ShowPageTrace [ RunTime:0.000442s ]
INFO: [ app_end ] --END-- [ RunTime:0.000469s ]

[ 2018-10-20T09:59:09+08:00 ] 127.0.0.1 /admin.php/goods/add.html
INFO: [ app_begin ] --START--
INFO: Run Behavior\ReadHtmlCache [ RunTime:0.000445s ]
INFO: [ app_begin ] --END-- [ RunTime:0.000815s ]
NOTIC: [8] Undefined index: id E:\WWW\photo\App\Rzsys\Controller\GoodsController.class.php 第 59 行.
NOTIC: [8] Undefined index: pg E:\WWW\photo\App\Rzsys\Controller\GoodsController.class.php 第 67 行.
SQL: SHOW COLUMNS FROM `cm_class` [ RunTime:0.004577s ]
SQL: SELECT * FROM `cm_class` WHERE ( pid=0 )  [ RunTime:0.000286s ]
SQL: SELECT * FROM `cm_class` WHERE ( pid=17 )  [ RunTime:0.000245s ]
SQL: SELECT * FROM `cm_class` WHERE ( pid=18 )  [ RunTime:0.000244s ]
SQL: SELECT * FROM `cm_class` WHERE ( pid=16 )  [ RunTime:0.000249s ]
SQL: SELECT * FROM `cm_class` WHERE ( pid=19 )  [ RunTime:0.000226s ]
INFO: [ view_parse ] --START--
INFO: [ template_filter ] --START--
INFO: Run Behavior\ContentReplace [ RunTime:0.000059s ]
INFO: [ template_filter ] --END-- [ RunTime:0.000090s ]
NOTIC: [8] Undefined index: id E:\WWW\photo\App\Runtime\Cache\Rzsys\a4e313aabe1062a7715c25528b2a0b4e.php 第 37 行.
NOTIC: [8] Undefined index: name E:\WWW\photo\App\Runtime\Cache\Rzsys\a4e313aabe1062a7715c25528b2a0b4e.php 第 42 行.
NOTIC: [8] Undefined index: price E:\WWW\photo\App\Runtime\Cache\Rzsys\a4e313aabe1062a7715c25528b2a0b4e.php 第 48 行.
NOTIC: [8] Undefined index: yymoney E:\WWW\photo\App\Runtime\Cache\Rzsys\a4e313aabe1062a7715c25528b2a0b4e.php 第 54 行.
NOTIC: [8] Undefined index: yuyue E:\WWW\photo\App\Runtime\Cache\Rzsys\a4e313aabe1062a7715c25528b2a0b4e.php 第 70 行.
NOTIC: [8] Undefined index: content E:\WWW\photo\App\Runtime\Cache\Rzsys\a4e313aabe1062a7715c25528b2a0b4e.php 第 108 行.
NOTIC: [8] Undefined index: sort E:\WWW\photo\App\Runtime\Cache\Rzsys\a4e313aabe1062a7715c25528b2a0b4e.php 第 115 行.
NOTIC: [8] Undefined index: desc E:\WWW\photo\App\Runtime\Cache\Rzsys\a4e313aabe1062a7715c25528b2a0b4e.php 第 121 行.
INFO: Run Behavior\ParseTemplate [ RunTime:0.006531s ]
INFO: [ view_parse ] --END-- [ RunTime:0.006560s ]
INFO: [ view_filter ] --START--
INFO: Run Behavior\WriteHtmlCache [ RunTime:0.000241s ]
INFO: [ view_filter ] --END-- [ RunTime:0.000265s ]
INFO: [ app_end ] --START--
INFO: Run Behavior\ShowPageTrace [ RunTime:0.000534s ]
INFO: [ app_end ] --END-- [ RunTime:0.000568s ]

[ 2018-10-20T09:59:10+08:00 ] 127.0.0.1 /admin.php/goods/add.html
INFO: [ app_begin ] --START--
INFO: Run Behavior\ReadHtmlCache [ RunTime:0.000370s ]
INFO: [ app_begin ] --END-- [ RunTime:0.000656s ]
NOTIC: [8] Undefined index: id E:\WWW\photo\App\Rzsys\Controller\GoodsController.class.php 第 59 行.
NOTIC: [8] Undefined index: pg E:\WWW\photo\App\Rzsys\Controller\GoodsController.class.php 第 67 行.
SQL: SHOW COLUMNS FROM `cm_class` [ RunTime:0.013321s ]
SQL: SELECT * FROM `cm_class` WHERE ( pid=0 )  [ RunTime:0.000290s ]
SQL: SELECT * FROM `cm_class` WHERE ( pid=17 )  [ RunTime:0.000254s ]
SQL: SELECT * FROM `cm_class` WHERE ( pid=18 )  [ RunTime:0.000257s ]
SQL: SELECT * FROM `cm_class` WHERE ( pid=16 )  [ RunTime:0.000209s ]
SQL: SELECT * FROM `cm_class` WHERE ( pid=19 )  [ RunTime:0.000183s ]
INFO: [ view_parse ] --START--
INFO: [ template_filter ] --START--
INFO: Run Behavior\ContentReplace [ RunTime:0.000059s ]
INFO: [ template_filter ] --END-- [ RunTime:0.000092s ]
NOTIC: [8] Undefined index: id E:\WWW\photo\App\Runtime\Cache\Rzsys\a4e313aabe1062a7715c25528b2a0b4e.php 第 37 行.
NOTIC: [8] Undefined index: name E:\WWW\photo\App\Runtime\Cache\Rzsys\a4e313aabe1062a7715c25528b2a0b4e.php 第 42 行.
NOTIC: [8] Undefined index: price E:\WWW\photo\App\Runtime\Cache\Rzsys\a4e313aabe1062a7715c25528b2a0b4e.php 第 48 行.
NOTIC: [8] Undefined index: yymoney E:\WWW\photo\App\Runtime\Cache\Rzsys\a4e313aabe1062a7715c25528b2a0b4e.php 第 54 行.
NOTIC: [8] Undefined index: yuyue E:\WWW\photo\App\Runtime\Cache\Rzsys\a4e313aabe1062a7715c25528b2a0b4e.php 第 70 行.
NOTIC: [8] Undefined index: content E:\WWW\photo\App\Runtime\Cache\Rzsys\a4e313aabe1062a7715c25528b2a0b4e.php 第 108 行.
NOTIC: [8] Undefined index: sort E:\WWW\photo\App\Runtime\Cache\Rzsys\a4e313aabe1062a7715c25528b2a0b4e.php 第 115 行.
NOTIC: [8] Undefined index: desc E:\WWW\photo\App\Runtime\Cache\Rzsys\a4e313aabe1062a7715c25528b2a0b4e.php 第 121 行.
INFO: Run Behavior\ParseTemplate [ RunTime:0.006617s ]
INFO: [ view_parse ] --END-- [ RunTime:0.006647s ]
INFO: [ view_filter ] --START--
INFO: Run Behavior\WriteHtmlCache [ RunTime:0.000243s ]
INFO: [ view_filter ] --END-- [ RunTime:0.000267s ]
INFO: [ app_end ] --START--
INFO: Run Behavior\ShowPageTrace [ RunTime:0.000454s ]
INFO: [ app_end ] --END-- [ RunTime:0.000483s ]

[ 2018-10-20T09:59:11+08:00 ] 127.0.0.1 /admin.php/goods/add.html
INFO: [ app_begin ] --START--
INFO: Run Behavior\ReadHtmlCache [ RunTime:0.000397s ]
INFO: [ app_begin ] --END-- [ RunTime:0.000708s ]
NOTIC: [8] Undefined index: id E:\WWW\photo\App\Rzsys\Controller\GoodsController.class.php 第 59 行.
NOTIC: [8] Undefined index: pg E:\WWW\photo\App\Rzsys\Controller\GoodsController.class.php 第 67 行.
SQL: SHOW COLUMNS FROM `cm_class` [ RunTime:0.014051s ]
SQL: SELECT * FROM `cm_class` WHERE ( pid=0 )  [ RunTime:0.000260s ]
SQL: SELECT * FROM `cm_class` WHERE ( pid=17 )  [ RunTime:0.000240s ]
SQL: SELECT * FROM `cm_class` WHERE ( pid=18 )  [ RunTime:0.000224s ]
SQL: SELECT * FROM `cm_class` WHERE ( pid=16 )  [ RunTime:0.000225s ]
SQL: SELECT * FROM `cm_class` WHERE ( pid=19 )  [ RunTime:0.000218s ]
INFO: [ view_parse ] --START--
INFO: [ template_filter ] --START--
INFO: Run Behavior\ContentReplace [ RunTime:0.000062s ]
INFO: [ template_filter ] --END-- [ RunTime:0.000097s ]
NOTIC: [8] Undefined index: id E:\WWW\photo\App\Runtime\Cache\Rzsys\a4e313aabe1062a7715c25528b2a0b4e.php 第 37 行.
NOTIC: [8] Undefined index: name E:\WWW\photo\App\Runtime\Cache\Rzsys\a4e313aabe1062a7715c25528b2a0b4e.php 第 42 行.
NOTIC: [8] Undefined index: price E:\WWW\photo\App\Runtime\Cache\Rzsys\a4e313aabe1062a7715c25528b2a0b4e.php 第 48 行.
NOTIC: [8] Undefined index: yymoney E:\WWW\photo\App\Runtime\Cache\Rzsys\a4e313aabe1062a7715c25528b2a0b4e.php 第 54 行.
NOTIC: [8] Undefined index: yuyue E:\WWW\photo\App\Runtime\Cache\Rzsys\a4e313aabe1062a7715c25528b2a0b4e.php 第 70 行.
NOTIC: [8] Undefined index: content E:\WWW\photo\App\Runtime\Cache\Rzsys\a4e313aabe1062a7715c25528b2a0b4e.php 第 108 行.
NOTIC: [8] Undefined index: sort E:\WWW\photo\App\Runtime\Cache\Rzsys\a4e313aabe1062a7715c25528b2a0b4e.php 第 115 行.
NOTIC: [8] Undefined index: desc E:\WWW\photo\App\Runtime\Cache\Rzsys\a4e313aabe1062a7715c25528b2a0b4e.php 第 121 行.
INFO: Run Behavior\ParseTemplate [ RunTime:0.007929s ]
INFO: [ view_parse ] --END-- [ RunTime:0.007968s ]
INFO: [ view_filter ] --START--
INFO: Run Behavior\WriteHtmlCache [ RunTime:0.000264s ]
INFO: [ view_filter ] --END-- [ RunTime:0.000289s ]
INFO: [ app_end ] --START--
INFO: Run Behavior\ShowPageTrace [ RunTime:0.000468s ]
INFO: [ app_end ] --END-- [ RunTime:0.000498s ]

[ 2018-10-20T09:59:12+08:00 ] 127.0.0.1 /admin.php/goods/add.html
INFO: [ app_begin ] --START--
INFO: Run Behavior\ReadHtmlCache [ RunTime:0.000386s ]
INFO: [ app_begin ] --END-- [ RunTime:0.000684s ]
NOTIC: [8] Undefined index: id E:\WWW\photo\App\Rzsys\Controller\GoodsController.class.php 第 59 行.
NOTIC: [8] Undefined index: pg E:\WWW\photo\App\Rzsys\Controller\GoodsController.class.php 第 67 行.
SQL: SHOW COLUMNS FROM `cm_class` [ RunTime:0.013913s ]
SQL: SELECT * FROM `cm_class` WHERE ( pid=0 )  [ RunTime:0.000462s ]
SQL: SELECT * FROM `cm_class` WHERE ( pid=17 )  [ RunTime:0.000380s ]
SQL: SELECT * FROM `cm_class` WHERE ( pid=18 )  [ RunTime:0.000275s ]
SQL: SELECT * FROM `cm_class` WHERE ( pid=16 )  [ RunTime:0.000251s ]
SQL: SELECT * FROM `cm_class` WHERE ( pid=19 )  [ RunTime:0.000239s ]
INFO: [ view_parse ] --START--
INFO: [ template_filter ] --START--
INFO: Run Behavior\ContentReplace [ RunTime:0.000125s ]
INFO: [ template_filter ] --END-- [ RunTime:0.000162s ]
NOTIC: [8] Undefined index: id E:\WWW\photo\App\Runtime\Cache\Rzsys\a4e313aabe1062a7715c25528b2a0b4e.php 第 37 行.
NOTIC: [8] Undefined index: name E:\WWW\photo\App\Runtime\Cache\Rzsys\a4e313aabe1062a7715c25528b2a0b4e.php 第 42 行.
NOTIC: [8] Undefined index: price E:\WWW\photo\App\Runtime\Cache\Rzsys\a4e313aabe1062a7715c25528b2a0b4e.php 第 48 行.
NOTIC: [8] Undefined index: yymoney E:\WWW\photo\App\Runtime\Cache\Rzsys\a4e313aabe1062a7715c25528b2a0b4e.php 第 54 行.
NOTIC: [8] Undefined index: yuyue E:\WWW\photo\App\Runtime\Cache\Rzsys\a4e313aabe1062a7715c25528b2a0b4e.php 第 70 行.
NOTIC: [8] Undefined index: content E:\WWW\photo\App\Runtime\Cache\Rzsys\a4e313aabe1062a7715c25528b2a0b4e.php 第 108 行.
NOTIC: [8] Undefined index: sort E:\WWW\photo\App\Runtime\Cache\Rzsys\a4e313aabe1062a7715c25528b2a0b4e.php 第 115 行.
NOTIC: [8] Undefined index: desc E:\WWW\photo\App\Runtime\Cache\Rzsys\a4e313aabe1062a7715c25528b2a0b4e.php 第 121 行.
INFO: Run Behavior\ParseTemplate [ RunTime:0.007020s ]
INFO: [ view_parse ] --END-- [ RunTime:0.007053s ]
INFO: [ view_filter ] --START--
INFO: Run Behavior\WriteHtmlCache [ RunTime:0.000272s ]
INFO: [ view_filter ] --END-- [ RunTime:0.000299s ]
INFO: [ app_end ] --START--
INFO: Run Behavior\ShowPageTrace [ RunTime:0.000484s ]
INFO: [ app_end ] --END-- [ RunTime:0.000513s ]

[ 2018-10-20T09:59:13+08:00 ] 127.0.0.1 /admin.php/goods/add.html
INFO: [ app_begin ] --START--
INFO: Run Behavior\ReadHtmlCache [ RunTime:0.000392s ]
INFO: [ app_begin ] --END-- [ RunTime:0.000724s ]
NOTIC: [8] Undefined index: id E:\WWW\photo\App\Rzsys\Controller\GoodsController.class.php 第 59 行.
NOTIC: [8] Undefined index: pg E:\WWW\photo\App\Rzsys\Controller\GoodsController.class.php 第 67 行.
SQL: SHOW COLUMNS FROM `cm_class` [ RunTime:0.013708s ]
SQL: SELECT * FROM `cm_class` WHERE ( pid=0 )  [ RunTime:0.000290s ]
SQL: SELECT * FROM `cm_class` WHERE ( pid=17 )  [ RunTime:0.000230s ]
SQL: SELECT * FROM `cm_class` WHERE ( pid=18 )  [ RunTime:0.000224s ]
SQL: SELECT * FROM `cm_class` WHERE ( pid=16 )  [ RunTime:0.000226s ]
SQL: SELECT * FROM `cm_class` WHERE ( pid=19 )  [ RunTime:0.000223s ]
INFO: [ view_parse ] --START--
INFO: [ template_filter ] --START--
INFO: Run Behavior\ContentReplace [ RunTime:0.000061s ]
INFO: [ template_filter ] --END-- [ RunTime:0.000097s ]
NOTIC: [8] Undefined index: id E:\WWW\photo\App\Runtime\Cache\Rzsys\a4e313aabe1062a7715c25528b2a0b4e.php 第 37 行.
NOTIC: [8] Undefined index: name E:\WWW\photo\App\Runtime\Cache\Rzsys\a4e313aabe1062a7715c25528b2a0b4e.php 第 42 行.
NOTIC: [8] Undefined index: price E:\WWW\photo\App\Runtime\Cache\Rzsys\a4e313aabe1062a7715c25528b2a0b4e.php 第 48 行.
NOTIC: [8] Undefined index: yymoney E:\WWW\photo\App\Runtime\Cache\Rzsys\a4e313aabe1062a7715c25528b2a0b4e.php 第 54 行.
NOTIC: [8] Undefined index: yuyue E:\WWW\photo\App\Runtime\Cache\Rzsys\a4e313aabe1062a7715c25528b2a0b4e.php 第 70 行.
NOTIC: [8] Undefined index: content E:\WWW\photo\App\Runtime\Cache\Rzsys\a4e313aabe1062a7715c25528b2a0b4e.php 第 108 行.
NOTIC: [8] Undefined index: sort E:\WWW\photo\App\Runtime\Cache\Rzsys\a4e313aabe1062a7715c25528b2a0b4e.php 第 115 行.
NOTIC: [8] Undefined index: desc E:\WWW\photo\App\Runtime\Cache\Rzsys\a4e313aabe1062a7715c25528b2a0b4e.php 第 121 行.
INFO: Run Behavior\ParseTemplate [ RunTime:0.006788s ]
INFO: [ view_parse ] --END-- [ RunTime:0.006817s ]
INFO: [ view_filter ] --START--
INFO: Run Behavior\WriteHtmlCache [ RunTime:0.000260s ]
INFO: [ view_filter ] --END-- [ RunTime:0.000285s ]
INFO: [ app_end ] --START--
INFO: Run Behavior\ShowPageTrace [ RunTime:0.000520s ]
INFO: [ app_end ] --END-- [ RunTime:0.000555s ]

[ 2018-10-20T11:23:07+08:00 ] 127.0.0.1 /admin.php/index/index.html
INFO: [ app_begin ] --START--
INFO: Run Behavior\ReadHtmlCache [ RunTime:0.000443s ]
INFO: [ app_begin ] --END-- [ RunTime:0.000840s ]
INFO: [ view_parse ] --START--
INFO: [ template_filter ] --START--
INFO: Run Behavior\ContentReplace [ RunTime:0.000038s ]
INFO: [ template_filter ] --END-- [ RunTime:0.000075s ]
INFO: Run Behavior\ParseTemplate [ RunTime:0.093168s ]
INFO: [ view_parse ] --END-- [ RunTime:0.093231s ]
INFO: [ view_filter ] --START--
INFO: Run Behavior\WriteHtmlCache [ RunTime:0.000303s ]
INFO: [ view_filter ] --END-- [ RunTime:0.000328s ]

[ 2018-10-20T11:23:12+08:00 ] 127.0.0.1 /admin.php/Login/login.html
INFO: [ app_begin ] --START--
INFO: Run Behavior\ReadHtmlCache [ RunTime:0.000447s ]
INFO: [ app_begin ] --END-- [ RunTime:0.000745s ]
INFO: [ view_parse ] --START--
INFO: [ template_filter ] --START--
INFO: Run Behavior\ContentReplace [ RunTime:0.000026s ]
INFO: [ template_filter ] --END-- [ RunTime:0.000071s ]
INFO: Run Behavior\ParseTemplate [ RunTime:0.031783s ]
INFO: [ view_parse ] --END-- [ RunTime:0.031830s ]
INFO: [ view_filter ] --START--
INFO: Run Behavior\WriteHtmlCache [ RunTime:0.000258s ]
INFO: [ view_filter ] --END-- [ RunTime:0.000285s ]
INFO: [ app_end ] --START--
INFO: Run Behavior\ShowPageTrace [ RunTime:0.000503s ]
INFO: [ app_end ] --END-- [ RunTime:0.000537s ]

[ 2018-10-20T11:23:12+08:00 ] 127.0.0.1 /admin.php/Login/verify.html
INFO: [ app_begin ] --START--
INFO: Run Behavior\ReadHtmlCache [ RunTime:0.000403s ]
INFO: [ app_begin ] --END-- [ RunTime:0.000718s ]
INFO: [ app_end ] --START--
INFO: Run Behavior\ShowPageTrace [ RunTime:0.000488s ]
INFO: [ app_end ] --END-- [ RunTime:0.000544s ]

[ 2018-10-20T14:31:16+08:00 ] 127.0.0.1 /index.php/App/yuyuedesc?id=1
INFO: [ app_begin ] --START--
INFO: Run Behavior\ReadHtmlCache [ RunTime:0.000559s ]
INFO: [ app_begin ] --END-- [ RunTime:0.001150s ]
SQL: SHOW COLUMNS FROM `cm_yuyue` [ RunTime:0.038810s ]
SQL: SELECT y.id,y.addtime,y.state,y.yytime,g.name,g.content FROM cm_yuyue y INNER JOIN cm_goods AS g ON y.gid = g.id  WHERE ( y.id=1 ) LIMIT 1   [ RunTime:0.028930s ]
NOTIC: [2] Illegal string offset 'addtime' E:\WWW\photo\App\Home\Controller\AppController.class.php 第 349 行.
NOTIC: [2] Illegal string offset 'addtime' E:\WWW\photo\App\Home\Controller\AppController.class.php 第 349 行.
NOTIC: [2] Illegal string offset 'yytime' E:\WWW\photo\App\Home\Controller\AppController.class.php 第 350 行.
NOTIC: [2] Illegal string offset 'yytime' E:\WWW\photo\App\Home\Controller\AppController.class.php 第 350 行.
NOTIC: [2] Illegal string offset 'addtime' E:\WWW\photo\App\Home\Controller\AppController.class.php 第 349 行.
NOTIC: [2] Illegal string offset 'addtime' E:\WWW\photo\App\Home\Controller\AppController.class.php 第 349 行.
NOTIC: [2] Illegal string offset 'yytime' E:\WWW\photo\App\Home\Controller\AppController.class.php 第 350 行.
NOTIC: [2] Illegal string offset 'yytime' E:\WWW\photo\App\Home\Controller\AppController.class.php 第 350 行.
NOTIC: [2] Illegal string offset 'addtime' E:\WWW\photo\App\Home\Controller\AppController.class.php 第 349 行.
NOTIC: [2] Illegal string offset 'addtime' E:\WWW\photo\App\Home\Controller\AppController.class.php 第 349 行.
NOTIC: [2] Illegal string offset 'yytime' E:\WWW\photo\App\Home\Controller\AppController.class.php 第 350 行.
NOTIC: [2] Illegal string offset 'yytime' E:\WWW\photo\App\Home\Controller\AppController.class.php 第 350 行.
NOTIC: [2] Illegal string offset 'addtime' E:\WWW\photo\App\Home\Controller\AppController.class.php 第 349 行.
NOTIC: [2] Illegal string offset 'addtime' E:\WWW\photo\App\Home\Controller\AppController.class.php 第 349 行.
NOTIC: [2] Illegal string offset 'yytime' E:\WWW\photo\App\Home\Controller\AppController.class.php 第 350 行.
NOTIC: [2] Illegal string offset 'yytime' E:\WWW\photo\App\Home\Controller\AppController.class.php 第 350 行.
NOTIC: [2] Illegal string offset 'addtime' E:\WWW\photo\App\Home\Controller\AppController.class.php 第 349 行.
NOTIC: [2] Illegal string offset 'addtime' E:\WWW\photo\App\Home\Controller\AppController.class.php 第 349 行.
NOTIC: [2] Illegal string offset 'yytime' E:\WWW\photo\App\Home\Controller\AppController.class.php 第 350 行.
NOTIC: [2] Illegal string offset 'yytime' E:\WWW\photo\App\Home\Controller\AppController.class.php 第 350 行.
NOTIC: [2] Illegal string offset 'addtime' E:\WWW\photo\App\Home\Controller\AppController.class.php 第 349 行.
NOTIC: [2] date() expects parameter 2 to be integer, string given E:\WWW\photo\App\Home\Controller\AppController.class.php 第 349 行.
NOTIC: [2] Illegal string offset 'addtime' E:\WWW\photo\App\Home\Controller\AppController.class.php 第 349 行.
NOTIC: [2] Illegal string offset 'yytime' E:\WWW\photo\App\Home\Controller\AppController.class.php 第 350 行.
NOTIC: [2] date() expects parameter 2 to be integer, string given E:\WWW\photo\App\Home\Controller\AppController.class.php 第 350 行.
NOTIC: [2] Illegal string offset 'yytime' E:\WWW\photo\App\Home\Controller\AppController.class.php 第 350 行.
SQL: SHOW COLUMNS FROM `cm_img` [ RunTime:0.030956s ]
SQL: SELECT `id`,`path` FROM `cm_img` WHERE ( type='goods' and typeid=1 )  [ RunTime:0.000373s ]

[ 2018-10-20T14:31:45+08:00 ] 127.0.0.1 /index.php/App/yuyuedesc?id=1
INFO: [ app_begin ] --START--
INFO: Run Behavior\ReadHtmlCache [ RunTime:0.000357s ]
INFO: [ app_begin ] --END-- [ RunTime:0.000620s ]
SQL: SHOW COLUMNS FROM `cm_yuyue` [ RunTime:0.014162s ]
SQL: SELECT y.id,y.addtime,y.state,y.yytime,g.name,g.content FROM cm_yuyue y INNER JOIN cm_goods AS g ON y.gid = g.id  WHERE ( y.id=1 ) LIMIT 1   [ RunTime:0.000585s ]
NOTIC: [8] Undefined variable: key E:\WWW\photo\App\Home\Controller\AppController.class.php 第 347 行.
NOTIC: [8] Undefined index:  E:\WWW\photo\App\Home\Controller\AppController.class.php 第 347 行.
NOTIC: [8] Undefined variable: key E:\WWW\photo\App\Home\Controller\AppController.class.php 第 348 行.
NOTIC: [8] Undefined index:  E:\WWW\photo\App\Home\Controller\AppController.class.php 第 348 行.
SQL: SHOW COLUMNS FROM `cm_img` [ RunTime:0.005581s ]
SQL: SELECT `id`,`path` FROM `cm_img` WHERE ( type='goods' and typeid=1 )  [ RunTime:0.000345s ]

