[ 2019-01-05T17:40:41+08:00 ] 123.161.216.108 /index.php/App/banner?type=1
INFO: [ app_begin ] --START--
INFO: Run Behavior\ReadHtmlCache [ RunTime:0.000692s ]
INFO: [ app_begin ] --END-- [ RunTime:0.001195s ]
SQL: SHOW COLUMNS FROM `mv_banner` [ RunTime:0.001095s ]
SQL: SELECT `ID`,`BN_NAME`,`BN_URL`,`BN_TYPE`,`BN_TYPE_ID` FROM `mv_banner` WHERE ( IS_DEL=0 and BN_TYPE=1 )  [ RunTime:0.000095s ]

[ 2019-01-05T17:40:41+08:00 ] 123.161.216.108 /index.php/App/indexcont
INFO: [ app_begin ] --START--
INFO: Run Behavior\ReadHtmlCache [ RunTime:0.000690s ]
INFO: [ app_begin ] --END-- [ RunTime:0.001192s ]
SQL: SHOW COLUMNS FROM `mv_movies` [ RunTime:0.001320s ]
SQL: SELECT `ID`,`MV_NAME`,`MV_PHOTO_URL` FROM `mv_movies` WHERE ( MV_TYPE=1  and IS_DEL=0 and MV_STATUS=1 ) ORDER BY GMT_MODIFED desc LIMIT 2   [ RunTime:0.000130s ]
SQL: SELECT `ID`,`MV_NAME`,`MV_PHOTO_URL`,`MV_TIME`,`MV_TYPE` FROM `mv_movies` WHERE (  IS_DEL=0  and MV_STATUS=1 ) ORDER BY ID desc LIMIT 4   [ RunTime:0.000099s ]
SQL: SELECT `ID`,`MV_NAME`,`MV_PHOTO_URL`,`MV_TYPE` FROM `mv_movies` WHERE (  IS_DEL=0  and MV_STATUS=1 ) ORDER BY MV_PLAY_COUNT desc LIMIT 4   [ RunTime:0.000145s ]
SQL: SHOW COLUMNS FROM `mv_cartoon` [ RunTime:0.000832s ]
SQL: SELECT `ID`,`CT_NAME`,`CT_PHOTO_URL` FROM `mv_cartoon` WHERE (  IS_DEL=0 and CT_STATUS=1 ) ORDER BY ID desc LIMIT 4   [ RunTime:0.000095s ]

[ 2019-01-05T17:40:41+08:00 ] 123.161.216.108 /index.php/App/ipaddress?ip=123.161.216.108
INFO: [ app_begin ] --START--
INFO: Run Behavior\ReadHtmlCache [ RunTime:0.000684s ]
INFO: [ app_begin ] --END-- [ RunTime:0.001193s ]
NOTIC: [2] file_get_contents(http://ip.taobao.com/service/getIpInfo.php?ip=123.161.216.108): failed to open stream: HTTP request failed! HTTP/1.1 502 Bad Gateway
 /www/app/shiping/App/Home/Controller/AppController.class.php 第 309 行.

[ 2019-01-05T17:40:45+08:00 ] 123.161.216.108 /index.php/App/ipaddress?ip=123.161.216.108
INFO: [ app_begin ] --START--
INFO: Run Behavior\ReadHtmlCache [ RunTime:0.000643s ]
INFO: [ app_begin ] --END-- [ RunTime:0.001129s ]
NOTIC: [2] file_get_contents(http://ip.taobao.com/service/getIpInfo.php?ip=123.161.216.108): failed to open stream: HTTP request failed! HTTP/1.1 502 Bad Gateway
 /www/app/shiping/App/Home/Controller/AppController.class.php 第 309 行.

[ 2019-01-05T17:40:46+08:00 ] 123.161.216.108 /index.php/App/ipaddress?ip=123.161.216.108
INFO: [ app_begin ] --START--
INFO: Run Behavior\ReadHtmlCache [ RunTime:0.000610s ]
INFO: [ app_begin ] --END-- [ RunTime:0.001048s ]

[ 2019-01-05T17:40:46+08:00 ] 123.161.216.108 /index.php/App/banner?type=1
INFO: [ app_begin ] --START--
INFO: Run Behavior\ReadHtmlCache [ RunTime:0.000689s ]
INFO: [ app_begin ] --END-- [ RunTime:0.001199s ]
SQL: SHOW COLUMNS FROM `mv_banner` [ RunTime:0.000859s ]
SQL: SELECT `ID`,`BN_NAME`,`BN_URL`,`BN_TYPE`,`BN_TYPE_ID` FROM `mv_banner` WHERE ( IS_DEL=0 and BN_TYPE=1 )  [ RunTime:0.000107s ]

[ 2019-01-05T17:40:46+08:00 ] 123.161.216.108 /index.php/App/indexcont
INFO: [ app_begin ] --START--
INFO: Run Behavior\ReadHtmlCache [ RunTime:0.000658s ]
INFO: [ app_begin ] --END-- [ RunTime:0.001125s ]
SQL: SHOW COLUMNS FROM `mv_movies` [ RunTime:0.000963s ]
SQL: SELECT `ID`,`MV_NAME`,`MV_PHOTO_URL` FROM `mv_movies` WHERE ( MV_TYPE=1  and IS_DEL=0 and MV_STATUS=1 ) ORDER BY GMT_MODIFED desc LIMIT 2   [ RunTime:0.000152s ]
SQL: SELECT `ID`,`MV_NAME`,`MV_PHOTO_URL`,`MV_TIME`,`MV_TYPE` FROM `mv_movies` WHERE (  IS_DEL=0  and MV_STATUS=1 ) ORDER BY ID desc LIMIT 4   [ RunTime:0.000126s ]
SQL: SELECT `ID`,`MV_NAME`,`MV_PHOTO_URL`,`MV_TYPE` FROM `mv_movies` WHERE (  IS_DEL=0  and MV_STATUS=1 ) ORDER BY MV_PLAY_COUNT desc LIMIT 4   [ RunTime:0.000107s ]
SQL: SHOW COLUMNS FROM `mv_cartoon` [ RunTime:0.000823s ]
SQL: SELECT `ID`,`CT_NAME`,`CT_PHOTO_URL` FROM `mv_cartoon` WHERE (  IS_DEL=0 and CT_STATUS=1 ) ORDER BY ID desc LIMIT 4   [ RunTime:0.000084s ]

[ 2019-01-05T17:40:46+08:00 ] 123.161.216.108 /index.php/App/banner?type=1
INFO: [ app_begin ] --START--
INFO: Run Behavior\ReadHtmlCache [ RunTime:0.000698s ]
INFO: [ app_begin ] --END-- [ RunTime:0.001199s ]
SQL: SHOW COLUMNS FROM `mv_banner` [ RunTime:0.000858s ]
SQL: SELECT `ID`,`BN_NAME`,`BN_URL`,`BN_TYPE`,`BN_TYPE_ID` FROM `mv_banner` WHERE ( IS_DEL=0 and BN_TYPE=1 )  [ RunTime:0.000105s ]

[ 2019-01-05T17:40:46+08:00 ] 123.161.216.108 /index.php/App/indexcont
INFO: [ app_begin ] --START--
INFO: Run Behavior\ReadHtmlCache [ RunTime:0.000671s ]
INFO: [ app_begin ] --END-- [ RunTime:0.001155s ]
SQL: SHOW COLUMNS FROM `mv_movies` [ RunTime:0.000885s ]
SQL: SELECT `ID`,`MV_NAME`,`MV_PHOTO_URL` FROM `mv_movies` WHERE ( MV_TYPE=1  and IS_DEL=0 and MV_STATUS=1 ) ORDER BY GMT_MODIFED desc LIMIT 2   [ RunTime:0.000103s ]
SQL: SELECT `ID`,`MV_NAME`,`MV_PHOTO_URL`,`MV_TIME`,`MV_TYPE` FROM `mv_movies` WHERE (  IS_DEL=0  and MV_STATUS=1 ) ORDER BY ID desc LIMIT 4   [ RunTime:0.000151s ]
SQL: SELECT `ID`,`MV_NAME`,`MV_PHOTO_URL`,`MV_TYPE` FROM `mv_movies` WHERE (  IS_DEL=0  and MV_STATUS=1 ) ORDER BY MV_PLAY_COUNT desc LIMIT 4   [ RunTime:0.000130s ]
SQL: SHOW COLUMNS FROM `mv_cartoon` [ RunTime:0.000908s ]
SQL: SELECT `ID`,`CT_NAME`,`CT_PHOTO_URL` FROM `mv_cartoon` WHERE (  IS_DEL=0 and CT_STATUS=1 ) ORDER BY ID desc LIMIT 4   [ RunTime:0.000137s ]

[ 2019-01-05T17:40:50+08:00 ] 123.161.216.108 /index.php/App/jingmovie?pagesize=20&pageindex=0
INFO: [ app_begin ] --START--
INFO: Run Behavior\ReadHtmlCache [ RunTime:0.000601s ]
INFO: [ app_begin ] --END-- [ RunTime:0.001048s ]
SQL: SHOW COLUMNS FROM `mv_movies` [ RunTime:0.000939s ]
SQL: SELECT `ID`,`MV_NAME`,`MV_PHOTO_URL`,`MV_TYPE` FROM `mv_movies` WHERE (  IS_DEL=0 and MV_PHYLETIC=2 and MV_STATUS=1 ) ORDER BY ID desc LIMIT 0,20   [ RunTime:0.000402s ]
NOTIC: [8] Undefined index: uid /www/app/shiping/App/Home/Controller/AppController.class.php 第 261 行.
NOTIC: [8] Undefined index: token /www/app/shiping/App/Home/Controller/AppController.class.php 第 262 行.

[ 2019-01-05T17:40:55+08:00 ] 123.161.216.108 /index.php/App/jingmovie?pagesize=20&pageindex=0
INFO: [ app_begin ] --START--
INFO: Run Behavior\ReadHtmlCache [ RunTime:0.000671s ]
INFO: [ app_begin ] --END-- [ RunTime:0.001171s ]
SQL: SHOW COLUMNS FROM `mv_movies` [ RunTime:0.000955s ]
SQL: SELECT `ID`,`MV_NAME`,`MV_PHOTO_URL`,`MV_TYPE` FROM `mv_movies` WHERE (  IS_DEL=0 and MV_PHYLETIC=2 and MV_STATUS=1 ) ORDER BY ID desc LIMIT 0,20   [ RunTime:0.000097s ]
NOTIC: [8] Undefined index: uid /www/app/shiping/App/Home/Controller/AppController.class.php 第 261 行.
NOTIC: [8] Undefined index: token /www/app/shiping/App/Home/Controller/AppController.class.php 第 262 行.

[ 2019-01-05T17:41:53+08:00 ] 180.163.220.66 /index.php/App/banner?type=1
INFO: [ app_begin ] --START--
INFO: Run Behavior\ReadHtmlCache [ RunTime:0.000648s ]
INFO: [ app_begin ] --END-- [ RunTime:0.001143s ]
SQL: SHOW COLUMNS FROM `mv_banner` [ RunTime:0.000844s ]
SQL: SELECT `ID`,`BN_NAME`,`BN_URL`,`BN_TYPE`,`BN_TYPE_ID` FROM `mv_banner` WHERE ( IS_DEL=0 and BN_TYPE=1 )  [ RunTime:0.000150s ]

[ 2019-01-05T17:41:56+08:00 ] 180.163.220.66 /index.php/App/indexcont
INFO: [ app_begin ] --START--
INFO: Run Behavior\ReadHtmlCache [ RunTime:0.000633s ]
INFO: [ app_begin ] --END-- [ RunTime:0.001090s ]
SQL: SHOW COLUMNS FROM `mv_movies` [ RunTime:0.000952s ]
SQL: SELECT `ID`,`MV_NAME`,`MV_PHOTO_URL` FROM `mv_movies` WHERE ( MV_TYPE=1  and IS_DEL=0 and MV_STATUS=1 ) ORDER BY GMT_MODIFED desc LIMIT 2   [ RunTime:0.000148s ]
SQL: SELECT `ID`,`MV_NAME`,`MV_PHOTO_URL`,`MV_TIME`,`MV_TYPE` FROM `mv_movies` WHERE (  IS_DEL=0  and MV_STATUS=1 ) ORDER BY ID desc LIMIT 4   [ RunTime:0.000114s ]
SQL: SELECT `ID`,`MV_NAME`,`MV_PHOTO_URL`,`MV_TYPE` FROM `mv_movies` WHERE (  IS_DEL=0  and MV_STATUS=1 ) ORDER BY MV_PLAY_COUNT desc LIMIT 4   [ RunTime:0.000088s ]
SQL: SHOW COLUMNS FROM `mv_cartoon` [ RunTime:0.000812s ]
SQL: SELECT `ID`,`CT_NAME`,`CT_PHOTO_URL` FROM `mv_cartoon` WHERE (  IS_DEL=0 and CT_STATUS=1 ) ORDER BY ID desc LIMIT 4   [ RunTime:0.000083s ]

[ 2019-01-05T17:42:01+08:00 ] 180.163.220.66 /index.php/App/ipaddress?ip=180.163.220.4
INFO: [ app_begin ] --START--
INFO: Run Behavior\ReadHtmlCache [ RunTime:0.000593s ]
INFO: [ app_begin ] --END-- [ RunTime:0.001046s ]

[ 2019-01-05T22:15:30+08:00 ] 123.161.216.108 /index.php/App/banner?type=1
INFO: [ app_begin ] --START--
INFO: Run Behavior\ReadHtmlCache [ RunTime:0.000679s ]
INFO: [ app_begin ] --END-- [ RunTime:0.001171s ]
SQL: SHOW COLUMNS FROM `mv_banner` [ RunTime:0.000793s ]
SQL: SELECT `ID`,`BN_NAME`,`BN_URL`,`BN_TYPE`,`BN_TYPE_ID` FROM `mv_banner` WHERE ( IS_DEL=0 and BN_TYPE=1 )  [ RunTime:0.000081s ]

[ 2019-01-05T22:15:32+08:00 ] 123.161.216.108 /index.php/App/banner?type=1
INFO: [ app_begin ] --START--
INFO: Run Behavior\ReadHtmlCache [ RunTime:0.000667s ]
INFO: [ app_begin ] --END-- [ RunTime:0.001140s ]
SQL: SHOW COLUMNS FROM `mv_banner` [ RunTime:0.000790s ]
SQL: SELECT `ID`,`BN_NAME`,`BN_URL`,`BN_TYPE`,`BN_TYPE_ID` FROM `mv_banner` WHERE ( IS_DEL=0 and BN_TYPE=1 )  [ RunTime:0.000122s ]

[ 2019-01-05T22:16:01+08:00 ] 123.161.216.108 /index.php/App/banner?type=1
INFO: [ app_begin ] --START--
INFO: Run Behavior\ReadHtmlCache [ RunTime:0.000614s ]
INFO: [ app_begin ] --END-- [ RunTime:0.001124s ]
SQL: SHOW COLUMNS FROM `mv_banner` [ RunTime:0.000879s ]
SQL: SELECT `ID`,`BN_NAME`,`BN_URL`,`BN_TYPE`,`BN_TYPE_ID` FROM `mv_banner` WHERE ( IS_DEL=0 and BN_TYPE=1 )  [ RunTime:0.000090s ]

[ 2019-01-05T22:16:01+08:00 ] 123.161.216.108 /index.php/App/indexcont
INFO: [ app_begin ] --START--
INFO: Run Behavior\ReadHtmlCache [ RunTime:0.000641s ]
INFO: [ app_begin ] --END-- [ RunTime:0.001106s ]
SQL: SHOW COLUMNS FROM `mv_movies` [ RunTime:0.000833s ]
SQL: SELECT `ID`,`MV_NAME`,`MV_PHOTO_URL` FROM `mv_movies` WHERE ( MV_TYPE=1  and IS_DEL=0 and MV_STATUS=1 ) ORDER BY GMT_MODIFED desc LIMIT 2   [ RunTime:0.000077s ]
SQL: SELECT `ID`,`MV_NAME`,`MV_PHOTO_URL`,`MV_TIME`,`MV_TYPE` FROM `mv_movies` WHERE (  IS_DEL=0  and MV_STATUS=1 ) ORDER BY ID desc LIMIT 4   [ RunTime:0.000068s ]
SQL: SELECT `ID`,`MV_NAME`,`MV_PHOTO_URL`,`MV_TYPE` FROM `mv_movies` WHERE (  IS_DEL=0  and MV_STATUS=1 ) ORDER BY MV_PLAY_COUNT desc LIMIT 4   [ RunTime:0.000068s ]
SQL: SHOW COLUMNS FROM `mv_cartoon` [ RunTime:0.000663s ]
SQL: SELECT `ID`,`CT_NAME`,`CT_PHOTO_URL` FROM `mv_cartoon` WHERE (  IS_DEL=0 and CT_STATUS=1 ) ORDER BY ID desc LIMIT 4   [ RunTime:0.000066s ]

[ 2019-01-05T22:16:02+08:00 ] 123.161.216.108 /index.php/App/ipaddress?ip=123.161.216.108
INFO: [ app_begin ] --START--
INFO: Run Behavior\ReadHtmlCache [ RunTime:0.000671s ]
INFO: [ app_begin ] --END-- [ RunTime:0.001150s ]

[ 2019-01-05T22:16:07+08:00 ] 123.161.216.108 /index.php/App/banner?type=1
INFO: [ app_begin ] --START--
INFO: Run Behavior\ReadHtmlCache [ RunTime:0.000664s ]
INFO: [ app_begin ] --END-- [ RunTime:0.001142s ]
SQL: SHOW COLUMNS FROM `mv_banner` [ RunTime:0.000785s ]
SQL: SELECT `ID`,`BN_NAME`,`BN_URL`,`BN_TYPE`,`BN_TYPE_ID` FROM `mv_banner` WHERE ( IS_DEL=0 and BN_TYPE=1 )  [ RunTime:0.000096s ]

[ 2019-01-05T22:16:33+08:00 ] 123.161.216.108 /index.php/App/ipaddress?ip=123.161.216.108
INFO: [ app_begin ] --START--
INFO: Run Behavior\ReadHtmlCache [ RunTime:0.000693s ]
INFO: [ app_begin ] --END-- [ RunTime:0.001192s ]
NOTIC: [2] file_get_contents(http://ip.taobao.com/service/getIpInfo.php?ip=123.161.216.108): failed to open stream: Connection timed out /www/app/shiping/App/Home/Controller/AppController.class.php 第 309 行.

[ 2019-01-05T22:16:33+08:00 ] 123.161.216.108 /index.php/App/indexcont
INFO: [ app_begin ] --START--
INFO: Run Behavior\ReadHtmlCache [ RunTime:0.000667s ]
INFO: [ app_begin ] --END-- [ RunTime:0.001141s ]
SQL: SHOW COLUMNS FROM `mv_movies` [ RunTime:0.000962s ]
SQL: SELECT `ID`,`MV_NAME`,`MV_PHOTO_URL` FROM `mv_movies` WHERE ( MV_TYPE=1  and IS_DEL=0 and MV_STATUS=1 ) ORDER BY GMT_MODIFED desc LIMIT 2   [ RunTime:0.000088s ]
SQL: SELECT `ID`,`MV_NAME`,`MV_PHOTO_URL`,`MV_TIME`,`MV_TYPE` FROM `mv_movies` WHERE (  IS_DEL=0  and MV_STATUS=1 ) ORDER BY ID desc LIMIT 4   [ RunTime:0.000084s ]
SQL: SELECT `ID`,`MV_NAME`,`MV_PHOTO_URL`,`MV_TYPE` FROM `mv_movies` WHERE (  IS_DEL=0  and MV_STATUS=1 ) ORDER BY MV_PLAY_COUNT desc LIMIT 4   [ RunTime:0.000093s ]
SQL: SHOW COLUMNS FROM `mv_cartoon` [ RunTime:0.000822s ]
SQL: SELECT `ID`,`CT_NAME`,`CT_PHOTO_URL` FROM `mv_cartoon` WHERE (  IS_DEL=0 and CT_STATUS=1 ) ORDER BY ID desc LIMIT 4   [ RunTime:0.000080s ]

[ 2019-01-05T22:17:08+08:00 ] 123.161.216.108 /index.php/App/ipaddress?ip=123.161.216.108
INFO: [ app_begin ] --START--
INFO: Run Behavior\ReadHtmlCache [ RunTime:0.000695s ]
INFO: [ app_begin ] --END-- [ RunTime:0.001189s ]
NOTIC: [2] file_get_contents(http://ip.taobao.com/service/getIpInfo.php?ip=123.161.216.108): failed to open stream: Connection timed out /www/app/shiping/App/Home/Controller/AppController.class.php 第 309 行.

[ 2019-01-05T22:17:08+08:00 ] 123.161.216.108 /index.php/App/indexcont
INFO: [ app_begin ] --START--
INFO: Run Behavior\ReadHtmlCache [ RunTime:0.000658s ]
INFO: [ app_begin ] --END-- [ RunTime:0.001164s ]
SQL: SHOW COLUMNS FROM `mv_movies` [ RunTime:0.000967s ]
SQL: SELECT `ID`,`MV_NAME`,`MV_PHOTO_URL` FROM `mv_movies` WHERE ( MV_TYPE=1  and IS_DEL=0 and MV_STATUS=1 ) ORDER BY GMT_MODIFED desc LIMIT 2   [ RunTime:0.000087s ]
SQL: SELECT `ID`,`MV_NAME`,`MV_PHOTO_URL`,`MV_TIME`,`MV_TYPE` FROM `mv_movies` WHERE (  IS_DEL=0  and MV_STATUS=1 ) ORDER BY ID desc LIMIT 4   [ RunTime:0.000084s ]
SQL: SELECT `ID`,`MV_NAME`,`MV_PHOTO_URL`,`MV_TYPE` FROM `mv_movies` WHERE (  IS_DEL=0  and MV_STATUS=1 ) ORDER BY MV_PLAY_COUNT desc LIMIT 4   [ RunTime:0.000094s ]
SQL: SHOW COLUMNS FROM `mv_cartoon` [ RunTime:0.000807s ]
SQL: SELECT `ID`,`CT_NAME`,`CT_PHOTO_URL` FROM `mv_cartoon` WHERE (  IS_DEL=0 and CT_STATUS=1 ) ORDER BY ID desc LIMIT 4   [ RunTime:0.000082s ]

[ 2019-01-05T22:21:02+08:00 ] 117.136.104.235 /index.php/App/indexcont
INFO: [ app_begin ] --START--
INFO: Run Behavior\ReadHtmlCache [ RunTime:0.000675s ]
INFO: [ app_begin ] --END-- [ RunTime:0.001190s ]
SQL: SHOW COLUMNS FROM `mv_movies` [ RunTime:0.000934s ]
SQL: SELECT `ID`,`MV_NAME`,`MV_PHOTO_URL` FROM `mv_movies` WHERE ( MV_TYPE=1  and IS_DEL=0 and MV_STATUS=1 ) ORDER BY GMT_MODIFED desc LIMIT 2   [ RunTime:0.000096s ]
SQL: SELECT `ID`,`MV_NAME`,`MV_PHOTO_URL`,`MV_TIME`,`MV_TYPE` FROM `mv_movies` WHERE (  IS_DEL=0  and MV_STATUS=1 ) ORDER BY ID desc LIMIT 4   [ RunTime:0.000117s ]
SQL: SELECT `ID`,`MV_NAME`,`MV_PHOTO_URL`,`MV_TYPE` FROM `mv_movies` WHERE (  IS_DEL=0  and MV_STATUS=1 ) ORDER BY MV_PLAY_COUNT desc LIMIT 4   [ RunTime:0.000098s ]
SQL: SHOW COLUMNS FROM `mv_cartoon` [ RunTime:0.000680s ]
SQL: SELECT `ID`,`CT_NAME`,`CT_PHOTO_URL` FROM `mv_cartoon` WHERE (  IS_DEL=0 and CT_STATUS=1 ) ORDER BY ID desc LIMIT 4   [ RunTime:0.000072s ]

[ 2019-01-05T22:21:02+08:00 ] 117.136.104.235 /index.php/App/banner?type=1
INFO: [ app_begin ] --START--
INFO: Run Behavior\ReadHtmlCache [ RunTime:0.000970s ]
INFO: [ app_begin ] --END-- [ RunTime:0.001625s ]
SQL: SHOW COLUMNS FROM `mv_banner` [ RunTime:0.000819s ]
SQL: SELECT `ID`,`BN_NAME`,`BN_URL`,`BN_TYPE`,`BN_TYPE_ID` FROM `mv_banner` WHERE ( IS_DEL=0 and BN_TYPE=1 )  [ RunTime:0.000096s ]

[ 2019-01-05T22:21:22+08:00 ] 117.136.104.235 /index.php/App/ipaddress?ip=117.136.104.235
INFO: [ app_begin ] --START--
INFO: Run Behavior\ReadHtmlCache [ RunTime:0.000589s ]
INFO: [ app_begin ] --END-- [ RunTime:0.001044s ]

[ 2019-01-05T22:21:22+08:00 ] 117.136.104.235 /index.php/App/classall
INFO: [ app_begin ] --START--
INFO: Run Behavior\ReadHtmlCache [ RunTime:0.000626s ]
INFO: [ app_begin ] --END-- [ RunTime:0.001075s ]
SQL: SHOW COLUMNS FROM `mv_class` [ RunTime:0.000833s ]
SQL: SELECT * FROM `mv_class` WHERE ( IS_DEL=0 and CL_TYPE!=0 and ID!=1 ) ORDER BY ID asc  [ RunTime:0.000098s ]

[ 2019-01-05T22:21:22+08:00 ] 117.136.104.235 /index.php/App/classall
INFO: [ app_begin ] --START--
INFO: Run Behavior\ReadHtmlCache [ RunTime:0.000651s ]
INFO: [ app_begin ] --END-- [ RunTime:0.001142s ]
SQL: SHOW COLUMNS FROM `mv_class` [ RunTime:0.000870s ]
SQL: SELECT * FROM `mv_class` WHERE ( IS_DEL=0 and CL_TYPE!=0 and ID!=1 ) ORDER BY ID asc  [ RunTime:0.000111s ]

[ 2019-01-05T22:22:27+08:00 ] 117.136.104.235 /index.php/App/ipaddress?ip=117.136.104.235
INFO: [ app_begin ] --START--
INFO: Run Behavior\ReadHtmlCache [ RunTime:0.000671s ]
INFO: [ app_begin ] --END-- [ RunTime:0.001174s ]
NOTIC: [2] file_get_contents(http://ip.taobao.com/service/getIpInfo.php?ip=117.136.104.235): failed to open stream: Connection timed out /www/app/shiping/App/Home/Controller/AppController.class.php 第 309 行.

[ 2019-01-05T22:22:27+08:00 ] 117.136.104.235 /index.php/App/banner?type=1
INFO: [ app_begin ] --START--
INFO: Run Behavior\ReadHtmlCache [ RunTime:0.000646s ]
INFO: [ app_begin ] --END-- [ RunTime:0.001111s ]
SQL: SHOW COLUMNS FROM `mv_banner` [ RunTime:0.000902s ]
SQL: SELECT `ID`,`BN_NAME`,`BN_URL`,`BN_TYPE`,`BN_TYPE_ID` FROM `mv_banner` WHERE ( IS_DEL=0 and BN_TYPE=1 )  [ RunTime:0.000107s ]

[ 2019-01-05T22:22:27+08:00 ] 117.136.104.235 /index.php/App/indexcont
INFO: [ app_begin ] --START--
INFO: Run Behavior\ReadHtmlCache [ RunTime:0.000625s ]
INFO: [ app_begin ] --END-- [ RunTime:0.001092s ]
SQL: SHOW COLUMNS FROM `mv_movies` [ RunTime:0.000972s ]
SQL: SELECT `ID`,`MV_NAME`,`MV_PHOTO_URL` FROM `mv_movies` WHERE ( MV_TYPE=1  and IS_DEL=0 and MV_STATUS=1 ) ORDER BY GMT_MODIFED desc LIMIT 2   [ RunTime:0.000105s ]
SQL: SELECT `ID`,`MV_NAME`,`MV_PHOTO_URL`,`MV_TIME`,`MV_TYPE` FROM `mv_movies` WHERE (  IS_DEL=0  and MV_STATUS=1 ) ORDER BY ID desc LIMIT 4   [ RunTime:0.000099s ]
SQL: SELECT `ID`,`MV_NAME`,`MV_PHOTO_URL`,`MV_TYPE` FROM `mv_movies` WHERE (  IS_DEL=0  and MV_STATUS=1 ) ORDER BY MV_PLAY_COUNT desc LIMIT 4   [ RunTime:0.000139s ]
SQL: SHOW COLUMNS FROM `mv_cartoon` [ RunTime:0.000833s ]
SQL: SELECT `ID`,`CT_NAME`,`CT_PHOTO_URL` FROM `mv_cartoon` WHERE (  IS_DEL=0 and CT_STATUS=1 ) ORDER BY ID desc LIMIT 4   [ RunTime:0.000083s ]

[ 2019-01-05T22:22:27+08:00 ] 117.136.104.235 /index.php/App/banner?type=1
INFO: [ app_begin ] --START--
INFO: Run Behavior\ReadHtmlCache [ RunTime:0.000669s ]
INFO: [ app_begin ] --END-- [ RunTime:0.001167s ]
SQL: SHOW COLUMNS FROM `mv_banner` [ RunTime:0.000765s ]
SQL: SELECT `ID`,`BN_NAME`,`BN_URL`,`BN_TYPE`,`BN_TYPE_ID` FROM `mv_banner` WHERE ( IS_DEL=0 and BN_TYPE=1 )  [ RunTime:0.000092s ]

[ 2019-01-05T22:22:27+08:00 ] 117.136.104.235 /index.php/App/banner?type=1
INFO: [ app_begin ] --START--
INFO: Run Behavior\ReadHtmlCache [ RunTime:0.000613s ]
INFO: [ app_begin ] --END-- [ RunTime:0.001069s ]
SQL: SHOW COLUMNS FROM `mv_banner` [ RunTime:0.000847s ]
SQL: SELECT `ID`,`BN_NAME`,`BN_URL`,`BN_TYPE`,`BN_TYPE_ID` FROM `mv_banner` WHERE ( IS_DEL=0 and BN_TYPE=1 )  [ RunTime:0.000147s ]

[ 2019-01-05T22:22:32+08:00 ] 117.136.104.235 /index.php/App/ipaddress?ip=117.136.104.235
INFO: [ app_begin ] --START--
INFO: Run Behavior\ReadHtmlCache [ RunTime:0.000666s ]
INFO: [ app_begin ] --END-- [ RunTime:0.001140s ]

[ 2019-01-05T22:23:09+08:00 ] 117.136.104.235 /index.php/App/indexcont
INFO: [ app_begin ] --START--
INFO: Run Behavior\ReadHtmlCache [ RunTime:0.000641s ]
INFO: [ app_begin ] --END-- [ RunTime:0.001126s ]
SQL: SHOW COLUMNS FROM `mv_movies` [ RunTime:0.000898s ]
SQL: SELECT `ID`,`MV_NAME`,`MV_PHOTO_URL` FROM `mv_movies` WHERE ( MV_TYPE=1  and IS_DEL=0 and MV_STATUS=1 ) ORDER BY GMT_MODIFED desc LIMIT 2   [ RunTime:0.000090s ]
SQL: SELECT `ID`,`MV_NAME`,`MV_PHOTO_URL`,`MV_TIME`,`MV_TYPE` FROM `mv_movies` WHERE (  IS_DEL=0  and MV_STATUS=1 ) ORDER BY ID desc LIMIT 4   [ RunTime:0.000094s ]
SQL: SELECT `ID`,`MV_NAME`,`MV_PHOTO_URL`,`MV_TYPE` FROM `mv_movies` WHERE (  IS_DEL=0  and MV_STATUS=1 ) ORDER BY MV_PLAY_COUNT desc LIMIT 4   [ RunTime:0.000071s ]
SQL: SHOW COLUMNS FROM `mv_cartoon` [ RunTime:0.000644s ]
SQL: SELECT `ID`,`CT_NAME`,`CT_PHOTO_URL` FROM `mv_cartoon` WHERE (  IS_DEL=0 and CT_STATUS=1 ) ORDER BY ID desc LIMIT 4   [ RunTime:0.000074s ]

[ 2019-01-05T22:23:09+08:00 ] 123.161.216.108 /index.php/App/banner?type=1
INFO: [ app_begin ] --START--
INFO: Run Behavior\ReadHtmlCache [ RunTime:0.000638s ]
INFO: [ app_begin ] --END-- [ RunTime:0.001087s ]
SQL: SHOW COLUMNS FROM `mv_banner` [ RunTime:0.000857s ]
SQL: SELECT `ID`,`BN_NAME`,`BN_URL`,`BN_TYPE`,`BN_TYPE_ID` FROM `mv_banner` WHERE ( IS_DEL=0 and BN_TYPE=1 )  [ RunTime:0.000102s ]

[ 2019-01-05T22:23:10+08:00 ] 123.161.216.108 /index.php/App/ipaddress?ip=123.161.216.108
INFO: [ app_begin ] --START--
INFO: Run Behavior\ReadHtmlCache [ RunTime:0.000613s ]
INFO: [ app_begin ] --END-- [ RunTime:0.001054s ]

[ 2019-01-05T22:23:11+08:00 ] 123.161.216.108 /index.php/App/ipaddress?ip=123.161.216.108
INFO: [ app_begin ] --START--
INFO: Run Behavior\ReadHtmlCache [ RunTime:0.000620s ]
INFO: [ app_begin ] --END-- [ RunTime:0.001081s ]
NOTIC: [2] file_get_contents(http://ip.taobao.com/service/getIpInfo.php?ip=123.161.216.108): failed to open stream: HTTP request failed! HTTP/1.1 502 Bad Gateway
 /www/app/shiping/App/Home/Controller/AppController.class.php 第 309 行.

[ 2019-01-05T22:23:11+08:00 ] 123.161.216.108 /index.php/App/indexcont
INFO: [ app_begin ] --START--
INFO: Run Behavior\ReadHtmlCache [ RunTime:0.000603s ]
INFO: [ app_begin ] --END-- [ RunTime:0.001034s ]
SQL: SHOW COLUMNS FROM `mv_movies` [ RunTime:0.000975s ]
SQL: SELECT `ID`,`MV_NAME`,`MV_PHOTO_URL` FROM `mv_movies` WHERE ( MV_TYPE=1  and IS_DEL=0 and MV_STATUS=1 ) ORDER BY GMT_MODIFED desc LIMIT 2   [ RunTime:0.000099s ]
SQL: SELECT `ID`,`MV_NAME`,`MV_PHOTO_URL`,`MV_TIME`,`MV_TYPE` FROM `mv_movies` WHERE (  IS_DEL=0  and MV_STATUS=1 ) ORDER BY ID desc LIMIT 4   [ RunTime:0.000078s ]
SQL: SELECT `ID`,`MV_NAME`,`MV_PHOTO_URL`,`MV_TYPE` FROM `mv_movies` WHERE (  IS_DEL=0  and MV_STATUS=1 ) ORDER BY MV_PLAY_COUNT desc LIMIT 4   [ RunTime:0.000094s ]
SQL: SHOW COLUMNS FROM `mv_cartoon` [ RunTime:0.000810s ]
SQL: SELECT `ID`,`CT_NAME`,`CT_PHOTO_URL` FROM `mv_cartoon` WHERE (  IS_DEL=0 and CT_STATUS=1 ) ORDER BY ID desc LIMIT 4   [ RunTime:0.000095s ]

[ 2019-01-05T22:23:11+08:00 ] 117.136.104.235 /index.php/App/indexcont
INFO: [ app_begin ] --START--
INFO: Run Behavior\ReadHtmlCache [ RunTime:0.000626s ]
INFO: [ app_begin ] --END-- [ RunTime:0.001077s ]
SQL: SHOW COLUMNS FROM `mv_movies` [ RunTime:0.000944s ]
SQL: SELECT `ID`,`MV_NAME`,`MV_PHOTO_URL` FROM `mv_movies` WHERE ( MV_TYPE=1  and IS_DEL=0 and MV_STATUS=1 ) ORDER BY GMT_MODIFED desc LIMIT 2   [ RunTime:0.000115s ]
SQL: SELECT `ID`,`MV_NAME`,`MV_PHOTO_URL`,`MV_TIME`,`MV_TYPE` FROM `mv_movies` WHERE (  IS_DEL=0  and MV_STATUS=1 ) ORDER BY ID desc LIMIT 4   [ RunTime:0.000109s ]
SQL: SELECT `ID`,`MV_NAME`,`MV_PHOTO_URL`,`MV_TYPE` FROM `mv_movies` WHERE (  IS_DEL=0  and MV_STATUS=1 ) ORDER BY MV_PLAY_COUNT desc LIMIT 4   [ RunTime:0.000079s ]
SQL: SHOW COLUMNS FROM `mv_cartoon` [ RunTime:0.000791s ]
SQL: SELECT `ID`,`CT_NAME`,`CT_PHOTO_URL` FROM `mv_cartoon` WHERE (  IS_DEL=0 and CT_STATUS=1 ) ORDER BY ID desc LIMIT 4   [ RunTime:0.000108s ]

[ 2019-01-05T22:23:11+08:00 ] 123.161.216.108 /index.php/App/banner?type=1
INFO: [ app_begin ] --START--
INFO: Run Behavior\ReadHtmlCache [ RunTime:0.000593s ]
INFO: [ app_begin ] --END-- [ RunTime:0.001031s ]
SQL: SHOW COLUMNS FROM `mv_banner` [ RunTime:0.000888s ]
SQL: SELECT `ID`,`BN_NAME`,`BN_URL`,`BN_TYPE`,`BN_TYPE_ID` FROM `mv_banner` WHERE ( IS_DEL=0 and BN_TYPE=1 )  [ RunTime:0.000109s ]

[ 2019-01-05T22:23:27+08:00 ] 117.136.104.235 /index.php/App/ipaddress?ip=117.136.104.235
INFO: [ app_begin ] --START--
INFO: Run Behavior\ReadHtmlCache [ RunTime:0.000653s ]
INFO: [ app_begin ] --END-- [ RunTime:0.001151s ]

[ 2019-01-05T22:23:27+08:00 ] 123.161.216.108 /index.php/App/indexcont
INFO: [ app_begin ] --START--
INFO: Run Behavior\ReadHtmlCache [ RunTime:0.000568s ]
INFO: [ app_begin ] --END-- [ RunTime:0.000979s ]
SQL: SHOW COLUMNS FROM `mv_movies` [ RunTime:0.000884s ]
SQL: SELECT `ID`,`MV_NAME`,`MV_PHOTO_URL` FROM `mv_movies` WHERE ( MV_TYPE=1  and IS_DEL=0 and MV_STATUS=1 ) ORDER BY GMT_MODIFED desc LIMIT 2   [ RunTime:0.000097s ]
SQL: SELECT `ID`,`MV_NAME`,`MV_PHOTO_URL`,`MV_TIME`,`MV_TYPE` FROM `mv_movies` WHERE (  IS_DEL=0  and MV_STATUS=1 ) ORDER BY ID desc LIMIT 4   [ RunTime:0.000085s ]
SQL: SELECT `ID`,`MV_NAME`,`MV_PHOTO_URL`,`MV_TYPE` FROM `mv_movies` WHERE (  IS_DEL=0  and MV_STATUS=1 ) ORDER BY MV_PLAY_COUNT desc LIMIT 4   [ RunTime:0.000091s ]
SQL: SHOW COLUMNS FROM `mv_cartoon` [ RunTime:0.000686s ]
SQL: SELECT `ID`,`CT_NAME`,`CT_PHOTO_URL` FROM `mv_cartoon` WHERE (  IS_DEL=0 and CT_STATUS=1 ) ORDER BY ID desc LIMIT 4   [ RunTime:0.000076s ]

[ 2019-01-05T22:23:27+08:00 ] 123.161.216.108 /index.php/App/classall
INFO: [ app_begin ] --START--
INFO: Run Behavior\ReadHtmlCache [ RunTime:0.000670s ]
INFO: [ app_begin ] --END-- [ RunTime:0.001161s ]
SQL: SHOW COLUMNS FROM `mv_class` [ RunTime:0.000897s ]
SQL: SELECT * FROM `mv_class` WHERE ( IS_DEL=0 and CL_TYPE!=0 and ID!=1 ) ORDER BY ID asc  [ RunTime:0.000106s ]

[ 2019-01-05T22:23:27+08:00 ] 123.161.216.108 /index.php/App/banner?type=1
INFO: [ app_begin ] --START--
INFO: Run Behavior\ReadHtmlCache [ RunTime:0.000652s ]
INFO: [ app_begin ] --END-- [ RunTime:0.001122s ]
SQL: SHOW COLUMNS FROM `mv_banner` [ RunTime:0.000839s ]
SQL: SELECT `ID`,`BN_NAME`,`BN_URL`,`BN_TYPE`,`BN_TYPE_ID` FROM `mv_banner` WHERE ( IS_DEL=0 and BN_TYPE=1 )  [ RunTime:0.000103s ]

[ 2019-01-05T22:23:28+08:00 ] 117.136.104.235 /index.php/App/ipaddress?ip=117.136.104.235
INFO: [ app_begin ] --START--
INFO: Run Behavior\ReadHtmlCache [ RunTime:0.000665s ]
INFO: [ app_begin ] --END-- [ RunTime:0.001179s ]

[ 2019-01-05T22:23:28+08:00 ] 123.161.216.108 /index.php/App/indexcont
INFO: [ app_begin ] --START--
INFO: Run Behavior\ReadHtmlCache [ RunTime:0.000681s ]
INFO: [ app_begin ] --END-- [ RunTime:0.001167s ]
SQL: SHOW COLUMNS FROM `mv_movies` [ RunTime:0.000957s ]
SQL: SELECT `ID`,`MV_NAME`,`MV_PHOTO_URL` FROM `mv_movies` WHERE ( MV_TYPE=1  and IS_DEL=0 and MV_STATUS=1 ) ORDER BY GMT_MODIFED desc LIMIT 2   [ RunTime:0.000100s ]
SQL: SELECT `ID`,`MV_NAME`,`MV_PHOTO_URL`,`MV_TIME`,`MV_TYPE` FROM `mv_movies` WHERE (  IS_DEL=0  and MV_STATUS=1 ) ORDER BY ID desc LIMIT 4   [ RunTime:0.000082s ]
SQL: SELECT `ID`,`MV_NAME`,`MV_PHOTO_URL`,`MV_TYPE` FROM `mv_movies` WHERE (  IS_DEL=0  and MV_STATUS=1 ) ORDER BY MV_PLAY_COUNT desc LIMIT 4   [ RunTime:0.000074s ]
SQL: SHOW COLUMNS FROM `mv_cartoon` [ RunTime:0.000764s ]
SQL: SELECT `ID`,`CT_NAME`,`CT_PHOTO_URL` FROM `mv_cartoon` WHERE (  IS_DEL=0 and CT_STATUS=1 ) ORDER BY ID desc LIMIT 4   [ RunTime:0.000077s ]

[ 2019-01-05T22:23:43+08:00 ] 123.161.216.108 /index.php/App/ipaddress?ip=123.161.216.108
INFO: [ app_begin ] --START--
INFO: Run Behavior\ReadHtmlCache [ RunTime:0.000658s ]
INFO: [ app_begin ] --END-- [ RunTime:0.001149s ]

[ 2019-01-05T22:23:43+08:00 ] 123.161.216.108 /index.php/App/moviedec?id=1&cn=1
INFO: [ app_begin ] --START--
INFO: Run Behavior\ReadHtmlCache [ RunTime:0.000679s ]
INFO: [ app_begin ] --END-- [ RunTime:0.001169s ]
NOTIC: [8] Undefined index: uid /www/app/shiping/App/Home/Controller/AppController.class.php 第 339 行.
SQL: SHOW COLUMNS FROM `mv_movies` [ RunTime:0.000984s ]
SQL: SELECT `ID`,`MV_NAME`,`MV_PHOTO_URL`,`MV_HURL`,`MV_WURL`,`MV_SHURL`,`MV_WHURL`,`MV_TIME`,`MV_PLAY_COUNT`,`MV_TYPE`,`MV_PHYLETIC`,`MV_CONTENT`,`MV_CATEGORY` FROM `mv_movies` WHERE ( `ID` = 1 ) LIMIT 1   [ RunTime:0.000326s ]
SQL: UPDATE `mv_movies` SET `MV_PLAY_COUNT`=MV_PLAY_COUNT+1 WHERE ( ID=1 ) [ RunTime:0.000770s ]
SQL: SELECT `ID`,`MV_NAME`,`MV_PHOTO_URL` FROM `mv_movies` WHERE (  IS_DEL=0 and MV_STATUS=1 ) ORDER BY MV_PLAY_COUNT desc LIMIT 4   [ RunTime:0.000325s ]
SQL: SHOW COLUMNS FROM `mv_comment` [ RunTime:0.000828s ]
SQL: SELECT COUNT(*) AS tp_count FROM `mv_comment` WHERE ( CM_TYPE=1 and CM_TYPE_ID=1 and IS_DEL=0 ) LIMIT 1   [ RunTime:0.000120s ]

[ 2019-01-05T22:23:44+08:00 ] 123.161.216.108 /index.php/App/commentlist?id=1&pagesize=10&pageindex=0&type=1
INFO: [ app_begin ] --START--
INFO: Run Behavior\ReadHtmlCache [ RunTime:0.000701s ]
INFO: [ app_begin ] --END-- [ RunTime:0.001199s ]
SQL: SHOW COLUMNS FROM `mv_comment` [ RunTime:0.000893s ]
SQL: SELECT `ID`,`CM_USER_ID`,`CM_USERNAME`,`CM_HEADIMG`,`CM_STAR`,`CM_CONTENT`,`GMT_CREATE` FROM `mv_comment` WHERE ( CM_TYPE=1 and CM_TYPE_ID=1 and IS_DEL=0 ) ORDER BY ID desc LIMIT 0,10   [ RunTime:0.000101s ]

[ 2019-01-05T22:24:03+08:00 ] 123.161.216.108 /index.php/App/commentlist?id=1&pagesize=10&pageindex=0&type=1
INFO: [ app_begin ] --START--
INFO: Run Behavior\ReadHtmlCache [ RunTime:0.000664s ]
INFO: [ app_begin ] --END-- [ RunTime:0.001174s ]
SQL: SHOW COLUMNS FROM `mv_comment` [ RunTime:0.001052s ]
SQL: SELECT `ID`,`CM_USER_ID`,`CM_USERNAME`,`CM_HEADIMG`,`CM_STAR`,`CM_CONTENT`,`GMT_CREATE` FROM `mv_comment` WHERE ( CM_TYPE=1 and CM_TYPE_ID=1 and IS_DEL=0 ) ORDER BY ID desc LIMIT 0,10   [ RunTime:0.000103s ]

[ 2019-01-05T22:24:26+08:00 ] 123.161.216.108 /index.php/App/ipaddress?ip=123.161.216.108
INFO: [ app_begin ] --START--
INFO: Run Behavior\ReadHtmlCache [ RunTime:0.000646s ]
INFO: [ app_begin ] --END-- [ RunTime:0.001133s ]

[ 2019-01-05T22:24:26+08:00 ] 123.161.216.108 /index.php/App/jingmovie?pagesize=10&pageindex=0
INFO: [ app_begin ] --START--
INFO: Run Behavior\ReadHtmlCache [ RunTime:0.000675s ]
INFO: [ app_begin ] --END-- [ RunTime:0.001163s ]
SQL: SHOW COLUMNS FROM `mv_movies` [ RunTime:0.000930s ]
SQL: SELECT `ID`,`MV_NAME`,`MV_PHOTO_URL`,`MV_TYPE` FROM `mv_movies` WHERE (  IS_DEL=0 and MV_PHYLETIC=2 and MV_STATUS=1 ) ORDER BY ID desc LIMIT 0,10   [ RunTime:0.000370s ]
NOTIC: [8] Undefined index: uid /www/app/shiping/App/Home/Controller/AppController.class.php 第 261 行.
NOTIC: [8] Undefined index: token /www/app/shiping/App/Home/Controller/AppController.class.php 第 262 行.

[ 2019-01-05T22:24:36+08:00 ] 123.161.216.108 /index.php/App/jingmovie?pagesize=10&pageindex=1
INFO: [ app_begin ] --START--
INFO: Run Behavior\ReadHtmlCache [ RunTime:0.000650s ]
INFO: [ app_begin ] --END-- [ RunTime:0.001137s ]
SQL: SHOW COLUMNS FROM `mv_movies` [ RunTime:0.000960s ]
SQL: SELECT `ID`,`MV_NAME`,`MV_PHOTO_URL`,`MV_TYPE` FROM `mv_movies` WHERE (  IS_DEL=0 and MV_PHYLETIC=2 and MV_STATUS=1 ) ORDER BY ID desc LIMIT 10,10   [ RunTime:0.000340s ]

[ 2019-01-05T22:24:38+08:00 ] 123.161.216.108 /index.php/App/jingmovie?pagesize=10&pageindex=0
INFO: [ app_begin ] --START--
INFO: Run Behavior\ReadHtmlCache [ RunTime:0.000580s ]
INFO: [ app_begin ] --END-- [ RunTime:0.001016s ]
SQL: SHOW COLUMNS FROM `mv_movies` [ RunTime:0.000953s ]
SQL: SELECT `ID`,`MV_NAME`,`MV_PHOTO_URL`,`MV_TYPE` FROM `mv_movies` WHERE (  IS_DEL=0 and MV_PHYLETIC=2 and MV_STATUS=1 ) ORDER BY ID desc LIMIT 0,10   [ RunTime:0.000120s ]
NOTIC: [8] Undefined index: uid /www/app/shiping/App/Home/Controller/AppController.class.php 第 261 行.
NOTIC: [8] Undefined index: token /www/app/shiping/App/Home/Controller/AppController.class.php 第 262 行.

[ 2019-01-05T22:25:18+08:00 ] 123.161.216.108 /index.php/App/banner?type=3
INFO: [ app_begin ] --START--
INFO: Run Behavior\ReadHtmlCache [ RunTime:0.000650s ]
INFO: [ app_begin ] --END-- [ RunTime:0.001145s ]
SQL: SHOW COLUMNS FROM `mv_banner` [ RunTime:0.000737s ]
SQL: SELECT `ID`,`BN_NAME`,`BN_URL`,`BN_TYPE`,`BN_TYPE_ID` FROM `mv_banner` WHERE ( IS_DEL=0 and BN_TYPE=3 )  [ RunTime:0.000086s ]

[ 2019-01-05T22:25:18+08:00 ] 123.161.216.108 /index.php/App/hotmovie?pagesize=10&pageindex=0
INFO: [ app_begin ] --START--
INFO: Run Behavior\ReadHtmlCache [ RunTime:0.000670s ]
INFO: [ app_begin ] --END-- [ RunTime:0.001150s ]
SQL: SHOW COLUMNS FROM `mv_movies` [ RunTime:0.001071s ]
SQL: SELECT `ID`,`MV_NAME`,`MV_PHOTO_URL`,`MV_TIME`,`MV_TYPE` FROM `mv_movies` WHERE (  IS_DEL=0 and MV_PHYLETIC=3 and MV_STATUS=1 ) ORDER BY ID desc LIMIT 0,10   [ RunTime:0.000402s ]

[ 2019-01-05T22:25:20+08:00 ] 123.161.216.108 /index.php/App/banner?type=4
INFO: [ app_begin ] --START--
INFO: Run Behavior\ReadHtmlCache [ RunTime:0.000620s ]
INFO: [ app_begin ] --END-- [ RunTime:0.001071s ]
SQL: SHOW COLUMNS FROM `mv_banner` [ RunTime:0.000832s ]
SQL: SELECT `ID`,`BN_NAME`,`BN_URL`,`BN_TYPE`,`BN_TYPE_ID` FROM `mv_banner` WHERE ( IS_DEL=0 and BN_TYPE=4 )  [ RunTime:0.000085s ]

[ 2019-01-05T22:25:20+08:00 ] 123.161.216.108 /index.php/App/jingcartoon?pagesize=10&pageindex=0
INFO: [ app_begin ] --START--
INFO: Run Behavior\ReadHtmlCache [ RunTime:0.000599s ]
INFO: [ app_begin ] --END-- [ RunTime:0.001032s ]
SQL: SHOW COLUMNS FROM `mv_cartoon` [ RunTime:0.000848s ]
SQL: SELECT `ID`,`CT_NAME`,`CT_PHOTO_URL` FROM `mv_cartoon` WHERE (  IS_DEL=0 and CT_STATUS=1 ) ORDER BY ID desc LIMIT 0,10   [ RunTime:0.000073s ]

[ 2019-01-05T22:25:23+08:00 ] 123.161.216.108 /index.php/App/cartoondec?id=2
INFO: [ app_begin ] --START--
INFO: Run Behavior\ReadHtmlCache [ RunTime:0.000655s ]
INFO: [ app_begin ] --END-- [ RunTime:0.001158s ]
SQL: SHOW COLUMNS FROM `mv_cartoon` [ RunTime:0.000908s ]
SQL: SELECT `ID`,`CT_NAME`,`CT_PHOTO_URL`,`CT_CONTENT`,`CT_AUTHOR`,`CT_TYPE`,`CT_CATEGORY`,`CT_COUNT` FROM `mv_cartoon` WHERE ( `ID` = 2 ) LIMIT 1   [ RunTime:0.000107s ]
SQL: SHOW COLUMNS FROM `mv_comment` [ RunTime:0.000764s ]
SQL: SELECT COUNT(*) AS tp_count FROM `mv_comment` WHERE ( CM_TYPE=2 and CM_TYPE_ID=2 and IS_DEL=0 ) LIMIT 1   [ RunTime:0.000093s ]
NOTIC: [8] Undefined index: uid /www/app/shiping/App/Home/Controller/AppController.class.php 第 542 行.

[ 2019-01-05T22:25:23+08:00 ] 123.161.216.108 /index.php/App/cardetial?id=2&pagesize=10&pageindex=0
INFO: [ app_begin ] --START--
INFO: Run Behavior\ReadHtmlCache [ RunTime:0.000658s ]
INFO: [ app_begin ] --END-- [ RunTime:0.001159s ]
SQL: SHOW COLUMNS FROM `mv_cartoon_detail` [ RunTime:0.000844s ]
SQL: SELECT `ID`,`CT_ID`,`CTD_TITLE`,`CTD_PHOTO_URL`,`CTD_TYPE` FROM `mv_cartoon_detail` WHERE (  IS_DEL=0 and CT_ID=2 ) ORDER BY ID asc LIMIT 0,10   [ RunTime:0.000099s ]

[ 2019-01-05T22:25:32+08:00 ] 123.161.216.108 /index.php/App/cardetial?id=2&pagesize=10&pageindex=1
INFO: [ app_begin ] --START--
INFO: Run Behavior\ReadHtmlCache [ RunTime:0.000666s ]
INFO: [ app_begin ] --END-- [ RunTime:0.001143s ]
SQL: SHOW COLUMNS FROM `mv_cartoon_detail` [ RunTime:0.000862s ]
SQL: SELECT `ID`,`CT_ID`,`CTD_TITLE`,`CTD_PHOTO_URL`,`CTD_TYPE` FROM `mv_cartoon_detail` WHERE (  IS_DEL=0 and CT_ID=2 ) ORDER BY ID asc LIMIT 10,10   [ RunTime:0.000079s ]

[ 2019-01-05T22:25:44+08:00 ] 123.161.216.108 /index.php/App/cartoondec?id=1
INFO: [ app_begin ] --START--
INFO: Run Behavior\ReadHtmlCache [ RunTime:0.000690s ]
INFO: [ app_begin ] --END-- [ RunTime:0.001185s ]
SQL: SHOW COLUMNS FROM `mv_cartoon` [ RunTime:0.000952s ]
SQL: SELECT `ID`,`CT_NAME`,`CT_PHOTO_URL`,`CT_CONTENT`,`CT_AUTHOR`,`CT_TYPE`,`CT_CATEGORY`,`CT_COUNT` FROM `mv_cartoon` WHERE ( `ID` = 1 ) LIMIT 1   [ RunTime:0.000111s ]
SQL: SHOW COLUMNS FROM `mv_comment` [ RunTime:0.000769s ]
SQL: SELECT COUNT(*) AS tp_count FROM `mv_comment` WHERE ( CM_TYPE=2 and CM_TYPE_ID=1 and IS_DEL=0 ) LIMIT 1   [ RunTime:0.000089s ]
NOTIC: [8] Undefined index: uid /www/app/shiping/App/Home/Controller/AppController.class.php 第 542 行.

[ 2019-01-05T22:25:44+08:00 ] 123.161.216.108 /index.php/App/cardetial?id=1&pagesize=10&pageindex=0
INFO: [ app_begin ] --START--
INFO: Run Behavior\ReadHtmlCache [ RunTime:0.000633s ]
INFO: [ app_begin ] --END-- [ RunTime:0.001111s ]
SQL: SHOW COLUMNS FROM `mv_cartoon_detail` [ RunTime:0.000865s ]
SQL: SELECT `ID`,`CT_ID`,`CTD_TITLE`,`CTD_PHOTO_URL`,`CTD_TYPE` FROM `mv_cartoon_detail` WHERE (  IS_DEL=0 and CT_ID=1 ) ORDER BY ID asc LIMIT 0,10   [ RunTime:0.000142s ]

[ 2019-01-05T22:25:46+08:00 ] 123.161.216.108 /index.php/App/cardetial?id=1&pagesize=10&pageindex=1
INFO: [ app_begin ] --START--
INFO: Run Behavior\ReadHtmlCache [ RunTime:0.000696s ]
INFO: [ app_begin ] --END-- [ RunTime:0.001206s ]
SQL: SHOW COLUMNS FROM `mv_cartoon_detail` [ RunTime:0.000918s ]
SQL: SELECT `ID`,`CT_ID`,`CTD_TITLE`,`CTD_PHOTO_URL`,`CTD_TYPE` FROM `mv_cartoon_detail` WHERE (  IS_DEL=0 and CT_ID=1 ) ORDER BY ID asc LIMIT 10,10   [ RunTime:0.000095s ]

[ 2019-01-05T23:37:30+08:00 ] 123.161.216.108 /index.php/App/banner?type=1
INFO: [ app_begin ] --START--
INFO: Run Behavior\ReadHtmlCache [ RunTime:0.000642s ]
INFO: [ app_begin ] --END-- [ RunTime:0.001127s ]
SQL: SHOW COLUMNS FROM `mv_banner` [ RunTime:0.000898s ]
SQL: SELECT `ID`,`BN_NAME`,`BN_URL`,`BN_TYPE`,`BN_TYPE_ID` FROM `mv_banner` WHERE ( IS_DEL=0 and BN_TYPE=1 )  [ RunTime:0.000106s ]

[ 2019-01-05T23:37:30+08:00 ] 123.161.216.108 /index.php/App/indexcont
INFO: [ app_begin ] --START--
INFO: Run Behavior\ReadHtmlCache [ RunTime:0.000576s ]
INFO: [ app_begin ] --END-- [ RunTime:0.000993s ]
SQL: SHOW COLUMNS FROM `mv_movies` [ RunTime:0.000930s ]
SQL: SELECT `ID`,`MV_NAME`,`MV_PHOTO_URL` FROM `mv_movies` WHERE ( MV_TYPE=1  and IS_DEL=0 and MV_STATUS=1 ) ORDER BY GMT_MODIFED desc LIMIT 2   [ RunTime:0.000372s ]
SQL: SELECT `ID`,`MV_NAME`,`MV_PHOTO_URL`,`MV_TIME`,`MV_TYPE` FROM `mv_movies` WHERE (  IS_DEL=0  and MV_STATUS=1 ) ORDER BY ID desc LIMIT 4   [ RunTime:0.000273s ]
SQL: SELECT `ID`,`MV_NAME`,`MV_PHOTO_URL`,`MV_TYPE` FROM `mv_movies` WHERE (  IS_DEL=0  and MV_STATUS=1 ) ORDER BY MV_PLAY_COUNT desc LIMIT 4   [ RunTime:0.000243s ]
SQL: SHOW COLUMNS FROM `mv_cartoon` [ RunTime:0.000799s ]
SQL: SELECT `ID`,`CT_NAME`,`CT_PHOTO_URL` FROM `mv_cartoon` WHERE (  IS_DEL=0 and CT_STATUS=1 ) ORDER BY ID desc LIMIT 4   [ RunTime:0.000099s ]

[ 2019-01-05T23:37:37+08:00 ] 123.161.216.108 /index.php/App/jingmovie?pagesize=10&pageindex=0
INFO: [ app_begin ] --START--
INFO: Run Behavior\ReadHtmlCache [ RunTime:0.000671s ]
INFO: [ app_begin ] --END-- [ RunTime:0.001154s ]
SQL: SHOW COLUMNS FROM `mv_movies` [ RunTime:0.000993s ]
SQL: SELECT `ID`,`MV_NAME`,`MV_PHOTO_URL`,`MV_TYPE` FROM `mv_movies` WHERE (  IS_DEL=0 and MV_PHYLETIC=2 and MV_STATUS=1 ) ORDER BY ID desc LIMIT 0,10   [ RunTime:0.000137s ]
NOTIC: [8] Undefined index: uid /www/app/shiping/App/Home/Controller/AppController.class.php 第 261 行.
NOTIC: [8] Undefined index: token /www/app/shiping/App/Home/Controller/AppController.class.php 第 262 行.

[ 2019-01-05T23:37:43+08:00 ] 123.161.216.108 /index.php/App/moviedec?id=8&cn=1
INFO: [ app_begin ] --START--
INFO: Run Behavior\ReadHtmlCache [ RunTime:0.000671s ]
INFO: [ app_begin ] --END-- [ RunTime:0.001155s ]
NOTIC: [8] Undefined index: uid /www/app/shiping/App/Home/Controller/AppController.class.php 第 339 行.
SQL: SHOW COLUMNS FROM `mv_movies` [ RunTime:0.000878s ]
SQL: SELECT `ID`,`MV_NAME`,`MV_PHOTO_URL`,`MV_HURL`,`MV_WURL`,`MV_SHURL`,`MV_WHURL`,`MV_TIME`,`MV_PLAY_COUNT`,`MV_TYPE`,`MV_PHYLETIC`,`MV_CONTENT`,`MV_CATEGORY` FROM `mv_movies` WHERE ( `ID` = 8 ) LIMIT 1   [ RunTime:0.000284s ]
SQL: UPDATE `mv_movies` SET `MV_PLAY_COUNT`=MV_PLAY_COUNT+1 WHERE ( ID=8 ) [ RunTime:0.000715s ]
SQL: SELECT `ID`,`MV_NAME`,`MV_PHOTO_URL` FROM `mv_movies` WHERE (  IS_DEL=0 and MV_STATUS=1 ) ORDER BY MV_PLAY_COUNT desc LIMIT 4   [ RunTime:0.000266s ]
SQL: SHOW COLUMNS FROM `mv_comment` [ RunTime:0.000682s ]
SQL: SELECT COUNT(*) AS tp_count FROM `mv_comment` WHERE ( CM_TYPE=1 and CM_TYPE_ID=8 and IS_DEL=0 ) LIMIT 1   [ RunTime:0.000080s ]

[ 2019-01-05T23:37:43+08:00 ] 123.161.216.108 /index.php/App/commentlist?id=8&pagesize=10&pageindex=0&type=1
INFO: [ app_begin ] --START--
INFO: Run Behavior\ReadHtmlCache [ RunTime:0.000667s ]
INFO: [ app_begin ] --END-- [ RunTime:0.001149s ]
SQL: SHOW COLUMNS FROM `mv_comment` [ RunTime:0.000851s ]
SQL: SELECT `ID`,`CM_USER_ID`,`CM_USERNAME`,`CM_HEADIMG`,`CM_STAR`,`CM_CONTENT`,`GMT_CREATE` FROM `mv_comment` WHERE ( CM_TYPE=1 and CM_TYPE_ID=8 and IS_DEL=0 ) ORDER BY ID desc LIMIT 0,10   [ RunTime:0.000084s ]

[ 2019-01-05T23:37:50+08:00 ] 123.161.216.108 /index.php/App/ipaddress?ip=123.161.216.108
INFO: [ app_begin ] --START--
INFO: Run Behavior\ReadHtmlCache [ RunTime:0.000665s ]
INFO: [ app_begin ] --END-- [ RunTime:0.001170s ]

[ 2019-01-05T23:37:54+08:00 ] 123.161.216.108 /index.php/App/banner?type=3
INFO: [ app_begin ] --START--
INFO: Run Behavior\ReadHtmlCache [ RunTime:0.000688s ]
INFO: [ app_begin ] --END-- [ RunTime:0.001177s ]
SQL: SHOW COLUMNS FROM `mv_banner` [ RunTime:0.000906s ]
SQL: SELECT `ID`,`BN_NAME`,`BN_URL`,`BN_TYPE`,`BN_TYPE_ID` FROM `mv_banner` WHERE ( IS_DEL=0 and BN_TYPE=3 )  [ RunTime:0.000105s ]

[ 2019-01-05T23:37:54+08:00 ] 123.161.216.108 /index.php/App/hotmovie?pagesize=10&pageindex=0
INFO: [ app_begin ] --START--
INFO: Run Behavior\ReadHtmlCache [ RunTime:0.000666s ]
INFO: [ app_begin ] --END-- [ RunTime:0.001142s ]
SQL: SHOW COLUMNS FROM `mv_movies` [ RunTime:0.000990s ]
SQL: SELECT `ID`,`MV_NAME`,`MV_PHOTO_URL`,`MV_TIME`,`MV_TYPE` FROM `mv_movies` WHERE (  IS_DEL=0 and MV_PHYLETIC=3 and MV_STATUS=1 ) ORDER BY ID desc LIMIT 0,10   [ RunTime:0.000387s ]

[ 2019-01-05T23:37:55+08:00 ] 123.161.216.108 /index.php/App/banner?type=4
INFO: [ app_begin ] --START--
INFO: Run Behavior\ReadHtmlCache [ RunTime:0.000667s ]
INFO: [ app_begin ] --END-- [ RunTime:0.001170s ]
SQL: SHOW COLUMNS FROM `mv_banner` [ RunTime:0.000817s ]
SQL: SELECT `ID`,`BN_NAME`,`BN_URL`,`BN_TYPE`,`BN_TYPE_ID` FROM `mv_banner` WHERE ( IS_DEL=0 and BN_TYPE=4 )  [ RunTime:0.000089s ]

[ 2019-01-05T23:37:55+08:00 ] 123.161.216.108 /index.php/App/jingcartoon?pagesize=10&pageindex=0
INFO: [ app_begin ] --START--
INFO: Run Behavior\ReadHtmlCache [ RunTime:0.000666s ]
INFO: [ app_begin ] --END-- [ RunTime:0.001174s ]
SQL: SHOW COLUMNS FROM `mv_cartoon` [ RunTime:0.000958s ]
SQL: SELECT `ID`,`CT_NAME`,`CT_PHOTO_URL` FROM `mv_cartoon` WHERE (  IS_DEL=0 and CT_STATUS=1 ) ORDER BY ID desc LIMIT 0,10   [ RunTime:0.000101s ]

[ 2019-01-05T23:37:56+08:00 ] 123.161.216.108 /index.php/App/cartoondec?id=2
INFO: [ app_begin ] --START--
INFO: Run Behavior\ReadHtmlCache [ RunTime:0.000651s ]
INFO: [ app_begin ] --END-- [ RunTime:0.001140s ]
SQL: SHOW COLUMNS FROM `mv_cartoon` [ RunTime:0.000822s ]
SQL: SELECT `ID`,`CT_NAME`,`CT_PHOTO_URL`,`CT_CONTENT`,`CT_AUTHOR`,`CT_TYPE`,`CT_CATEGORY`,`CT_COUNT` FROM `mv_cartoon` WHERE ( `ID` = 2 ) LIMIT 1   [ RunTime:0.000106s ]
SQL: SHOW COLUMNS FROM `mv_comment` [ RunTime:0.000740s ]
SQL: SELECT COUNT(*) AS tp_count FROM `mv_comment` WHERE ( CM_TYPE=2 and CM_TYPE_ID=2 and IS_DEL=0 ) LIMIT 1   [ RunTime:0.000073s ]
NOTIC: [8] Undefined index: uid /www/app/shiping/App/Home/Controller/AppController.class.php 第 542 行.

[ 2019-01-05T23:37:56+08:00 ] 123.161.216.108 /index.php/App/cardetial?id=2&pagesize=10&pageindex=0
INFO: [ app_begin ] --START--
INFO: Run Behavior\ReadHtmlCache [ RunTime:0.000650s ]
INFO: [ app_begin ] --END-- [ RunTime:0.001149s ]
SQL: SHOW COLUMNS FROM `mv_cartoon_detail` [ RunTime:0.000911s ]
SQL: SELECT `ID`,`CT_ID`,`CTD_TITLE`,`CTD_PHOTO_URL`,`CTD_TYPE` FROM `mv_cartoon_detail` WHERE (  IS_DEL=0 and CT_ID=2 ) ORDER BY ID asc LIMIT 0,10   [ RunTime:0.000108s ]

[ 2019-01-05T23:37:58+08:00 ] 123.161.216.108 /index.php/App/cardetial?id=2&pagesize=10&pageindex=1
INFO: [ app_begin ] --START--
INFO: Run Behavior\ReadHtmlCache [ RunTime:0.000678s ]
INFO: [ app_begin ] --END-- [ RunTime:0.001189s ]
SQL: SHOW COLUMNS FROM `mv_cartoon_detail` [ RunTime:0.000925s ]
SQL: SELECT `ID`,`CT_ID`,`CTD_TITLE`,`CTD_PHOTO_URL`,`CTD_TYPE` FROM `mv_cartoon_detail` WHERE (  IS_DEL=0 and CT_ID=2 ) ORDER BY ID asc LIMIT 10,10   [ RunTime:0.000112s ]

[ 2019-01-05T23:38:02+08:00 ] 123.161.216.108 /index.php/App/cartoondec?id=1
INFO: [ app_begin ] --START--
INFO: Run Behavior\ReadHtmlCache [ RunTime:0.000693s ]
INFO: [ app_begin ] --END-- [ RunTime:0.001197s ]
SQL: SHOW COLUMNS FROM `mv_cartoon` [ RunTime:0.000945s ]
SQL: SELECT `ID`,`CT_NAME`,`CT_PHOTO_URL`,`CT_CONTENT`,`CT_AUTHOR`,`CT_TYPE`,`CT_CATEGORY`,`CT_COUNT` FROM `mv_cartoon` WHERE ( `ID` = 1 ) LIMIT 1   [ RunTime:0.000154s ]
SQL: SHOW COLUMNS FROM `mv_comment` [ RunTime:0.000862s ]
SQL: SELECT COUNT(*) AS tp_count FROM `mv_comment` WHERE ( CM_TYPE=2 and CM_TYPE_ID=1 and IS_DEL=0 ) LIMIT 1   [ RunTime:0.000087s ]
NOTIC: [8] Undefined index: uid /www/app/shiping/App/Home/Controller/AppController.class.php 第 542 行.

[ 2019-01-05T23:38:02+08:00 ] 123.161.216.108 /index.php/App/cardetial?id=1&pagesize=10&pageindex=0
INFO: [ app_begin ] --START--
INFO: Run Behavior\ReadHtmlCache [ RunTime:0.000662s ]
INFO: [ app_begin ] --END-- [ RunTime:0.001158s ]
SQL: SHOW COLUMNS FROM `mv_cartoon_detail` [ RunTime:0.000829s ]
SQL: SELECT `ID`,`CT_ID`,`CTD_TITLE`,`CTD_PHOTO_URL`,`CTD_TYPE` FROM `mv_cartoon_detail` WHERE (  IS_DEL=0 and CT_ID=1 ) ORDER BY ID asc LIMIT 0,10   [ RunTime:0.000145s ]

[ 2019-01-05T23:38:04+08:00 ] 123.161.216.108 /index.php/App/zhangdesc?cid=1&id=3&next=0&last=0
INFO: [ app_begin ] --START--
INFO: Run Behavior\ReadHtmlCache [ RunTime:0.000668s ]
INFO: [ app_begin ] --END-- [ RunTime:0.001178s ]
NOTIC: [8] Undefined index: uid /www/app/shiping/App/Home/Controller/AppController.class.php 第 594 行.
SQL: SHOW COLUMNS FROM `mv_cartoon_detail` [ RunTime:0.000850s ]
SQL: SELECT `ID`,`CT_ID`,`CTD_TITLE`,`CTD_TYPE`,`CTD_PHOTO_LIST` FROM `mv_cartoon_detail` WHERE (  IS_DEL=0 and CT_ID=1 and ID=3 ) ORDER BY ID asc LIMIT 1   [ RunTime:0.000082s ]

[ 2019-01-05T23:38:07+08:00 ] 123.161.216.108 /index.php/App/zhangdesc?cid=1&id=2&next=0&last=0
INFO: [ app_begin ] --START--
INFO: Run Behavior\ReadHtmlCache [ RunTime:0.000660s ]
INFO: [ app_begin ] --END-- [ RunTime:0.001154s ]
NOTIC: [8] Undefined index: uid /www/app/shiping/App/Home/Controller/AppController.class.php 第 594 行.
SQL: SHOW COLUMNS FROM `mv_cartoon_detail` [ RunTime:0.000886s ]
SQL: SELECT `ID`,`CT_ID`,`CTD_TITLE`,`CTD_TYPE`,`CTD_PHOTO_LIST` FROM `mv_cartoon_detail` WHERE (  IS_DEL=0 and CT_ID=1 and ID=2 ) ORDER BY ID asc LIMIT 1   [ RunTime:0.000093s ]

[ 2019-01-05T23:38:09+08:00 ] 123.161.216.108 /index.php/App/zhangdesc?cid=1&id=1&next=0&last=0
INFO: [ app_begin ] --START--
INFO: Run Behavior\ReadHtmlCache [ RunTime:0.000611s ]
INFO: [ app_begin ] --END-- [ RunTime:0.001073s ]
NOTIC: [8] Undefined index: uid /www/app/shiping/App/Home/Controller/AppController.class.php 第 594 行.
SQL: SHOW COLUMNS FROM `mv_cartoon_detail` [ RunTime:0.000774s ]
SQL: SELECT `ID`,`CT_ID`,`CTD_TITLE`,`CTD_TYPE`,`CTD_PHOTO_LIST` FROM `mv_cartoon_detail` WHERE (  IS_DEL=0 and CT_ID=1 and ID=1 ) ORDER BY ID asc LIMIT 1   [ RunTime:0.000094s ]

[ 2019-01-05T23:38:11+08:00 ] 123.161.216.108 /index.php/App/zhangdesc?cid=1&id=1&next=1&last=0
INFO: [ app_begin ] --START--
INFO: Run Behavior\ReadHtmlCache [ RunTime:0.000674s ]
INFO: [ app_begin ] --END-- [ RunTime:0.001150s ]
NOTIC: [8] Undefined index: uid /www/app/shiping/App/Home/Controller/AppController.class.php 第 594 行.
SQL: SHOW COLUMNS FROM `mv_cartoon_detail` [ RunTime:0.000907s ]
SQL: SELECT `ID`,`CT_ID`,`CTD_TITLE`,`CTD_TYPE`,`CTD_PHOTO_LIST` FROM `mv_cartoon_detail` WHERE (  IS_DEL=0 and CT_ID=1 and ID>1 ) ORDER BY ID asc LIMIT 1   [ RunTime:0.000398s ]

[ 2019-01-05T23:38:21+08:00 ] 123.161.216.108 /index.php/App/classall
INFO: [ app_begin ] --START--
INFO: Run Behavior\ReadHtmlCache [ RunTime:0.000664s ]
INFO: [ app_begin ] --END-- [ RunTime:0.001154s ]
SQL: SHOW COLUMNS FROM `mv_class` [ RunTime:0.000793s ]
SQL: SELECT * FROM `mv_class` WHERE ( IS_DEL=0 and CL_TYPE!=0 and ID!=1 ) ORDER BY ID asc  [ RunTime:0.000106s ]

[ 2019-01-05T23:38:25+08:00 ] 123.161.216.108 /index.php/App/classall
INFO: [ app_begin ] --START--
INFO: Run Behavior\ReadHtmlCache [ RunTime:0.000671s ]
INFO: [ app_begin ] --END-- [ RunTime:0.001164s ]
SQL: SHOW COLUMNS FROM `mv_class` [ RunTime:0.000848s ]
SQL: SELECT * FROM `mv_class` WHERE ( IS_DEL=0 and CL_TYPE!=0 and ID!=1 ) ORDER BY ID asc  [ RunTime:0.000103s ]

[ 2019-01-05T23:38:26+08:00 ] 123.161.216.108 /index.php/App/banner?type=1
INFO: [ app_begin ] --START--
INFO: Run Behavior\ReadHtmlCache [ RunTime:0.000666s ]
INFO: [ app_begin ] --END-- [ RunTime:0.001142s ]
SQL: SHOW COLUMNS FROM `mv_banner` [ RunTime:0.000943s ]
SQL: SELECT `ID`,`BN_NAME`,`BN_URL`,`BN_TYPE`,`BN_TYPE_ID` FROM `mv_banner` WHERE ( IS_DEL=0 and BN_TYPE=1 )  [ RunTime:0.000111s ]

[ 2019-01-05T23:38:26+08:00 ] 123.161.216.108 /index.php/App/ipaddress?ip=123.161.216.108
INFO: [ app_begin ] --START--
INFO: Run Behavior\ReadHtmlCache [ RunTime:0.000660s ]
INFO: [ app_begin ] --END-- [ RunTime:0.001135s ]

[ 2019-01-05T23:38:26+08:00 ] 123.161.216.108 /index.php/App/indexcont
INFO: [ app_begin ] --START--
INFO: Run Behavior\ReadHtmlCache [ RunTime:0.000640s ]
INFO: [ app_begin ] --END-- [ RunTime:0.001130s ]
SQL: SHOW COLUMNS FROM `mv_movies` [ RunTime:0.000958s ]
SQL: SELECT `ID`,`MV_NAME`,`MV_PHOTO_URL` FROM `mv_movies` WHERE ( MV_TYPE=1  and IS_DEL=0 and MV_STATUS=1 ) ORDER BY GMT_MODIFED desc LIMIT 2   [ RunTime:0.000427s ]
SQL: SELECT `ID`,`MV_NAME`,`MV_PHOTO_URL`,`MV_TIME`,`MV_TYPE` FROM `mv_movies` WHERE (  IS_DEL=0  and MV_STATUS=1 ) ORDER BY ID desc LIMIT 4   [ RunTime:0.000612s ]
SQL: SELECT `ID`,`MV_NAME`,`MV_PHOTO_URL`,`MV_TYPE` FROM `mv_movies` WHERE (  IS_DEL=0  and MV_STATUS=1 ) ORDER BY MV_PLAY_COUNT desc LIMIT 4   [ RunTime:0.000257s ]
SQL: SHOW COLUMNS FROM `mv_cartoon` [ RunTime:0.000825s ]
SQL: SELECT `ID`,`CT_NAME`,`CT_PHOTO_URL` FROM `mv_cartoon` WHERE (  IS_DEL=0 and CT_STATUS=1 ) ORDER BY ID desc LIMIT 4   [ RunTime:0.000098s ]

[ 2019-01-05T23:38:30+08:00 ] 123.161.216.108 /index.php/App/jingmovie?pagesize=10&pageindex=0
INFO: [ app_begin ] --START--
INFO: Run Behavior\ReadHtmlCache [ RunTime:0.000662s ]
INFO: [ app_begin ] --END-- [ RunTime:0.001134s ]
SQL: SHOW COLUMNS FROM `mv_movies` [ RunTime:0.000935s ]
SQL: SELECT `ID`,`MV_NAME`,`MV_PHOTO_URL`,`MV_TYPE` FROM `mv_movies` WHERE (  IS_DEL=0 and MV_PHYLETIC=2 and MV_STATUS=1 ) ORDER BY ID desc LIMIT 0,10   [ RunTime:0.000354s ]
NOTIC: [8] Undefined index: uid /www/app/shiping/App/Home/Controller/AppController.class.php 第 261 行.
NOTIC: [8] Undefined index: token /www/app/shiping/App/Home/Controller/AppController.class.php 第 262 行.

[ 2019-01-05T23:38:31+08:00 ] 123.161.216.108 /index.php/App/banner?type=3
INFO: [ app_begin ] --START--
INFO: Run Behavior\ReadHtmlCache [ RunTime:0.000668s ]
INFO: [ app_begin ] --END-- [ RunTime:0.001149s ]
SQL: SHOW COLUMNS FROM `mv_banner` [ RunTime:0.000865s ]
SQL: SELECT `ID`,`BN_NAME`,`BN_URL`,`BN_TYPE`,`BN_TYPE_ID` FROM `mv_banner` WHERE ( IS_DEL=0 and BN_TYPE=3 )  [ RunTime:0.000125s ]

[ 2019-01-05T23:38:31+08:00 ] 123.161.216.108 /index.php/App/hotmovie?pagesize=10&pageindex=0
INFO: [ app_begin ] --START--
INFO: Run Behavior\ReadHtmlCache [ RunTime:0.000672s ]
INFO: [ app_begin ] --END-- [ RunTime:0.001151s ]
SQL: SHOW COLUMNS FROM `mv_movies` [ RunTime:0.000975s ]
SQL: SELECT `ID`,`MV_NAME`,`MV_PHOTO_URL`,`MV_TIME`,`MV_TYPE` FROM `mv_movies` WHERE (  IS_DEL=0 and MV_PHYLETIC=3 and MV_STATUS=1 ) ORDER BY ID desc LIMIT 0,10   [ RunTime:0.000148s ]

[ 2019-01-05T23:38:32+08:00 ] 123.161.216.108 /index.php/App/banner?type=3
INFO: [ app_begin ] --START--
INFO: Run Behavior\ReadHtmlCache [ RunTime:0.000657s ]
INFO: [ app_begin ] --END-- [ RunTime:0.001159s ]
SQL: SHOW COLUMNS FROM `mv_banner` [ RunTime:0.000843s ]
SQL: SELECT `ID`,`BN_NAME`,`BN_URL`,`BN_TYPE`,`BN_TYPE_ID` FROM `mv_banner` WHERE ( IS_DEL=0 and BN_TYPE=3 )  [ RunTime:0.000094s ]

[ 2019-01-05T23:38:32+08:00 ] 123.161.216.108 /index.php/App/hotmovie?pagesize=10&pageindex=0
INFO: [ app_begin ] --START--
INFO: Run Behavior\ReadHtmlCache [ RunTime:0.000645s ]
INFO: [ app_begin ] --END-- [ RunTime:0.001129s ]
SQL: SHOW COLUMNS FROM `mv_movies` [ RunTime:0.000973s ]
SQL: SELECT `ID`,`MV_NAME`,`MV_PHOTO_URL`,`MV_TIME`,`MV_TYPE` FROM `mv_movies` WHERE (  IS_DEL=0 and MV_PHYLETIC=3 and MV_STATUS=1 ) ORDER BY ID desc LIMIT 0,10   [ RunTime:0.000105s ]

[ 2019-01-05T23:38:33+08:00 ] 123.161.216.108 /index.php/App/banner?type=4
INFO: [ app_begin ] --START--
INFO: Run Behavior\ReadHtmlCache [ RunTime:0.000637s ]
INFO: [ app_begin ] --END-- [ RunTime:0.001101s ]
SQL: SHOW COLUMNS FROM `mv_banner` [ RunTime:0.000835s ]
SQL: SELECT `ID`,`BN_NAME`,`BN_URL`,`BN_TYPE`,`BN_TYPE_ID` FROM `mv_banner` WHERE ( IS_DEL=0 and BN_TYPE=4 )  [ RunTime:0.000090s ]

[ 2019-01-05T23:38:33+08:00 ] 123.161.216.108 /index.php/App/jingcartoon?pagesize=10&pageindex=0
INFO: [ app_begin ] --START--
INFO: Run Behavior\ReadHtmlCache [ RunTime:0.000661s ]
INFO: [ app_begin ] --END-- [ RunTime:0.001135s ]
SQL: SHOW COLUMNS FROM `mv_cartoon` [ RunTime:0.000890s ]
SQL: SELECT `ID`,`CT_NAME`,`CT_PHOTO_URL` FROM `mv_cartoon` WHERE (  IS_DEL=0 and CT_STATUS=1 ) ORDER BY ID desc LIMIT 0,10   [ RunTime:0.000083s ]

[ 2019-01-05T23:38:38+08:00 ] 123.161.216.108 /index.php/App/classall
INFO: [ app_begin ] --START--
INFO: Run Behavior\ReadHtmlCache [ RunTime:0.000611s ]
INFO: [ app_begin ] --END-- [ RunTime:0.001053s ]
SQL: SHOW COLUMNS FROM `mv_class` [ RunTime:0.000759s ]
SQL: SELECT * FROM `mv_class` WHERE ( IS_DEL=0 and CL_TYPE!=0 and ID!=1 ) ORDER BY ID asc  [ RunTime:0.000086s ]

[ 2019-01-05T23:39:10+08:00 ] 123.161.216.108 /index.php/App/login?name=ge1&password=123456
INFO: [ app_begin ] --START--
INFO: Run Behavior\ReadHtmlCache [ RunTime:0.000637s ]
INFO: [ app_begin ] --END-- [ RunTime:0.001122s ]
SQL: SHOW COLUMNS FROM `mv_user` [ RunTime:0.001011s ]
SQL: SELECT `ID`,`USERNAME`,`USERIMG`,`TOKEN`,`TELNO`,`NO_PRICE`,`IS_PRICE`,`SECURITY_QUESTION` FROM `mv_user` WHERE ( USERNAME='ge1' and LOGIN_PSWD='e10adc3949ba59abbe56e057f20f883e' and IS_DEL=0 ) LIMIT 1   [ RunTime:0.000586s ]
SQL: SHOW COLUMNS FROM `mv_shop_history` [ RunTime:0.000842s ]
SQL: SELECT `SH_END` FROM `mv_shop_history` WHERE ( SH_USERID=14 and IS_PAY=1 ) ORDER BY ID desc LIMIT 1   [ RunTime:0.000490s ]
NOTIC: [8] Undefined variable: id /www/app/shiping/App/Home/Controller/AppController.class.php 第 105 行.
SQL: UPDATE `mv_user` SET `TOKEN`='f10353e21eb1a81fdf177018b25007dc' WHERE ( ID=14 ) [ RunTime:0.000813s ]

[ 2019-01-05T23:39:10+08:00 ] 123.161.216.108 /index.php/App/userinfo?uid=14&token=f10353e21eb1a81fdf177018b25007dc
INFO: [ app_begin ] --START--
INFO: Run Behavior\ReadHtmlCache [ RunTime:0.000654s ]
INFO: [ app_begin ] --END-- [ RunTime:0.001127s ]
SQL: SHOW COLUMNS FROM `mv_user` [ RunTime:0.000957s ]
SQL: SELECT * FROM `mv_user` WHERE ( `ID` = 14 ) LIMIT 1   [ RunTime:0.000280s ]
SQL: SELECT `ID`,`USERNAME`,`TELNO`,`USERIMG`,`NO_PRICE`,`IS_PRICE` FROM `mv_user` WHERE ( `ID` = 14 ) LIMIT 1   [ RunTime:0.000234s ]
SQL: SHOW COLUMNS FROM `mv_shop_history` [ RunTime:0.001124s ]
SQL: SELECT `SH_END` FROM `mv_shop_history` WHERE ( SH_USERID=14 and IS_PAY=1 ) ORDER BY ID desc LIMIT 1   [ RunTime:0.000074s ]

[ 2019-01-05T23:39:18+08:00 ] 123.161.216.108 /index.php/App/taocan
INFO: [ app_begin ] --START--
INFO: Run Behavior\ReadHtmlCache [ RunTime:0.000683s ]
INFO: [ app_begin ] --END-- [ RunTime:0.001194s ]
SQL: SHOW COLUMNS FROM `mage_shop` [ RunTime:0.000840s ]
SQL: SELECT `ID`,`SP_NAME`,`SP_PRICE`,`SP_END_TIME` FROM `mage_shop` WHERE (  IS_DEL=0 ) ORDER BY ID asc  [ RunTime:0.000086s ]

[ 2019-01-05T23:39:58+08:00 ] 123.161.216.108 /index.php/App/lookjilu?uid=14&token=f10353e21eb1a81fdf177018b25007dc&type=1&looktype=2&pagesize=10&pageindex=0
INFO: [ app_begin ] --START--
INFO: Run Behavior\ReadHtmlCache [ RunTime:0.000626s ]
INFO: [ app_begin ] --END-- [ RunTime:0.001078s ]
SQL: SHOW COLUMNS FROM `mv_user` [ RunTime:0.000905s ]
SQL: SELECT * FROM `mv_user` WHERE ( `ID` = 14 ) LIMIT 1   [ RunTime:0.000106s ]
SQL: SHOW COLUMNS FROM `mv_look_history` [ RunTime:0.000567s ]
SQL: SELECT m.ID,m.MV_NAME as name,m.MV_PHOTO_URL as pic,m.MV_CONTENT as content,l.ID as lookid,l.LH_TYPE as type FROM mv_look_history l INNER JOIN mv_movies AS m ON l.LH_LOOKID = m.ID  WHERE ( l.LH_USERID=14 and l.TYPE=2 and l.LH_PHYLETIC=1 and m.IS_DEL=0 and l.IS_DEL=0 and m.MV_STATUS=1 ) ORDER BY l.GMT_CREATE desc LIMIT 0,10   [ RunTime:0.000532s ]

[ 2019-01-05T23:40:01+08:00 ] 123.161.216.108 /index.php/App/lookjilu?uid=14&token=f10353e21eb1a81fdf177018b25007dc&type=1&looktype=2&pagesize=10&pageindex=0
INFO: [ app_begin ] --START--
INFO: Run Behavior\ReadHtmlCache [ RunTime:0.000669s ]
INFO: [ app_begin ] --END-- [ RunTime:0.001180s ]
SQL: SHOW COLUMNS FROM `mv_user` [ RunTime:0.000959s ]
SQL: SELECT * FROM `mv_user` WHERE ( `ID` = 14 ) LIMIT 1   [ RunTime:0.000112s ]
SQL: SHOW COLUMNS FROM `mv_look_history` [ RunTime:0.000693s ]
SQL: SELECT m.ID,m.MV_NAME as name,m.MV_PHOTO_URL as pic,m.MV_CONTENT as content,l.ID as lookid,l.LH_TYPE as type FROM mv_look_history l INNER JOIN mv_movies AS m ON l.LH_LOOKID = m.ID  WHERE ( l.LH_USERID=14 and l.TYPE=2 and l.LH_PHYLETIC=1 and m.IS_DEL=0 and l.IS_DEL=0 and m.MV_STATUS=1 ) ORDER BY l.GMT_CREATE desc LIMIT 0,10   [ RunTime:0.000086s ]

[ 2019-01-05T23:40:03+08:00 ] 123.161.216.108 /index.php/App/lookjilu?uid=14&token=f10353e21eb1a81fdf177018b25007dc&type=1&looktype=2&pagesize=10&pageindex=1
INFO: [ app_begin ] --START--
INFO: Run Behavior\ReadHtmlCache [ RunTime:0.000633s ]
INFO: [ app_begin ] --END-- [ RunTime:0.001102s ]
SQL: SHOW COLUMNS FROM `mv_user` [ RunTime:0.000999s ]
SQL: SELECT * FROM `mv_user` WHERE ( `ID` = 14 ) LIMIT 1   [ RunTime:0.000129s ]
SQL: SHOW COLUMNS FROM `mv_look_history` [ RunTime:0.000808s ]
SQL: SELECT m.ID,m.MV_NAME as name,m.MV_PHOTO_URL as pic,m.MV_CONTENT as content,l.ID as lookid,l.LH_TYPE as type FROM mv_look_history l INNER JOIN mv_movies AS m ON l.LH_LOOKID = m.ID  WHERE ( l.LH_USERID=14 and l.TYPE=2 and l.LH_PHYLETIC=1 and m.IS_DEL=0 and l.IS_DEL=0 and m.MV_STATUS=1 ) ORDER BY l.GMT_CREATE desc LIMIT 10,10   [ RunTime:0.000628s ]

[ 2019-01-05T23:40:05+08:00 ] 123.161.216.108 /index.php/App/lookjilu?uid=14&token=f10353e21eb1a81fdf177018b25007dc&type=1&looktype=2&pagesize=10&pageindex=2
INFO: [ app_begin ] --START--
INFO: Run Behavior\ReadHtmlCache [ RunTime:0.000620s ]
INFO: [ app_begin ] --END-- [ RunTime:0.001128s ]
SQL: SHOW COLUMNS FROM `mv_user` [ RunTime:0.000962s ]
SQL: SELECT * FROM `mv_user` WHERE ( `ID` = 14 ) LIMIT 1   [ RunTime:0.000123s ]
SQL: SHOW COLUMNS FROM `mv_look_history` [ RunTime:0.000799s ]
SQL: SELECT m.ID,m.MV_NAME as name,m.MV_PHOTO_URL as pic,m.MV_CONTENT as content,l.ID as lookid,l.LH_TYPE as type FROM mv_look_history l INNER JOIN mv_movies AS m ON l.LH_LOOKID = m.ID  WHERE ( l.LH_USERID=14 and l.TYPE=2 and l.LH_PHYLETIC=1 and m.IS_DEL=0 and l.IS_DEL=0 and m.MV_STATUS=1 ) ORDER BY l.GMT_CREATE desc LIMIT 20,10   [ RunTime:0.000585s ]

[ 2019-01-05T23:40:08+08:00 ] 123.161.216.108 /index.php/App/lookjilu?uid=14&token=f10353e21eb1a81fdf177018b25007dc&type=1&looktype=2&pagesize=10&pageindex=0
INFO: [ app_begin ] --START--
INFO: Run Behavior\ReadHtmlCache [ RunTime:0.000654s ]
INFO: [ app_begin ] --END-- [ RunTime:0.001149s ]
SQL: SHOW COLUMNS FROM `mv_user` [ RunTime:0.000983s ]
SQL: SELECT * FROM `mv_user` WHERE ( `ID` = 14 ) LIMIT 1   [ RunTime:0.000131s ]
SQL: SHOW COLUMNS FROM `mv_look_history` [ RunTime:0.000768s ]
SQL: SELECT m.ID,m.MV_NAME as name,m.MV_PHOTO_URL as pic,m.MV_CONTENT as content,l.ID as lookid,l.LH_TYPE as type FROM mv_look_history l INNER JOIN mv_movies AS m ON l.LH_LOOKID = m.ID  WHERE ( l.LH_USERID=14 and l.TYPE=2 and l.LH_PHYLETIC=1 and m.IS_DEL=0 and l.IS_DEL=0 and m.MV_STATUS=1 ) ORDER BY l.GMT_CREATE desc LIMIT 0,10   [ RunTime:0.000099s ]

[ 2019-01-05T23:40:09+08:00 ] 123.161.216.108 /index.php/App/lookjilu?uid=14&token=f10353e21eb1a81fdf177018b25007dc&type=1&looktype=2&pagesize=10&pageindex=1
INFO: [ app_begin ] --START--
INFO: Run Behavior\ReadHtmlCache [ RunTime:0.000667s ]
INFO: [ app_begin ] --END-- [ RunTime:0.001144s ]
SQL: SHOW COLUMNS FROM `mv_user` [ RunTime:0.001017s ]
SQL: SELECT * FROM `mv_user` WHERE ( `ID` = 14 ) LIMIT 1   [ RunTime:0.000138s ]
SQL: SHOW COLUMNS FROM `mv_look_history` [ RunTime:0.000822s ]
SQL: SELECT m.ID,m.MV_NAME as name,m.MV_PHOTO_URL as pic,m.MV_CONTENT as content,l.ID as lookid,l.LH_TYPE as type FROM mv_look_history l INNER JOIN mv_movies AS m ON l.LH_LOOKID = m.ID  WHERE ( l.LH_USERID=14 and l.TYPE=2 and l.LH_PHYLETIC=1 and m.IS_DEL=0 and l.IS_DEL=0 and m.MV_STATUS=1 ) ORDER BY l.GMT_CREATE desc LIMIT 10,10   [ RunTime:0.000118s ]

[ 2019-01-05T23:40:13+08:00 ] 123.161.216.108 /index.php/App/pwdwenti?uid=14&token=f10353e21eb1a81fdf177018b25007dc
INFO: [ app_begin ] --START--
INFO: Run Behavior\ReadHtmlCache [ RunTime:0.000662s ]
INFO: [ app_begin ] --END-- [ RunTime:0.001135s ]
SQL: SHOW COLUMNS FROM `mv_user` [ RunTime:0.001005s ]
SQL: SELECT `SECURITY_QUESTION` FROM `mv_user` WHERE ( `ID` = 14 ) LIMIT 1   [ RunTime:0.000240s ]

[ 2019-01-05T23:40:20+08:00 ] 123.161.216.108 /index.php/App/yindao?type=about
INFO: [ app_begin ] --START--
INFO: Run Behavior\ReadHtmlCache [ RunTime:0.000659s ]
INFO: [ app_begin ] --END-- [ RunTime:0.001151s ]
SQL: SHOW COLUMNS FROM `mv_setall` [ RunTime:0.000850s ]
SQL: SELECT `CONTENT` FROM `mv_setall` WHERE ( TYPE='about' ) LIMIT 1   [ RunTime:0.000100s ]
SQL: SHOW COLUMNS FROM `mage_custom_service` [ RunTime:0.000678s ]
SQL: SELECT `ID`,`CS_TYPE`,`CS_NUMBER` FROM `mage_custom_service` WHERE ( IS_DEL=0 )  [ RunTime:0.000074s ]

[ 2019-01-05T23:40:27+08:00 ] 123.161.216.108 /index.php/App/banner?type=1
INFO: [ app_begin ] --START--
INFO: Run Behavior\ReadHtmlCache [ RunTime:0.000695s ]
INFO: [ app_begin ] --END-- [ RunTime:0.001194s ]
SQL: SHOW COLUMNS FROM `mv_banner` [ RunTime:0.000879s ]
SQL: SELECT `ID`,`BN_NAME`,`BN_URL`,`BN_TYPE`,`BN_TYPE_ID` FROM `mv_banner` WHERE ( IS_DEL=0 and BN_TYPE=1 )  [ RunTime:0.000111s ]

[ 2019-01-05T23:40:49+08:00 ] 123.161.216.108 /index.php/App/ipaddress?ip=123.161.216.108
INFO: [ app_begin ] --START--
INFO: Run Behavior\ReadHtmlCache [ RunTime:0.000662s ]
INFO: [ app_begin ] --END-- [ RunTime:0.001136s ]
NOTIC: [2] file_get_contents(http://ip.taobao.com/service/getIpInfo.php?ip=123.161.216.108): failed to open stream: HTTP request failed! HTTP/1.1 502 Bad Gateway
 /www/app/shiping/App/Home/Controller/AppController.class.php 第 309 行.

[ 2019-01-05T23:40:49+08:00 ] 123.161.216.108 /index.php/App/indexcont
INFO: [ app_begin ] --START--
INFO: Run Behavior\ReadHtmlCache [ RunTime:0.000607s ]
INFO: [ app_begin ] --END-- [ RunTime:0.001059s ]
SQL: SHOW COLUMNS FROM `mv_movies` [ RunTime:0.000986s ]
SQL: SELECT `ID`,`MV_NAME`,`MV_PHOTO_URL` FROM `mv_movies` WHERE ( MV_TYPE=1  and IS_DEL=0 and MV_STATUS=1 ) ORDER BY GMT_MODIFED desc LIMIT 2   [ RunTime:0.000081s ]
SQL: SELECT `ID`,`MV_NAME`,`MV_PHOTO_URL`,`MV_TIME`,`MV_TYPE` FROM `mv_movies` WHERE (  IS_DEL=0  and MV_STATUS=1 ) ORDER BY ID desc LIMIT 4   [ RunTime:0.000081s ]
SQL: SELECT `ID`,`MV_NAME`,`MV_PHOTO_URL`,`MV_TYPE` FROM `mv_movies` WHERE (  IS_DEL=0  and MV_STATUS=1 ) ORDER BY MV_PLAY_COUNT desc LIMIT 4   [ RunTime:0.000067s ]
SQL: SHOW COLUMNS FROM `mv_cartoon` [ RunTime:0.000670s ]
SQL: SELECT `ID`,`CT_NAME`,`CT_PHOTO_URL` FROM `mv_cartoon` WHERE (  IS_DEL=0 and CT_STATUS=1 ) ORDER BY ID desc LIMIT 4   [ RunTime:0.000072s ]

