[ 2019-01-11T14:09:13+08:00 ] 221.12.22.98 /index.php/App/banner?type=1
INFO: [ app_begin ] --START--
INFO: Run Behavior\ReadHtmlCache [ RunTime:0.000695s ]
INFO: [ app_begin ] --END-- [ RunTime:0.001220s ]
SQL: SHOW COLUMNS FROM `mv_banner` [ RunTime:0.000584s ]
SQL: SELECT `ID`,`BN_NAME`,`BN_URL`,`BN_TYPE`,`BN_TYPE_ID` FROM `mv_banner` WHERE ( IS_DEL=0 and BN_TYPE=1 )  [ RunTime:0.000119s ]

[ 2019-01-11T14:09:13+08:00 ] 221.12.22.98 /index.php/App/indexcont
INFO: [ app_begin ] --START--
INFO: Run Behavior\ReadHtmlCache [ RunTime:0.000676s ]
INFO: [ app_begin ] --END-- [ RunTime:0.001195s ]
SQL: SHOW COLUMNS FROM `mv_movies` [ RunTime:0.001004s ]
SQL: SELECT `ID`,`MV_NAME`,`MV_PHOTO_URL` FROM `mv_movies` WHERE ( MV_TYPE=1  and IS_DEL=0 and MV_STATUS=1 ) ORDER BY GMT_MODIFED desc LIMIT 2   [ RunTime:0.000132s ]
SQL: SELECT `ID`,`MV_NAME`,`MV_PHOTO_URL`,`MV_TIME`,`MV_TYPE` FROM `mv_movies` WHERE (  IS_DEL=0  and MV_STATUS=1 ) ORDER BY ID desc LIMIT 4   [ RunTime:0.000124s ]
SQL: SELECT `ID`,`MV_NAME`,`MV_PHOTO_URL`,`MV_TYPE` FROM `mv_movies` WHERE (  IS_DEL=0  and MV_STATUS=1 ) ORDER BY MV_PLAY_COUNT desc LIMIT 4   [ RunTime:0.000117s ]
SQL: SHOW COLUMNS FROM `mv_cartoon` [ RunTime:0.000758s ]
SQL: SELECT `ID`,`CT_NAME`,`CT_PHOTO_URL` FROM `mv_cartoon` WHERE (  IS_DEL=0 and CT_STATUS=1 ) ORDER BY ID desc LIMIT 4   [ RunTime:0.000102s ]

[ 2019-01-11T14:09:13+08:00 ] 221.12.22.98 /index.php/App/ipaddress?ip=221.12.22.98
INFO: [ app_begin ] --START--
INFO: Run Behavior\ReadHtmlCache [ RunTime:0.000663s ]
INFO: [ app_begin ] --END-- [ RunTime:0.001141s ]
NOTIC: [2] file_get_contents(http://ip.taobao.com/service/getIpInfo.php?ip=221.12.22.98): failed to open stream: HTTP request failed! HTTP/1.1 502 Bad Gateway
 /www/app/shiping/App/Home/Controller/AppController.class.php 第 309 行.

[ 2019-01-11T14:09:28+08:00 ] 221.12.22.98 /index.php/App/banner?type=1
INFO: [ app_begin ] --START--
INFO: Run Behavior\ReadHtmlCache [ RunTime:0.000651s ]
INFO: [ app_begin ] --END-- [ RunTime:0.001134s ]
SQL: SHOW COLUMNS FROM `mv_banner` [ RunTime:0.000860s ]
SQL: SELECT `ID`,`BN_NAME`,`BN_URL`,`BN_TYPE`,`BN_TYPE_ID` FROM `mv_banner` WHERE ( IS_DEL=0 and BN_TYPE=1 )  [ RunTime:0.000103s ]

[ 2019-01-11T14:09:28+08:00 ] 221.12.22.98 /index.php/App/indexcont
INFO: [ app_begin ] --START--
INFO: Run Behavior\ReadHtmlCache [ RunTime:0.000623s ]
INFO: [ app_begin ] --END-- [ RunTime:0.001082s ]
SQL: SHOW COLUMNS FROM `mv_movies` [ RunTime:0.000916s ]
SQL: SELECT `ID`,`MV_NAME`,`MV_PHOTO_URL` FROM `mv_movies` WHERE ( MV_TYPE=1  and IS_DEL=0 and MV_STATUS=1 ) ORDER BY GMT_MODIFED desc LIMIT 2   [ RunTime:0.000097s ]
SQL: SELECT `ID`,`MV_NAME`,`MV_PHOTO_URL`,`MV_TIME`,`MV_TYPE` FROM `mv_movies` WHERE (  IS_DEL=0  and MV_STATUS=1 ) ORDER BY ID desc LIMIT 4   [ RunTime:0.000098s ]
SQL: SELECT `ID`,`MV_NAME`,`MV_PHOTO_URL`,`MV_TYPE` FROM `mv_movies` WHERE (  IS_DEL=0  and MV_STATUS=1 ) ORDER BY MV_PLAY_COUNT desc LIMIT 4   [ RunTime:0.000084s ]
SQL: SHOW COLUMNS FROM `mv_cartoon` [ RunTime:0.000761s ]
SQL: SELECT `ID`,`CT_NAME`,`CT_PHOTO_URL` FROM `mv_cartoon` WHERE (  IS_DEL=0 and CT_STATUS=1 ) ORDER BY ID desc LIMIT 4   [ RunTime:0.000082s ]

[ 2019-01-11T14:09:28+08:00 ] 221.12.22.98 /index.php/App/ipaddress?ip=221.12.22.98
INFO: [ app_begin ] --START--
INFO: Run Behavior\ReadHtmlCache [ RunTime:0.000627s ]
INFO: [ app_begin ] --END-- [ RunTime:0.001100s ]

[ 2019-01-11T14:09:40+08:00 ] 221.12.22.98 /index.php/App/classall
INFO: [ app_begin ] --START--
INFO: Run Behavior\ReadHtmlCache [ RunTime:0.000656s ]
INFO: [ app_begin ] --END-- [ RunTime:0.001125s ]
SQL: SHOW COLUMNS FROM `mv_class` [ RunTime:0.000830s ]
SQL: SELECT * FROM `mv_class` WHERE ( IS_DEL=0 and CL_TYPE!=0 and ID!=1 ) ORDER BY ID asc  [ RunTime:0.000087s ]

[ 2019-01-11T14:09:44+08:00 ] 221.12.22.98 /index.php/App/ipaddress?ip=221.12.22.98
INFO: [ app_begin ] --START--
INFO: Run Behavior\ReadHtmlCache [ RunTime:0.000545s ]
INFO: [ app_begin ] --END-- [ RunTime:0.000948s ]

[ 2019-01-11T14:09:44+08:00 ] 221.12.22.98 /index.php/App/banner?type=1
INFO: [ app_begin ] --START--
INFO: Run Behavior\ReadHtmlCache [ RunTime:0.000672s ]
INFO: [ app_begin ] --END-- [ RunTime:0.001151s ]
SQL: SHOW COLUMNS FROM `mv_banner` [ RunTime:0.000877s ]
SQL: SELECT `ID`,`BN_NAME`,`BN_URL`,`BN_TYPE`,`BN_TYPE_ID` FROM `mv_banner` WHERE ( IS_DEL=0 and BN_TYPE=1 )  [ RunTime:0.000097s ]

[ 2019-01-11T14:09:44+08:00 ] 221.12.22.98 /index.php/App/indexcont
INFO: [ app_begin ] --START--
INFO: Run Behavior\ReadHtmlCache [ RunTime:0.000699s ]
INFO: [ app_begin ] --END-- [ RunTime:0.001204s ]
SQL: SHOW COLUMNS FROM `mv_movies` [ RunTime:0.000953s ]
SQL: SELECT `ID`,`MV_NAME`,`MV_PHOTO_URL` FROM `mv_movies` WHERE ( MV_TYPE=1  and IS_DEL=0 and MV_STATUS=1 ) ORDER BY GMT_MODIFED desc LIMIT 2   [ RunTime:0.000097s ]
SQL: SELECT `ID`,`MV_NAME`,`MV_PHOTO_URL`,`MV_TIME`,`MV_TYPE` FROM `mv_movies` WHERE (  IS_DEL=0  and MV_STATUS=1 ) ORDER BY ID desc LIMIT 4   [ RunTime:0.000091s ]
SQL: SELECT `ID`,`MV_NAME`,`MV_PHOTO_URL`,`MV_TYPE` FROM `mv_movies` WHERE (  IS_DEL=0  and MV_STATUS=1 ) ORDER BY MV_PLAY_COUNT desc LIMIT 4   [ RunTime:0.000102s ]
SQL: SHOW COLUMNS FROM `mv_cartoon` [ RunTime:0.000772s ]
SQL: SELECT `ID`,`CT_NAME`,`CT_PHOTO_URL` FROM `mv_cartoon` WHERE (  IS_DEL=0 and CT_STATUS=1 ) ORDER BY ID desc LIMIT 4   [ RunTime:0.000082s ]

[ 2019-01-11T14:09:46+08:00 ] 221.12.22.98 /index.php/App/moviedec?id=20&cn=1
INFO: [ app_begin ] --START--
INFO: Run Behavior\ReadHtmlCache [ RunTime:0.000662s ]
INFO: [ app_begin ] --END-- [ RunTime:0.001151s ]
NOTIC: [8] Undefined index: uid /www/app/shiping/App/Home/Controller/AppController.class.php 第 339 行.
SQL: SHOW COLUMNS FROM `mv_movies` [ RunTime:0.000949s ]
SQL: SELECT `ID`,`MV_NAME`,`MV_PHOTO_URL`,`MV_HURL`,`MV_WURL`,`MV_SHURL`,`MV_WHURL`,`MV_TIME`,`MV_PLAY_COUNT`,`MV_TYPE`,`MV_PHYLETIC`,`MV_CONTENT`,`MV_CATEGORY` FROM `mv_movies` WHERE ( `ID` = 20 ) LIMIT 1   [ RunTime:0.000319s ]
SQL: UPDATE `mv_movies` SET `MV_PLAY_COUNT`=MV_PLAY_COUNT+1 WHERE ( ID=20 ) [ RunTime:0.002320s ]
SQL: SELECT `ID`,`MV_NAME`,`MV_PHOTO_URL` FROM `mv_movies` WHERE (  IS_DEL=0 and MV_STATUS=1 ) ORDER BY MV_PLAY_COUNT desc LIMIT 4   [ RunTime:0.000330s ]
SQL: SHOW COLUMNS FROM `mv_comment` [ RunTime:0.000758s ]
SQL: SELECT COUNT(*) AS tp_count FROM `mv_comment` WHERE ( CM_TYPE=1 and CM_TYPE_ID=20 and IS_DEL=0 ) LIMIT 1   [ RunTime:0.000065s ]

[ 2019-01-11T14:09:47+08:00 ] 221.12.22.98 /index.php/App/commentlist?id=20&pagesize=10&pageindex=0&type=1
INFO: [ app_begin ] --START--
INFO: Run Behavior\ReadHtmlCache [ RunTime:0.000665s ]
INFO: [ app_begin ] --END-- [ RunTime:0.001172s ]
SQL: SHOW COLUMNS FROM `mv_comment` [ RunTime:0.000901s ]
SQL: SELECT `ID`,`CM_USER_ID`,`CM_USERNAME`,`CM_HEADIMG`,`CM_STAR`,`CM_CONTENT`,`GMT_CREATE` FROM `mv_comment` WHERE ( CM_TYPE=1 and CM_TYPE_ID=20 and IS_DEL=0 ) ORDER BY ID desc LIMIT 0,10   [ RunTime:0.000100s ]

[ 2019-01-11T14:11:54+08:00 ] 221.12.22.98 /index.php/App/ipaddress?ip=221.12.22.98
INFO: [ app_begin ] --START--
INFO: Run Behavior\ReadHtmlCache [ RunTime:0.000683s ]
INFO: [ app_begin ] --END-- [ RunTime:0.001162s ]
NOTIC: [2] file_get_contents(http://ip.taobao.com/service/getIpInfo.php?ip=221.12.22.98): failed to open stream: HTTP request failed! HTTP/1.1 502 Bad Gateway
 /www/app/shiping/App/Home/Controller/AppController.class.php 第 309 行.

[ 2019-01-11T14:11:54+08:00 ] 221.12.22.98 /index.php/App/banner?type=1
INFO: [ app_begin ] --START--
INFO: Run Behavior\ReadHtmlCache [ RunTime:0.000646s ]
INFO: [ app_begin ] --END-- [ RunTime:0.001134s ]
SQL: SHOW COLUMNS FROM `mv_banner` [ RunTime:0.000885s ]
SQL: SELECT `ID`,`BN_NAME`,`BN_URL`,`BN_TYPE`,`BN_TYPE_ID` FROM `mv_banner` WHERE ( IS_DEL=0 and BN_TYPE=1 )  [ RunTime:0.000113s ]

[ 2019-01-11T14:11:54+08:00 ] 221.12.22.98 /index.php/App/indexcont
INFO: [ app_begin ] --START--
INFO: Run Behavior\ReadHtmlCache [ RunTime:0.000675s ]
INFO: [ app_begin ] --END-- [ RunTime:0.001156s ]
SQL: SHOW COLUMNS FROM `mv_movies` [ RunTime:0.001096s ]
SQL: SELECT `ID`,`MV_NAME`,`MV_PHOTO_URL` FROM `mv_movies` WHERE ( MV_TYPE=1  and IS_DEL=0 and MV_STATUS=1 ) ORDER BY GMT_MODIFED desc LIMIT 2   [ RunTime:0.000305s ]
SQL: SELECT `ID`,`MV_NAME`,`MV_PHOTO_URL`,`MV_TIME`,`MV_TYPE` FROM `mv_movies` WHERE (  IS_DEL=0  and MV_STATUS=1 ) ORDER BY ID desc LIMIT 4   [ RunTime:0.000229s ]
SQL: SELECT `ID`,`MV_NAME`,`MV_PHOTO_URL`,`MV_TYPE` FROM `mv_movies` WHERE (  IS_DEL=0  and MV_STATUS=1 ) ORDER BY MV_PLAY_COUNT desc LIMIT 4   [ RunTime:0.000604s ]
SQL: SHOW COLUMNS FROM `mv_cartoon` [ RunTime:0.001061s ]
SQL: SELECT `ID`,`CT_NAME`,`CT_PHOTO_URL` FROM `mv_cartoon` WHERE (  IS_DEL=0 and CT_STATUS=1 ) ORDER BY ID desc LIMIT 4   [ RunTime:0.000091s ]

[ 2019-01-11T14:11:57+08:00 ] 221.12.22.98 /index.php/App/banner?type=3
INFO: [ app_begin ] --START--
INFO: Run Behavior\ReadHtmlCache [ RunTime:0.000584s ]
INFO: [ app_begin ] --END-- [ RunTime:0.001003s ]
SQL: SHOW COLUMNS FROM `mv_banner` [ RunTime:0.000805s ]
SQL: SELECT `ID`,`BN_NAME`,`BN_URL`,`BN_TYPE`,`BN_TYPE_ID` FROM `mv_banner` WHERE ( IS_DEL=0 and BN_TYPE=3 )  [ RunTime:0.000072s ]

[ 2019-01-11T14:11:57+08:00 ] 221.12.22.98 /index.php/App/hotmovie?pagesize=10&pageindex=0
INFO: [ app_begin ] --START--
INFO: Run Behavior\ReadHtmlCache [ RunTime:0.000513s ]
INFO: [ app_begin ] --END-- [ RunTime:0.000882s ]
SQL: SHOW COLUMNS FROM `mv_movies` [ RunTime:0.000898s ]
SQL: SELECT `ID`,`MV_NAME`,`MV_PHOTO_URL`,`MV_TIME`,`MV_TYPE` FROM `mv_movies` WHERE (  IS_DEL=0 and MV_PHYLETIC=3 and MV_STATUS=1 ) ORDER BY ID desc LIMIT 0,10   [ RunTime:0.000317s ]

[ 2019-01-11T14:12:05+08:00 ] 221.12.22.98 /index.php/App/jingmovie?pagesize=10&pageindex=0
INFO: [ app_begin ] --START--
INFO: Run Behavior\ReadHtmlCache [ RunTime:0.000632s ]
INFO: [ app_begin ] --END-- [ RunTime:0.001078s ]
SQL: SHOW COLUMNS FROM `mv_movies` [ RunTime:0.001022s ]
SQL: SELECT `ID`,`MV_NAME`,`MV_PHOTO_URL`,`MV_TYPE` FROM `mv_movies` WHERE (  IS_DEL=0 and MV_PHYLETIC=2 and MV_STATUS=1 ) ORDER BY ID desc LIMIT 0,10   [ RunTime:0.000466s ]
NOTIC: [8] Undefined index: uid /www/app/shiping/App/Home/Controller/AppController.class.php 第 261 行.
NOTIC: [8] Undefined index: token /www/app/shiping/App/Home/Controller/AppController.class.php 第 262 行.

[ 2019-01-11T14:12:16+08:00 ] 221.12.22.98 /index.php/App/moviedec?id=19&cn=2
INFO: [ app_begin ] --START--
INFO: Run Behavior\ReadHtmlCache [ RunTime:0.000674s ]
INFO: [ app_begin ] --END-- [ RunTime:0.001159s ]
NOTIC: [8] Undefined index: uid /www/app/shiping/App/Home/Controller/AppController.class.php 第 339 行.
SQL: SHOW COLUMNS FROM `mv_movies` [ RunTime:0.000902s ]
SQL: SELECT `ID`,`MV_NAME`,`MV_PHOTO_URL`,`MV_HURL`,`MV_WURL`,`MV_SHURL`,`MV_WHURL`,`MV_TIME`,`MV_PLAY_COUNT`,`MV_TYPE`,`MV_PHYLETIC`,`MV_CONTENT`,`MV_CATEGORY` FROM `mv_movies` WHERE ( `ID` = 19 ) LIMIT 1   [ RunTime:0.000282s ]
SQL: UPDATE `mv_movies` SET `MV_PLAY_COUNT`=MV_PLAY_COUNT+1 WHERE ( ID=19 ) [ RunTime:0.001025s ]
SQL: SELECT `ID`,`MV_NAME`,`MV_PHOTO_URL` FROM `mv_movies` WHERE (  IS_DEL=0 and MV_STATUS=1 ) ORDER BY MV_PLAY_COUNT desc LIMIT 4   [ RunTime:0.000304s ]
SQL: SHOW COLUMNS FROM `mv_comment` [ RunTime:0.000742s ]
SQL: SELECT COUNT(*) AS tp_count FROM `mv_comment` WHERE ( CM_TYPE=1 and CM_TYPE_ID=19 and IS_DEL=0 ) LIMIT 1   [ RunTime:0.000093s ]

[ 2019-01-11T14:12:16+08:00 ] 221.12.22.98 /index.php/App/commentlist?id=19&pagesize=10&pageindex=0&type=1
INFO: [ app_begin ] --START--
INFO: Run Behavior\ReadHtmlCache [ RunTime:0.000646s ]
INFO: [ app_begin ] --END-- [ RunTime:0.001108s ]
SQL: SHOW COLUMNS FROM `mv_comment` [ RunTime:0.000901s ]
SQL: SELECT `ID`,`CM_USER_ID`,`CM_USERNAME`,`CM_HEADIMG`,`CM_STAR`,`CM_CONTENT`,`GMT_CREATE` FROM `mv_comment` WHERE ( CM_TYPE=1 and CM_TYPE_ID=19 and IS_DEL=0 ) ORDER BY ID desc LIMIT 0,10   [ RunTime:0.000104s ]

[ 2019-01-11T14:12:37+08:00 ] 221.12.22.98 /index.php/App/banner?type=1
INFO: [ app_begin ] --START--
INFO: Run Behavior\ReadHtmlCache [ RunTime:0.000677s ]
INFO: [ app_begin ] --END-- [ RunTime:0.001165s ]
SQL: SHOW COLUMNS FROM `mv_banner` [ RunTime:0.000861s ]
SQL: SELECT `ID`,`BN_NAME`,`BN_URL`,`BN_TYPE`,`BN_TYPE_ID` FROM `mv_banner` WHERE ( IS_DEL=0 and BN_TYPE=1 )  [ RunTime:0.000108s ]

[ 2019-01-11T14:12:37+08:00 ] 221.12.22.98 /index.php/App/indexcont
INFO: [ app_begin ] --START--
INFO: Run Behavior\ReadHtmlCache [ RunTime:0.000618s ]
INFO: [ app_begin ] --END-- [ RunTime:0.001062s ]
SQL: SHOW COLUMNS FROM `mv_movies` [ RunTime:0.000931s ]
SQL: SELECT `ID`,`MV_NAME`,`MV_PHOTO_URL` FROM `mv_movies` WHERE ( MV_TYPE=1  and IS_DEL=0 and MV_STATUS=1 ) ORDER BY GMT_MODIFED desc LIMIT 2   [ RunTime:0.000393s ]
SQL: SELECT `ID`,`MV_NAME`,`MV_PHOTO_URL`,`MV_TIME`,`MV_TYPE` FROM `mv_movies` WHERE (  IS_DEL=0  and MV_STATUS=1 ) ORDER BY ID desc LIMIT 4   [ RunTime:0.000273s ]
SQL: SELECT `ID`,`MV_NAME`,`MV_PHOTO_URL`,`MV_TYPE` FROM `mv_movies` WHERE (  IS_DEL=0  and MV_STATUS=1 ) ORDER BY MV_PLAY_COUNT desc LIMIT 4   [ RunTime:0.000268s ]
SQL: SHOW COLUMNS FROM `mv_cartoon` [ RunTime:0.000830s ]
SQL: SELECT `ID`,`CT_NAME`,`CT_PHOTO_URL` FROM `mv_cartoon` WHERE (  IS_DEL=0 and CT_STATUS=1 ) ORDER BY ID desc LIMIT 4   [ RunTime:0.000092s ]

[ 2019-01-11T14:12:37+08:00 ] 221.12.22.98 /index.php/App/ipaddress?ip=221.12.22.98
INFO: [ app_begin ] --START--
INFO: Run Behavior\ReadHtmlCache [ RunTime:0.000663s ]
INFO: [ app_begin ] --END-- [ RunTime:0.001162s ]
NOTIC: [2] file_get_contents(http://ip.taobao.com/service/getIpInfo.php?ip=221.12.22.98): failed to open stream: HTTP request failed! HTTP/1.1 502 Bad Gateway
 /www/app/shiping/App/Home/Controller/AppController.class.php 第 309 行.

[ 2019-01-11T14:12:38+08:00 ] 221.12.22.98 /index.php/App/classall
INFO: [ app_begin ] --START--
INFO: Run Behavior\ReadHtmlCache [ RunTime:0.000666s ]
INFO: [ app_begin ] --END-- [ RunTime:0.001137s ]
SQL: SHOW COLUMNS FROM `mv_class` [ RunTime:0.000874s ]
SQL: SELECT * FROM `mv_class` WHERE ( IS_DEL=0 and CL_TYPE!=0 and ID!=1 ) ORDER BY ID asc  [ RunTime:0.000118s ]

[ 2019-01-11T14:12:40+08:00 ] 221.12.22.98 /index.php/App/banner?type=1
INFO: [ app_begin ] --START--
INFO: Run Behavior\ReadHtmlCache [ RunTime:0.000680s ]
INFO: [ app_begin ] --END-- [ RunTime:0.001206s ]
SQL: SHOW COLUMNS FROM `mv_banner` [ RunTime:0.001050s ]
SQL: SELECT `ID`,`BN_NAME`,`BN_URL`,`BN_TYPE`,`BN_TYPE_ID` FROM `mv_banner` WHERE ( IS_DEL=0 and BN_TYPE=1 )  [ RunTime:0.000112s ]

[ 2019-01-11T14:12:40+08:00 ] 221.12.22.98 /index.php/App/ipaddress?ip=221.12.22.98
INFO: [ app_begin ] --START--
INFO: Run Behavior\ReadHtmlCache [ RunTime:0.000666s ]
INFO: [ app_begin ] --END-- [ RunTime:0.001137s ]

[ 2019-01-11T14:12:40+08:00 ] 221.12.22.98 /index.php/App/indexcont
INFO: [ app_begin ] --START--
INFO: Run Behavior\ReadHtmlCache [ RunTime:0.000626s ]
INFO: [ app_begin ] --END-- [ RunTime:0.001074s ]
SQL: SHOW COLUMNS FROM `mv_movies` [ RunTime:0.000956s ]
SQL: SELECT `ID`,`MV_NAME`,`MV_PHOTO_URL` FROM `mv_movies` WHERE ( MV_TYPE=1  and IS_DEL=0 and MV_STATUS=1 ) ORDER BY GMT_MODIFED desc LIMIT 2   [ RunTime:0.000099s ]
SQL: SELECT `ID`,`MV_NAME`,`MV_PHOTO_URL`,`MV_TIME`,`MV_TYPE` FROM `mv_movies` WHERE (  IS_DEL=0  and MV_STATUS=1 ) ORDER BY ID desc LIMIT 4   [ RunTime:0.000089s ]
SQL: SELECT `ID`,`MV_NAME`,`MV_PHOTO_URL`,`MV_TYPE` FROM `mv_movies` WHERE (  IS_DEL=0  and MV_STATUS=1 ) ORDER BY MV_PLAY_COUNT desc LIMIT 4   [ RunTime:0.000142s ]
SQL: SHOW COLUMNS FROM `mv_cartoon` [ RunTime:0.000831s ]
SQL: SELECT `ID`,`CT_NAME`,`CT_PHOTO_URL` FROM `mv_cartoon` WHERE (  IS_DEL=0 and CT_STATUS=1 ) ORDER BY ID desc LIMIT 4   [ RunTime:0.000084s ]

[ 2019-01-11T14:12:41+08:00 ] 221.12.22.98 /index.php/App/jingmovie?pagesize=10&pageindex=0
INFO: [ app_begin ] --START--
INFO: Run Behavior\ReadHtmlCache [ RunTime:0.000697s ]
INFO: [ app_begin ] --END-- [ RunTime:0.001197s ]
SQL: SHOW COLUMNS FROM `mv_movies` [ RunTime:0.000881s ]
SQL: SELECT `ID`,`MV_NAME`,`MV_PHOTO_URL`,`MV_TYPE` FROM `mv_movies` WHERE (  IS_DEL=0 and MV_PHYLETIC=2 and MV_STATUS=1 ) ORDER BY ID desc LIMIT 0,10   [ RunTime:0.000387s ]
NOTIC: [8] Undefined index: uid /www/app/shiping/App/Home/Controller/AppController.class.php 第 261 行.
NOTIC: [8] Undefined index: token /www/app/shiping/App/Home/Controller/AppController.class.php 第 262 行.

[ 2019-01-11T14:12:47+08:00 ] 221.12.22.98 /index.php/App/jingmovie?pagesize=10&pageindex=1
INFO: [ app_begin ] --START--
INFO: Run Behavior\ReadHtmlCache [ RunTime:0.000674s ]
INFO: [ app_begin ] --END-- [ RunTime:0.001155s ]
SQL: SHOW COLUMNS FROM `mv_movies` [ RunTime:0.000897s ]
SQL: SELECT `ID`,`MV_NAME`,`MV_PHOTO_URL`,`MV_TYPE` FROM `mv_movies` WHERE (  IS_DEL=0 and MV_PHYLETIC=2 and MV_STATUS=1 ) ORDER BY ID desc LIMIT 10,10   [ RunTime:0.000433s ]
NOTIC: [8] Undefined index: uid /www/app/shiping/App/Home/Controller/AppController.class.php 第 261 行.
NOTIC: [8] Undefined index: token /www/app/shiping/App/Home/Controller/AppController.class.php 第 262 行.

[ 2019-01-11T14:12:50+08:00 ] 221.12.22.98 /index.php/App/jingmovie?pagesize=10&pageindex=2
INFO: [ app_begin ] --START--
INFO: Run Behavior\ReadHtmlCache [ RunTime:0.000671s ]
INFO: [ app_begin ] --END-- [ RunTime:0.001141s ]
SQL: SHOW COLUMNS FROM `mv_movies` [ RunTime:0.000916s ]
SQL: SELECT `ID`,`MV_NAME`,`MV_PHOTO_URL`,`MV_TYPE` FROM `mv_movies` WHERE (  IS_DEL=0 and MV_PHYLETIC=2 and MV_STATUS=1 ) ORDER BY ID desc LIMIT 20,10   [ RunTime:0.000382s ]

[ 2019-01-11T14:12:50+08:00 ] 221.12.22.98 /index.php/App/banner?type=3
INFO: [ app_begin ] --START--
INFO: Run Behavior\ReadHtmlCache [ RunTime:0.000684s ]
INFO: [ app_begin ] --END-- [ RunTime:0.001170s ]
SQL: SHOW COLUMNS FROM `mv_banner` [ RunTime:0.000878s ]
SQL: SELECT `ID`,`BN_NAME`,`BN_URL`,`BN_TYPE`,`BN_TYPE_ID` FROM `mv_banner` WHERE ( IS_DEL=0 and BN_TYPE=3 )  [ RunTime:0.000099s ]

[ 2019-01-11T14:12:50+08:00 ] 221.12.22.98 /index.php/App/hotmovie?pagesize=10&pageindex=0
INFO: [ app_begin ] --START--
INFO: Run Behavior\ReadHtmlCache [ RunTime:0.000619s ]
INFO: [ app_begin ] --END-- [ RunTime:0.001063s ]
SQL: SHOW COLUMNS FROM `mv_movies` [ RunTime:0.000925s ]
SQL: SELECT `ID`,`MV_NAME`,`MV_PHOTO_URL`,`MV_TIME`,`MV_TYPE` FROM `mv_movies` WHERE (  IS_DEL=0 and MV_PHYLETIC=3 and MV_STATUS=1 ) ORDER BY ID desc LIMIT 0,10   [ RunTime:0.000380s ]

[ 2019-01-11T14:12:58+08:00 ] 221.12.22.98 /index.php/App/moviedec?id=12&cn=1
INFO: [ app_begin ] --START--
INFO: Run Behavior\ReadHtmlCache [ RunTime:0.000672s ]
INFO: [ app_begin ] --END-- [ RunTime:0.001154s ]
NOTIC: [8] Undefined index: uid /www/app/shiping/App/Home/Controller/AppController.class.php 第 339 行.
SQL: SHOW COLUMNS FROM `mv_movies` [ RunTime:0.000927s ]
SQL: SELECT `ID`,`MV_NAME`,`MV_PHOTO_URL`,`MV_HURL`,`MV_WURL`,`MV_SHURL`,`MV_WHURL`,`MV_TIME`,`MV_PLAY_COUNT`,`MV_TYPE`,`MV_PHYLETIC`,`MV_CONTENT`,`MV_CATEGORY` FROM `mv_movies` WHERE ( `ID` = 12 ) LIMIT 1   [ RunTime:0.000276s ]
SQL: UPDATE `mv_movies` SET `MV_PLAY_COUNT`=MV_PLAY_COUNT+1 WHERE ( ID=12 ) [ RunTime:0.001940s ]
SQL: SELECT `ID`,`MV_NAME`,`MV_PHOTO_URL` FROM `mv_movies` WHERE (  IS_DEL=0 and MV_STATUS=1 ) ORDER BY MV_PLAY_COUNT desc LIMIT 4   [ RunTime:0.000344s ]
SQL: SHOW COLUMNS FROM `mv_comment` [ RunTime:0.000771s ]
SQL: SELECT COUNT(*) AS tp_count FROM `mv_comment` WHERE ( CM_TYPE=1 and CM_TYPE_ID=12 and IS_DEL=0 ) LIMIT 1   [ RunTime:0.000087s ]

[ 2019-01-11T14:12:58+08:00 ] 221.12.22.98 /index.php/App/commentlist?id=12&pagesize=10&pageindex=0&type=1
INFO: [ app_begin ] --START--
INFO: Run Behavior\ReadHtmlCache [ RunTime:0.000687s ]
INFO: [ app_begin ] --END-- [ RunTime:0.001179s ]
SQL: SHOW COLUMNS FROM `mv_comment` [ RunTime:0.000826s ]
SQL: SELECT `ID`,`CM_USER_ID`,`CM_USERNAME`,`CM_HEADIMG`,`CM_STAR`,`CM_CONTENT`,`GMT_CREATE` FROM `mv_comment` WHERE ( CM_TYPE=1 and CM_TYPE_ID=12 and IS_DEL=0 ) ORDER BY ID desc LIMIT 0,10   [ RunTime:0.000106s ]

[ 2019-01-11T14:13:05+08:00 ] 221.12.22.98 /index.php/App/banner?type=1
INFO: [ app_begin ] --START--
INFO: Run Behavior\ReadHtmlCache [ RunTime:0.000656s ]
INFO: [ app_begin ] --END-- [ RunTime:0.001122s ]
SQL: SHOW COLUMNS FROM `mv_banner` [ RunTime:0.000837s ]
SQL: SELECT `ID`,`BN_NAME`,`BN_URL`,`BN_TYPE`,`BN_TYPE_ID` FROM `mv_banner` WHERE ( IS_DEL=0 and BN_TYPE=1 )  [ RunTime:0.000107s ]

[ 2019-01-11T14:13:05+08:00 ] 221.12.22.98 /index.php/App/indexcont
INFO: [ app_begin ] --START--
INFO: Run Behavior\ReadHtmlCache [ RunTime:0.000634s ]
INFO: [ app_begin ] --END-- [ RunTime:0.001092s ]
SQL: SHOW COLUMNS FROM `mv_movies` [ RunTime:0.000962s ]
SQL: SELECT `ID`,`MV_NAME`,`MV_PHOTO_URL` FROM `mv_movies` WHERE ( MV_TYPE=1  and IS_DEL=0 and MV_STATUS=1 ) ORDER BY GMT_MODIFED desc LIMIT 2   [ RunTime:0.000389s ]
SQL: SELECT `ID`,`MV_NAME`,`MV_PHOTO_URL`,`MV_TIME`,`MV_TYPE` FROM `mv_movies` WHERE (  IS_DEL=0  and MV_STATUS=1 ) ORDER BY ID desc LIMIT 4   [ RunTime:0.000285s ]
SQL: SELECT `ID`,`MV_NAME`,`MV_PHOTO_URL`,`MV_TYPE` FROM `mv_movies` WHERE (  IS_DEL=0  and MV_STATUS=1 ) ORDER BY MV_PLAY_COUNT desc LIMIT 4   [ RunTime:0.000392s ]
SQL: SHOW COLUMNS FROM `mv_cartoon` [ RunTime:0.000828s ]
SQL: SELECT `ID`,`CT_NAME`,`CT_PHOTO_URL` FROM `mv_cartoon` WHERE (  IS_DEL=0 and CT_STATUS=1 ) ORDER BY ID desc LIMIT 4   [ RunTime:0.000097s ]

[ 2019-01-11T14:13:05+08:00 ] 221.12.22.98 /index.php/App/ipaddress?ip=221.12.22.98
INFO: [ app_begin ] --START--
INFO: Run Behavior\ReadHtmlCache [ RunTime:0.000671s ]
INFO: [ app_begin ] --END-- [ RunTime:0.001178s ]

